iii
13338550457
13338550457
qq:1445310060
Array
(
    [userid] => 155660128
    [giftid] => 51546
)

Array
(
    [userid] => 155660128
    [giftid] => 51546
)

Array
(
    [userid] => 155660128
    [giftid] => 51546
)
160220
Array
(
    [userid] => 155660128
    [giftid] => 51546
)
160220
Array
(
    [userid] => 155660128
    [giftid] => 51546
)
160220
1-----160220
Array
(
    [userid] => 155660128
    [giftid] => 53637
)
160220
1-----160220
Array
(
    [userid] => 155660128
    [giftid] => 53637
)
160220
-----160220
Array
(
    [userid] => 155660128
    [giftid] => 53637
)
160220
-----160220
Array
(
    [userid] => 155555846
    [giftid] => 51546
)
160220
1-----160220
Array
(
    [userid] => 155555850
    [giftid] => 51546
)
160220
1-----160220
Array
(
    [userid] => 155660128
    [giftid] => 51546
)
160220
-----160220
Array
(
    [userid] => 155661711
    [giftid] => 51546
)
160220
1-----160220
Array
(
    [userid] => 155660128
    [giftid] => 51546
)
160220
-----160220
Array
(
    [userid] => 155660128
    [giftid] => 51546
)
160220
-----160220
Array
(
    [userid] => 155555850
    [giftid] => 51546
)
160220
-----160220
Array
(
    [userid] => 155555850
    [giftid] => 51546
)
160220
-----160220
Array
(
    [userid] => 155555850
    [giftid] => 51546
)
160220
-----160220
Array
(
    [userid] => 155555850
    [giftid] => 53637
)
160220
1-----160220
Array
(
    [userid] => 155555850
    [giftid] => 51546
)
160220
-----160220
Array
(
    [userid] => 155555846
    [giftid] => 51546
)
160220
-----160220
Array
(
    [userid] => 155660128
    [giftid] => 51546
)
160220
-----160220
Array
(
    [userid] => 155660128
    [giftid] => 51546
)
160220
-----160220
Array
(
    [userid] => 155660128
    [giftid] => 51546
)
160220
-----160220
Array
(
    [userid] => 155660128
    [giftid] => 51546
)
160220
-----160220
Array
(
    [userid] => 155660128
    [giftid] => 51546
)
160220
-----160220
Array
(
    [userid] => 155555846
    [giftid] => 51546
)
160221
1-----160221
Array
(
    [userid] => 155660128
    [giftid] => 51546
)
160221
1-----160221
Array
(
    [userid] => 155555878
    [giftid] => 53637
)
160222
1-----160222
Array
(
    [userid] => 155664792
    [giftid] => 51546
)
160222
1-----160222
Array
(
    [userid] => 155664792
    [giftid] => 53637
)
160223
1-----160223
Array
(
    [userid] => 155555846
    [giftid] => 51546
)
160224
1-----160224
Array
(
    [userid] => 155660128
    [giftid] => 51546
)
160225
1-----160225
Array
(
    [userid] => 155555836
    [giftid] => 51546
)
160229
1-----160229
Array
(
    [userid] => 155555850
    [giftid] => 51546
)
160302
-----160302
Array
(
    [userid] => 155555850
    [giftid] => 51547
)
160303
1-----160303
Array
(
    [userid] => 27425
    [giftid] => 51547
)
160303
1-----160303
Array
(
    [userid] => 155692704
    [giftid] => 51546
)
160303
1-----160303
Array
(
    [userid] => 155692724
    [giftid] => 51547
)
160303
-----160303
Array
(
    [userid] => 155692763
    [giftid] => 51547
)
160303
-----160303
Array
(
    [userid] => 70
    [giftid] => 51547
)
160303
-----160303
Array
(
    [userid] => 155552620
    [giftid] => 53637
)
160303
1-----160303
Array
(
    [userid] => 155692845
    [giftid] => 53637
)
160303
1-----160303
Array
(
    [userid] => 155692923
    [giftid] => 53637
)
160303
-----160303
Array
(
    [userid] => 155692747
    [giftid] => 51547
)
160304
1-----160304
Array
(
    [userid] => 155694369
    [giftid] => 51546
)
160304
1-----160304
Array
(
    [userid] => 155694375
    [giftid] => 51547
)
160304
1-----160304
Array
(
    [userid] => 155555850
    [giftid] => 51547
)
160304
1-----160304
Array
(
    [userid] => 1588
    [giftid] => 51547
)
160304
1-----160304
Array
(
    [userid] => 155664750
    [giftid] => 53637
)
160304
1-----160304
Array
(
    [userid] => 155694413
    [giftid] => 53637
)
160304
1-----160304
Array
(
    [userid] => 6485
    [giftid] => 53637
)
160304
-----160304
Array
(
    [userid] => 150
    [giftid] => 51547
)
160304
-----160304
Array
(
    [userid] => 155692905
    [giftid] => 51546
)
160305
1-----160305
Array
(
    [userid] => 8603
    [giftid] => 51547
)
160305
1-----160305
Array
(
    [userid] => 155556708
    [giftid] => 53637
)
160305
1-----160305
Array
(
    [userid] => 155694500
    [giftid] => 53637
)
160305
1-----160305
Array
(
    [userid] => 155553594
    [giftid] => 53637
)
160305
1-----160305
Array
(
    [userid] => 155548178
    [giftid] => 51547
)
160305
1-----160305
Array
(
    [userid] => 155692789
    [giftid] => 51547
)
160305
1-----160305
Array
(
    [userid] => 6485
    [giftid] => 51547
)
160305
-----160305
Array
(
    [userid] => 1043
    [giftid] => 51547
)
160305
-----160305
Array
(
    [userid] => 155692747
    [giftid] => 51547
)
160306
1-----160306
Array
(
    [userid] => 2845
    [giftid] => 51547
)
160306
1-----160306
Array
(
    [userid] => 39877
    [giftid] => 53637
)
160306
1-----160306
Array
(
    [userid] => 155556708
    [giftid] => 53637
)
160306
1-----160306
Array
(
    [userid] => 155694504
    [giftid] => 51547
)
160306
1-----160306
Array
(
    [userid] => 155692789
    [giftid] => 51547
)
160306
1-----160306
Array
(
    [userid] => 155692763
    [giftid] => 51546
)
160306
-----160306
Array
(
    [userid] => 42054
    [giftid] => 53637
)
160306
-----160306
Array
(
    [userid] => 136
    [giftid] => 51547
)
160306
1-----160306
Array
(
    [userid] => 8603
    [giftid] => 53637
)
160307
1-----160307
Array
(
    [userid] => 155692747
    [giftid] => 51547
)
160307
1-----160307
Array
(
    [userid] => 155686569
    [giftid] => 51547
)
160307
1-----160307
Array
(
    [userid] => 9697
    [giftid] => 51547
)
160307
1-----160307
Array
(
    [userid] => 2600
    [giftid] => 51547
)
160307
-----160307
Array
(
    [userid] => 155565604
    [giftid] => 51547
)
160307
-----160307
Array
(
    [userid] => 155692675
    [giftid] => 51547
)
160308
1-----160308
Array
(
    [userid] => 122807
    [giftid] => 51547
)
160308
1-----160308
Array
(
    [userid] => 155692901
    [giftid] => 53637
)
160308
1-----160308
Array
(
    [userid] => 8603
    [giftid] => 51547
)
160308
1-----160308
Array
(
    [userid] => 155695988
    [giftid] => 53637
)
160308
1-----160308
Array
(
    [userid] => 42054
    [giftid] => 51547
)
160308
1-----160308
Array
(
    [userid] => 155602308
    [giftid] => 51547
)
160308
1-----160308
Array
(
    [userid] => 11158
    [giftid] => 51546
)
160308
-----160308
Array
(
    [userid] => 9697
    [giftid] => 53637
)
160308
-----160308
Array
(
    [userid] => 118742
    [giftid] => 51547
)
160309
1-----160309
Array
(
    [userid] => 46264
    [giftid] => 51547
)
160309
1-----160309
Array
(
    [userid] => 155573981
    [giftid] => 53637
)
160309
1-----160309
Array
(
    [userid] => 155559379
    [giftid] => 51547
)
160309
1-----160309
Array
(
    [userid] => 39877
    [giftid] => 53637
)
160309
1-----160309
Array
(
    [userid] => 155692901
    [giftid] => 51546
)
160309
1-----160309
Array
(
    [userid] => 11281
    [giftid] => 51547
)
160309
1-----160309
Array
(
    [userid] => 55299
    [giftid] => 51547
)
160309
1-----160309
Array
(
    [userid] => 7823
    [giftid] => 51547
)
160309
1-----160309
Array
(
    [userid] => 155548727
    [giftid] => 51547
)
160309
1-----160309
Array
(
    [userid] => 155692763
    [giftid] => 51547
)
160309
1-----160309
Array
(
    [userid] => 56483
    [giftid] => 51547
)
160309
1-----160309
Array
(
    [userid] => 88
    [giftid] => 51547
)
160309
1-----160309
Array
(
    [userid] => 155692789
    [giftid] => 51547
)
160309
1-----160309
Array
(
    [userid] => 155697616
    [giftid] => 51547
)
160309
1-----160309
Array
(
    [userid] => 154507275
    [giftid] => 51547
)
160309
1-----160309
Array
(
    [userid] => 155555836
    [giftid] => 51547
)
160309
1-----160309
Array
(
    [userid] => 41092
    [giftid] => 51547
)
160309
1-----160309
Array
(
    [userid] => 155702302
    [giftid] => 51547
)
160309
1-----160309
Array
(
    [userid] => 6485
    [giftid] => 51547
)
160309
1-----160309
Array
(
    [userid] => 155694504
    [giftid] => 53637
)
160311
1-----160311
Array
(
    [userid] => 155664750
    [giftid] => 51547
)
160311
1-----160311
Array
(
    [userid] => 155705328
    [giftid] => 51547
)
160311
1-----160311
Array
(
    [userid] => 155555934
    [giftid] => 51547
)
160311
1-----160311
Array
(
    [userid] => 1043
    [giftid] => 51547
)
160311
1-----160311
Array
(
    [userid] => 155705338
    [giftid] => 51547
)
160311
1-----160311
Array
(
    [userid] => 155694371
    [giftid] => 51547
)
160311
1-----160311
Array
(
    [userid] => 155554652
    [giftid] => 51547
)
160311
1-----160311
Array
(
    [userid] => 155597022
    [giftid] => 51547
)
160311
1-----160311
Array
(
    [userid] => 155562392
    [giftid] => 51547
)
160311
1-----160311
Array
(
    [userid] => 41091
    [giftid] => 51547
)
160311
1-----160311
Array
(
    [userid] => 155554841
    [giftid] => 51547
)
160311
1-----160311
Array
(
    [userid] => 155556617
    [giftid] => 51547
)
160311
1-----160311
Array
(
    [userid] => 154507362
    [giftid] => 51547
)
160311
1-----160311
Array
(
    [userid] => 764
    [giftid] => 51547
)
160311
1-----160311
Array
(
    [userid] => 9861
    [giftid] => 51547
)
160311
1-----160311
Array
(
    [userid] => 3202
    [giftid] => 51547
)
160312
1-----160312
Array
(
    [userid] => 44088
    [giftid] => 51547
)
160312
1-----160312
Array
(
    [userid] => 44152
    [giftid] => 51547
)
160312
1-----160312
Array
(
    [userid] => 155706819
    [giftid] => 51547
)
160312
1-----160312
Array
(
    [userid] => 155700696
    [giftid] => 51547
)
160312
1-----160312
Array
(
    [userid] => 54081
    [giftid] => 51547
)
160312
1-----160312
Array
(
    [userid] => 155694504
    [giftid] => 51547
)
160312
1-----160312
Array
(
    [userid] => 155550788
    [giftid] => 51547
)
160312
1-----160312
Array
(
    [userid] => 44202
    [giftid] => 51547
)
160312
1-----160312
Array
(
    [userid] => 155560735
    [giftid] => 53637
)
160312
1-----160312
Array
(
    [userid] => 155555233
    [giftid] => 51547
)
160312
1-----160312
Array
(
    [userid] => 9897
    [giftid] => 53637
)
160312
1-----160312
Array
(
    [userid] => 44088
    [giftid] => 53637
)
160312
1-----160312
Array
(
    [userid] => 52907
    [giftid] => 51547
)
160312
1-----160312
Array
(
    [userid] => 155571096
    [giftid] => 51547
)
160312
1-----160312
Array
(
    [userid] => 155552270
    [giftid] => 51547
)
160312
1-----160312
Array
(
    [userid] => 155602308
    [giftid] => 51547
)
160312
1-----160312
Array
(
    [userid] => 9861
    [giftid] => 51547
)
160312
1-----160312
Array
(
    [userid] => 53201
    [giftid] => 53637
)
160312
-----160312
Array
(
    [userid] => 2845
    [giftid] => 51547
)
160312
1-----160312
Array
(
    [userid] => 44246
    [giftid] => 53637
)
160312
-----160312
Array
(
    [userid] => 155548727
    [giftid] => 51547
)
160312
1-----160312
Array
(
    [userid] => 28189
    [giftid] => 51547
)
160312
1-----160312
Array
(
    [userid] => 150
    [giftid] => 51547
)
160312
1-----160312
Array
(
    [userid] => 56483
    [giftid] => 51546
)
160312
-----160312
Array
(
    [userid] => 39973
    [giftid] => 51547
)
160312
1-----160312
Array
(
    [userid] => 155652197
    [giftid] => 51547
)
160312
1-----160312
Array
(
    [userid] => 1043
    [giftid] => 51547
)
160312
1-----160312
Array
(
    [userid] => 155552735
    [giftid] => 51547
)
160312
1-----160312
Array
(
    [userid] => 154786
    [giftid] => 51547
)
160312
1-----160312
Array
(
    [userid] => 155553157
    [giftid] => 51547
)
160312
1-----160312
Array
(
    [userid] => 155554841
    [giftid] => 51547
)
160312
1-----160312
Array
(
    [userid] => 155564150
    [giftid] => 51547
)
160312
1-----160312
Array
(
    [userid] => 155793
    [giftid] => 51547
)
160312
1-----160312
Array
(
    [userid] => 155561203
    [giftid] => 51547
)
160312
1-----160312
Array
(
    [userid] => 154507275
    [giftid] => 51547
)
160312
1-----160312
Array
(
    [userid] => 50927
    [giftid] => 51547
)
160312
1-----160312
Array
(
    [userid] => 155556708
    [giftid] => 51547
)
160312
1-----160312
Array
(
    [userid] => 155692747
    [giftid] => 51547
)
160313
1-----160313
Array
(
    [userid] => 155692789
    [giftid] => 51547
)
160313
1-----160313
Array
(
    [userid] => 155533157
    [giftid] => 51547
)
160313
1-----160313
Array
(
    [userid] => 155552578
    [giftid] => 51547
)
160313
1-----160313
Array
(
    [userid] => 155555233
    [giftid] => 51547
)
160313
1-----160313
Array
(
    [userid] => 155571096
    [giftid] => 51547
)
160313
1-----160313
Array
(
    [userid] => 155556708
    [giftid] => 51547
)
160313
1-----160313
Array
(
    [userid] => 46264
    [giftid] => 51547
)
160313
1-----160313
Array
(
    [userid] => 155552735
    [giftid] => 51547
)
160313
1-----160313
Array
(
    [userid] => 2845
    [giftid] => 51547
)
160313
1-----160313
Array
(
    [userid] => 7516
    [giftid] => 51547
)
160313
1-----160313
Array
(
    [userid] => 152004
    [giftid] => 51547
)
160313
1-----160313
Array
(
    [userid] => 9747
    [giftid] => 51547
)
160313
1-----160313
Array
(
    [userid] => 154786
    [giftid] => 51547
)
160313
1-----160313
Array
(
    [userid] => 51726
    [giftid] => 51547
)
160313
1-----160313
Array
(
    [userid] => 155508281
    [giftid] => 51546
)
160313
1-----160313
Array
(
    [userid] => 154507275
    [giftid] => 51547
)
160313
1-----160313
Array
(
    [userid] => 8501
    [giftid] => 51547
)
160313
1-----160313
Array
(
    [userid] => 155602308
    [giftid] => 51547
)
160313
1-----160313
Array
(
    [userid] => 155532585
    [giftid] => 51547
)
160313
1-----160313
Array
(
    [userid] => 155554076
    [giftid] => 53637
)
160313
1-----160313
Array
(
    [userid] => 155565604
    [giftid] => 53637
)
160313
1-----160313
Array
(
    [userid] => 155611754
    [giftid] => 51547
)
160313
1-----160313
Array
(
    [userid] => 155550788
    [giftid] => 53637
)
160313
1-----160313
Array
(
    [userid] => 58176
    [giftid] => 51547
)
160313
1-----160313
Array
(
    [userid] => 20697
    [giftid] => 51547
)
160313
1-----160313
Array
(
    [userid] => 6485
    [giftid] => 51547
)
160313
1-----160313
Array
(
    [userid] => 155647370
    [giftid] => 51547
)
160313
1-----160313
Array
(
    [userid] => 155552620
    [giftid] => 51547
)
160313
1-----160313
Array
(
    [userid] => 155548727
    [giftid] => 51547
)
160313
1-----160313
Array
(
    [userid] => 42054
    [giftid] => 51547
)
160313
1-----160313
Array
(
    [userid] => 154506108
    [giftid] => 53637
)
160313
1-----160313
Array
(
    [userid] => 53201
    [giftid] => 51547
)
160313
1-----160313
Array
(
    [userid] => 9861
    [giftid] => 51547
)
160313
1-----160313
Array
(
    [userid] => 155564150
    [giftid] => 51547
)
160313
1-----160313
Array
(
    [userid] => 155692901
    [giftid] => 51547
)
160313
1-----160313
Array
(
    [userid] => 155708298
    [giftid] => 51547
)
160313
1-----160313
Array
(
    [userid] => 155695981
    [giftid] => 51547
)
160313
1-----160313
Array
(
    [userid] => 155553157
    [giftid] => 51547
)
160313
1-----160313
Array
(
    [userid] => 155552578
    [giftid] => 53637
)
160314
1-----160314
Array
(
    [userid] => 2520
    [giftid] => 51547
)
160314
1-----160314
Array
(
    [userid] => 48966
    [giftid] => 51547
)
160314
1-----160314
Array
(
    [userid] => 155552579
    [giftid] => 51547
)
160314
1-----160314
Array
(
    [userid] => 155695988
    [giftid] => 51547
)
160314
1-----160314
Array
(
    [userid] => 8603
    [giftid] => 51547
)
160314
1-----160314
Array
(
    [userid] => 47164
    [giftid] => 51547
)
160314
1-----160314
Array
(
    [userid] => 155571096
    [giftid] => 51547
)
160314
1-----160314
Array
(
    [userid] => 590
    [giftid] => 51547
)
160314
1-----160314
Array
(
    [userid] => 155552735
    [giftid] => 51547
)
160314
1-----160314
Array
(
    [userid] => 155699192
    [giftid] => 51547
)
160314
1-----160314
Array
(
    [userid] => 155560735
    [giftid] => 51547
)
160314
1-----160314
Array
(
    [userid] => 155611763
    [giftid] => 51547
)
160314
1-----160314
Array
(
    [userid] => 449
    [giftid] => 53637
)
160314
1-----160314
Array
(
    [userid] => 88
    [giftid] => 51547
)
160314
1-----160314
Array
(
    [userid] => 37874
    [giftid] => 51547
)
160314
1-----160314
Array
(
    [userid] => 49198
    [giftid] => 51547
)
160314
1-----160314
Array
(
    [userid] => 155561203
    [giftid] => 51547
)
160314
1-----160314
Array
(
    [userid] => 1043
    [giftid] => 51547
)
160314
1-----160314
Array
(
    [userid] => 10487
    [giftid] => 51547
)
160314
1-----160314
Array
(
    [userid] => 155611754
    [giftid] => 51547
)
160314
1-----160314
Array
(
    [userid] => 58780
    [giftid] => 51547
)
160314
1-----160314
Array
(
    [userid] => 20697
    [giftid] => 51547
)
160314
1-----160314
Array
(
    [userid] => 13651
    [giftid] => 51547
)
160314
1-----160314
Array
(
    [userid] => 155692714
    [giftid] => 51547
)
160314
1-----160314
Array
(
    [userid] => 155555233
    [giftid] => 51546
)
160314
1-----160314
Array
(
    [userid] => 4218
    [giftid] => 53637
)
160314
1-----160314
Array
(
    [userid] => 41092
    [giftid] => 51547
)
160314
1-----160314
Array
(
    [userid] => 155548178
    [giftid] => 51547
)
160314
1-----160314
Array
(
    [userid] => 155692901
    [giftid] => 51547
)
160314
1-----160314
Array
(
    [userid] => 155700691
    [giftid] => 51547
)
160314
1-----160314
Array
(
    [userid] => 52907
    [giftid] => 51547
)
160314
1-----160314
Array
(
    [userid] => 155695981
    [giftid] => 51547
)
160314
1-----160314
Array
(
    [userid] => 44088
    [giftid] => 51547
)
160314
1-----160314
Array
(
    [userid] => 44202
    [giftid] => 51547
)
160314
1-----160314
Array
(
    [userid] => 155637949
    [giftid] => 51547
)
160314
1-----160314
Array
(
    [userid] => 150
    [giftid] => 53637
)
160314
1-----160314
Array
(
    [userid] => 155548727
    [giftid] => 53637
)
160314
1-----160314
Array
(
    [userid] => 155793
    [giftid] => 51547
)
160314
1-----160314
Array
(
    [userid] => 155709968
    [giftid] => 51547
)
160314
1-----160314
Array
(
    [userid] => 155709970
    [giftid] => 51547
)
160314
1-----160314
Array
(
    [userid] => 39619
    [giftid] => 51547
)
160314
1-----160314
Array
(
    [userid] => 155570750
    [giftid] => 51547
)
160314
1-----160314
Array
(
    [userid] => 42054
    [giftid] => 51547
)
160314
1-----160314
Array
(
    [userid] => 41919
    [giftid] => 51547
)
160314
1-----160314
Array
(
    [userid] => 155579700
    [giftid] => 51547
)
160315
1-----160315
Array
(
    [userid] => 155539692
    [giftid] => 51547
)
160315
1-----160315
Array
(
    [userid] => 155559684
    [giftid] => 51547
)
160315
1-----160315
Array
(
    [userid] => 8603
    [giftid] => 51547
)
160315
1-----160315
Array
(
    [userid] => 155552578
    [giftid] => 51547
)
160315
1-----160315
Array
(
    [userid] => 2845
    [giftid] => 53637
)
160315
1-----160315
Array
(
    [userid] => 155556708
    [giftid] => 51547
)
160315
1-----160315
Array
(
    [userid] => 146922
    [giftid] => 51547
)
160315
1-----160315
Array
(
    [userid] => 155550788
    [giftid] => 51547
)
160315
1-----160315
Array
(
    [userid] => 154786
    [giftid] => 51547
)
160315
1-----160315
Array
(
    [userid] => 155508281
    [giftid] => 51547
)
160315
1-----160315
Array
(
    [userid] => 7516
    [giftid] => 51547
)
160315
1-----160315
Array
(
    [userid] => 58216
    [giftid] => 51547
)
160315
1-----160315
Array
(
    [userid] => 155611763
    [giftid] => 51547
)
160315
1-----160315
Array
(
    [userid] => 155564150
    [giftid] => 53637
)
160315
1-----160315
Array
(
    [userid] => 155562392
    [giftid] => 51547
)
160315
1-----160315
Array
(
    [userid] => 155560735
    [giftid] => 51547
)
160315
1-----160315
Array
(
    [userid] => 58452
    [giftid] => 51547
)
160315
1-----160315
Array
(
    [userid] => 155679514
    [giftid] => 51547
)
160315
1-----160315
Array
(
    [userid] => 1043
    [giftid] => 51547
)
160315
1-----160315
Array
(
    [userid] => 57853
    [giftid] => 51547
)
160315
1-----160315
Array
(
    [userid] => 155697616
    [giftid] => 51547
)
160315
1-----160315
Array
(
    [userid] => 155575770
    [giftid] => 51547
)
160315
1-----160315
Array
(
    [userid] => 3893
    [giftid] => 51546
)
160315
-----160315
Array
(
    [userid] => 27925
    [giftid] => 53637
)
160315
1-----160315
Array
(
    [userid] => 54081
    [giftid] => 51547
)
160315
1-----160315
Array
(
    [userid] => 155533157
    [giftid] => 51547
)
160315
1-----160315
Array
(
    [userid] => 155611754
    [giftid] => 51547
)
160315
1-----160315
Array
(
    [userid] => 155692763
    [giftid] => 51547
)
160315
1-----160315
Array
(
    [userid] => 102
    [giftid] => 51547
)
160315
1-----160315
Array
(
    [userid] => 155532585
    [giftid] => 51547
)
160315
1-----160315
Array
(
    [userid] => 152004
    [giftid] => 51547
)
160315
1-----160315
Array
(
    [userid] => 122807
    [giftid] => 51547
)
160315
1-----160315
Array
(
    [userid] => 42054
    [giftid] => 51547
)
160315
1-----160315
Array
(
    [userid] => 155700691
    [giftid] => 51547
)
160315
1-----160315
Array
(
    [userid] => 155559684
    [giftid] => 51547
)
160315
1-----160315
Array
(
    [userid] => 155793
    [giftid] => 53637
)
160315
1-----160315
Array
(
    [userid] => 44152
    [giftid] => 51547
)
160315
1-----160315
Array
(
    [userid] => 764
    [giftid] => 51547
)
160315
1-----160315
Array
(
    [userid] => 8061
    [giftid] => 51547
)
160315
1-----160315
Array
(
    [userid] => 41919
    [giftid] => 51547
)
160315
1-----160315
Array
(
    [userid] => 155588103
    [giftid] => 51547
)
160315
1-----160315
Array
(
    [userid] => 154507275
    [giftid] => 53637
)
160315
-----160315
Array
(
    [userid] => 58216
    [giftid] => 51547
)
160315
1-----160315
Array
(
    [userid] => 155711508
    [giftid] => 51547
)
160315
1-----160315
Array
(
    [userid] => 155692789
    [giftid] => 53637
)
160316
1-----160316
Array
(
    [userid] => 155670069
    [giftid] => 51547
)
160316
1-----160316
Array
(
    [userid] => 155554841
    [giftid] => 51547
)
160316
1-----160316
Array
(
    [userid] => 154786
    [giftid] => 51547
)
160316
1-----160316
Array
(
    [userid] => 2845
    [giftid] => 51547
)
160316
1-----160316
Array
(
    [userid] => 1588
    [giftid] => 51547
)
160316
1-----160316
Array
(
    [userid] => 46264
    [giftid] => 51547
)
160316
1-----160316
Array
(
    [userid] => 590
    [giftid] => 51547
)
160316
1-----160316
Array
(
    [userid] => 146922
    [giftid] => 51547
)
160316
1-----160316
Array
(
    [userid] => 155611763
    [giftid] => 51547
)
160316
1-----160316
Array
(
    [userid] => 39877
    [giftid] => 51547
)
160316
1-----160316
Array
(
    [userid] => 155573981
    [giftid] => 51547
)
160316
1-----160316
Array
(
    [userid] => 9545
    [giftid] => 51547
)
160316
1-----160316
Array
(
    [userid] => 9697
    [giftid] => 53637
)
160316
1-----160316
Array
(
    [userid] => 11158
    [giftid] => 51547
)
160316
1-----160316
Array
(
    [userid] => 155528917
    [giftid] => 53637
)
160316
1-----160316
Array
(
    [userid] => 41092
    [giftid] => 51546
)
160316
1-----160316
Array
(
    [userid] => 58780
    [giftid] => 51547
)
160316
1-----160316
Array
(
    [userid] => 122807
    [giftid] => 51547
)
160316
1-----160316
Array
(
    [userid] => 764
    [giftid] => 53637
)
160316
1-----160316
Array
(
    [userid] => 155548727
    [giftid] => 51547
)
160316
1-----160316
Array
(
    [userid] => 41091
    [giftid] => 53637
)
160316
1-----160316
Array
(
    [userid] => 155669575
    [giftid] => 51547
)
160316
1-----160316
Array
(
    [userid] => 155588103
    [giftid] => 51547
)
160316
1-----160316
Array
(
    [userid] => 154507362
    [giftid] => 51547
)
160316
1-----160316
Array
(
    [userid] => 150
    [giftid] => 53637
)
160316
1-----160316
Array
(
    [userid] => 2390
    [giftid] => 51547
)
160316
1-----160316
Array
(
    [userid] => 52907
    [giftid] => 51547
)
160316
1-----160316
Array
(
    [userid] => 8501
    [giftid] => 51547
)
160316
1-----160316
Array
(
    [userid] => 44152
    [giftid] => 51547
)
160316
1-----160316
Array
(
    [userid] => 44088
    [giftid] => 51547
)
160316
1-----160316
Array
(
    [userid] => 54081
    [giftid] => 51547
)
160316
1-----160316
Array
(
    [userid] => 44246
    [giftid] => 51547
)
160316
1-----160316
Array
(
    [userid] => 39619
    [giftid] => 51547
)
160316
1-----160316
Array
(
    [userid] => 9897
    [giftid] => 51547
)
160316
1-----160316
Array
(
    [userid] => 155610649
    [giftid] => 51547
)
160316
1-----160316
Array
(
    [userid] => 12144
    [giftid] => 51547
)
160316
1-----160316
Array
(
    [userid] => 155649040
    [giftid] => 51547
)
160316
1-----160316
Array
(
    [userid] => 155670069
    [giftid] => 51547
)
160317
1-----160317
Array
(
    [userid] => 155695988
    [giftid] => 51547
)
160317
1-----160317
Array
(
    [userid] => 155652197
    [giftid] => 51547
)
160317
1-----160317
Array
(
    [userid] => 7516
    [giftid] => 51547
)
160317
1-----160317
Array
(
    [userid] => 56483
    [giftid] => 51547
)
160317
1-----160317
Array
(
    [userid] => 155533157
    [giftid] => 51547
)
160317
1-----160317
Array
(
    [userid] => 20697
    [giftid] => 51547
)
160317
1-----160317
Array
(
    [userid] => 11158
    [giftid] => 51547
)
160317
1-----160317
Array
(
    [userid] => 27925
    [giftid] => 51547
)
160317
1-----160317
Array
(
    [userid] => 154507362
    [giftid] => 51547
)
160317
1-----160317
Array
(
    [userid] => 41091
    [giftid] => 51547
)
160317
1-----160317
Array
(
    [userid] => 39619
    [giftid] => 53637
)
160317
Array
(
    [userid] => 39619
    [giftid] => 51547
)
160317
1-----160317
1-----160317
Array
(
    [userid] => 39877
    [giftid] => 51547
)
160317
1-----160317
Array
(
    [userid] => 155532585
    [giftid] => 51547
)
160317
1-----160317
Array
(
    [userid] => 2390
    [giftid] => 51547
)
160317
1-----160317
Array
(
    [userid] => 155567330
    [giftid] => 51547
)
160317
1-----160317
Array
(
    [userid] => 9861
    [giftid] => 51547
)
160317
1-----160317
Array
(
    [userid] => 49731
    [giftid] => 51547
)
160317
1-----160317
Array
(
    [userid] => 155570750
    [giftid] => 51547
)
160317
1-----160317
Array
(
    [userid] => 155700696
    [giftid] => 51547
)
160317
1-----160317
Array
(
    [userid] => 155708298
    [giftid] => 53637
)
160317
1-----160317
Array
(
    [userid] => 155548727
    [giftid] => 51547
)
160317
1-----160317
Array
(
    [userid] => 9897
    [giftid] => 51547
)
160317
1-----160317
Array
(
    [userid] => 154506108
    [giftid] => 53637
)
160317
1-----160317
Array
(
    [userid] => 44202
    [giftid] => 51546
)
160317
-----160317
Array
(
    [userid] => 155554076
    [giftid] => 51547
)
160317
1-----160317
Array
(
    [userid] => 155573981
    [giftid] => 51547
)
160317
1-----160317
Array
(
    [userid] => 2163
    [giftid] => 51547
)
160317
1-----160317
Array
(
    [userid] => 122807
    [giftid] => 53637
)
160317
-----160317
Array
(
    [userid] => 155670069
    [giftid] => 53637
)
160318
1-----160318
Array
(
    [userid] => 155695988
    [giftid] => 51547
)
160318
1-----160318
Array
(
    [userid] => 8603
    [giftid] => 53637
)
160318
1-----160318
Array
(
    [userid] => 155571096
    [giftid] => 51547
)
160318
1-----160318
Array
(
    [userid] => 155559379
    [giftid] => 51547
)
160318
1-----160318
Array
(
    [userid] => 154786
    [giftid] => 51547
)
160318
1-----160318
Array
(
    [userid] => 4220
    [giftid] => 51547
)
160318
1-----160318
Array
(
    [userid] => 4218
    [giftid] => 51547
)
160318
1-----160318
Array
(
    [userid] => 155564150
    [giftid] => 51547
)
160318
1-----160318
Array
(
    [userid] => 49198
    [giftid] => 51547
)
160318
1-----160318
Array
(
    [userid] => 146922
    [giftid] => 51547
)
160318
1-----160318
Array
(
    [userid] => 155535674
    [giftid] => 51547
)
160318
1-----160318
Array
(
    [userid] => 58216
    [giftid] => 51546
)
160318
1-----160318
Array
(
    [userid] => 155610702
    [giftid] => 51547
)
160318
1-----160318
Array
(
    [userid] => 39619
    [giftid] => 51547
)
160318
1-----160318
Array
(
    [userid] => 2390
    [giftid] => 51547
)
160318
1-----160318
Array
(
    [userid] => 58780
    [giftid] => 53637
)
160318
1-----160318
Array
(
    [userid] => 2163
    [giftid] => 51547
)
160318
1-----160318
Array
(
    [userid] => 155637949
    [giftid] => 51547
)
160318
1-----160318
Array
(
    [userid] => 155602308
    [giftid] => 51547
)
160318
1-----160318
Array
(
    [userid] => 3893
    [giftid] => 53637
)
160318
1-----160318
Array
(
    [userid] => 155600219
    [giftid] => 51547
)
160318
1-----160318
Array
(
    [userid] => 155715975
    [giftid] => 51547
)
160318
1-----160318
Array
(
    [userid] => 155669575
    [giftid] => 51547
)
160318
1-----160318
Array
(
    [userid] => 154506104
    [giftid] => 51547
)
160318
1-----160318
Array
(
    [userid] => 155652197
    [giftid] => 53637
)
160318
-----160318
Array
(
    [userid] => 3983
    [giftid] => 51547
)
160318
1-----160318
Array
(
    [userid] => 155552735
    [giftid] => 53637
)
160318
-----160318
Array
(
    [userid] => 155692789
    [giftid] => 53637
)
160318
-----160318
Array
(
    [userid] => 155554652
    [giftid] => 51547
)
160318
1-----160318
Array
(
    [userid] => 7823
    [giftid] => 51547
)
160318
1-----160318
Array
(
    [userid] => 155552270
    [giftid] => 51547
)
160318
1-----160318
Array
(
    [userid] => 155700764
    [giftid] => 51547
)
160318
1-----160318
Array
(
    [userid] => 155556708
    [giftid] => 51547
)
160318
1-----160318
Array
(
    [userid] => 155709968
    [giftid] => 51547
)
160318
1-----160318
Array
(
    [userid] => 8501
    [giftid] => 51547
)
160318
1-----160318
Array
(
    [userid] => 155691129
    [giftid] => 51547
)
160318
1-----160318
Array
(
    [userid] => 155613874
    [giftid] => 51547
)
160318
1-----160318
Array
(
    [userid] => 9897
    [giftid] => 51547
)
160318
1-----160318
Array
(
    [userid] => 271
    [giftid] => 51547
)
160318
1-----160318
Array
(
    [userid] => 155700696
    [giftid] => 51547
)
160318
1-----160318
Array
(
    [userid] => 155561151
    [giftid] => 51547
)
160319
1-----160319
Array
(
    [userid] => 155670069
    [giftid] => 51547
)
160319
1-----160319
Array
(
    [userid] => 40235
    [giftid] => 51547
)
160319
1-----160319
Array
(
    [userid] => 155552578
    [giftid] => 51547
)
160319
1-----160319
Array
(
    [userid] => 155550329
    [giftid] => 51547
)
160319
1-----160319
Array
(
    [userid] => 155695988
    [giftid] => 51547
)
160319
1-----160319
Array
(
    [userid] => 2845
    [giftid] => 51547
)
160319
1-----160319
Array
(
    [userid] => 155550788
    [giftid] => 51547
)
160319
1-----160319
Array
(
    [userid] => 155552579
    [giftid] => 51547
)
160319
1-----160319
Array
(
    [userid] => 39877
    [giftid] => 51547
)
160319
1-----160319
Array
(
    [userid] => 152004
    [giftid] => 51547
)
160319
1-----160319
Array
(
    [userid] => 41091
    [giftid] => 51547
)
160319
1-----160319
Array
(
    [userid] => 58452
    [giftid] => 51547
)
160319
1-----160319
Array
(
    [userid] => 155565604
    [giftid] => 51546
)
160319
1-----160319
Array
(
    [userid] => 9897
    [giftid] => 53637
)
160319
1-----160319
Array
(
    [userid] => 155555779
    [giftid] => 51547
)
160319
1-----160319
Array
(
    [userid] => 6485
    [giftid] => 51547
)
160319
1-----160319
Array
(
    [userid] => 1043
    [giftid] => 53637
)
160319
1-----160319
Array
(
    [userid] => 44202
    [giftid] => 51547
)
160319
1-----160319
Array
(
    [userid] => 155602308
    [giftid] => 51547
)
160319
1-----160319
Array
(
    [userid] => 155552735
    [giftid] => 51547
)
160319
1-----160319
Array
(
    [userid] => 9537
    [giftid] => 51547
)
160319
1-----160319
Array
(
    [userid] => 155550561
    [giftid] => 51547
)
160319
1-----160319
Array
(
    [userid] => 1680
    [giftid] => 51547
)
160319
1-----160319
Array
(
    [userid] => 155700764
    [giftid] => 51547
)
160319
1-----160319
Array
(
    [userid] => 8501
    [giftid] => 51547
)
160319
1-----160319
Array
(
    [userid] => 154506104
    [giftid] => 51547
)
160319
1-----160319
Array
(
    [userid] => 155573981
    [giftid] => 53637
)
160319
-----160319
Array
(
    [userid] => 155564150
    [giftid] => 51547
)
160319
1-----160319
Array
(
    [userid] => 154507362
    [giftid] => 51547
)
160319
1-----160319
Array
(
    [userid] => 154786
    [giftid] => 51547
)
160319
1-----160319
Array
(
    [userid] => 9545
    [giftid] => 51547
)
160319
1-----160319
Array
(
    [userid] => 155611754
    [giftid] => 51547
)
160319
1-----160319
Array
(
    [userid] => 42056
    [giftid] => 51547
)
160319
1-----160319
Array
(
    [userid] => 155717496
    [giftid] => 51547
)
160319
1-----160319
Array
(
    [userid] => 4218
    [giftid] => 51547
)
160319
1-----160319
Array
(
    [userid] => 155528917
    [giftid] => 51547
)
160319
1-----160319
Array
(
    [userid] => 155708298
    [giftid] => 51547
)
160319
1-----160319
Array
(
    [userid] => 9747
    [giftid] => 53637
)
160319
-----160319
Array
(
    [userid] => 155553157
    [giftid] => 51547
)
160319
1-----160319
Array
(
    [userid] => 155633225
    [giftid] => 51547
)
160319
1-----160319
Array
(
    [userid] => 155548727
    [giftid] => 51547
)
160320
1-----160320
Array
(
    [userid] => 155600219
    [giftid] => 53637
)
160320
1-----160320
Array
(
    [userid] => 155670069
    [giftid] => 51547
)
160320
1-----160320
Array
(
    [userid] => 155692747
    [giftid] => 51547
)
160320
1-----160320
Array
(
    [userid] => 155614886
    [giftid] => 51547
)
160320
1-----160320
Array
(
    [userid] => 155575857
    [giftid] => 51547
)
160320
1-----160320
Array
(
    [userid] => 155575858
    [giftid] => 51547
)
160320
1-----160320
Array
(
    [userid] => 155571096
    [giftid] => 51547
)
160320
1-----160320
Array
(
    [userid] => 154506108
    [giftid] => 51547
)
160320
1-----160320
Array
(
    [userid] => 39877
    [giftid] => 51547
)
160320
1-----160320
Array
(
    [userid] => 7516
    [giftid] => 51547
)
160320
1-----160320
Array
(
    [userid] => 2845
    [giftid] => 53637
)
160320
1-----160320
Array
(
    [userid] => 155637949
    [giftid] => 51547
)
160320
1-----160320
Array
(
    [userid] => 155611763
    [giftid] => 51547
)
160320
1-----160320
Array
(
    [userid] => 155652197
    [giftid] => 51547
)
160320
1-----160320
Array
(
    [userid] => 47164
    [giftid] => 51547
)
160320
1-----160320
Array
(
    [userid] => 13651
    [giftid] => 51547
)
160320
1-----160320
Array
(
    [userid] => 49731
    [giftid] => 51547
)
160320
1-----160320
Array
(
    [userid] => 9861
    [giftid] => 51547
)
160320
1-----160320
Array
(
    [userid] => 155611754
    [giftid] => 51547
)
160320
1-----160320
Array
(
    [userid] => 155588103
    [giftid] => 51547
)
160320
1-----160320
Array
(
    [userid] => 155697616
    [giftid] => 53637
)
160320
1-----160320
Array
(
    [userid] => 58780
    [giftid] => 51547
)
160320
1-----160320
Array
(
    [userid] => 155581973
    [giftid] => 51547
)
160320
1-----160320
Array
(
    [userid] => 154786
    [giftid] => 51547
)
160320
1-----160320
Array
(
    [userid] => 155553887
    [giftid] => 51547
)
160320
1-----160320
Array
(
    [userid] => 39973
    [giftid] => 51547
)
160320
1-----160320
Array
(
    [userid] => 155553698
    [giftid] => 51547
)
160320
1-----160320
Array
(
    [userid] => 54081
    [giftid] => 51547
)
160320
1-----160320
Array
(
    [userid] => 1043
    [giftid] => 51546
)
160320
-----160320
Array
(
    [userid] => 151962
    [giftid] => 53637
)
160320
1-----160320
Array
(
    [userid] => 8501
    [giftid] => 51547
)
160320
1-----160320
Array
(
    [userid] => 155700764
    [giftid] => 51547
)
160320
1-----160320
Array
(
    [userid] => 155709975
    [giftid] => 51547
)
160320
1-----160320
Array
(
    [userid] => 41092
    [giftid] => 53637
)
160320
1-----160320
Array
(
    [userid] => 155532585
    [giftid] => 51547
)
160320
1-----160320
Array
(
    [userid] => 155554076
    [giftid] => 51547
)
160320
1-----160320
Array
(
    [userid] => 49198
    [giftid] => 51547
)
160320
1-----160320
Array
(
    [userid] => 41919
    [giftid] => 53637
)
160320
1-----160320
Array
(
    [userid] => 42056
    [giftid] => 51547
)
160320
1-----160320
Array
(
    [userid] => 2066
    [giftid] => 51547
)
160320
1-----160320
Array
(
    [userid] => 155709968
    [giftid] => 51547
)
160320
1-----160320
Array
(
    [userid] => 155670069
    [giftid] => 51547
)
160321
1-----160321
Array
(
    [userid] => 122807
    [giftid] => 51547
)
160321
1-----160321
Array
(
    [userid] => 155575857
    [giftid] => 51547
)
160321
1-----160321
Array
(
    [userid] => 39877
    [giftid] => 51547
)
160321
1-----160321
Array
(
    [userid] => 6829
    [giftid] => 51547
)
160321
1-----160321
Array
(
    [userid] => 152004
    [giftid] => 51547
)
160321
1-----160321
Array
(
    [userid] => 155565604
    [giftid] => 53637
)
160321
1-----160321
Array
(
    [userid] => 155611763
    [giftid] => 51547
)
160321
1-----160321
Array
(
    [userid] => 155692901
    [giftid] => 51547
)
160321
1-----160321
Array
(
    [userid] => 9861
    [giftid] => 51547
)
160321
1-----160321
Array
(
    [userid] => 54081
    [giftid] => 51547
)
160321
1-----160321
Array
(
    [userid] => 155564581
    [giftid] => 53637
)
160321
1-----160321
Array
(
    [userid] => 154786
    [giftid] => 51546
)
160321
-----160321
Array
(
    [userid] => 764
    [giftid] => 51547
)
160321
1-----160321
Array
(
    [userid] => 20697
    [giftid] => 53637
)
160321
1-----160321
Array
(
    [userid] => 155548727
    [giftid] => 53637
)
160321
1-----160321
Array
(
    [userid] => 11158
    [giftid] => 53637
)
160321
1-----160321
Array
(
    [userid] => 154507362
    [giftid] => 51547
)
160321
1-----160321
Array
(
    [userid] => 155552579
    [giftid] => 51547
)
160321
1-----160321
Array
(
    [userid] => 155559379
    [giftid] => 51547
)
160321
1-----160321
Array
(
    [userid] => 13651
    [giftid] => 51547
)
160321
1-----160321
Array
(
    [userid] => 155697616
    [giftid] => 51547
)
160321
1-----160321
Array
(
    [userid] => 155692763
    [giftid] => 51547
)
160321
1-----160321
Array
(
    [userid] => 3983
    [giftid] => 51547
)
160321
1-----160321
Array
(
    [userid] => 155637949
    [giftid] => 51547
)
160321
1-----160321
Array
(
    [userid] => 39973
    [giftid] => 51547
)
160321
1-----160321
Array
(
    [userid] => 155554076
    [giftid] => 51547
)
160321
1-----160321
Array
(
    [userid] => 58452
    [giftid] => 51547
)
160321
1-----160321
Array
(
    [userid] => 2390
    [giftid] => 51547
)
160321
1-----160321
Array
(
    [userid] => 155633225
    [giftid] => 51547
)
160321
1-----160321
Array
(
    [userid] => 155533157
    [giftid] => 51547
)
160321
1-----160321
Array
(
    [userid] => 1979
    [giftid] => 51547
)
160321
1-----160321
Array
(
    [userid] => 50279
    [giftid] => 51547
)
160321
1-----160321
Array
(
    [userid] => 155547066
    [giftid] => 51547
)
160321
1-----160321
Array
(
    [userid] => 44152
    [giftid] => 51547
)
160321
1-----160321
Array
(
    [userid] => 3893
    [giftid] => 51547
)
160321
1-----160321
Array
(
    [userid] => 154507275
    [giftid] => 51547
)
160321
1-----160321
Array
(
    [userid] => 44202
    [giftid] => 51547
)
160321
1-----160321
Array
(
    [userid] => 1093
    [giftid] => 51547
)
160321
1-----160321
Array
(
    [userid] => 154506108
    [giftid] => 51547
)
160321
1-----160321
Array
(
    [userid] => 38535
    [giftid] => 51547
)
160321
1-----160321
Array
(
    [userid] => 155528917
    [giftid] => 51547
)
160321
1-----160321
Array
(
    [userid] => 155570750
    [giftid] => 51547
)
160321
1-----160321
Array
(
    [userid] => 46264
    [giftid] => 51547
)
160322
1-----160322
Array
(
    [userid] => 122807
    [giftid] => 51547
)
160322
1-----160322
Array
(
    [userid] => 59914
    [giftid] => 51547
)
160322
1-----160322
Array
(
    [userid] => 155571096
    [giftid] => 51547
)
160322
1-----160322
Array
(
    [userid] => 155554652
    [giftid] => 51547
)
160322
1-----160322
Array
(
    [userid] => 155614886
    [giftid] => 51547
)
160322
1-----160322
Array
(
    [userid] => 6829
    [giftid] => 51547
)
160322
1-----160322
Array
(
    [userid] => 49198
    [giftid] => 51547
)
160322
1-----160322
Array
(
    [userid] => 154786
    [giftid] => 53637
)
160322
1-----160322
Array
(
    [userid] => 155695988
    [giftid] => 51547
)
160322
1-----160322
Array
(
    [userid] => 9697
    [giftid] => 51546
)
160322
1-----160322
Array
(
    [userid] => 9747
    [giftid] => 51547
)
160322
1-----160322
Array
(
    [userid] => 155611763
    [giftid] => 51547
)
160322
1-----160322
Array
(
    [userid] => 6485
    [giftid] => 53637
)
160322
1-----160322
Array
(
    [userid] => 155692747
    [giftid] => 53637
)
160322
1-----160322
Array
(
    [userid] => 155573981
    [giftid] => 53637
)
160322
1-----160322
Array
(
    [userid] => 155692789
    [giftid] => 51547
)
160322
1-----160322
Array
(
    [userid] => 154507275
    [giftid] => 53637
)
160322
-----160322
Array
(
    [userid] => 914
    [giftid] => 51547
)
160322
1-----160322
Array
(
    [userid] => 1093
    [giftid] => 51547
)
160322
1-----160322
Array
(
    [userid] => 155533157
    [giftid] => 51547
)
160322
1-----160322
Array
(
    [userid] => 54081
    [giftid] => 51547
)
160322
1-----160322
Array
(
    [userid] => 155602308
    [giftid] => 51547
)
160322
1-----160322
Array
(
    [userid] => 155559379
    [giftid] => 51547
)
160322
1-----160322
Array
(
    [userid] => 56088
    [giftid] => 51547
)
160322
1-----160322
Array
(
    [userid] => 150
    [giftid] => 51547
)
160322
1-----160322
Array
(
    [userid] => 155692901
    [giftid] => 51547
)
160322
1-----160322
Array
(
    [userid] => 3893
    [giftid] => 51547
)
160322
1-----160322
Array
(
    [userid] => 155552735
    [giftid] => 51547
)
160322
1-----160322
Array
(
    [userid] => 39973
    [giftid] => 51547
)
160322
1-----160322
Array
(
    [userid] => 1043
    [giftid] => 51547
)
160322
1-----160322
Array
(
    [userid] => 449
    [giftid] => 51547
)
160322
1-----160322
Array
(
    [userid] => 11158
    [giftid] => 51547
)
160322
1-----160322
Array
(
    [userid] => 155709968
    [giftid] => 51547
)
160322
1-----160322
Array
(
    [userid] => 3805
    [giftid] => 51547
)
160322
1-----160322
Array
(
    [userid] => 155793
    [giftid] => 51547
)
160322
1-----160322
Array
(
    [userid] => 155552270
    [giftid] => 51547
)
160322
1-----160322
Array
(
    [userid] => 155556090
    [giftid] => 51547
)
160322
1-----160322
Array
(
    [userid] => 155550329
    [giftid] => 51547
)
160322
1-----160322
Array
(
    [userid] => 9861
    [giftid] => 51547
)
160323
1-----160323
Array
(
    [userid] => 88
    [giftid] => 51547
)
160323
1-----160323
Array
(
    [userid] => 59914
    [giftid] => 51547
)
160323
1-----160323
Array
(
    [userid] => 155571096
    [giftid] => 51547
)
160323
1-----160323
Array
(
    [userid] => 136
    [giftid] => 51547
)
160323
1-----160323
Array
(
    [userid] => 2845
    [giftid] => 51547
)
160323
1-----160323
Array
(
    [userid] => 6829
    [giftid] => 51547
)
160323
1-----160323
Array
(
    [userid] => 8501
    [giftid] => 51547
)
160323
1-----160323
Array
(
    [userid] => 155573981
    [giftid] => 51547
)
160323
1-----160323
Array
(
    [userid] => 155695988
    [giftid] => 51546
)
160323
1-----160323
Array
(
    [userid] => 2163
    [giftid] => 51547
)
160323
1-----160323
Array
(
    [userid] => 39877
    [giftid] => 51547
)
160323
1-----160323
Array
(
    [userid] => 4218
    [giftid] => 51547
)
160323
1-----160323
Array
(
    [userid] => 914
    [giftid] => 51547
)
160323
1-----160323
Array
(
    [userid] => 3893
    [giftid] => 53637
)
160323
1-----160323
Array
(
    [userid] => 3983
    [giftid] => 51547
)
160323
1-----160323
Array
(
    [userid] => 155672106
    [giftid] => 51547
)
160323
1-----160323
Array
(
    [userid] => 155564581
    [giftid] => 53637
)
160323
1-----160323
Array
(
    [userid] => 155611754
    [giftid] => 51547
)
160323
1-----160323
Array
(
    [userid] => 3202
    [giftid] => 51547
)
160323
1-----160323
Array
(
    [userid] => 39973
    [giftid] => 51547
)
160323
1-----160323
Array
(
    [userid] => 155556708
    [giftid] => 51547
)
160323
1-----160323
Array
(
    [userid] => 58780
    [giftid] => 53637
)
160323
1-----160323
Array
(
    [userid] => 155550788
    [giftid] => 51547
)
160323
1-----160323
Array
(
    [userid] => 155697616
    [giftid] => 51547
)
160323
1-----160323
Array
(
    [userid] => 49198
    [giftid] => 51547
)
160323
1-----160323
Array
(
    [userid] => 20697
    [giftid] => 51547
)
160323
1-----160323
Array
(
    [userid] => 6690
    [giftid] => 51547
)
160323
1-----160323
Array
(
    [userid] => 154507362
    [giftid] => 51547
)
160323
1-----160323
Array
(
    [userid] => 49731
    [giftid] => 51547
)
160323
1-----160323
Array
(
    [userid] => 39422
    [giftid] => 51547
)
160323
1-----160323
Array
(
    [userid] => 155561203
    [giftid] => 51547
)
160323
1-----160323
Array
(
    [userid] => 155565604
    [giftid] => 51547
)
160323
1-----160323
Array
(
    [userid] => 155553698
    [giftid] => 51547
)
160323
1-----160323
Array
(
    [userid] => 155552735
    [giftid] => 51547
)
160323
1-----160323
Array
(
    [userid] => 1979
    [giftid] => 51547
)
160323
1-----160323
Array
(
    [userid] => 1680
    [giftid] => 51547
)
160323
1-----160323
Array
(
    [userid] => 154506108
    [giftid] => 51547
)
160323
1-----160323
Array
(
    [userid] => 8501
    [giftid] => 53637
)
160323
-----160323
Array
(
    [userid] => 155553756
    [giftid] => 51547
)
160323
1-----160323
Array
(
    [userid] => 449
    [giftid] => 53637
)
160323
-----160323
Array
(
    [userid] => 155553853
    [giftid] => 51547
)
160323
1-----160323
Array
(
    [userid] => 41091
    [giftid] => 51547
)
160323
1-----160323
Array
(
    [userid] => 155556090
    [giftid] => 51547
)
160323
1-----160323
Array
(
    [userid] => 7516
    [giftid] => 51547
)
160324
1-----160324
Array
(
    [userid] => 46264
    [giftid] => 51547
)
160324
1-----160324
Array
(
    [userid] => 155670069
    [giftid] => 51547
)
160324
1-----160324
Array
(
    [userid] => 155539692
    [giftid] => 51547
)
160324
1-----160324
Array
(
    [userid] => 44202
    [giftid] => 51547
)
160324
1-----160324
Array
(
    [userid] => 155633225
    [giftid] => 51547
)
160324
1-----160324
Array
(
    [userid] => 155554652
    [giftid] => 51547
)
160324
1-----160324
Array
(
    [userid] => 150
    [giftid] => 51547
)
160324
1-----160324
Array
(
    [userid] => 155708298
    [giftid] => 51547
)
160324
1-----160324
Array
(
    [userid] => 155692747
    [giftid] => 53637
)
160324
1-----160324
Array
(
    [userid] => 155637949
    [giftid] => 51547
)
160324
1-----160324
Array
(
    [userid] => 9747
    [giftid] => 51547
)
160324
1-----160324
Array
(
    [userid] => 155564150
    [giftid] => 51547
)
160324
1-----160324
Array
(
    [userid] => 155564581
    [giftid] => 51547
)
160324
1-----160324
Array
(
    [userid] => 154506104
    [giftid] => 51546
)
160324
1-----160324
Array
(
    [userid] => 155553839
    [giftid] => 51547
)
160324
1-----160324
Array
(
    [userid] => 155533157
    [giftid] => 53637
)
160324
1-----160324
Array
(
    [userid] => 271
    [giftid] => 51547
)
160324
1-----160324
Array
(
    [userid] => 155581973
    [giftid] => 53637
)
160324
1-----160324
Array
(
    [userid] => 154507275
    [giftid] => 51547
)
160324
1-----160324
Array
(
    [userid] => 1093
    [giftid] => 51547
)
160324
1-----160324
Array
(
    [userid] => 3893
    [giftid] => 51547
)
160324
1-----160324
Array
(
    [userid] => 155697616
    [giftid] => 51547
)
160324
1-----160324
Array
(
    [userid] => 155602308
    [giftid] => 53637
)
160324
1-----160324
Array
(
    [userid] => 155556708
    [giftid] => 51547
)
160324
1-----160324
Array
(
    [userid] => 41919
    [giftid] => 51547
)
160324
1-----160324
Array
(
    [userid] => 155528917
    [giftid] => 51547
)
160324
1-----160324
Array
(
    [userid] => 155672106
    [giftid] => 51547
)
160324
1-----160324
Array
(
    [userid] => 2390
    [giftid] => 51547
)
160324
1-----160324
Array
(
    [userid] => 102
    [giftid] => 51547
)
160324
1-----160324
Array
(
    [userid] => 155711442
    [giftid] => 51547
)
160324
1-----160324
Array
(
    [userid] => 41498
    [giftid] => 51547
)
160324
1-----160324
Array
(
    [userid] => 155570750
    [giftid] => 51547
)
160324
1-----160324
Array
(
    [userid] => 44152
    [giftid] => 51547
)
160324
1-----160324
Array
(
    [userid] => 155709968
    [giftid] => 51547
)
160324
1-----160324
Array
(
    [userid] => 155554076
    [giftid] => 51547
)
160324
1-----160324
Array
(
    [userid] => 56483
    [giftid] => 51547
)
160324
1-----160324
Array
(
    [userid] => 4218
    [giftid] => 51547
)
160324
1-----160324
Array
(
    [userid] => 41092
    [giftid] => 51547
)
160324
1-----160324
Array
(
    [userid] => 27925
    [giftid] => 51547
)
160324
1-----160324
Array
(
    [userid] => 4220
    [giftid] => 51547
)
160324
1-----160324
Array
(
    [userid] => 155553698
    [giftid] => 51547
)
160324
1-----160324
Array
(
    [userid] => 155555836
    [giftid] => 53637
)
160324
-----160324
Array
(
    [userid] => 155579700
    [giftid] => 51547
)
160324
1-----160324
Array
(
    [userid] => 58216
    [giftid] => 51547
)
160324
1-----160324
Array
(
    [userid] => 58452
    [giftid] => 51547
)
160324
1-----160324
Array
(
    [userid] => 1913
    [giftid] => 51547
)
160324
1-----160324
Array
(
    [userid] => 4715
    [giftid] => 51547
)
160325
1-----160325
Array
(
    [userid] => 155633225
    [giftid] => 51547
)
160325
1-----160325
Array
(
    [userid] => 155554652
    [giftid] => 51547
)
160325
1-----160325
Array
(
    [userid] => 6829
    [giftid] => 51547
)
160325
1-----160325
Array
(
    [userid] => 155559379
    [giftid] => 51547
)
160325
1-----160325
Array
(
    [userid] => 155565604
    [giftid] => 51546
)
160325
1-----160325
Array
(
    [userid] => 155550788
    [giftid] => 51547
)
160325
1-----160325
Array
(
    [userid] => 3983
    [giftid] => 51547
)
160325
1-----160325
Array
(
    [userid] => 155610702
    [giftid] => 51547
)
160325
1-----160325
Array
(
    [userid] => 155564150
    [giftid] => 51547
)
160325
1-----160325
Array
(
    [userid] => 155672106
    [giftid] => 51547
)
160325
1-----160325
Array
(
    [userid] => 155637949
    [giftid] => 51547
)
160325
1-----160325
Array
(
    [userid] => 154786
    [giftid] => 51547
)
160325
1-----160325
Array
(
    [userid] => 27925
    [giftid] => 53637
)
160325
1-----160325
Array
(
    [userid] => 122807
    [giftid] => 51547
)
160325
1-----160325
Array
(
    [userid] => 155602308
    [giftid] => 51547
)
160325
1-----160325
Array
(
    [userid] => 58216
    [giftid] => 51547
)
160325
1-----160325
Array
(
    [userid] => 20697
    [giftid] => 53637
)
160325
1-----160325
Array
(
    [userid] => 155697616
    [giftid] => 51547
)
160325
1-----160325
Array
(
    [userid] => 154507275
    [giftid] => 51547
)
160325
1-----160325
Array
(
    [userid] => 9545
    [giftid] => 51547
)
160325
1-----160325
Array
(
    [userid] => 6485
    [giftid] => 51547
)
160325
1-----160325
Array
(
    [userid] => 49731
    [giftid] => 51547
)
160325
1-----160325
Array
(
    [userid] => 58780
    [giftid] => 51547
)
160325
1-----160325
Array
(
    [userid] => 155550329
    [giftid] => 53637
)
160325
1-----160325
Array
(
    [userid] => 155552578
    [giftid] => 51547
)
160325
1-----160325
Array
(
    [userid] => 155570750
    [giftid] => 53637
)
160325
1-----160325
Array
(
    [userid] => 155700696
    [giftid] => 51547
)
160325
1-----160325
Array
(
    [userid] => 155709968
    [giftid] => 51547
)
160325
1-----160325
Array
(
    [userid] => 44152
    [giftid] => 53637
)
160325
-----160325
Array
(
    [userid] => 1043
    [giftid] => 51547
)
160325
1-----160325
Array
(
    [userid] => 41919
    [giftid] => 51547
)
160325
1-----160325
Array
(
    [userid] => 42056
    [giftid] => 51547
)
160325
1-----160325
Array
(
    [userid] => 2302
    [giftid] => 51547
)
160325
1-----160325
Array
(
    [userid] => 155553157
    [giftid] => 51547
)
160325
1-----160325
Array
(
    [userid] => 155528917
    [giftid] => 51547
)
160325
1-----160325
Array
(
    [userid] => 155425
    [giftid] => 51547
)
160325
1-----160325
Array
(
    [userid] => 155561067
    [giftid] => 51547
)
160325
1-----160325
Array
(
    [userid] => 7516
    [giftid] => 51547
)
160326
1-----160326
Array
(
    [userid] => 155588103
    [giftid] => 51547
)
160326
1-----160326
Array
(
    [userid] => 155571096
    [giftid] => 51547
)
160326
1-----160326
Array
(
    [userid] => 155554652
    [giftid] => 51547
)
160326
1-----160326
Array
(
    [userid] => 155555693
    [giftid] => 51547
)
160326
1-----160326
Array
(
    [userid] => 155555779
    [giftid] => 51547
)
160326
1-----160326
Array
(
    [userid] => 3983
    [giftid] => 51547
)
160326
1-----160326
Array
(
    [userid] => 150
    [giftid] => 51547
)
160326
1-----160326
Array
(
    [userid] => 155611763
    [giftid] => 51547
)
160326
1-----160326
Array
(
    [userid] => 155565604
    [giftid] => 51547
)
160326
1-----160326
Array
(
    [userid] => 151962
    [giftid] => 53637
)
160326
1-----160326
Array
(
    [userid] => 47164
    [giftid] => 51546
)
160326
-----160326
Array
(
    [userid] => 155672106
    [giftid] => 51547
)
160326
1-----160326
Array
(
    [userid] => 155553756
    [giftid] => 51547
)
160326
1-----160326
Array
(
    [userid] => 155709988
    [giftid] => 51547
)
160326
1-----160326
Array
(
    [userid] => 155611754
    [giftid] => 53637
)
160326
1-----160326
Array
(
    [userid] => 4715
    [giftid] => 53637
)
160326
1-----160326
Array
(
    [userid] => 1588
    [giftid] => 51547
)
160326
1-----160326
Array
(
    [userid] => 4218
    [giftid] => 51547
)
160326
1-----160326
Array
(
    [userid] => 27925
    [giftid] => 53637
)
160326
1-----160326
Array
(
    [userid] => 155579700
    [giftid] => 51547
)
160326
1-----160326
Array
(
    [userid] => 155570750
    [giftid] => 51547
)
160326
1-----160326
Array
(
    [userid] => 155573981
    [giftid] => 51547
)
160326
1-----160326
Array
(
    [userid] => 155552620
    [giftid] => 51547
)
160326
1-----160326
Array
(
    [userid] => 155633225
    [giftid] => 51547
)
160326
1-----160326
Array
(
    [userid] => 155590661
    [giftid] => 51547
)
160326
1-----160326
Array
(
    [userid] => 57202
    [giftid] => 51547
)
160326
1-----160326
Array
(
    [userid] => 155553839
    [giftid] => 51547
)
160326
1-----160326
Array
(
    [userid] => 155692901
    [giftid] => 51547
)
160326
1-----160326
Array
(
    [userid] => 155550788
    [giftid] => 51547
)
160326
1-----160326
Array
(
    [userid] => 155548178
    [giftid] => 51547
)
160326
1-----160326
Array
(
    [userid] => 88
    [giftid] => 51547
)
160326
1-----160326
Array
(
    [userid] => 1979
    [giftid] => 53637
)
160326
-----160326
Array
(
    [userid] => 136
    [giftid] => 51547
)
160326
1-----160326
Array
(
    [userid] => 6829
    [giftid] => 51547
)
160327
1-----160327
Array
(
    [userid] => 155561067
    [giftid] => 51547
)
160327
1-----160327
Array
(
    [userid] => 8603
    [giftid] => 51547
)
160327
1-----160327
Array
(
    [userid] => 39877
    [giftid] => 51547
)
160327
1-----160327
Array
(
    [userid] => 9697
    [giftid] => 51547
)
160327
1-----160327
Array
(
    [userid] => 155554652
    [giftid] => 51547
)
160327
1-----160327
Array
(
    [userid] => 6485
    [giftid] => 51547
)
160327
1-----160327
Array
(
    [userid] => 150
    [giftid] => 51547
)
160327
1-----160327
Array
(
    [userid] => 155652307
    [giftid] => 51547
)
160327
1-----160327
Array
(
    [userid] => 3983
    [giftid] => 51547
)
160327
1-----160327
Array
(
    [userid] => 155695988
    [giftid] => 51547
)
160327
1-----160327
Array
(
    [userid] => 9897
    [giftid] => 53637
)
160327
1-----160327
Array
(
    [userid] => 154506108
    [giftid] => 51546
)
160327
-----160327
Array
(
    [userid] => 44088
    [giftid] => 51547
)
160327
1-----160327
Array
(
    [userid] => 155570750
    [giftid] => 53637
)
160327
1-----160327
Array
(
    [userid] => 155611763
    [giftid] => 51547
)
160327
1-----160327
Array
(
    [userid] => 154786
    [giftid] => 51547
)
160327
1-----160327
Array
(
    [userid] => 12144
    [giftid] => 51547
)
160327
1-----160327
Array
(
    [userid] => 155550329
    [giftid] => 53637
)
160327
1-----160327
Array
(
    [userid] => 155565604
    [giftid] => 53637
)
160327
1-----160327
Array
(
    [userid] => 8501
    [giftid] => 51547
)
160327
1-----160327
Array
(
    [userid] => 155550788
    [giftid] => 51547
)
160327
1-----160327
Array
(
    [userid] => 1979
    [giftid] => 51547
)
160327
1-----160327
Array
(
    [userid] => 155611754
    [giftid] => 51547
)
160327
1-----160327
Array
(
    [userid] => 155602308
    [giftid] => 51547
)
160327
1-----160327
Array
(
    [userid] => 155579700
    [giftid] => 51547
)
160327
1-----160327
Array
(
    [userid] => 155633225
    [giftid] => 51547
)
160327
1-----160327
Array
(
    [userid] => 155552735
    [giftid] => 51547
)
160327
1-----160327
Array
(
    [userid] => 44202
    [giftid] => 51547
)
160327
1-----160327
Array
(
    [userid] => 154508148
    [giftid] => 51547
)
160327
1-----160327
Array
(
    [userid] => 146922
    [giftid] => 51547
)
160327
1-----160327
Array
(
    [userid] => 1913
    [giftid] => 51547
)
160327
1-----160327
Array
(
    [userid] => 1043
    [giftid] => 51547
)
160327
1-----160327
Array
(
    [userid] => 44152
    [giftid] => 51547
)
160327
1-----160327
Array
(
    [userid] => 155555263
    [giftid] => 51547
)
160327
1-----160327
Array
(
    [userid] => 154507362
    [giftid] => 51547
)
160327
1-----160327
Array
(
    [userid] => 27925
    [giftid] => 51547
)
160327
1-----160327
Array
(
    [userid] => 9861
    [giftid] => 51547
)
160327
1-----160327
Array
(
    [userid] => 4218
    [giftid] => 51547
)
160327
1-----160327
Array
(
    [userid] => 155553756
    [giftid] => 51547
)
160327
1-----160327
Array
(
    [userid] => 155553698
    [giftid] => 53637
)
160327
-----160327
Array
(
    [userid] => 155692789
    [giftid] => 51547
)
160327
1-----160327
Array
(
    [userid] => 122807
    [giftid] => 51547
)
160328
1-----160328
Array
(
    [userid] => 155692901
    [giftid] => 51547
)
160328
1-----160328
Array
(
    [userid] => 155571096
    [giftid] => 51547
)
160328
1-----160328
Array
(
    [userid] => 6829
    [giftid] => 51547
)
160328
1-----160328
Array
(
    [userid] => 155614886
    [giftid] => 51547
)
160328
1-----160328
Array
(
    [userid] => 154506104
    [giftid] => 51547
)
160328
1-----160328
Array
(
    [userid] => 8603
    [giftid] => 51547
)
160328
1-----160328
Array
(
    [userid] => 146922
    [giftid] => 51547
)
160328
1-----160328
Array
(
    [userid] => 2845
    [giftid] => 53637
)
160328
1-----160328
Array
(
    [userid] => 155708298
    [giftid] => 51547
)
160328
1-----160328
Array
(
    [userid] => 155564581
    [giftid] => 51547
)
160328
1-----160328
Array
(
    [userid] => 155552620
    [giftid] => 51547
)
160328
1-----160328
Array
(
    [userid] => 154507362
    [giftid] => 51546
)
160328
-----160328
Array
(
    [userid] => 154786
    [giftid] => 51547
)
160328
1-----160328
Array
(
    [userid] => 155533157
    [giftid] => 51547
)
160328
1-----160328
Array
(
    [userid] => 9747
    [giftid] => 51547
)
160328
1-----160328
Array
(
    [userid] => 6485
    [giftid] => 53637
)
160328
1-----160328
Array
(
    [userid] => 155552735
    [giftid] => 51547
)
160328
1-----160328
Array
(
    [userid] => 155579700
    [giftid] => 51547
)
160328
1-----160328
Array
(
    [userid] => 58780
    [giftid] => 53637
)
160328
1-----160328
Array
(
    [userid] => 914
    [giftid] => 51547
)
160328
1-----160328
Array
(
    [userid] => 155553839
    [giftid] => 51547
)
160328
1-----160328
Array
(
    [userid] => 2390
    [giftid] => 51547
)
160328
1-----160328
Array
(
    [userid] => 155648992
    [giftid] => 51547
)
160328
1-----160328
Array
(
    [userid] => 4340
    [giftid] => 51547
)
160328
1-----160328
Array
(
    [userid] => 20697
    [giftid] => 51547
)
160328
1-----160328
Array
(
    [userid] => 155553698
    [giftid] => 51547
)
160328
1-----160328
Array
(
    [userid] => 154507275
    [giftid] => 53637
)
160328
1-----160328
Array
(
    [userid] => 49731
    [giftid] => 51547
)
160328
1-----160328
Array
(
    [userid] => 154506108
    [giftid] => 51547
)
160328
1-----160328
Array
(
    [userid] => 155633225
    [giftid] => 51547
)
160328
1-----160328
Array
(
    [userid] => 798
    [giftid] => 51547
)
160328
1-----160328
Array
(
    [userid] => 155535674
    [giftid] => 51547
)
160328
1-----160328
Array
(
    [userid] => 59914
    [giftid] => 51547
)
160328
1-----160328
Array
(
    [userid] => 155697616
    [giftid] => 51547
)
160328
1-----160328
Array
(
    [userid] => 8501
    [giftid] => 53637
)
160328
-----160328
Array
(
    [userid] => 44246
    [giftid] => 51547
)
160328
1-----160328
Array
(
    [userid] => 3217
    [giftid] => 51547
)
160328
1-----160328
Array
(
    [userid] => 155528917
    [giftid] => 51547
)
160328
1-----160328
Array
(
    [userid] => 46264
    [giftid] => 51547
)
160329
1-----160329
Array
(
    [userid] => 122807
    [giftid] => 51547
)
160329
1-----160329
Array
(
    [userid] => 155561067
    [giftid] => 51547
)
160329
1-----160329
Array
(
    [userid] => 155573981
    [giftid] => 51547
)
160329
1-----160329
Array
(
    [userid] => 155614886
    [giftid] => 51547
)
160329
1-----160329
Array
(
    [userid] => 155571096
    [giftid] => 51547
)
160329
1-----160329
Array
(
    [userid] => 155554652
    [giftid] => 51547
)
160329
1-----160329
Array
(
    [userid] => 2845
    [giftid] => 51546
)
160329
1-----160329
Array
(
    [userid] => 155708298
    [giftid] => 51547
)
160329
1-----160329
Array
(
    [userid] => 155695988
    [giftid] => 51547
)
160329
1-----160329
Array
(
    [userid] => 155637949
    [giftid] => 51547
)
160329
1-----160329
Array
(
    [userid] => 155550788
    [giftid] => 51547
)
160329
1-----160329
Array
(
    [userid] => 155564581
    [giftid] => 51547
)
160329
1-----160329
Array
(
    [userid] => 27925
    [giftid] => 51547
)
160329
1-----160329
Array
(
    [userid] => 9697
    [giftid] => 51547
)
160329
1-----160329
Array
(
    [userid] => 3983
    [giftid] => 53637
)
160329
1-----160329
Array
(
    [userid] => 155567330
    [giftid] => 51547
)
160329
1-----160329
Array
(
    [userid] => 58452
    [giftid] => 51547
)
160329
1-----160329
Array
(
    [userid] => 155565604
    [giftid] => 53637
)
160329
1-----160329
Array
(
    [userid] => 155692901
    [giftid] => 51547
)
160329
1-----160329
Array
(
    [userid] => 914
    [giftid] => 51547
)
160329
1-----160329
Array
(
    [userid] => 155528917
    [giftid] => 51547
)
160329
1-----160329
Array
(
    [userid] => 1913
    [giftid] => 53637
)
160329
1-----160329
Array
(
    [userid] => 1268
    [giftid] => 53637
)
160329
1-----160329
Array
(
    [userid] => 11158
    [giftid] => 51547
)
160329
1-----160329
Array
(
    [userid] => 44202
    [giftid] => 51547
)
160329
1-----160329
Array
(
    [userid] => 150
    [giftid] => 51547
)
160329
1-----160329
Array
(
    [userid] => 54457
    [giftid] => 51547
)
160329
1-----160329
Array
(
    [userid] => 6485
    [giftid] => 51547
)
160329
1-----160329
Array
(
    [userid] => 59914
    [giftid] => 53637
)
160329
-----160329
Array
(
    [userid] => 155793
    [giftid] => 51547
)
160329
1-----160329
Array
(
    [userid] => 155552578
    [giftid] => 51547
)
160329
1-----160329
Array
(
    [userid] => 155535674
    [giftid] => 51547
)
160329
1-----160329
Array
(
    [userid] => 155692789
    [giftid] => 51547
)
160329
1-----160329
Array
(
    [userid] => 1667
    [giftid] => 51547
)
160329
1-----160329
Array
(
    [userid] => 3805
    [giftid] => 51547
)
160329
1-----160329
Array
(
    [userid] => 155552931
    [giftid] => 51547
)
160329
1-----160329
Array
(
    [userid] => 126388
    [giftid] => 51547
)
160329
1-----160329
Array
(
    [userid] => 155556090
    [giftid] => 51547
)
160329
1-----160329
Array
(
    [userid] => 46264
    [giftid] => 51547
)
160330
1-----160330
Array
(
    [userid] => 155553698
    [giftid] => 51547
)
160330
1-----160330
Array
(
    [userid] => 155648992
    [giftid] => 51547
)
160330
1-----160330
Array
(
    [userid] => 8603
    [giftid] => 51547
)
160330
1-----160330
Array
(
    [userid] => 155573981
    [giftid] => 51547
)
160330
1-----160330
Array
(
    [userid] => 155555779
    [giftid] => 51547
)
160330
1-----160330
Array
(
    [userid] => 4964
    [giftid] => 51547
)
160330
1-----160330
Array
(
    [userid] => 155611754
    [giftid] => 51547
)
160330
1-----160330
Array
(
    [userid] => 49731
    [giftid] => 53637
)
160330
1-----160330
Array
(
    [userid] => 154507275
    [giftid] => 51547
)
160330
1-----160330
Array
(
    [userid] => 3768
    [giftid] => 51547
)
160330
1-----160330
Array
(
    [userid] => 155565604
    [giftid] => 51547
)
160330
1-----160330
Array
(
    [userid] => 3907
    [giftid] => 51547
)
160330
1-----160330
Array
(
    [userid] => 58452
    [giftid] => 53637
)
160330
1-----160330
Array
(
    [userid] => 3983
    [giftid] => 51547
)
160330
1-----160330
Array
(
    [userid] => 155610702
    [giftid] => 53637
)
160330
1-----160330
Array
(
    [userid] => 3805
    [giftid] => 51547
)
160330
1-----160330
Array
(
    [userid] => 155637949
    [giftid] => 51546
)
160330
-----160330
Array
(
    [userid] => 3893
    [giftid] => 51547
)
160330
1-----160330
Array
(
    [userid] => 9697
    [giftid] => 51547
)
160330
1-----160330
Array
(
    [userid] => 41919
    [giftid] => 53637
)
160330
1-----160330
Array
(
    [userid] => 59914
    [giftid] => 51547
)
160330
1-----160330
Array
(
    [userid] => 58780
    [giftid] => 53637
)
160330
-----160330
Array
(
    [userid] => 9861
    [giftid] => 51547
)
160330
1-----160330
Array
(
    [userid] => 27925
    [giftid] => 51547
)
160330
1-----160330
Array
(
    [userid] => 4218
    [giftid] => 51547
)
160330
1-----160330
Array
(
    [userid] => 4220
    [giftid] => 51547
)
160330
1-----160330
Array
(
    [userid] => 28189
    [giftid] => 51547
)
160330
1-----160330
Array
(
    [userid] => 155633225
    [giftid] => 51547
)
160330
1-----160330
Array
(
    [userid] => 39973
    [giftid] => 51547
)
160330
1-----160330
Array
(
    [userid] => 155550561
    [giftid] => 51547
)
160330
1-----160330
Array
(
    [userid] => 44246
    [giftid] => 51547
)
160330
1-----160330
Array
(
    [userid] => 155692763
    [giftid] => 51547
)
160330
1-----160330
Array
(
    [userid] => 154786
    [giftid] => 51547
)
160330
1-----160330
Array
(
    [userid] => 154508206
    [giftid] => 51547
)
160330
1-----160330
Array
(
    [userid] => 155700764
    [giftid] => 51547
)
160330
1-----160330
Array
(
    [userid] => 155547066
    [giftid] => 51547
)
160330
1-----160330
Array
(
    [userid] => 155686477
    [giftid] => 51547
)
160330
1-----160330
Array
(
    [userid] => 1043
    [giftid] => 51547
)
160330
1-----160330
Array
(
    [userid] => 155552578
    [giftid] => 51547
)
160330
1-----160330
Array
(
    [userid] => 155552270
    [giftid] => 51547
)
160330
1-----160330
Array
(
    [userid] => 271
    [giftid] => 51547
)
160330
1-----160330
Array
(
    [userid] => 46264
    [giftid] => 51547
)
160331
1-----160331
Array
(
    [userid] => 155664775
    [giftid] => 51547
)
160331
1-----160331
Array
(
    [userid] => 155614886
    [giftid] => 51547
)
160331
1-----160331
Array
(
    [userid] => 155559379
    [giftid] => 51547
)
160331
1-----160331
Array
(
    [userid] => 155637949
    [giftid] => 53637
)
160331
1-----160331
Array
(
    [userid] => 2845
    [giftid] => 51547
)
160331
1-----160331
Array
(
    [userid] => 155555779
    [giftid] => 53637
)
160331
1-----160331
Array
(
    [userid] => 155611763
    [giftid] => 53637
)
160331
1-----160331
Array
(
    [userid] => 9697
    [giftid] => 53637
)
160331
1-----160331
Array
(
    [userid] => 49198
    [giftid] => 51547
)
160331
1-----160331
Array
(
    [userid] => 155694504
    [giftid] => 51547
)
160331
1-----160331
Array
(
    [userid] => 155567330
    [giftid] => 51547
)
160331
1-----160331
Array
(
    [userid] => 154507362
    [giftid] => 51546
)
160331
1-----160331
Array
(
    [userid] => 155425
    [giftid] => 53637
)
160331
1-----160331
Array
(
    [userid] => 155700764
    [giftid] => 51547
)
160331
1-----160331
Array
(
    [userid] => 155535371
    [giftid] => 51547
)
160331
1-----160331
Array
(
    [userid] => 50279
    [giftid] => 51547
)
160331
1-----160331
Array
(
    [userid] => 155553698
    [giftid] => 51547
)
160331
1-----160331
Array
(
    [userid] => 47164
    [giftid] => 51547
)
160331
1-----160331
Array
(
    [userid] => 58452
    [giftid] => 51547
)
160331
1-----160331
Array
(
    [userid] => 155571096
    [giftid] => 51547
)
160331
1-----160331
Array
(
    [userid] => 155554841
    [giftid] => 51547
)
160331
1-----160331
Array
(
    [userid] => 914
    [giftid] => 51547
)
160331
1-----160331
Array
(
    [userid] => 155554076
    [giftid] => 51547
)
160331
1-----160331
Array
(
    [userid] => 155633225
    [giftid] => 51547
)
160331
1-----160331
Array
(
    [userid] => 155552620
    [giftid] => 51547
)
160331
1-----160331
Array
(
    [userid] => 155548178
    [giftid] => 51547
)
160331
1-----160331
Array
(
    [userid] => 155660128
    [giftid] => 51547
)
160331
1-----160331
Array
(
    [userid] => 1600
    [giftid] => 51547
)
160331
1-----160331
Array
(
    [userid] => 155550561
    [giftid] => 51547
)
160331
1-----160331
Array
(
    [userid] => 155508281
    [giftid] => 51547
)
160331
1-----160331
Array
(
    [userid] => 155552578
    [giftid] => 51547
)
160331
1-----160331
Array
(
    [userid] => 1043
    [giftid] => 51547
)
160331
1-----160331
Array
(
    [userid] => 155554079
    [giftid] => 51547
)
160331
1-----160331
Array
(
    [userid] => 155692789
    [giftid] => 51547
)
160331
1-----160331
Array
(
    [userid] => 155556090
    [giftid] => 51547
)
160331
1-----160331
Array
(
    [userid] => 155692763
    [giftid] => 51547
)
160331
1-----160331
