[00:42:45][http://www.168p2p.com/api/redbag/get4vote.php?user_id=155670069&ordid=51547
{"error":0,"info":"","money":"25.00"}]
[00:42:45][Array
(
    [error] => 0
    [info] => 
    [money] => 25.00
)
]
[05:50:27][http://www.168p2p.com/api/redbag/get4vote.php?user_id=155695988&ordid=51547
{"error":0,"info":"","money":"25.00"}]
[05:50:27][Array
(
    [error] => 0
    [info] => 
    [money] => 25.00
)
]
[07:48:02][http://www.168p2p.com/api/redbag/get4vote.php?user_id=155652197&ordid=51547
{"error":0,"info":"","money":"25.00"}]
[07:48:02][Array
(
    [error] => 0
    [info] => 
    [money] => 25.00
)
]
[07:59:47][http://www.168p2p.com/api/redbag/get4vote.php?user_id=7516&ordid=51547
{"error":0,"info":"","money":"25.00"}]
[07:59:47][Array
(
    [error] => 0
    [info] => 
    [money] => 25.00
)
]
[09:05:32][http://www.168p2p.com/api/redbag/get4vote.php?user_id=56483&ordid=51547
{"error":0,"info":"","money":"25.00"}]
[09:05:32][Array
(
    [error] => 0
    [info] => 
    [money] => 25.00
)
]
[09:19:12][http://www.168p2p.com/api/redbag/get4vote.php?user_id=155533157&ordid=51547
{"error":0,"info":"","money":"25.00"}]
[09:19:12][Array
(
    [error] => 0
    [info] => 
    [money] => 25.00
)
]
[09:56:53][http://www.168p2p.com/api/redbag/get4vote.php?user_id=20697&ordid=51547
{"error":0,"info":"","money":"25.00"}]
[09:56:53][Array
(
    [error] => 0
    [info] => 
    [money] => 25.00
)
]
[10:19:56][http://www.168p2p.com/api/redbag/get4vote.php?user_id=11158&ordid=51547
{"error":0,"info":"","money":"25.00"}]
[10:19:56][Array
(
    [error] => 0
    [info] => 
    [money] => 25.00
)
]
[10:41:27][http://www.168p2p.com/api/redbag/get4vote.php?user_id=27925&ordid=51547
{"error":0,"info":"","money":"25.00"}]
[10:41:27][Array
(
    [error] => 0
    [info] => 
    [money] => 25.00
)
]
[10:49:53][http://www.168p2p.com/api/redbag/get4vote.php?user_id=154507362&ordid=51547
{"error":0,"info":"","money":"25.00"}]
[10:49:53][Array
(
    [error] => 0
    [info] => 
    [money] => 25.00
)
]
[11:13:10][http://www.168p2p.com/api/redbag/get4vote.php?user_id=41091&ordid=51547
{"error":0,"info":"","money":"25.00"}]
[11:13:10][Array
(
    [error] => 0
    [info] => 
    [money] => 25.00
)
]
[11:24:53][http://www.168p2p.com/api/redbag/get4vote.php?user_id=39619&ordid=51547
{"error":0,"info":"","money":"25.00"}]
[11:24:53][Array
(
    [error] => 0
    [info] => 
    [money] => 25.00
)
]
[11:24:53][http://www.168p2p.com/api/redbag/get4vote.php?user_id=39619&ordid=53637
{"error":0,"info":"","money":"50.00"}]
[11:24:53][Array
(
    [error] => 0
    [info] => 
    [money] => 50.00
)
]
[12:16:27][http://www.168p2p.com/api/redbag/get4vote.php?user_id=39877&ordid=51547
{"error":0,"info":"","money":"25.00"}]
[12:16:27][Array
(
    [error] => 0
    [info] => 
    [money] => 25.00
)
]
[12:53:16][http://www.168p2p.com/api/redbag/get4vote.php?user_id=155532585&ordid=51547
{"error":0,"info":"","money":"25.00"}]
[12:53:16][Array
(
    [error] => 0
    [info] => 
    [money] => 25.00
)
]
[14:25:20][http://www.168p2p.com/api/redbag/get4vote.php?user_id=2390&ordid=51547
{"error":0,"info":"","money":"25.00"}]
[14:25:20][Array
(
    [error] => 0
    [info] => 
    [money] => 25.00
)
]
[14:34:11][http://www.168p2p.com/api/redbag/get4vote.php?user_id=155567330&ordid=51547
{"error":0,"info":"","money":"25.00"}]
[14:34:11][Array
(
    [error] => 0
    [info] => 
    [money] => 25.00
)
]
[14:46:07][http://www.168p2p.com/api/redbag/get4vote.php?user_id=9861&ordid=51547
{"error":0,"info":"","money":"25.00"}]
[14:46:07][Array
(
    [error] => 0
    [info] => 
    [money] => 25.00
)
]
[15:08:36][http://www.168p2p.com/api/redbag/get4vote.php?user_id=49731&ordid=51547
{"error":0,"info":"","money":"25.00"}]
[15:08:36][Array
(
    [error] => 0
    [info] => 
    [money] => 25.00
)
]
[16:05:01][http://www.168p2p.com/api/redbag/get4vote.php?user_id=155570750&ordid=51547
{"error":0,"info":"","money":"25.00"}]
[16:05:01][Array
(
    [error] => 0
    [info] => 
    [money] => 25.00
)
]
[16:42:43][http://www.168p2p.com/api/redbag/get4vote.php?user_id=155700696&ordid=51547
{"error":0,"info":"","money":"25.00"}]
[16:42:43][Array
(
    [error] => 0
    [info] => 
    [money] => 25.00
)
]
[18:15:11][http://www.168p2p.com/api/redbag/get4vote.php?user_id=155708298&ordid=53637
{"error":0,"info":"","money":"50.00"}]
[18:15:11][Array
(
    [error] => 0
    [info] => 
    [money] => 50.00
)
]
[18:48:30][http://www.168p2p.com/api/redbag/get4vote.php?user_id=155548727&ordid=51547
{"error":0,"info":"","money":"25.00"}]
[18:48:30][Array
(
    [error] => 0
    [info] => 
    [money] => 25.00
)
]
[19:04:39][http://www.168p2p.com/api/redbag/get4vote.php?user_id=9897&ordid=51547
{"error":0,"info":"","money":"25.00"}]
[19:04:39][Array
(
    [error] => 0
    [info] => 
    [money] => 25.00
)
]
[19:13:38][http://www.168p2p.com/api/redbag/get4vote.php?user_id=154506108&ordid=53637
{"error":0,"info":"","money":"50.00"}]
[19:13:38][Array
(
    [error] => 0
    [info] => 
    [money] => 50.00
)
]
[19:36:57][http://www.168p2p.com/api/redbag/get4vote.php?user_id=44202&ordid=51546
{"error":120,"info":"\u62a2\u5149","money":0}]
[19:36:57][Array
(
    [error] => 120
    [info] => 抢光
    [money] => 0
)
]
[20:21:56][http://www.168p2p.com/api/redbag/get4vote.php?user_id=155554076&ordid=51547
{"error":0,"info":"","money":"25.00"}]
[20:21:56][Array
(
    [error] => 0
    [info] => 
    [money] => 25.00
)
]
[20:31:22][http://www.168p2p.com/api/redbag/get4vote.php?user_id=155573981&ordid=51547
{"error":0,"info":"","money":"25.00"}]
[20:31:22][Array
(
    [error] => 0
    [info] => 
    [money] => 25.00
)
]
[22:27:44][http://www.168p2p.com/api/redbag/get4vote.php?user_id=2163&ordid=51547
{"error":0,"info":"","money":"25.00"}]
[22:27:44][Array
(
    [error] => 0
    [info] => 
    [money] => 25.00
)
]
[23:16:56][http://www.168p2p.com/api/redbag/get4vote.php?user_id=122807&ordid=53637
{"error":120,"info":"\u62a2\u5149","money":0}]
[23:16:56][Array
(
    [error] => 120
    [info] => 抢光
    [money] => 0
)
]
