[06:23:04][http://www.168p2p.com/api/redbag/get4vote.php?user_id=4715&ordid=51547
{"error":0,"info":"","money":"25.00"}]
[06:23:04][Array
(
    [error] => 0
    [info] => 
    [money] => 25.00
)
]
[06:50:15][http://www.168p2p.com/api/redbag/get4vote.php?user_id=155633225&ordid=51547
{"error":0,"info":"","money":"25.00"}]
[06:50:15][Array
(
    [error] => 0
    [info] => 
    [money] => 25.00
)
]
[07:10:36][http://www.168p2p.com/api/redbag/get4vote.php?user_id=155554652&ordid=51547
{"error":0,"info":"","money":"25.00"}]
[07:10:36][Array
(
    [error] => 0
    [info] => 
    [money] => 25.00
)
]
[07:23:31][http://www.168p2p.com/api/redbag/get4vote.php?user_id=6829&ordid=51547
{"error":0,"info":"","money":"25.00"}]
[07:23:31][Array
(
    [error] => 0
    [info] => 
    [money] => 25.00
)
]
[07:41:45][http://www.168p2p.com/api/redbag/get4vote.php?user_id=155559379&ordid=51547
{"error":0,"info":"","money":"25.00"}]
[07:41:45][Array
(
    [error] => 0
    [info] => 
    [money] => 25.00
)
]
[08:05:02][http://www.168p2p.com/api/redbag/get4vote.php?user_id=155565604&ordid=51546
{"error":0,"info":"","money":"100.00"}]
[08:05:02][Array
(
    [error] => 0
    [info] => 
    [money] => 100.00
)
]
[08:24:07][http://www.168p2p.com/api/redbag/get4vote.php?user_id=155550788&ordid=51547
{"error":0,"info":"","money":"25.00"}]
[08:24:07][Array
(
    [error] => 0
    [info] => 
    [money] => 25.00
)
]
[08:38:05][http://www.168p2p.com/api/redbag/get4vote.php?user_id=3983&ordid=51547
{"error":0,"info":"","money":"25.00"}]
[08:38:05][Array
(
    [error] => 0
    [info] => 
    [money] => 25.00
)
]
[08:49:25][http://www.168p2p.com/api/redbag/get4vote.php?user_id=155610702&ordid=51547
{"error":0,"info":"","money":"25.00"}]
[08:49:25][Array
(
    [error] => 0
    [info] => 
    [money] => 25.00
)
]
[09:02:44][http://www.168p2p.com/api/redbag/get4vote.php?user_id=155564150&ordid=51547
{"error":0,"info":"","money":"25.00"}]
[09:02:44][Array
(
    [error] => 0
    [info] => 
    [money] => 25.00
)
]
[10:00:27][http://www.168p2p.com/api/redbag/get4vote.php?user_id=155672106&ordid=51547
{"error":0,"info":"","money":"25.00"}]
[10:00:27][Array
(
    [error] => 0
    [info] => 
    [money] => 25.00
)
]
[10:11:44][http://www.168p2p.com/api/redbag/get4vote.php?user_id=155637949&ordid=51547
{"error":0,"info":"","money":"25.00"}]
[10:11:44][Array
(
    [error] => 0
    [info] => 
    [money] => 25.00
)
]
[10:39:31][http://www.168p2p.com/api/redbag/get4vote.php?user_id=154786&ordid=51547
{"error":0,"info":"","money":"25.00"}]
[10:39:31][Array
(
    [error] => 0
    [info] => 
    [money] => 25.00
)
]
[11:12:28][http://www.168p2p.com/api/redbag/get4vote.php?user_id=27925&ordid=53637
{"error":0,"info":"","money":"50.00"}]
[11:12:28][Array
(
    [error] => 0
    [info] => 
    [money] => 50.00
)
]
[12:00:52][http://www.168p2p.com/api/redbag/get4vote.php?user_id=122807&ordid=51547
{"error":0,"info":"","money":"25.00"}]
[12:00:52][Array
(
    [error] => 0
    [info] => 
    [money] => 25.00
)
]
[12:11:52][http://www.168p2p.com/api/redbag/get4vote.php?user_id=155602308&ordid=51547
{"error":0,"info":"","money":"25.00"}]
[12:11:52][Array
(
    [error] => 0
    [info] => 
    [money] => 25.00
)
]
[12:23:49][http://www.168p2p.com/api/redbag/get4vote.php?user_id=58216&ordid=51547
{"error":0,"info":"","money":"25.00"}]
[12:23:49][Array
(
    [error] => 0
    [info] => 
    [money] => 25.00
)
]
[12:54:15][http://www.168p2p.com/api/redbag/get4vote.php?user_id=20697&ordid=53637
{"error":0,"info":"","money":"50.00"}]
[12:54:15][Array
(
    [error] => 0
    [info] => 
    [money] => 50.00
)
]
[13:07:53][http://www.168p2p.com/api/redbag/get4vote.php?user_id=155697616&ordid=51547
{"error":0,"info":"","money":"25.00"}]
[13:07:53][Array
(
    [error] => 0
    [info] => 
    [money] => 25.00
)
]
[13:38:00][http://www.168p2p.com/api/redbag/get4vote.php?user_id=154507275&ordid=51547
{"error":0,"info":"","money":"25.00"}]
[13:38:00][Array
(
    [error] => 0
    [info] => 
    [money] => 25.00
)
]
[14:42:21][http://www.168p2p.com/api/redbag/get4vote.php?user_id=9545&ordid=51547
{"error":0,"info":"","money":"25.00"}]
[14:42:21][Array
(
    [error] => 0
    [info] => 
    [money] => 25.00
)
]
[15:33:29][http://www.168p2p.com/api/redbag/get4vote.php?user_id=6485&ordid=51547
{"error":0,"info":"","money":"25.00"}]
[15:33:29][Array
(
    [error] => 0
    [info] => 
    [money] => 25.00
)
]
[16:29:15][http://www.168p2p.com/api/redbag/get4vote.php?user_id=49731&ordid=51547
{"error":0,"info":"","money":"25.00"}]
[16:29:15][Array
(
    [error] => 0
    [info] => 
    [money] => 25.00
)
]
[17:08:36][http://www.168p2p.com/api/redbag/get4vote.php?user_id=58780&ordid=51547
{"error":0,"info":"","money":"25.00"}]
[17:08:36][Array
(
    [error] => 0
    [info] => 
    [money] => 25.00
)
]
[17:27:35][http://www.168p2p.com/api/redbag/get4vote.php?user_id=155550329&ordid=53637
{"error":0,"info":"","money":"50.00"}]
[17:27:35][Array
(
    [error] => 0
    [info] => 
    [money] => 50.00
)
]
[18:06:37][http://www.168p2p.com/api/redbag/get4vote.php?user_id=155552578&ordid=51547
{"error":0,"info":"","money":"25.00"}]
[18:06:37][Array
(
    [error] => 0
    [info] => 
    [money] => 25.00
)
]
[18:33:12][http://www.168p2p.com/api/redbag/get4vote.php?user_id=155570750&ordid=53637
{"error":0,"info":"","money":"50.00"}]
[18:33:12][Array
(
    [error] => 0
    [info] => 
    [money] => 50.00
)
]
[18:45:24][http://www.168p2p.com/api/redbag/get4vote.php?user_id=155700696&ordid=51547
{"error":0,"info":"","money":"25.00"}]
[18:45:24][Array
(
    [error] => 0
    [info] => 
    [money] => 25.00
)
]
[19:01:16][http://www.168p2p.com/api/redbag/get4vote.php?user_id=155709968&ordid=51547
{"error":0,"info":"","money":"25.00"}]
[19:01:16][Array
(
    [error] => 0
    [info] => 
    [money] => 25.00
)
]
[19:15:18][http://www.168p2p.com/api/redbag/get4vote.php?user_id=44152&ordid=53637
{"error":120,"info":"\u62a2\u5149","money":0}]
[19:15:18][Array
(
    [error] => 120
    [info] => 抢光
    [money] => 0
)
]
[20:04:25][http://www.168p2p.com/api/redbag/get4vote.php?user_id=1043&ordid=51547
{"error":0,"info":"","money":"25.00"}]
[20:04:25][Array
(
    [error] => 0
    [info] => 
    [money] => 25.00
)
]
[20:22:55][http://www.168p2p.com/api/redbag/get4vote.php?user_id=41919&ordid=51547
{"error":0,"info":"","money":"25.00"}]
[20:22:55][Array
(
    [error] => 0
    [info] => 
    [money] => 25.00
)
]
[21:19:18][http://www.168p2p.com/api/redbag/get4vote.php?user_id=42056&ordid=51547
{"error":0,"info":"","money":"25.00"}]
[21:19:18][Array
(
    [error] => 0
    [info] => 
    [money] => 25.00
)
]
[21:26:15][http://www.168p2p.com/api/redbag/get4vote.php?user_id=2302&ordid=51547
{"error":0,"info":"","money":"25.00"}]
[21:26:15][Array
(
    [error] => 0
    [info] => 
    [money] => 25.00
)
]
[21:54:16][http://www.168p2p.com/api/redbag/get4vote.php?user_id=155553157&ordid=51547
{"error":0,"info":"","money":"25.00"}]
[21:54:16][Array
(
    [error] => 0
    [info] => 
    [money] => 25.00
)
]
[22:37:00][http://www.168p2p.com/api/redbag/get4vote.php?user_id=155528917&ordid=51547
{"error":0,"info":"","money":"25.00"}]
[22:37:00][Array
(
    [error] => 0
    [info] => 
    [money] => 25.00
)
]
[22:54:04][http://www.168p2p.com/api/redbag/get4vote.php?user_id=155425&ordid=51547
{"error":0,"info":"","money":"25.00"}]
[22:54:04][Array
(
    [error] => 0
    [info] => 
    [money] => 25.00
)
]
[23:25:02][http://www.168p2p.com/api/redbag/get4vote.php?user_id=155561067&ordid=51547
{"error":0,"info":"","money":"25.00"}]
[23:25:02][Array
(
    [error] => 0
    [info] => 
    [money] => 25.00
)
]
