[00:18:20][http://www.168p2p.com/api/redbag/get4vote.php?user_id=46264&ordid=51547
{"error":0,"info":"","money":"25.00"}]
[00:18:20][Array
(
    [error] => 0
    [info] => 
    [money] => 25.00
)
]
[00:32:28][http://www.168p2p.com/api/redbag/get4vote.php?user_id=155664775&ordid=51547
{"error":0,"info":"","money":"25.00"}]
[00:32:28][Array
(
    [error] => 0
    [info] => 
    [money] => 25.00
)
]
[06:17:59][http://www.168p2p.com/api/redbag/get4vote.php?user_id=155614886&ordid=51547
{"error":0,"info":"","money":"25.00"}]
[06:17:59][Array
(
    [error] => 0
    [info] => 
    [money] => 25.00
)
]
[07:49:38][http://www.168p2p.com/api/redbag/get4vote.php?user_id=155559379&ordid=51547
{"error":0,"info":"","money":"25.00"}]
[07:49:38][Array
(
    [error] => 0
    [info] => 
    [money] => 25.00
)
]
[08:04:37][http://www.168p2p.com/api/redbag/get4vote.php?user_id=155637949&ordid=53637
{"error":0,"info":"","money":"50.00"}]
[08:04:37][Array
(
    [error] => 0
    [info] => 
    [money] => 50.00
)
]
[08:13:32][http://www.168p2p.com/api/redbag/get4vote.php?user_id=2845&ordid=51547
{"error":0,"info":"","money":"25.00"}]
[08:13:32][Array
(
    [error] => 0
    [info] => 
    [money] => 25.00
)
]
[08:26:43][http://www.168p2p.com/api/redbag/get4vote.php?user_id=155555779&ordid=53637
{"error":0,"info":"","money":"50.00"}]
[08:26:43][Array
(
    [error] => 0
    [info] => 
    [money] => 50.00
)
]
[08:54:44][http://www.168p2p.com/api/redbag/get4vote.php?user_id=155611763&ordid=53637
{"error":0,"info":"","money":"50.00"}]
[08:54:44][Array
(
    [error] => 0
    [info] => 
    [money] => 50.00
)
]
[09:03:31][http://www.168p2p.com/api/redbag/get4vote.php?user_id=9697&ordid=53637
{"error":0,"info":"","money":"50.00"}]
[09:03:31][Array
(
    [error] => 0
    [info] => 
    [money] => 50.00
)
]
[09:12:54][http://www.168p2p.com/api/redbag/get4vote.php?user_id=49198&ordid=51547
{"error":0,"info":"","money":"25.00"}]
[09:12:54][Array
(
    [error] => 0
    [info] => 
    [money] => 25.00
)
]
[09:32:52][http://www.168p2p.com/api/redbag/get4vote.php?user_id=155694504&ordid=51547
{"error":0,"info":"","money":"25.00"}]
[09:32:52][Array
(
    [error] => 0
    [info] => 
    [money] => 25.00
)
]
[09:50:42][http://www.168p2p.com/api/redbag/get4vote.php?user_id=155567330&ordid=51547
{"error":0,"info":"","money":"25.00"}]
[09:50:42][Array
(
    [error] => 0
    [info] => 
    [money] => 25.00
)
]
[10:10:23][http://www.168p2p.com/api/redbag/get4vote.php?user_id=154507362&ordid=51546
{"error":0,"info":"","money":"100.00"}]
[10:10:23][Array
(
    [error] => 0
    [info] => 
    [money] => 100.00
)
]
[10:14:03][http://www.168p2p.com/api/redbag/get4vote.php?user_id=155425&ordid=53637
{"error":0,"info":"","money":"50.00"}]
[10:14:03][Array
(
    [error] => 0
    [info] => 
    [money] => 50.00
)
]
[10:25:18][http://www.168p2p.com/api/redbag/get4vote.php?user_id=155700764&ordid=51547
{"error":0,"info":"","money":"25.00"}]
[10:25:18][Array
(
    [error] => 0
    [info] => 
    [money] => 25.00
)
]
[10:40:12][http://www.168p2p.com/api/redbag/get4vote.php?user_id=155535371&ordid=51547
{"error":0,"info":"","money":"25.00"}]
[10:40:12][Array
(
    [error] => 0
    [info] => 
    [money] => 25.00
)
]
[12:37:38][http://www.168p2p.com/api/redbag/get4vote.php?user_id=50279&ordid=51547
{"error":0,"info":"","money":"25.00"}]
[12:37:38][Array
(
    [error] => 0
    [info] => 
    [money] => 25.00
)
]
[12:56:18][http://www.168p2p.com/api/redbag/get4vote.php?user_id=155553698&ordid=51547
{"error":0,"info":"","money":"25.00"}]
[12:56:18][Array
(
    [error] => 0
    [info] => 
    [money] => 25.00
)
]
[13:30:21][http://www.168p2p.com/api/redbag/get4vote.php?user_id=47164&ordid=51547
{"error":0,"info":"","money":"25.00"}]
[13:30:21][Array
(
    [error] => 0
    [info] => 
    [money] => 25.00
)
]
[14:03:19][http://www.168p2p.com/api/redbag/get4vote.php?user_id=58452&ordid=51547
{"error":0,"info":"","money":"25.00"}]
[14:03:19][Array
(
    [error] => 0
    [info] => 
    [money] => 25.00
)
]
[14:23:56][http://www.168p2p.com/api/redbag/get4vote.php?user_id=155571096&ordid=51547
{"error":0,"info":"","money":"25.00"}]
[14:23:56][Array
(
    [error] => 0
    [info] => 
    [money] => 25.00
)
]
[14:55:29][http://www.168p2p.com/api/redbag/get4vote.php?user_id=155554841&ordid=51547
{"error":0,"info":"","money":"25.00"}]
[14:55:29][Array
(
    [error] => 0
    [info] => 
    [money] => 25.00
)
]
[15:17:40][http://www.168p2p.com/api/redbag/get4vote.php?user_id=914&ordid=51547
{"error":0,"info":"","money":"25.00"}]
[15:17:40][Array
(
    [error] => 0
    [info] => 
    [money] => 25.00
)
]
[15:39:51][http://www.168p2p.com/api/redbag/get4vote.php?user_id=155554076&ordid=51547
{"error":0,"info":"","money":"25.00"}]
[15:39:51][Array
(
    [error] => 0
    [info] => 
    [money] => 25.00
)
]
[15:56:24][http://www.168p2p.com/api/redbag/get4vote.php?user_id=155633225&ordid=51547
{"error":0,"info":"","money":"25.00"}]
[15:56:24][Array
(
    [error] => 0
    [info] => 
    [money] => 25.00
)
]
[16:06:23][http://www.168p2p.com/api/redbag/get4vote.php?user_id=155552620&ordid=51547
{"error":0,"info":"","money":"25.00"}]
[16:06:23][Array
(
    [error] => 0
    [info] => 
    [money] => 25.00
)
]
[18:21:25][http://www.168p2p.com/api/redbag/get4vote.php?user_id=155548178&ordid=51547
{"error":0,"info":"","money":"25.00"}]
[18:21:25][Array
(
    [error] => 0
    [info] => 
    [money] => 25.00
)
]
[18:32:04][http://www.168p2p.com/api/redbag/get4vote.php?user_id=155660128&ordid=51547
{"error":0,"info":"","money":"25.00"}]
[18:32:04][Array
(
    [error] => 0
    [info] => 
    [money] => 25.00
)
]
[18:59:23][http://www.168p2p.com/api/redbag/get4vote.php?user_id=1600&ordid=51547
{"error":0,"info":"","money":"25.00"}]
[18:59:23][Array
(
    [error] => 0
    [info] => 
    [money] => 25.00
)
]
[20:39:07][http://www.168p2p.com/api/redbag/get4vote.php?user_id=155550561&ordid=51547
{"error":0,"info":"","money":"25.00"}]
[20:39:07][Array
(
    [error] => 0
    [info] => 
    [money] => 25.00
)
]
[21:05:07][http://www.168p2p.com/api/redbag/get4vote.php?user_id=155508281&ordid=51547
{"error":0,"info":"","money":"25.00"}]
[21:05:07][Array
(
    [error] => 0
    [info] => 
    [money] => 25.00
)
]
[21:18:15][http://www.168p2p.com/api/redbag/get4vote.php?user_id=155552578&ordid=51547
{"error":0,"info":"","money":"25.00"}]
[21:18:15][Array
(
    [error] => 0
    [info] => 
    [money] => 25.00
)
]
[21:27:16][http://www.168p2p.com/api/redbag/get4vote.php?user_id=1043&ordid=51547
{"error":0,"info":"","money":"25.00"}]
[21:27:16][Array
(
    [error] => 0
    [info] => 
    [money] => 25.00
)
]
[21:33:28][http://www.168p2p.com/api/redbag/get4vote.php?user_id=155554079&ordid=51547
{"error":0,"info":"","money":"25.00"}]
[21:33:28][Array
(
    [error] => 0
    [info] => 
    [money] => 25.00
)
]
[21:51:37][http://www.168p2p.com/api/redbag/get4vote.php?user_id=155692789&ordid=51547
{"error":0,"info":"","money":"25.00"}]
[21:51:37][Array
(
    [error] => 0
    [info] => 
    [money] => 25.00
)
]
[23:14:19][http://www.168p2p.com/api/redbag/get4vote.php?user_id=155556090&ordid=51547
{"error":0,"info":"","money":"25.00"}]
[23:14:19][Array
(
    [error] => 0
    [info] => 
    [money] => 25.00
)
]
[23:37:29][http://www.168p2p.com/api/redbag/get4vote.php?user_id=155692763&ordid=51547
{"error":0,"info":"","money":"25.00"}]
[23:37:29][Array
(
    [error] => 0
    [info] => 
    [money] => 25.00
)
]
