[00:06:51][http://www.168p2p.com/api/redbag/get4vote.php?user_id=155692747&ordid=51547
{"error":0,"info":"","money":"25.00"}]
[00:06:51][Array
(
    [error] => 0
    [info] => 
    [money] => 25.00
)
]
[00:48:19][http://www.168p2p.com/api/redbag/get4vote.php?user_id=155692789&ordid=51547
{"error":0,"info":"","money":"25.00"}]
[00:48:19][Array
(
    [error] => 0
    [info] => 
    [money] => 25.00
)
]
[01:53:00][http://www.168p2p.com/api/redbag/get4vote.php?user_id=155533157&ordid=51547
{"error":0,"info":"","money":"25.00"}]
[01:53:00][Array
(
    [error] => 0
    [info] => 
    [money] => 25.00
)
]
[03:42:46][http://www.168p2p.com/api/redbag/get4vote.php?user_id=155552578&ordid=51547
{"error":0,"info":"","money":"25.00"}]
[03:42:46][Array
(
    [error] => 0
    [info] => 
    [money] => 25.00
)
]
[04:53:15][http://www.168p2p.com/api/redbag/get4vote.php?user_id=155555233&ordid=51547
{"error":0,"info":"","money":"25.00"}]
[04:53:15][Array
(
    [error] => 0
    [info] => 
    [money] => 25.00
)
]
[06:24:01][http://www.168p2p.com/api/redbag/get4vote.php?user_id=155571096&ordid=51547
{"error":0,"info":"","money":"25.00"}]
[06:24:01][Array
(
    [error] => 0
    [info] => 
    [money] => 25.00
)
]
[06:40:03][http://www.168p2p.com/api/redbag/get4vote.php?user_id=155556708&ordid=51547
{"error":0,"info":"","money":"25.00"}]
[06:40:03][Array
(
    [error] => 0
    [info] => 
    [money] => 25.00
)
]
[07:04:58][http://www.168p2p.com/api/redbag/get4vote.php?user_id=46264&ordid=51547
{"error":0,"info":"","money":"25.00"}]
[07:04:58][Array
(
    [error] => 0
    [info] => 
    [money] => 25.00
)
]
[07:14:59][http://www.168p2p.com/api/redbag/get4vote.php?user_id=155552735&ordid=51547
{"error":0,"info":"","money":"25.00"}]
[07:14:59][Array
(
    [error] => 0
    [info] => 
    [money] => 25.00
)
]
[07:34:58][http://www.168p2p.com/api/redbag/get4vote.php?user_id=2845&ordid=51547
{"error":0,"info":"","money":"25.00"}]
[07:34:58][Array
(
    [error] => 0
    [info] => 
    [money] => 25.00
)
]
[07:58:28][http://www.168p2p.com/api/redbag/get4vote.php?user_id=7516&ordid=51547
{"error":0,"info":"","money":"25.00"}]
[07:58:28][Array
(
    [error] => 0
    [info] => 
    [money] => 25.00
)
]
[08:19:25][http://www.168p2p.com/api/redbag/get4vote.php?user_id=152004&ordid=51547
{"error":0,"info":"","money":"25.00"}]
[08:19:25][Array
(
    [error] => 0
    [info] => 
    [money] => 25.00
)
]
[08:52:44][http://www.168p2p.com/api/redbag/get4vote.php?user_id=9747&ordid=51547
{"error":0,"info":"","money":"25.00"}]
[08:52:44][Array
(
    [error] => 0
    [info] => 
    [money] => 25.00
)
]
[09:27:12][http://www.168p2p.com/api/redbag/get4vote.php?user_id=154786&ordid=51547
{"error":0,"info":"","money":"25.00"}]
[09:27:12][Array
(
    [error] => 0
    [info] => 
    [money] => 25.00
)
]
[09:30:43][http://www.168p2p.com/api/redbag/get4vote.php?user_id=51726&ordid=51547
{"error":0,"info":"","money":"25.00"}]
[09:30:43][Array
(
    [error] => 0
    [info] => 
    [money] => 25.00
)
]
[09:42:18][http://www.168p2p.com/api/redbag/get4vote.php?user_id=155508281&ordid=51546
{"error":0,"info":"","money":"100.00"}]
[09:42:18][Array
(
    [error] => 0
    [info] => 
    [money] => 100.00
)
]
[10:03:00][http://www.168p2p.com/api/redbag/get4vote.php?user_id=154507275&ordid=51547
{"error":0,"info":"","money":"25.00"}]
[10:03:00][Array
(
    [error] => 0
    [info] => 
    [money] => 25.00
)
]
[10:19:15][http://www.168p2p.com/api/redbag/get4vote.php?user_id=8501&ordid=51547
{"error":0,"info":"","money":"25.00"}]
[10:19:15][Array
(
    [error] => 0
    [info] => 
    [money] => 25.00
)
]
[11:07:42][http://www.168p2p.com/api/redbag/get4vote.php?user_id=155602308&ordid=51547
{"error":0,"info":"","money":"25.00"}]
[11:07:42][Array
(
    [error] => 0
    [info] => 
    [money] => 25.00
)
]
[11:14:56][http://www.168p2p.com/api/redbag/get4vote.php?user_id=155532585&ordid=51547
{"error":0,"info":"","money":"25.00"}]
[11:14:56][Array
(
    [error] => 0
    [info] => 
    [money] => 25.00
)
]
[11:27:42][http://www.168p2p.com/api/redbag/get4vote.php?user_id=155554076&ordid=53637
{"error":0,"info":"","money":"50.00"}]
[11:27:42][Array
(
    [error] => 0
    [info] => 
    [money] => 50.00
)
]
[12:09:10][http://www.168p2p.com/api/redbag/get4vote.php?user_id=155565604&ordid=53637
{"error":0,"info":"","money":"50.00"}]
[12:09:10][Array
(
    [error] => 0
    [info] => 
    [money] => 50.00
)
]
[12:36:31][http://www.168p2p.com/api/redbag/get4vote.php?user_id=155611754&ordid=51547
{"error":0,"info":"","money":"25.00"}]
[12:36:31][Array
(
    [error] => 0
    [info] => 
    [money] => 25.00
)
]
[13:32:16][http://www.168p2p.com/api/redbag/get4vote.php?user_id=155550788&ordid=53637
{"error":0,"info":"","money":"50.00"}]
[13:32:16][Array
(
    [error] => 0
    [info] => 
    [money] => 50.00
)
]
[13:33:41][http://www.168p2p.com/api/redbag/get4vote.php?user_id=58176&ordid=51547
{"error":0,"info":"","money":"25.00"}]
[13:33:41][Array
(
    [error] => 0
    [info] => 
    [money] => 25.00
)
]
[14:00:05][http://www.168p2p.com/api/redbag/get4vote.php?user_id=20697&ordid=51547
{"error":0,"info":"","money":"25.00"}]
[14:00:05][Array
(
    [error] => 0
    [info] => 
    [money] => 25.00
)
]
[14:18:27][http://www.168p2p.com/api/redbag/get4vote.php?user_id=6485&ordid=51547
{"error":0,"info":"","money":"25.00"}]
[14:18:27][Array
(
    [error] => 0
    [info] => 
    [money] => 25.00
)
]
[15:08:28][http://www.168p2p.com/api/redbag/get4vote.php?user_id=155647370&ordid=51547
{"error":0,"info":"","money":"25.00"}]
[15:08:28][Array
(
    [error] => 0
    [info] => 
    [money] => 25.00
)
]
[16:01:45][http://www.168p2p.com/api/redbag/get4vote.php?user_id=155552620&ordid=51547
{"error":0,"info":"","money":"25.00"}]
[16:01:45][Array
(
    [error] => 0
    [info] => 
    [money] => 25.00
)
]
[16:48:33][http://www.168p2p.com/api/redbag/get4vote.php?user_id=155548727&ordid=51547
{"error":0,"info":"","money":"25.00"}]
[16:48:33][Array
(
    [error] => 0
    [info] => 
    [money] => 25.00
)
]
[17:01:31][http://www.168p2p.com/api/redbag/get4vote.php?user_id=42054&ordid=51547
{"error":0,"info":"","money":"25.00"}]
[17:01:31][Array
(
    [error] => 0
    [info] => 
    [money] => 25.00
)
]
[17:44:41][http://www.168p2p.com/api/redbag/get4vote.php?user_id=154506108&ordid=53637
{"error":0,"info":"","money":"50.00"}]
[17:44:41][Array
(
    [error] => 0
    [info] => 
    [money] => 50.00
)
]
[19:26:48][http://www.168p2p.com/api/redbag/get4vote.php?user_id=53201&ordid=51547
{"error":0,"info":"","money":"25.00"}]
[19:26:48][Array
(
    [error] => 0
    [info] => 
    [money] => 25.00
)
]
[19:49:16][http://www.168p2p.com/api/redbag/get4vote.php?user_id=9861&ordid=51547
{"error":0,"info":"","money":"25.00"}]
[19:49:16][Array
(
    [error] => 0
    [info] => 
    [money] => 25.00
)
]
[20:50:57][http://www.168p2p.com/api/redbag/get4vote.php?user_id=155564150&ordid=51547
{"error":0,"info":"","money":"25.00"}]
[20:50:57][Array
(
    [error] => 0
    [info] => 
    [money] => 25.00
)
]
[21:04:27][http://www.168p2p.com/api/redbag/get4vote.php?user_id=155692901&ordid=51547
{"error":0,"info":"","money":"25.00"}]
[21:04:27][Array
(
    [error] => 0
    [info] => 
    [money] => 25.00
)
]
[22:05:11][http://www.168p2p.com/api/redbag/get4vote.php?user_id=155708298&ordid=51547
{"error":0,"info":"","money":"25.00"}]
[22:05:11][Array
(
    [error] => 0
    [info] => 
    [money] => 25.00
)
]
[22:13:52][http://www.168p2p.com/api/redbag/get4vote.php?user_id=155695981&ordid=51547
{"error":0,"info":"","money":"25.00"}]
[22:13:52][Array
(
    [error] => 0
    [info] => 
    [money] => 25.00
)
]
[22:59:05][http://www.168p2p.com/api/redbag/get4vote.php?user_id=155553157&ordid=51547
{"error":0,"info":"","money":"25.00"}]
[22:59:05][Array
(
    [error] => 0
    [info] => 
    [money] => 25.00
)
]
