[00:08:22][http://www.168p2p.com/api/redbag/get4vote.php?user_id=46264&ordid=51547
{"error":0,"info":"","money":"25.00"}]
[00:08:22][Array
(
    [error] => 0
    [info] => 
    [money] => 25.00
)
]
[00:45:55][http://www.168p2p.com/api/redbag/get4vote.php?user_id=122807&ordid=51547
{"error":0,"info":"","money":"25.00"}]
[00:45:55][Array
(
    [error] => 0
    [info] => 
    [money] => 25.00
)
]
[00:57:27][http://www.168p2p.com/api/redbag/get4vote.php?user_id=155561067&ordid=51547
{"error":0,"info":"","money":"25.00"}]
[00:57:27][Array
(
    [error] => 0
    [info] => 
    [money] => 25.00
)
]
[05:31:59][http://www.168p2p.com/api/redbag/get4vote.php?user_id=155573981&ordid=51547
{"error":0,"info":"","money":"25.00"}]
[05:31:59][Array
(
    [error] => 0
    [info] => 
    [money] => 25.00
)
]
[05:42:25][http://www.168p2p.com/api/redbag/get4vote.php?user_id=155614886&ordid=51547
{"error":0,"info":"","money":"25.00"}]
[05:42:25][Array
(
    [error] => 0
    [info] => 
    [money] => 25.00
)
]
[06:51:03][http://www.168p2p.com/api/redbag/get4vote.php?user_id=155571096&ordid=51547
{"error":0,"info":"","money":"25.00"}]
[06:51:03][Array
(
    [error] => 0
    [info] => 
    [money] => 25.00
)
]
[07:24:28][http://www.168p2p.com/api/redbag/get4vote.php?user_id=155554652&ordid=51547
{"error":0,"info":"","money":"25.00"}]
[07:24:28][Array
(
    [error] => 0
    [info] => 
    [money] => 25.00
)
]
[08:08:35][http://www.168p2p.com/api/redbag/get4vote.php?user_id=2845&ordid=51546
{"error":0,"info":"","money":"100.00"}]
[08:08:35][Array
(
    [error] => 0
    [info] => 
    [money] => 100.00
)
]
[08:18:40][http://www.168p2p.com/api/redbag/get4vote.php?user_id=155708298&ordid=51547
{"error":0,"info":"","money":"25.00"}]
[08:18:40][Array
(
    [error] => 0
    [info] => 
    [money] => 25.00
)
]
[08:30:09][http://www.168p2p.com/api/redbag/get4vote.php?user_id=155695988&ordid=51547
{"error":0,"info":"","money":"25.00"}]
[08:30:09][Array
(
    [error] => 0
    [info] => 
    [money] => 25.00
)
]
[08:42:49][http://www.168p2p.com/api/redbag/get4vote.php?user_id=155637949&ordid=51547
{"error":0,"info":"","money":"25.00"}]
[08:42:49][Array
(
    [error] => 0
    [info] => 
    [money] => 25.00
)
]
[09:41:00][http://www.168p2p.com/api/redbag/get4vote.php?user_id=155550788&ordid=51547
{"error":0,"info":"","money":"25.00"}]
[09:41:00][Array
(
    [error] => 0
    [info] => 
    [money] => 25.00
)
]
[10:08:04][http://www.168p2p.com/api/redbag/get4vote.php?user_id=155564581&ordid=51547
{"error":0,"info":"","money":"25.00"}]
[10:08:04][Array
(
    [error] => 0
    [info] => 
    [money] => 25.00
)
]
[10:18:24][http://www.168p2p.com/api/redbag/get4vote.php?user_id=27925&ordid=51547
{"error":0,"info":"","money":"25.00"}]
[10:18:24][Array
(
    [error] => 0
    [info] => 
    [money] => 25.00
)
]
[10:26:57][http://www.168p2p.com/api/redbag/get4vote.php?user_id=9697&ordid=51547
{"error":0,"info":"","money":"25.00"}]
[10:26:57][Array
(
    [error] => 0
    [info] => 
    [money] => 25.00
)
]
[10:40:36][http://www.168p2p.com/api/redbag/get4vote.php?user_id=3983&ordid=53637
{"error":0,"info":"","money":"50.00"}]
[10:40:36][Array
(
    [error] => 0
    [info] => 
    [money] => 50.00
)
]
[10:49:07][http://www.168p2p.com/api/redbag/get4vote.php?user_id=155567330&ordid=51547
{"error":0,"info":"","money":"25.00"}]
[10:49:07][Array
(
    [error] => 0
    [info] => 
    [money] => 25.00
)
]
[11:00:41][http://www.168p2p.com/api/redbag/get4vote.php?user_id=58452&ordid=51547
{"error":0,"info":"","money":"25.00"}]
[11:00:41][Array
(
    [error] => 0
    [info] => 
    [money] => 25.00
)
]
[11:18:24][http://www.168p2p.com/api/redbag/get4vote.php?user_id=155565604&ordid=53637
{"error":0,"info":"","money":"50.00"}]
[11:18:24][Array
(
    [error] => 0
    [info] => 
    [money] => 50.00
)
]
[11:33:25][http://www.168p2p.com/api/redbag/get4vote.php?user_id=155692901&ordid=51547
{"error":0,"info":"","money":"25.00"}]
[11:33:25][Array
(
    [error] => 0
    [info] => 
    [money] => 25.00
)
]
[12:02:12][http://www.168p2p.com/api/redbag/get4vote.php?user_id=914&ordid=51547
{"error":0,"info":"","money":"25.00"}]
[12:02:12][Array
(
    [error] => 0
    [info] => 
    [money] => 25.00
)
]
[13:34:46][http://www.168p2p.com/api/redbag/get4vote.php?user_id=155528917&ordid=51547
{"error":0,"info":"","money":"25.00"}]
[13:34:46][Array
(
    [error] => 0
    [info] => 
    [money] => 25.00
)
]
[14:00:07][http://www.168p2p.com/api/redbag/get4vote.php?user_id=1913&ordid=53637
{"error":0,"info":"","money":"50.00"}]
[14:00:07][Array
(
    [error] => 0
    [info] => 
    [money] => 50.00
)
]
[14:09:06][http://www.168p2p.com/api/redbag/get4vote.php?user_id=1268&ordid=53637
{"error":0,"info":"","money":"50.00"}]
[14:09:06][Array
(
    [error] => 0
    [info] => 
    [money] => 50.00
)
]
[15:26:53][http://www.168p2p.com/api/redbag/get4vote.php?user_id=11158&ordid=51547
{"error":0,"info":"","money":"25.00"}]
[15:26:53][Array
(
    [error] => 0
    [info] => 
    [money] => 25.00
)
]
[15:37:18][http://www.168p2p.com/api/redbag/get4vote.php?user_id=44202&ordid=51547
{"error":0,"info":"","money":"25.00"}]
[15:37:18][Array
(
    [error] => 0
    [info] => 
    [money] => 25.00
)
]
[16:26:19][http://www.168p2p.com/api/redbag/get4vote.php?user_id=150&ordid=51547
{"error":0,"info":"","money":"25.00"}]
[16:26:19][Array
(
    [error] => 0
    [info] => 
    [money] => 25.00
)
]
[17:22:53][http://www.168p2p.com/api/redbag/get4vote.php?user_id=54457&ordid=51547
{"error":0,"info":"","money":"25.00"}]
[17:22:53][Array
(
    [error] => 0
    [info] => 
    [money] => 25.00
)
]
[19:06:22][http://www.168p2p.com/api/redbag/get4vote.php?user_id=6485&ordid=51547
{"error":0,"info":"","money":"25.00"}]
[19:06:22][Array
(
    [error] => 0
    [info] => 
    [money] => 25.00
)
]
[19:25:58][http://www.168p2p.com/api/redbag/get4vote.php?user_id=59914&ordid=53637
{"error":120,"info":"\u62a2\u5149","money":0}]
[19:25:58][Array
(
    [error] => 120
    [info] => 抢光
    [money] => 0
)
]
[19:42:00][http://www.168p2p.com/api/redbag/get4vote.php?user_id=155793&ordid=51547
{"error":0,"info":"","money":"25.00"}]
[19:42:00][Array
(
    [error] => 0
    [info] => 
    [money] => 25.00
)
]
[19:52:05][http://www.168p2p.com/api/redbag/get4vote.php?user_id=155552578&ordid=51547
{"error":0,"info":"","money":"25.00"}]
[19:52:05][Array
(
    [error] => 0
    [info] => 
    [money] => 25.00
)
]
[20:04:56][http://www.168p2p.com/api/redbag/get4vote.php?user_id=155535674&ordid=51547
{"error":0,"info":"","money":"25.00"}]
[20:04:56][Array
(
    [error] => 0
    [info] => 
    [money] => 25.00
)
]
[20:18:01][http://www.168p2p.com/api/redbag/get4vote.php?user_id=155692789&ordid=51547
{"error":0,"info":"","money":"25.00"}]
[20:18:01][Array
(
    [error] => 0
    [info] => 
    [money] => 25.00
)
]
[20:45:19][http://www.168p2p.com/api/redbag/get4vote.php?user_id=1667&ordid=51547
{"error":0,"info":"","money":"25.00"}]
[20:45:19][Array
(
    [error] => 0
    [info] => 
    [money] => 25.00
)
]
[22:13:52][http://www.168p2p.com/api/redbag/get4vote.php?user_id=3805&ordid=51547
{"error":0,"info":"","money":"25.00"}]
[22:13:52][Array
(
    [error] => 0
    [info] => 
    [money] => 25.00
)
]
[22:45:41][http://www.168p2p.com/api/redbag/get4vote.php?user_id=155552931&ordid=51547
{"error":0,"info":"","money":"25.00"}]
[22:45:41][Array
(
    [error] => 0
    [info] => 
    [money] => 25.00
)
]
[23:09:14][http://www.168p2p.com/api/redbag/get4vote.php?user_id=126388&ordid=51547
{"error":0,"info":"","money":"25.00"}]
[23:09:14][Array
(
    [error] => 0
    [info] => 
    [money] => 25.00
)
]
[23:32:22][http://www.168p2p.com/api/redbag/get4vote.php?user_id=155556090&ordid=51547
{"error":0,"info":"","money":"25.00"}]
[23:32:22][Array
(
    [error] => 0
    [info] => 
    [money] => 25.00
)
]
