[00:06:49][http://www.168p2p.com/api/redbag/get4vote.php?user_id=155548727&ordid=51547
{"error":0,"info":"","money":"25.00"}]
[00:06:49][Array
(
    [error] => 0
    [info] => 
    [money] => 25.00
)
]
[00:25:15][http://www.168p2p.com/api/redbag/get4vote.php?user_id=155600219&ordid=53637
{"error":0,"info":"","money":"50.00"}]
[00:25:15][Array
(
    [error] => 0
    [info] => 
    [money] => 50.00
)
]
[00:40:55][http://www.168p2p.com/api/redbag/get4vote.php?user_id=155670069&ordid=51547
{"error":0,"info":"","money":"25.00"}]
[00:40:55][Array
(
    [error] => 0
    [info] => 
    [money] => 25.00
)
]
[01:06:50][http://www.168p2p.com/api/redbag/get4vote.php?user_id=155692747&ordid=51547
{"error":0,"info":"","money":"25.00"}]
[01:06:50][Array
(
    [error] => 0
    [info] => 
    [money] => 25.00
)
]
[06:27:38][http://www.168p2p.com/api/redbag/get4vote.php?user_id=155614886&ordid=51547
{"error":0,"info":"","money":"25.00"}]
[06:27:38][Array
(
    [error] => 0
    [info] => 
    [money] => 25.00
)
]
[06:30:58][http://www.168p2p.com/api/redbag/get4vote.php?user_id=155575857&ordid=51547
{"error":0,"info":"","money":"25.00"}]
[06:30:58][Array
(
    [error] => 0
    [info] => 
    [money] => 25.00
)
]
[06:41:59][http://www.168p2p.com/api/redbag/get4vote.php?user_id=155575858&ordid=51547
{"error":0,"info":"","money":"25.00"}]
[06:41:59][Array
(
    [error] => 0
    [info] => 
    [money] => 25.00
)
]
[06:52:53][http://www.168p2p.com/api/redbag/get4vote.php?user_id=155571096&ordid=51547
{"error":0,"info":"","money":"25.00"}]
[06:52:53][Array
(
    [error] => 0
    [info] => 
    [money] => 25.00
)
]
[07:15:00][http://www.168p2p.com/api/redbag/get4vote.php?user_id=154506108&ordid=51547
{"error":0,"info":"","money":"25.00"}]
[07:15:00][Array
(
    [error] => 0
    [info] => 
    [money] => 25.00
)
]
[07:48:07][http://www.168p2p.com/api/redbag/get4vote.php?user_id=39877&ordid=51547
{"error":0,"info":"","money":"25.00"}]
[07:48:07][Array
(
    [error] => 0
    [info] => 
    [money] => 25.00
)
]
[07:59:18][http://www.168p2p.com/api/redbag/get4vote.php?user_id=7516&ordid=51547
{"error":0,"info":"","money":"25.00"}]
[07:59:18][Array
(
    [error] => 0
    [info] => 
    [money] => 25.00
)
]
[08:13:37][http://www.168p2p.com/api/redbag/get4vote.php?user_id=2845&ordid=53637
{"error":0,"info":"","money":"50.00"}]
[08:13:37][Array
(
    [error] => 0
    [info] => 
    [money] => 50.00
)
]
[08:57:59][http://www.168p2p.com/api/redbag/get4vote.php?user_id=155637949&ordid=51547
{"error":0,"info":"","money":"25.00"}]
[08:57:59][Array
(
    [error] => 0
    [info] => 
    [money] => 25.00
)
]
[09:06:23][http://www.168p2p.com/api/redbag/get4vote.php?user_id=155611763&ordid=51547
{"error":0,"info":"","money":"25.00"}]
[09:06:23][Array
(
    [error] => 0
    [info] => 
    [money] => 25.00
)
]
[09:36:12][http://www.168p2p.com/api/redbag/get4vote.php?user_id=155652197&ordid=51547
{"error":0,"info":"","money":"25.00"}]
[09:36:12][Array
(
    [error] => 0
    [info] => 
    [money] => 25.00
)
]
[09:58:31][http://www.168p2p.com/api/redbag/get4vote.php?user_id=47164&ordid=51547
{"error":0,"info":"","money":"25.00"}]
[09:58:31][Array
(
    [error] => 0
    [info] => 
    [money] => 25.00
)
]
[10:23:05][http://www.168p2p.com/api/redbag/get4vote.php?user_id=13651&ordid=51547
{"error":0,"info":"","money":"25.00"}]
[10:23:05][Array
(
    [error] => 0
    [info] => 
    [money] => 25.00
)
]
[10:57:07][http://www.168p2p.com/api/redbag/get4vote.php?user_id=49731&ordid=51547
{"error":0,"info":"","money":"25.00"}]
[10:57:07][Array
(
    [error] => 0
    [info] => 
    [money] => 25.00
)
]
[11:09:18][http://www.168p2p.com/api/redbag/get4vote.php?user_id=9861&ordid=51547
{"error":0,"info":"","money":"25.00"}]
[11:09:18][Array
(
    [error] => 0
    [info] => 
    [money] => 25.00
)
]
[11:45:17][http://www.168p2p.com/api/redbag/get4vote.php?user_id=155611754&ordid=51547
{"error":0,"info":"","money":"25.00"}]
[11:45:17][Array
(
    [error] => 0
    [info] => 
    [money] => 25.00
)
]
[11:57:58][http://www.168p2p.com/api/redbag/get4vote.php?user_id=155588103&ordid=51547
{"error":0,"info":"","money":"25.00"}]
[11:57:58][Array
(
    [error] => 0
    [info] => 
    [money] => 25.00
)
]
[12:47:22][http://www.168p2p.com/api/redbag/get4vote.php?user_id=155697616&ordid=53637
{"error":0,"info":"","money":"50.00"}]
[12:47:22][Array
(
    [error] => 0
    [info] => 
    [money] => 50.00
)
]
[13:43:04][http://www.168p2p.com/api/redbag/get4vote.php?user_id=58780&ordid=51547
{"error":0,"info":"","money":"25.00"}]
[13:43:04][Array
(
    [error] => 0
    [info] => 
    [money] => 25.00
)
]
[14:09:42][http://www.168p2p.com/api/redbag/get4vote.php?user_id=155581973&ordid=51547
{"error":0,"info":"","money":"25.00"}]
[14:09:42][Array
(
    [error] => 0
    [info] => 
    [money] => 25.00
)
]
[14:39:01][http://www.168p2p.com/api/redbag/get4vote.php?user_id=154786&ordid=51547
{"error":0,"info":"","money":"25.00"}]
[14:39:01][Array
(
    [error] => 0
    [info] => 
    [money] => 25.00
)
]
[14:40:58][http://www.168p2p.com/api/redbag/get4vote.php?user_id=155553887&ordid=51547
{"error":0,"info":"","money":"25.00"}]
[14:40:58][Array
(
    [error] => 0
    [info] => 
    [money] => 25.00
)
]
[14:49:27][http://www.168p2p.com/api/redbag/get4vote.php?user_id=39973&ordid=51547
{"error":0,"info":"","money":"25.00"}]
[14:49:27][Array
(
    [error] => 0
    [info] => 
    [money] => 25.00
)
]
[14:53:05][http://www.168p2p.com/api/redbag/get4vote.php?user_id=155553698&ordid=51547
{"error":0,"info":"","money":"25.00"}]
[14:53:05][Array
(
    [error] => 0
    [info] => 
    [money] => 25.00
)
]
[16:29:43][http://www.168p2p.com/api/redbag/get4vote.php?user_id=54081&ordid=51547
{"error":0,"info":"","money":"25.00"}]
[16:29:43][Array
(
    [error] => 0
    [info] => 
    [money] => 25.00
)
]
[18:39:15][http://www.168p2p.com/api/redbag/get4vote.php?user_id=1043&ordid=51546
{"error":120,"info":"\u62a2\u5149","money":0}]
[18:39:15][Array
(
    [error] => 120
    [info] => 抢光
    [money] => 0
)
]
[19:48:55][http://www.168p2p.com/api/redbag/get4vote.php?user_id=151962&ordid=53637
{"error":0,"info":"","money":"50.00"}]
[19:48:55][Array
(
    [error] => 0
    [info] => 
    [money] => 50.00
)
]
[20:21:32][http://www.168p2p.com/api/redbag/get4vote.php?user_id=8501&ordid=51547
{"error":0,"info":"","money":"25.00"}]
[20:21:32][Array
(
    [error] => 0
    [info] => 
    [money] => 25.00
)
]
[20:30:27][http://www.168p2p.com/api/redbag/get4vote.php?user_id=155700764&ordid=51547
{"error":0,"info":"","money":"25.00"}]
[20:30:27][Array
(
    [error] => 0
    [info] => 
    [money] => 25.00
)
]
[20:32:05][http://www.168p2p.com/api/redbag/get4vote.php?user_id=155709975&ordid=51547
{"error":0,"info":"","money":"25.00"}]
[20:32:05][Array
(
    [error] => 0
    [info] => 
    [money] => 25.00
)
]
[20:47:45][http://www.168p2p.com/api/redbag/get4vote.php?user_id=41092&ordid=53637
{"error":0,"info":"","money":"50.00"}]
[20:47:45][Array
(
    [error] => 0
    [info] => 
    [money] => 50.00
)
]
[21:11:52][http://www.168p2p.com/api/redbag/get4vote.php?user_id=155532585&ordid=51547
{"error":0,"info":"","money":"25.00"}]
[21:11:52][Array
(
    [error] => 0
    [info] => 
    [money] => 25.00
)
]
[21:20:38][http://www.168p2p.com/api/redbag/get4vote.php?user_id=155554076&ordid=51547
{"error":0,"info":"","money":"25.00"}]
[21:20:38][Array
(
    [error] => 0
    [info] => 
    [money] => 25.00
)
]
[21:38:43][http://www.168p2p.com/api/redbag/get4vote.php?user_id=49198&ordid=51547
{"error":0,"info":"","money":"25.00"}]
[21:38:43][Array
(
    [error] => 0
    [info] => 
    [money] => 25.00
)
]
[22:29:58][http://www.168p2p.com/api/redbag/get4vote.php?user_id=41919&ordid=53637
{"error":0,"info":"","money":"50.00"}]
[22:29:58][Array
(
    [error] => 0
    [info] => 
    [money] => 50.00
)
]
[23:09:18][http://www.168p2p.com/api/redbag/get4vote.php?user_id=42056&ordid=51547
{"error":0,"info":"","money":"25.00"}]
[23:09:18][Array
(
    [error] => 0
    [info] => 
    [money] => 25.00
)
]
[23:19:47][http://www.168p2p.com/api/redbag/get4vote.php?user_id=2066&ordid=51547
{"error":0,"info":"","money":"25.00"}]
[23:19:47][Array
(
    [error] => 0
    [info] => 
    [money] => 25.00
)
]
[23:34:01][http://www.168p2p.com/api/redbag/get4vote.php?user_id=155709968&ordid=51547
{"error":0,"info":"","money":"25.00"}]
[23:34:01][Array
(
    [error] => 0
    [info] => 
    [money] => 25.00
)
]
