[00:46:45][http://www.168p2p.com/api/redbag/get4vote.php?user_id=155692747&ordid=51547
{"error":0,"info":"","money":"25.00"}]
[00:46:45][Array
(
    [error] => 0
    [info] => 
    [money] => 25.00
)
]
[05:20:03][http://www.168p2p.com/api/redbag/get4vote.php?user_id=2845&ordid=51547
{"error":0,"info":"","money":"25.00"}]
[05:20:03][Array
(
    [error] => 0
    [info] => 
    [money] => 25.00
)
]
[05:51:20][http://www.168p2p.com/api/redbag/get4vote.php?user_id=39877&ordid=53637
{"error":0,"info":"","money":"50.00"}]
[05:51:20][Array
(
    [error] => 0
    [info] => 
    [money] => 50.00
)
]
[06:55:09][http://www.168p2p.com/api/redbag/get4vote.php?user_id=155556708&ordid=53637
{"error":0,"info":"","money":"50.00"}]
[06:55:09][Array
(
    [error] => 0
    [info] => 
    [money] => 50.00
)
]
[09:25:54][http://www.168p2p.com/api/redbag/get4vote.php?user_id=155694504&ordid=51547
{"error":0,"info":"","money":"25.00"}]
[09:25:54][Array
(
    [error] => 0
    [info] => 
    [money] => 25.00
)
]
[11:02:51][http://www.168p2p.com/api/redbag/get4vote.php?user_id=155692789&ordid=51547
{"error":0,"info":"","money":"25.00"}]
[11:02:51][Array
(
    [error] => 0
    [info] => 
    [money] => 25.00
)
]
[11:40:11][http://www.168p2p.com/api/redbag/get4vote.php?user_id=155692763&ordid=51546
{"error":120,"info":"\u62a2\u5149","money":0}]
[11:40:11][Array
(
    [error] => 120
    [info] => 抢光
    [money] => 0
)
]
[14:19:57][http://www.168p2p.com/api/redbag/get4vote.php?user_id=42054&ordid=53637
{"error":120,"info":"\u62a2\u5149","money":0}]
[14:19:57][Array
(
    [error] => 120
    [info] => 抢光
    [money] => 0
)
]
[18:38:54][http://www.168p2p.com/api/redbag/get4vote.php?user_id=136&ordid=51547
{"error":0,"info":"","money":"25.00"}]
[18:38:54][Array
(
    [error] => 0
    [info] => 
    [money] => 25.00
)
]
