[00:25:35][http://www.168p2p.com/api/redbag/get4vote.php?user_id=6829&ordid=51547
{"error":0,"info":"","money":"25.00"}]
[00:25:35][Array
(
    [error] => 0
    [info] => 
    [money] => 25.00
)
]
[01:02:26][http://www.168p2p.com/api/redbag/get4vote.php?user_id=155561067&ordid=51547
{"error":0,"info":"","money":"25.00"}]
[01:02:26][Array
(
    [error] => 0
    [info] => 
    [money] => 25.00
)
]
[04:00:47][http://www.168p2p.com/api/redbag/get4vote.php?user_id=8603&ordid=51547
{"error":0,"info":"","money":"25.00"}]
[04:00:47][Array
(
    [error] => 0
    [info] => 
    [money] => 25.00
)
]
[06:58:03][http://www.168p2p.com/api/redbag/get4vote.php?user_id=39877&ordid=51547
{"error":0,"info":"","money":"25.00"}]
[06:58:03][Array
(
    [error] => 0
    [info] => 
    [money] => 25.00
)
]
[07:18:33][http://www.168p2p.com/api/redbag/get4vote.php?user_id=9697&ordid=51547
{"error":0,"info":"","money":"25.00"}]
[07:18:33][Array
(
    [error] => 0
    [info] => 
    [money] => 25.00
)
]
[07:53:03][http://www.168p2p.com/api/redbag/get4vote.php?user_id=155554652&ordid=51547
{"error":0,"info":"","money":"25.00"}]
[07:53:03][Array
(
    [error] => 0
    [info] => 
    [money] => 25.00
)
]
[08:01:48][http://www.168p2p.com/api/redbag/get4vote.php?user_id=6485&ordid=51547
{"error":0,"info":"","money":"25.00"}]
[08:01:48][Array
(
    [error] => 0
    [info] => 
    [money] => 25.00
)
]
[08:15:44][http://www.168p2p.com/api/redbag/get4vote.php?user_id=150&ordid=51547
{"error":0,"info":"","money":"25.00"}]
[08:15:44][Array
(
    [error] => 0
    [info] => 
    [money] => 25.00
)
]
[08:31:18][http://www.168p2p.com/api/redbag/get4vote.php?user_id=155652307&ordid=51547
{"error":0,"info":"","money":"25.00"}]
[08:31:18][Array
(
    [error] => 0
    [info] => 
    [money] => 25.00
)
]
[08:44:51][http://www.168p2p.com/api/redbag/get4vote.php?user_id=3983&ordid=51547
{"error":0,"info":"","money":"25.00"}]
[08:44:51][Array
(
    [error] => 0
    [info] => 
    [money] => 25.00
)
]
[09:02:04][http://www.168p2p.com/api/redbag/get4vote.php?user_id=155695988&ordid=51547
{"error":0,"info":"","money":"25.00"}]
[09:02:04][Array
(
    [error] => 0
    [info] => 
    [money] => 25.00
)
]
[09:15:56][http://www.168p2p.com/api/redbag/get4vote.php?user_id=9897&ordid=53637
{"error":0,"info":"","money":"50.00"}]
[09:15:56][Array
(
    [error] => 0
    [info] => 
    [money] => 50.00
)
]
[09:28:04][http://www.168p2p.com/api/redbag/get4vote.php?user_id=154506108&ordid=51546
{"error":120,"info":"\u62a2\u5149","money":0}]
[09:28:04][Array
(
    [error] => 120
    [info] => 抢光
    [money] => 0
)
]
[09:51:58][http://www.168p2p.com/api/redbag/get4vote.php?user_id=44088&ordid=51547
{"error":0,"info":"","money":"25.00"}]
[09:51:58][Array
(
    [error] => 0
    [info] => 
    [money] => 25.00
)
]
[10:02:07][http://www.168p2p.com/api/redbag/get4vote.php?user_id=155570750&ordid=53637
{"error":0,"info":"","money":"50.00"}]
[10:02:07][Array
(
    [error] => 0
    [info] => 
    [money] => 50.00
)
]
[10:12:33][http://www.168p2p.com/api/redbag/get4vote.php?user_id=155611763&ordid=51547
{"error":0,"info":"","money":"25.00"}]
[10:12:33][Array
(
    [error] => 0
    [info] => 
    [money] => 25.00
)
]
[10:33:39][http://www.168p2p.com/api/redbag/get4vote.php?user_id=154786&ordid=51547
{"error":0,"info":"","money":"25.00"}]
[10:33:39][Array
(
    [error] => 0
    [info] => 
    [money] => 25.00
)
]
[10:44:25][http://www.168p2p.com/api/redbag/get4vote.php?user_id=12144&ordid=51547
{"error":0,"info":"","money":"25.00"}]
[10:44:25][Array
(
    [error] => 0
    [info] => 
    [money] => 25.00
)
]
[11:25:14][http://www.168p2p.com/api/redbag/get4vote.php?user_id=155550329&ordid=53637
{"error":0,"info":"","money":"50.00"}]
[11:25:14][Array
(
    [error] => 0
    [info] => 
    [money] => 50.00
)
]
[12:03:47][http://www.168p2p.com/api/redbag/get4vote.php?user_id=155565604&ordid=53637
{"error":0,"info":"","money":"50.00"}]
[12:03:47][Array
(
    [error] => 0
    [info] => 
    [money] => 50.00
)
]
[12:22:01][http://www.168p2p.com/api/redbag/get4vote.php?user_id=8501&ordid=51547
{"error":0,"info":"","money":"25.00"}]
[12:22:01][Array
(
    [error] => 0
    [info] => 
    [money] => 25.00
)
]
[12:37:21][http://www.168p2p.com/api/redbag/get4vote.php?user_id=155550788&ordid=51547
{"error":0,"info":"","money":"25.00"}]
[12:37:21][Array
(
    [error] => 0
    [info] => 
    [money] => 25.00
)
]
[12:51:41][http://www.168p2p.com/api/redbag/get4vote.php?user_id=1979&ordid=51547
{"error":0,"info":"","money":"25.00"}]
[12:51:41][Array
(
    [error] => 0
    [info] => 
    [money] => 25.00
)
]
[13:00:36][http://www.168p2p.com/api/redbag/get4vote.php?user_id=155611754&ordid=51547
{"error":0,"info":"","money":"25.00"}]
[13:00:36][Array
(
    [error] => 0
    [info] => 
    [money] => 25.00
)
]
[13:44:08][http://www.168p2p.com/api/redbag/get4vote.php?user_id=155602308&ordid=51547
{"error":0,"info":"","money":"25.00"}]
[13:44:08][Array
(
    [error] => 0
    [info] => 
    [money] => 25.00
)
]
[14:33:57][http://www.168p2p.com/api/redbag/get4vote.php?user_id=155579700&ordid=51547
{"error":0,"info":"","money":"25.00"}]
[14:33:57][Array
(
    [error] => 0
    [info] => 
    [money] => 25.00
)
]
[15:24:52][http://www.168p2p.com/api/redbag/get4vote.php?user_id=155633225&ordid=51547
{"error":0,"info":"","money":"25.00"}]
[15:24:52][Array
(
    [error] => 0
    [info] => 
    [money] => 25.00
)
]
[15:43:58][http://www.168p2p.com/api/redbag/get4vote.php?user_id=155552735&ordid=51547
{"error":0,"info":"","money":"25.00"}]
[15:43:58][Array
(
    [error] => 0
    [info] => 
    [money] => 25.00
)
]
[17:07:12][http://www.168p2p.com/api/redbag/get4vote.php?user_id=44202&ordid=51547
{"error":0,"info":"","money":"25.00"}]
[17:07:12][Array
(
    [error] => 0
    [info] => 
    [money] => 25.00
)
]
[17:46:10][http://www.168p2p.com/api/redbag/get4vote.php?user_id=154508148&ordid=51547
{"error":0,"info":"","money":"25.00"}]
[17:46:10][Array
(
    [error] => 0
    [info] => 
    [money] => 25.00
)
]
[18:10:12][http://www.168p2p.com/api/redbag/get4vote.php?user_id=146922&ordid=51547
{"error":0,"info":"","money":"25.00"}]
[18:10:12][Array
(
    [error] => 0
    [info] => 
    [money] => 25.00
)
]
[18:18:55][http://www.168p2p.com/api/redbag/get4vote.php?user_id=1913&ordid=51547
{"error":0,"info":"","money":"25.00"}]
[18:18:55][Array
(
    [error] => 0
    [info] => 
    [money] => 25.00
)
]
[19:05:56][http://www.168p2p.com/api/redbag/get4vote.php?user_id=1043&ordid=51547
{"error":0,"info":"","money":"25.00"}]
[19:05:56][Array
(
    [error] => 0
    [info] => 
    [money] => 25.00
)
]
[19:20:34][http://www.168p2p.com/api/redbag/get4vote.php?user_id=44152&ordid=51547
{"error":0,"info":"","money":"25.00"}]
[19:20:34][Array
(
    [error] => 0
    [info] => 
    [money] => 25.00
)
]
[20:21:51][http://www.168p2p.com/api/redbag/get4vote.php?user_id=155555263&ordid=51547
{"error":0,"info":"","money":"25.00"}]
[20:21:51][Array
(
    [error] => 0
    [info] => 
    [money] => 25.00
)
]
[20:33:33][http://www.168p2p.com/api/redbag/get4vote.php?user_id=154507362&ordid=51547
{"error":0,"info":"","money":"25.00"}]
[20:33:33][Array
(
    [error] => 0
    [info] => 
    [money] => 25.00
)
]
[21:00:39][http://www.168p2p.com/api/redbag/get4vote.php?user_id=27925&ordid=51547
{"error":0,"info":"","money":"25.00"}]
[21:00:39][Array
(
    [error] => 0
    [info] => 
    [money] => 25.00
)
]
[21:14:41][http://www.168p2p.com/api/redbag/get4vote.php?user_id=9861&ordid=51547
{"error":0,"info":"","money":"25.00"}]
[21:14:41][Array
(
    [error] => 0
    [info] => 
    [money] => 25.00
)
]
[21:36:37][http://www.168p2p.com/api/redbag/get4vote.php?user_id=4218&ordid=51547
{"error":0,"info":"","money":"25.00"}]
[21:36:37][Array
(
    [error] => 0
    [info] => 
    [money] => 25.00
)
]
[22:23:24][http://www.168p2p.com/api/redbag/get4vote.php?user_id=155553756&ordid=51547
{"error":0,"info":"","money":"25.00"}]
[22:23:24][Array
(
    [error] => 0
    [info] => 
    [money] => 25.00
)
]
[22:34:19][http://www.168p2p.com/api/redbag/get4vote.php?user_id=155553698&ordid=53637
{"error":120,"info":"\u62a2\u5149","money":0}]
[22:34:19][Array
(
    [error] => 120
    [info] => 抢光
    [money] => 0
)
]
[23:38:29][http://www.168p2p.com/api/redbag/get4vote.php?user_id=155692789&ordid=51547
{"error":0,"info":"","money":"25.00"}]
[23:38:29][Array
(
    [error] => 0
    [info] => 
    [money] => 25.00
)
]
