[00:20:19][http://www.168p2p.com/api/redbag/get4vote.php?user_id=155579700&ordid=51547
{"error":0,"info":"","money":"25.00"}]
[00:20:19][Array
(
    [error] => 0
    [info] => 
    [money] => 25.00
)
]
[00:35:41][http://www.168p2p.com/api/redbag/get4vote.php?user_id=155539692&ordid=51547
{"error":0,"info":"","money":"25.00"}]
[00:35:41][Array
(
    [error] => 0
    [info] => 
    [money] => 25.00
)
]
[01:53:37][http://www.168p2p.com/api/redbag/get4vote.php?user_id=155559684&ordid=51547
{"error":0,"info":"","money":"25.00"}]
[01:53:37][Array
(
    [error] => 0
    [info] => 
    [money] => 25.00
)
]
[02:23:38][http://www.168p2p.com/api/redbag/get4vote.php?user_id=8603&ordid=51547
{"error":0,"info":"","money":"25.00"}]
[02:23:38][Array
(
    [error] => 0
    [info] => 
    [money] => 25.00
)
]
[03:39:31][http://www.168p2p.com/api/redbag/get4vote.php?user_id=155552578&ordid=51547
{"error":0,"info":"","money":"25.00"}]
[03:39:31][Array
(
    [error] => 0
    [info] => 
    [money] => 25.00
)
]
[05:33:10][http://www.168p2p.com/api/redbag/get4vote.php?user_id=2845&ordid=53637
{"error":0,"info":"","money":"50.00"}]
[05:33:10][Array
(
    [error] => 0
    [info] => 
    [money] => 50.00
)
]
[06:36:02][http://www.168p2p.com/api/redbag/get4vote.php?user_id=155556708&ordid=51547
{"error":0,"info":"","money":"25.00"}]
[06:36:02][Array
(
    [error] => 0
    [info] => 
    [money] => 25.00
)
]
[06:51:59][http://www.168p2p.com/api/redbag/get4vote.php?user_id=146922&ordid=51547
{"error":0,"info":"","money":"25.00"}]
[06:51:59][Array
(
    [error] => 0
    [info] => 
    [money] => 25.00
)
]
[07:08:44][http://www.168p2p.com/api/redbag/get4vote.php?user_id=155550788&ordid=51547
{"error":0,"info":"","money":"25.00"}]
[07:08:44][Array
(
    [error] => 0
    [info] => 
    [money] => 25.00
)
]
[07:24:15][http://www.168p2p.com/api/redbag/get4vote.php?user_id=154786&ordid=51547
{"error":0,"info":"","money":"25.00"}]
[07:24:15][Array
(
    [error] => 0
    [info] => 
    [money] => 25.00
)
]
[07:42:46][http://www.168p2p.com/api/redbag/get4vote.php?user_id=155508281&ordid=51547
{"error":0,"info":"","money":"25.00"}]
[07:42:46][Array
(
    [error] => 0
    [info] => 
    [money] => 25.00
)
]
[07:57:59][http://www.168p2p.com/api/redbag/get4vote.php?user_id=7516&ordid=51547
{"error":0,"info":"","money":"25.00"}]
[07:57:59][Array
(
    [error] => 0
    [info] => 
    [money] => 25.00
)
]
[08:11:03][http://www.168p2p.com/api/redbag/get4vote.php?user_id=58216&ordid=51547
{"error":0,"info":"","money":"25.00"}]
[08:11:03][Array
(
    [error] => 0
    [info] => 
    [money] => 25.00
)
]
[08:24:57][http://www.168p2p.com/api/redbag/get4vote.php?user_id=155611763&ordid=51547
{"error":0,"info":"","money":"25.00"}]
[08:24:57][Array
(
    [error] => 0
    [info] => 
    [money] => 25.00
)
]
[08:48:12][http://www.168p2p.com/api/redbag/get4vote.php?user_id=155564150&ordid=53637
{"error":0,"info":"","money":"50.00"}]
[08:48:12][Array
(
    [error] => 0
    [info] => 
    [money] => 50.00
)
]
[09:01:07][http://www.168p2p.com/api/redbag/get4vote.php?user_id=155562392&ordid=51547
{"error":0,"info":"","money":"25.00"}]
[09:01:07][Array
(
    [error] => 0
    [info] => 
    [money] => 25.00
)
]
[09:16:50][http://www.168p2p.com/api/redbag/get4vote.php?user_id=155560735&ordid=51547
{"error":0,"info":"","money":"25.00"}]
[09:16:50][Array
(
    [error] => 0
    [info] => 
    [money] => 25.00
)
]
[09:25:06][http://www.168p2p.com/api/redbag/get4vote.php?user_id=58452&ordid=51547
{"error":0,"info":"","money":"25.00"}]
[09:25:06][Array
(
    [error] => 0
    [info] => 
    [money] => 25.00
)
]
[09:59:54][http://www.168p2p.com/api/redbag/get4vote.php?user_id=155679514&ordid=51547
{"error":0,"info":"","money":"25.00"}]
[09:59:54][Array
(
    [error] => 0
    [info] => 
    [money] => 25.00
)
]
[10:14:46][http://www.168p2p.com/api/redbag/get4vote.php?user_id=1043&ordid=51547
{"error":0,"info":"","money":"25.00"}]
[10:14:46][Array
(
    [error] => 0
    [info] => 
    [money] => 25.00
)
]
[10:26:48][http://www.168p2p.com/api/redbag/get4vote.php?user_id=57853&ordid=51547
{"error":0,"info":"","money":"25.00"}]
[10:26:48][Array
(
    [error] => 0
    [info] => 
    [money] => 25.00
)
]
[10:38:57][http://www.168p2p.com/api/redbag/get4vote.php?user_id=155697616&ordid=51547
{"error":0,"info":"","money":"25.00"}]
[10:38:57][Array
(
    [error] => 0
    [info] => 
    [money] => 25.00
)
]
[10:57:48][http://www.168p2p.com/api/redbag/get4vote.php?user_id=155575770&ordid=51547
{"error":0,"info":"","money":"25.00"}]
[10:57:48][Array
(
    [error] => 0
    [info] => 
    [money] => 25.00
)
]
[11:31:26][http://www.168p2p.com/api/redbag/get4vote.php?user_id=3893&ordid=51546
{"error":120,"info":"\u62a2\u5149","money":0}]
[11:31:26][Array
(
    [error] => 120
    [info] => 抢光
    [money] => 0
)
]
[11:40:59][http://www.168p2p.com/api/redbag/get4vote.php?user_id=27925&ordid=53637
{"error":0,"info":"","money":"50.00"}]
[11:40:59][Array
(
    [error] => 0
    [info] => 
    [money] => 50.00
)
]
[12:09:13][http://www.168p2p.com/api/redbag/get4vote.php?user_id=54081&ordid=51547
{"error":0,"info":"","money":"25.00"}]
[12:09:13][Array
(
    [error] => 0
    [info] => 
    [money] => 25.00
)
]
[12:32:56][http://www.168p2p.com/api/redbag/get4vote.php?user_id=155533157&ordid=51547
{"error":0,"info":"","money":"25.00"}]
[12:32:56][Array
(
    [error] => 0
    [info] => 
    [money] => 25.00
)
]
[12:41:47][http://www.168p2p.com/api/redbag/get4vote.php?user_id=155611754&ordid=51547
{"error":0,"info":"","money":"25.00"}]
[12:41:47][Array
(
    [error] => 0
    [info] => 
    [money] => 25.00
)
]
[12:58:19][http://www.168p2p.com/api/redbag/get4vote.php?user_id=155692763&ordid=51547
{"error":0,"info":"","money":"25.00"}]
[12:58:19][Array
(
    [error] => 0
    [info] => 
    [money] => 25.00
)
]
[14:34:55][http://www.168p2p.com/api/redbag/get4vote.php?user_id=102&ordid=51547
{"error":0,"info":"","money":"25.00"}]
[14:34:55][Array
(
    [error] => 0
    [info] => 
    [money] => 25.00
)
]
[15:29:55][http://www.168p2p.com/api/redbag/get4vote.php?user_id=155532585&ordid=51547
{"error":0,"info":"","money":"25.00"}]
[15:29:55][Array
(
    [error] => 0
    [info] => 
    [money] => 25.00
)
]
[15:42:30][http://www.168p2p.com/api/redbag/get4vote.php?user_id=152004&ordid=51547
{"error":0,"info":"","money":"25.00"}]
[15:42:30][Array
(
    [error] => 0
    [info] => 
    [money] => 25.00
)
]
[15:53:25][http://www.168p2p.com/api/redbag/get4vote.php?user_id=122807&ordid=51547
{"error":0,"info":"","money":"25.00"}]
[15:53:25][Array
(
    [error] => 0
    [info] => 
    [money] => 25.00
)
]
[16:25:45][http://www.168p2p.com/api/redbag/get4vote.php?user_id=42054&ordid=51547
{"error":0,"info":"","money":"25.00"}]
[16:25:45][Array
(
    [error] => 0
    [info] => 
    [money] => 25.00
)
]
[16:54:37][http://www.168p2p.com/api/redbag/get4vote.php?user_id=155700691&ordid=51547
{"error":0,"info":"","money":"25.00"}]
[16:54:37][Array
(
    [error] => 0
    [info] => 
    [money] => 25.00
)
]
[17:11:31][http://www.168p2p.com/api/redbag/get4vote.php?user_id=155559684&ordid=51547
{"error":0,"info":"","money":"25.00"}]
[17:11:31][Array
(
    [error] => 0
    [info] => 
    [money] => 25.00
)
]
[18:58:44][http://www.168p2p.com/api/redbag/get4vote.php?user_id=155793&ordid=53637
{"error":0,"info":"","money":"50.00"}]
[18:58:44][Array
(
    [error] => 0
    [info] => 
    [money] => 50.00
)
]
[19:21:45][http://www.168p2p.com/api/redbag/get4vote.php?user_id=44152&ordid=51547
{"error":0,"info":"","money":"25.00"}]
[19:21:45][Array
(
    [error] => 0
    [info] => 
    [money] => 25.00
)
]
[20:13:35][http://www.168p2p.com/api/redbag/get4vote.php?user_id=764&ordid=51547
{"error":0,"info":"","money":"25.00"}]
[20:13:35][Array
(
    [error] => 0
    [info] => 
    [money] => 25.00
)
]
[20:19:30][http://www.168p2p.com/api/redbag/get4vote.php?user_id=8061&ordid=51547
{"error":0,"info":"","money":"25.00"}]
[20:19:30][Array
(
    [error] => 0
    [info] => 
    [money] => 25.00
)
]
[21:03:29][http://www.168p2p.com/api/redbag/get4vote.php?user_id=41919&ordid=51547
{"error":0,"info":"","money":"25.00"}]
[21:03:29][Array
(
    [error] => 0
    [info] => 
    [money] => 25.00
)
]
[21:25:46][http://www.168p2p.com/api/redbag/get4vote.php?user_id=155588103&ordid=51547
{"error":0,"info":"","money":"25.00"}]
[21:25:46][Array
(
    [error] => 0
    [info] => 
    [money] => 25.00
)
]
[22:06:04][http://www.168p2p.com/api/redbag/get4vote.php?user_id=154507275&ordid=53637
{"error":120,"info":"\u62a2\u5149","money":0}]
[22:06:04][Array
(
    [error] => 120
    [info] => 抢光
    [money] => 0
)
]
[23:10:11][http://www.168p2p.com/api/redbag/get4vote.php?user_id=58216&ordid=51547
{"error":0,"info":"","money":"25.00"}]
[23:10:11][Array
(
    [error] => 0
    [info] => 
    [money] => 25.00
)
]
[23:30:53][http://www.168p2p.com/api/redbag/get4vote.php?user_id=155711508&ordid=51547
{"error":0,"info":"","money":"25.00"}]
[23:30:53][Array
(
    [error] => 0
    [info] => 
    [money] => 25.00
)
]
