[01:09:55][http://www.168p2p.com/api/redbag/get4vote.php?user_id=155692747&ordid=51547
{"error":0,"info":"","money":"25.00"}]
[01:09:55][Array
(
    [error] => 0
    [info] => 
    [money] => 25.00
)
]
[06:09:30][http://www.168p2p.com/api/redbag/get4vote.php?user_id=155694369&ordid=51546
{"error":0,"info":"","money":"100.00"}]
[06:09:30][Array
(
    [error] => 0
    [info] => 
    [money] => 100.00
)
]
[08:37:55][http://www.168p2p.com/api/redbag/get4vote.php?user_id=155694375&ordid=51547
{"error":0,"info":"","money":"25.00"}]
[08:37:55][Array
(
    [error] => 0
    [info] => 
    [money] => 25.00
)
]
[09:06:18][http://www.168p2p.com/api/redbag/get4vote.php?user_id=155555850&ordid=51547
{"error":0,"info":"","money":"25.00"}]
[09:06:18][Array
(
    [error] => 0
    [info] => 
    [money] => 25.00
)
]
[11:34:11][http://www.168p2p.com/api/redbag/get4vote.php?user_id=1588&ordid=51547
{"error":0,"info":"","money":"25.00"}]
[11:34:11][Array
(
    [error] => 0
    [info] => 
    [money] => 25.00
)
]
[11:59:02][http://www.168p2p.com/api/redbag/get4vote.php?user_id=155664750&ordid=53637
{"error":0,"info":"","money":"50.00"}]
[11:59:02][Array
(
    [error] => 0
    [info] => 
    [money] => 50.00
)
]
[12:43:02][http://www.168p2p.com/api/redbag/get4vote.php?user_id=155694413&ordid=53637
{"error":0,"info":"","money":"50.00"}]
[12:43:02][Array
(
    [error] => 0
    [info] => 
    [money] => 50.00
)
]
[15:19:22][http://www.168p2p.com/api/redbag/get4vote.php?user_id=6485&ordid=53637
{"error":120,"info":"\u62a2\u5149","money":0}]
[15:19:22][Array
(
    [error] => 120
    [info] => 抢光
    [money] => 0
)
]
[17:00:04][http://www.168p2p.com/api/redbag/get4vote.php?user_id=150&ordid=51547
{"error":120,"info":"\u62a2\u5149","money":0}]
[17:00:04][Array
(
    [error] => 120
    [info] => 抢光
    [money] => 0
)
]
