[00:42:40][http://www.168p2p.com/api/redbag/get4vote.php?user_id=118742&ordid=51547
{"error":0,"info":"","money":"25.00"}]
[00:42:40][Array
(
    [error] => 0
    [info] => 
    [money] => 25.00
)
]
[01:02:50][http://www.168p2p.com/api/redbag/get4vote.php?user_id=46264&ordid=51547
{"error":0,"info":"","money":"25.00"}]
[01:02:50][Array
(
    [error] => 0
    [info] => 
    [money] => 25.00
)
]
[06:02:29][http://www.168p2p.com/api/redbag/get4vote.php?user_id=155573981&ordid=53637
{"error":0,"info":"","money":"50.00"}]
[06:02:29][Array
(
    [error] => 0
    [info] => 
    [money] => 50.00
)
]
[07:49:21][http://www.168p2p.com/api/redbag/get4vote.php?user_id=155559379&ordid=51547
{"error":0,"info":"","money":"25.00"}]
[07:49:21][Array
(
    [error] => 0
    [info] => 
    [money] => 25.00
)
]
[08:13:11][http://www.168p2p.com/api/redbag/get4vote.php?user_id=39877&ordid=53637
{"error":0,"info":"","money":"50.00"}]
[08:13:11][Array
(
    [error] => 0
    [info] => 
    [money] => 50.00
)
]
[08:54:02][http://www.168p2p.com/api/redbag/get4vote.php?user_id=155692901&ordid=51546
{"error":0,"info":"","money":"100.00"}]
[08:54:02][Array
(
    [error] => 0
    [info] => 
    [money] => 100.00
)
]
[10:16:25][http://www.168p2p.com/api/redbag/get4vote.php?user_id=11281&ordid=51547
{"error":0,"info":"","money":"25.00"}]
[10:16:25][Array
(
    [error] => 0
    [info] => 
    [money] => 25.00
)
]
[10:56:48][http://www.168p2p.com/api/redbag/get4vote.php?user_id=55299&ordid=51547
{"error":0,"info":"","money":"25.00"}]
[10:56:48][Array
(
    [error] => 0
    [info] => 
    [money] => 25.00
)
]
[12:20:10][http://www.168p2p.com/api/redbag/get4vote.php?user_id=7823&ordid=51547
{"error":0,"info":"","money":"25.00"}]
[12:20:10][Array
(
    [error] => 0
    [info] => 
    [money] => 25.00
)
]
[12:54:00][http://www.168p2p.com/api/redbag/get4vote.php?user_id=155548727&ordid=51547
{"error":0,"info":"","money":"25.00"}]
[12:54:00][Array
(
    [error] => 0
    [info] => 
    [money] => 25.00
)
]
[13:03:26][http://www.168p2p.com/api/redbag/get4vote.php?user_id=155692763&ordid=51547
{"error":0,"info":"","money":"25.00"}]
[13:03:26][Array
(
    [error] => 0
    [info] => 
    [money] => 25.00
)
]
[13:04:56][http://www.168p2p.com/api/redbag/get4vote.php?user_id=56483&ordid=51547
{"error":0,"info":"","money":"25.00"}]
[13:04:56][Array
(
    [error] => 0
    [info] => 
    [money] => 25.00
)
]
[13:14:49][http://www.168p2p.com/api/redbag/get4vote.php?user_id=88&ordid=51547
{"error":0,"info":"","money":"25.00"}]
[13:14:49][Array
(
    [error] => 0
    [info] => 
    [money] => 25.00
)
]
[13:31:06][http://www.168p2p.com/api/redbag/get4vote.php?user_id=155692789&ordid=51547
{"error":0,"info":"","money":"25.00"}]
[13:31:06][Array
(
    [error] => 0
    [info] => 
    [money] => 25.00
)
]
[13:40:02][http://www.168p2p.com/api/redbag/get4vote.php?user_id=155697616&ordid=51547
{"error":0,"info":"","money":"25.00"}]
[13:40:02][Array
(
    [error] => 0
    [info] => 
    [money] => 25.00
)
]
[13:45:11][http://www.168p2p.com/api/redbag/get4vote.php?user_id=154507275&ordid=51547
{"error":0,"info":"","money":"25.00"}]
[13:45:11][Array
(
    [error] => 0
    [info] => 
    [money] => 25.00
)
]
[15:03:33][http://www.168p2p.com/api/redbag/get4vote.php?user_id=155555836&ordid=51547
{"error":0,"info":"","money":"25.00"}]
[15:03:33][Array
(
    [error] => 0
    [info] => 
    [money] => 25.00
)
]
[15:08:14][http://www.168p2p.com/api/redbag/get4vote.php?user_id=41092&ordid=51547
{"error":0,"info":"","money":"25.00"}]
[15:08:14][Array
(
    [error] => 0
    [info] => 
    [money] => 25.00
)
]
[15:23:05][http://www.168p2p.com/api/redbag/get4vote.php?user_id=155702302&ordid=51547
{"error":0,"info":"","money":"25.00"}]
[15:23:05][Array
(
    [error] => 0
    [info] => 
    [money] => 25.00
)
]
[15:45:30][http://www.168p2p.com/api/redbag/get4vote.php?user_id=6485&ordid=51547
{"error":0,"info":"","money":"25.00"}]
[15:45:30][Array
(
    [error] => 0
    [info] => 
    [money] => 25.00
)
]
