[00:21:57][http://www.168p2p.com/api/redbag/get4vote.php?user_id=155692675&ordid=51547
{"error":0,"info":"","money":"25.00"}]
[00:21:57][Array
(
    [error] => 0
    [info] => 
    [money] => 25.00
)
]
[00:48:23][http://www.168p2p.com/api/redbag/get4vote.php?user_id=122807&ordid=51547
{"error":0,"info":"","money":"25.00"}]
[00:48:23][Array
(
    [error] => 0
    [info] => 
    [money] => 25.00
)
]
[01:33:46][http://www.168p2p.com/api/redbag/get4vote.php?user_id=155692901&ordid=53637
{"error":0,"info":"","money":"50.00"}]
[01:33:46][Array
(
    [error] => 0
    [info] => 
    [money] => 50.00
)
]
[03:18:15][http://www.168p2p.com/api/redbag/get4vote.php?user_id=8603&ordid=51547
{"error":0,"info":"","money":"25.00"}]
[03:18:15][Array
(
    [error] => 0
    [info] => 
    [money] => 25.00
)
]
[05:37:31][http://www.168p2p.com/api/redbag/get4vote.php?user_id=155695988&ordid=53637
{"error":0,"info":"","money":"50.00"}]
[05:37:31][Array
(
    [error] => 0
    [info] => 
    [money] => 50.00
)
]
[06:29:09][http://www.168p2p.com/api/redbag/get4vote.php?user_id=42054&ordid=51547
{"error":0,"info":"","money":"25.00"}]
[06:29:09][Array
(
    [error] => 0
    [info] => 
    [money] => 25.00
)
]
[06:54:23][http://www.168p2p.com/api/redbag/get4vote.php?user_id=155602308&ordid=51547
{"error":0,"info":"","money":"25.00"}]
[06:54:23][Array
(
    [error] => 0
    [info] => 
    [money] => 25.00
)
]
[08:52:23][http://www.168p2p.com/api/redbag/get4vote.php?user_id=11158&ordid=51546
{"error":120,"info":"\u62a2\u5149","money":0}]
[08:52:23][Array
(
    [error] => 120
    [info] => 抢光
    [money] => 0
)
]
[09:37:11][http://www.168p2p.com/api/redbag/get4vote.php?user_id=9697&ordid=53637
{"error":120,"info":"\u62a2\u5149","money":0}]
[09:37:11][Array
(
    [error] => 120
    [info] => 抢光
    [money] => 0
)
]
