[00:15:23][http://www.168p2p.com/api/redbag/get4vote.php?user_id=155670069&ordid=53637
{"error":0,"info":"","money":"50.00"}]
[00:15:23][Array
(
    [error] => 0
    [info] => 
    [money] => 50.00
)
]
[04:45:20][http://www.168p2p.com/api/redbag/get4vote.php?user_id=155695988&ordid=51547
{"error":0,"info":"","money":"25.00"}]
[04:45:20][Array
(
    [error] => 0
    [info] => 
    [money] => 25.00
)
]
[04:55:23][http://www.168p2p.com/api/redbag/get4vote.php?user_id=8603&ordid=53637
{"error":0,"info":"","money":"50.00"}]
[04:55:23][Array
(
    [error] => 0
    [info] => 
    [money] => 50.00
)
]
[06:39:33][http://www.168p2p.com/api/redbag/get4vote.php?user_id=155571096&ordid=51547
{"error":0,"info":"","money":"25.00"}]
[06:39:33][Array
(
    [error] => 0
    [info] => 
    [money] => 25.00
)
]
[07:50:24][http://www.168p2p.com/api/redbag/get4vote.php?user_id=155559379&ordid=51547
{"error":0,"info":"","money":"25.00"}]
[07:50:24][Array
(
    [error] => 0
    [info] => 
    [money] => 25.00
)
]
[08:16:55][http://www.168p2p.com/api/redbag/get4vote.php?user_id=154786&ordid=51547
{"error":0,"info":"","money":"25.00"}]
[08:16:55][Array
(
    [error] => 0
    [info] => 
    [money] => 25.00
)
]
[08:39:24][http://www.168p2p.com/api/redbag/get4vote.php?user_id=4220&ordid=51547
{"error":0,"info":"","money":"25.00"}]
[08:39:24][Array
(
    [error] => 0
    [info] => 
    [money] => 25.00
)
]
[09:01:51][http://www.168p2p.com/api/redbag/get4vote.php?user_id=4218&ordid=51547
{"error":0,"info":"","money":"25.00"}]
[09:01:51][Array
(
    [error] => 0
    [info] => 
    [money] => 25.00
)
]
[09:18:05][http://www.168p2p.com/api/redbag/get4vote.php?user_id=155564150&ordid=51547
{"error":0,"info":"","money":"25.00"}]
[09:18:05][Array
(
    [error] => 0
    [info] => 
    [money] => 25.00
)
]
[09:30:49][http://www.168p2p.com/api/redbag/get4vote.php?user_id=49198&ordid=51547
{"error":0,"info":"","money":"25.00"}]
[09:30:49][Array
(
    [error] => 0
    [info] => 
    [money] => 25.00
)
]
[09:40:18][http://www.168p2p.com/api/redbag/get4vote.php?user_id=146922&ordid=51547
{"error":0,"info":"","money":"25.00"}]
[09:40:18][Array
(
    [error] => 0
    [info] => 
    [money] => 25.00
)
]
[10:12:56][http://www.168p2p.com/api/redbag/get4vote.php?user_id=155535674&ordid=51547
{"error":0,"info":"","money":"25.00"}]
[10:12:56][Array
(
    [error] => 0
    [info] => 
    [money] => 25.00
)
]
[11:06:24][http://www.168p2p.com/api/redbag/get4vote.php?user_id=58216&ordid=51546
{"error":0,"info":"","money":"100.00"}]
[11:06:24][Array
(
    [error] => 0
    [info] => 
    [money] => 100.00
)
]
[11:11:26][http://www.168p2p.com/api/redbag/get4vote.php?user_id=155610702&ordid=51547
{"error":0,"info":"","money":"25.00"}]
[11:11:26][Array
(
    [error] => 0
    [info] => 
    [money] => 25.00
)
]
[11:26:32][http://www.168p2p.com/api/redbag/get4vote.php?user_id=39619&ordid=51547
{"error":0,"info":"","money":"25.00"}]
[11:26:32][Array
(
    [error] => 0
    [info] => 
    [money] => 25.00
)
]
[11:41:13][http://www.168p2p.com/api/redbag/get4vote.php?user_id=2390&ordid=51547
{"error":0,"info":"","money":"25.00"}]
[11:41:13][Array
(
    [error] => 0
    [info] => 
    [money] => 25.00
)
]
[12:08:05][http://www.168p2p.com/api/redbag/get4vote.php?user_id=58780&ordid=53637
{"error":0,"info":"","money":"50.00"}]
[12:08:05][Array
(
    [error] => 0
    [info] => 
    [money] => 50.00
)
]
[12:30:33][http://www.168p2p.com/api/redbag/get4vote.php?user_id=2163&ordid=51547
{"error":0,"info":"","money":"25.00"}]
[12:30:33][Array
(
    [error] => 0
    [info] => 
    [money] => 25.00
)
]
[12:48:02][http://www.168p2p.com/api/redbag/get4vote.php?user_id=155637949&ordid=51547
{"error":0,"info":"","money":"25.00"}]
[12:48:02][Array
(
    [error] => 0
    [info] => 
    [money] => 25.00
)
]
[13:02:50][http://www.168p2p.com/api/redbag/get4vote.php?user_id=155602308&ordid=51547
{"error":0,"info":"","money":"25.00"}]
[13:02:50][Array
(
    [error] => 0
    [info] => 
    [money] => 25.00
)
]
[13:15:59][http://www.168p2p.com/api/redbag/get4vote.php?user_id=3893&ordid=53637
{"error":0,"info":"","money":"50.00"}]
[13:15:59][Array
(
    [error] => 0
    [info] => 
    [money] => 50.00
)
]
[14:00:52][http://www.168p2p.com/api/redbag/get4vote.php?user_id=155600219&ordid=51547
{"error":0,"info":"","money":"25.00"}]
[14:00:52][Array
(
    [error] => 0
    [info] => 
    [money] => 25.00
)
]
[14:52:44][http://www.168p2p.com/api/redbag/get4vote.php?user_id=155715975&ordid=51547
{"error":0,"info":"","money":"25.00"}]
[14:52:44][Array
(
    [error] => 0
    [info] => 
    [money] => 25.00
)
]
[15:19:09][http://www.168p2p.com/api/redbag/get4vote.php?user_id=155669575&ordid=51547
{"error":0,"info":"","money":"25.00"}]
[15:19:09][Array
(
    [error] => 0
    [info] => 
    [money] => 25.00
)
]
[15:33:57][http://www.168p2p.com/api/redbag/get4vote.php?user_id=154506104&ordid=51547
{"error":0,"info":"","money":"25.00"}]
[15:33:57][Array
(
    [error] => 0
    [info] => 
    [money] => 25.00
)
]
[16:02:24][http://www.168p2p.com/api/redbag/get4vote.php?user_id=155652197&ordid=53637
{"error":120,"info":"\u62a2\u5149","money":0}]
[16:02:24][Array
(
    [error] => 120
    [info] => 抢光
    [money] => 0
)
]
[16:18:52][http://www.168p2p.com/api/redbag/get4vote.php?user_id=3983&ordid=51547
{"error":0,"info":"","money":"25.00"}]
[16:18:52][Array
(
    [error] => 0
    [info] => 
    [money] => 25.00
)
]
[17:19:53][http://www.168p2p.com/api/redbag/get4vote.php?user_id=155552735&ordid=53637
{"error":120,"info":"\u62a2\u5149","money":0}]
[17:19:53][Array
(
    [error] => 120
    [info] => 抢光
    [money] => 0
)
]
[19:21:32][http://www.168p2p.com/api/redbag/get4vote.php?user_id=155692789&ordid=53637
{"error":120,"info":"\u62a2\u5149","money":0}]
[19:21:32][Array
(
    [error] => 120
    [info] => 抢光
    [money] => 0
)
]
[19:39:29][http://www.168p2p.com/api/redbag/get4vote.php?user_id=155554652&ordid=51547
{"error":0,"info":"","money":"25.00"}]
[19:39:29][Array
(
    [error] => 0
    [info] => 
    [money] => 25.00
)
]
[20:03:10][http://www.168p2p.com/api/redbag/get4vote.php?user_id=7823&ordid=51547
{"error":0,"info":"","money":"25.00"}]
[20:03:10][Array
(
    [error] => 0
    [info] => 
    [money] => 25.00
)
]
[20:17:58][http://www.168p2p.com/api/redbag/get4vote.php?user_id=155552270&ordid=51547
{"error":0,"info":"","money":"25.00"}]
[20:17:58][Array
(
    [error] => 0
    [info] => 
    [money] => 25.00
)
]
[21:02:53][http://www.168p2p.com/api/redbag/get4vote.php?user_id=155700764&ordid=51547
{"error":0,"info":"","money":"25.00"}]
[21:02:53][Array
(
    [error] => 0
    [info] => 
    [money] => 25.00
)
]
[21:20:51][http://www.168p2p.com/api/redbag/get4vote.php?user_id=155556708&ordid=51547
{"error":0,"info":"","money":"25.00"}]
[21:20:51][Array
(
    [error] => 0
    [info] => 
    [money] => 25.00
)
]
[21:45:56][http://www.168p2p.com/api/redbag/get4vote.php?user_id=155709968&ordid=51547
{"error":0,"info":"","money":"25.00"}]
[21:45:56][Array
(
    [error] => 0
    [info] => 
    [money] => 25.00
)
]
[22:28:27][http://www.168p2p.com/api/redbag/get4vote.php?user_id=8501&ordid=51547
{"error":0,"info":"","money":"25.00"}]
[22:28:27][Array
(
    [error] => 0
    [info] => 
    [money] => 25.00
)
]
[22:45:43][http://www.168p2p.com/api/redbag/get4vote.php?user_id=155691129&ordid=51547
{"error":0,"info":"","money":"25.00"}]
[22:45:43][Array
(
    [error] => 0
    [info] => 
    [money] => 25.00
)
]
[22:53:20][http://www.168p2p.com/api/redbag/get4vote.php?user_id=155613874&ordid=51547
{"error":0,"info":"","money":"25.00"}]
[22:53:20][Array
(
    [error] => 0
    [info] => 
    [money] => 25.00
)
]
[23:07:51][http://www.168p2p.com/api/redbag/get4vote.php?user_id=9897&ordid=51547
{"error":0,"info":"","money":"25.00"}]
[23:07:51][Array
(
    [error] => 0
    [info] => 
    [money] => 25.00
)
]
[23:38:55][http://www.168p2p.com/api/redbag/get4vote.php?user_id=271&ordid=51547
{"error":0,"info":"","money":"25.00"}]
[23:38:55][Array
(
    [error] => 0
    [info] => 
    [money] => 25.00
)
]
[23:53:32][http://www.168p2p.com/api/redbag/get4vote.php?user_id=155700696&ordid=51547
{"error":0,"info":"","money":"25.00"}]
[23:53:32][Array
(
    [error] => 0
    [info] => 
    [money] => 25.00
)
]
