[16:14:22][http://www.168p2p.com/api/redbag/get4vote.php?user_id=155694504&ordid=53637
{"error":0,"info":"","money":"50.00"}]
[16:14:22][Array
(
    [error] => 0
    [info] => 
    [money] => 50.00
)
]
[16:30:59][http://www.168p2p.com/api/redbag/get4vote.php?user_id=155664750&ordid=51547
{"error":0,"info":"","money":"25.00"}]
[16:30:59][Array
(
    [error] => 0
    [info] => 
    [money] => 25.00
)
]
[16:32:23][http://www.168p2p.com/api/redbag/get4vote.php?user_id=155705328&ordid=51547
{"error":0,"info":"","money":"25.00"}]
[16:32:23][Array
(
    [error] => 0
    [info] => 
    [money] => 25.00
)
]
[17:08:00][http://www.168p2p.com/api/redbag/get4vote.php?user_id=155555934&ordid=51547
{"error":0,"info":"","money":"25.00"}]
[17:08:00][Array
(
    [error] => 0
    [info] => 
    [money] => 25.00
)
]
[17:16:25][http://www.168p2p.com/api/redbag/get4vote.php?user_id=1043&ordid=51547
{"error":0,"info":"","money":"25.00"}]
[17:16:25][Array
(
    [error] => 0
    [info] => 
    [money] => 25.00
)
]
[17:38:01][http://www.168p2p.com/api/redbag/get4vote.php?user_id=155705338&ordid=51547
{"error":0,"info":"","money":"25.00"}]
[17:38:01][Array
(
    [error] => 0
    [info] => 
    [money] => 25.00
)
]
[18:37:11][http://www.168p2p.com/api/redbag/get4vote.php?user_id=155694371&ordid=51547
{"error":0,"info":"","money":"25.00"}]
[18:37:11][Array
(
    [error] => 0
    [info] => 
    [money] => 25.00
)
]
[18:52:02][http://www.168p2p.com/api/redbag/get4vote.php?user_id=155554652&ordid=51547
{"error":0,"info":"","money":"25.00"}]
[18:52:02][Array
(
    [error] => 0
    [info] => 
    [money] => 25.00
)
]
[19:14:22][http://www.168p2p.com/api/redbag/get4vote.php?user_id=155597022&ordid=51547
{"error":0,"info":"","money":"25.00"}]
[19:14:22][Array
(
    [error] => 0
    [info] => 
    [money] => 25.00
)
]
[19:29:22][http://www.168p2p.com/api/redbag/get4vote.php?user_id=155562392&ordid=51547
{"error":0,"info":"","money":"25.00"}]
[19:29:22][Array
(
    [error] => 0
    [info] => 
    [money] => 25.00
)
]
[21:37:17][http://www.168p2p.com/api/redbag/get4vote.php?user_id=41091&ordid=51547
{"error":0,"info":"","money":"25.00"}]
[21:37:17][Array
(
    [error] => 0
    [info] => 
    [money] => 25.00
)
]
[21:41:41][http://www.168p2p.com/api/redbag/get4vote.php?user_id=155554841&ordid=51547
{"error":0,"info":"","money":"25.00"}]
[21:41:41][Array
(
    [error] => 0
    [info] => 
    [money] => 25.00
)
]
[22:45:43][http://www.168p2p.com/api/redbag/get4vote.php?user_id=155556617&ordid=51547
{"error":0,"info":"","money":"25.00"}]
[22:45:43][Array
(
    [error] => 0
    [info] => 
    [money] => 25.00
)
]
[23:07:59][http://www.168p2p.com/api/redbag/get4vote.php?user_id=154507362&ordid=51547
{"error":0,"info":"","money":"25.00"}]
[23:07:59][Array
(
    [error] => 0
    [info] => 
    [money] => 25.00
)
]
[23:08:30][http://www.168p2p.com/api/redbag/get4vote.php?user_id=764&ordid=51547
{"error":0,"info":"","money":"25.00"}]
[23:08:30][Array
(
    [error] => 0
    [info] => 
    [money] => 25.00
)
]
[23:52:20][http://www.168p2p.com/api/redbag/get4vote.php?user_id=9861&ordid=51547
{"error":0,"info":"","money":"25.00"}]
[23:52:20][Array
(
    [error] => 0
    [info] => 
    [money] => 25.00
)
]
