[00:07:38][http://www.168p2p.com/api/redbag/get4vote.php?user_id=155692789&ordid=53637
{"error":0,"info":"","money":"50.00"}]
[00:07:38][Array
(
    [error] => 0
    [info] => 
    [money] => 50.00
)
]
[00:20:16][http://www.168p2p.com/api/redbag/get4vote.php?user_id=155670069&ordid=51547
{"error":0,"info":"","money":"25.00"}]
[00:20:16][Array
(
    [error] => 0
    [info] => 
    [money] => 25.00
)
]
[00:47:49][http://www.168p2p.com/api/redbag/get4vote.php?user_id=155554841&ordid=51547
{"error":0,"info":"","money":"25.00"}]
[00:47:49][Array
(
    [error] => 0
    [info] => 
    [money] => 25.00
)
]
[03:21:23][http://www.168p2p.com/api/redbag/get4vote.php?user_id=154786&ordid=51547
{"error":0,"info":"","money":"25.00"}]
[03:21:23][Array
(
    [error] => 0
    [info] => 
    [money] => 25.00
)
]
[05:36:18][http://www.168p2p.com/api/redbag/get4vote.php?user_id=2845&ordid=51547
{"error":0,"info":"","money":"25.00"}]
[05:36:18][Array
(
    [error] => 0
    [info] => 
    [money] => 25.00
)
]
[06:23:24][http://www.168p2p.com/api/redbag/get4vote.php?user_id=1588&ordid=51547
{"error":0,"info":"","money":"25.00"}]
[06:23:24][Array
(
    [error] => 0
    [info] => 
    [money] => 25.00
)
]
[06:36:25][http://www.168p2p.com/api/redbag/get4vote.php?user_id=46264&ordid=51547
{"error":0,"info":"","money":"25.00"}]
[06:36:25][Array
(
    [error] => 0
    [info] => 
    [money] => 25.00
)
]
[07:12:05][http://www.168p2p.com/api/redbag/get4vote.php?user_id=590&ordid=51547
{"error":0,"info":"","money":"25.00"}]
[07:12:05][Array
(
    [error] => 0
    [info] => 
    [money] => 25.00
)
]
[07:24:19][http://www.168p2p.com/api/redbag/get4vote.php?user_id=146922&ordid=51547
{"error":0,"info":"","money":"25.00"}]
[07:24:19][Array
(
    [error] => 0
    [info] => 
    [money] => 25.00
)
]
[08:27:47][http://www.168p2p.com/api/redbag/get4vote.php?user_id=155611763&ordid=51547
{"error":0,"info":"","money":"25.00"}]
[08:27:47][Array
(
    [error] => 0
    [info] => 
    [money] => 25.00
)
]
[08:36:28][http://www.168p2p.com/api/redbag/get4vote.php?user_id=39877&ordid=51547
{"error":0,"info":"","money":"25.00"}]
[08:36:28][Array
(
    [error] => 0
    [info] => 
    [money] => 25.00
)
]
[09:02:26][http://www.168p2p.com/api/redbag/get4vote.php?user_id=155573981&ordid=51547
{"error":0,"info":"","money":"25.00"}]
[09:02:26][Array
(
    [error] => 0
    [info] => 
    [money] => 25.00
)
]
[09:25:42][http://www.168p2p.com/api/redbag/get4vote.php?user_id=9545&ordid=51547
{"error":0,"info":"","money":"25.00"}]
[09:25:42][Array
(
    [error] => 0
    [info] => 
    [money] => 25.00
)
]
[09:37:41][http://www.168p2p.com/api/redbag/get4vote.php?user_id=9697&ordid=53637
{"error":0,"info":"","money":"50.00"}]
[09:37:41][Array
(
    [error] => 0
    [info] => 
    [money] => 50.00
)
]
[10:03:45][http://www.168p2p.com/api/redbag/get4vote.php?user_id=11158&ordid=51547
{"error":0,"info":"","money":"25.00"}]
[10:03:45][Array
(
    [error] => 0
    [info] => 
    [money] => 25.00
)
]
[10:46:11][http://www.168p2p.com/api/redbag/get4vote.php?user_id=155528917&ordid=53637
{"error":0,"info":"","money":"50.00"}]
[10:46:11][Array
(
    [error] => 0
    [info] => 
    [money] => 50.00
)
]
[11:09:33][http://www.168p2p.com/api/redbag/get4vote.php?user_id=41092&ordid=51546
{"error":0,"info":"","money":"100.00"}]
[11:09:33][Array
(
    [error] => 0
    [info] => 
    [money] => 100.00
)
]
[12:02:37][http://www.168p2p.com/api/redbag/get4vote.php?user_id=58780&ordid=51547
{"error":0,"info":"","money":"25.00"}]
[12:02:37][Array
(
    [error] => 0
    [info] => 
    [money] => 25.00
)
]
[12:12:14][http://www.168p2p.com/api/redbag/get4vote.php?user_id=122807&ordid=51547
{"error":0,"info":"","money":"25.00"}]
[12:12:14][Array
(
    [error] => 0
    [info] => 
    [money] => 25.00
)
]
[13:06:56][http://www.168p2p.com/api/redbag/get4vote.php?user_id=764&ordid=53637
{"error":0,"info":"","money":"50.00"}]
[13:06:56][Array
(
    [error] => 0
    [info] => 
    [money] => 50.00
)
]
[13:55:23][http://www.168p2p.com/api/redbag/get4vote.php?user_id=155548727&ordid=51547
{"error":0,"info":"","money":"25.00"}]
[13:55:23][Array
(
    [error] => 0
    [info] => 
    [money] => 25.00
)
]
[14:25:09][http://www.168p2p.com/api/redbag/get4vote.php?user_id=41091&ordid=53637
{"error":0,"info":"","money":"50.00"}]
[14:25:09][Array
(
    [error] => 0
    [info] => 
    [money] => 50.00
)
]
[15:15:46][http://www.168p2p.com/api/redbag/get4vote.php?user_id=155669575&ordid=51547
{"error":0,"info":"","money":"25.00"}]
[15:15:46][Array
(
    [error] => 0
    [info] => 
    [money] => 25.00
)
]
[15:25:26][http://www.168p2p.com/api/redbag/get4vote.php?user_id=155588103&ordid=51547
{"error":0,"info":"","money":"25.00"}]
[15:25:26][Array
(
    [error] => 0
    [info] => 
    [money] => 25.00
)
]
[15:37:08][http://www.168p2p.com/api/redbag/get4vote.php?user_id=154507362&ordid=51547
{"error":0,"info":"","money":"25.00"}]
[15:37:08][Array
(
    [error] => 0
    [info] => 
    [money] => 25.00
)
]
[16:04:39][http://www.168p2p.com/api/redbag/get4vote.php?user_id=150&ordid=53637
{"error":0,"info":"","money":"50.00"}]
[16:04:39][Array
(
    [error] => 0
    [info] => 
    [money] => 50.00
)
]
[16:13:26][http://www.168p2p.com/api/redbag/get4vote.php?user_id=2390&ordid=51547
{"error":0,"info":"","money":"25.00"}]
[16:13:26][Array
(
    [error] => 0
    [info] => 
    [money] => 25.00
)
]
[16:32:39][http://www.168p2p.com/api/redbag/get4vote.php?user_id=52907&ordid=51547
{"error":0,"info":"","money":"25.00"}]
[16:32:39][Array
(
    [error] => 0
    [info] => 
    [money] => 25.00
)
]
[17:31:58][http://www.168p2p.com/api/redbag/get4vote.php?user_id=8501&ordid=51547
{"error":0,"info":"","money":"25.00"}]
[17:31:58][Array
(
    [error] => 0
    [info] => 
    [money] => 25.00
)
]
[18:19:07][http://www.168p2p.com/api/redbag/get4vote.php?user_id=44152&ordid=51547
{"error":0,"info":"","money":"25.00"}]
[18:19:07][Array
(
    [error] => 0
    [info] => 
    [money] => 25.00
)
]
[18:44:53][http://www.168p2p.com/api/redbag/get4vote.php?user_id=44088&ordid=51547
{"error":0,"info":"","money":"25.00"}]
[18:44:53][Array
(
    [error] => 0
    [info] => 
    [money] => 25.00
)
]
[18:55:54][http://www.168p2p.com/api/redbag/get4vote.php?user_id=54081&ordid=51547
{"error":0,"info":"","money":"25.00"}]
[18:55:54][Array
(
    [error] => 0
    [info] => 
    [money] => 25.00
)
]
[19:10:12][http://www.168p2p.com/api/redbag/get4vote.php?user_id=44246&ordid=51547
{"error":0,"info":"","money":"25.00"}]
[19:10:12][Array
(
    [error] => 0
    [info] => 
    [money] => 25.00
)
]
[19:20:07][http://www.168p2p.com/api/redbag/get4vote.php?user_id=39619&ordid=51547
{"error":0,"info":"","money":"25.00"}]
[19:20:07][Array
(
    [error] => 0
    [info] => 
    [money] => 25.00
)
]
[19:30:05][http://www.168p2p.com/api/redbag/get4vote.php?user_id=9897&ordid=51547
{"error":0,"info":"","money":"25.00"}]
[19:30:05][Array
(
    [error] => 0
    [info] => 
    [money] => 25.00
)
]
[21:06:51][http://www.168p2p.com/api/redbag/get4vote.php?user_id=155610649&ordid=51547
{"error":0,"info":"","money":"25.00"}]
[21:06:51][Array
(
    [error] => 0
    [info] => 
    [money] => 25.00
)
]
[22:57:57][http://www.168p2p.com/api/redbag/get4vote.php?user_id=12144&ordid=51547
{"error":0,"info":"","money":"25.00"}]
[22:57:57][Array
(
    [error] => 0
    [info] => 
    [money] => 25.00
)
]
[23:26:04][http://www.168p2p.com/api/redbag/get4vote.php?user_id=155649040&ordid=51547
{"error":0,"info":"","money":"25.00"}]
[23:26:04][Array
(
    [error] => 0
    [info] => 
    [money] => 25.00
)
]
