[00:09:18][http://www.168p2p.com/api/redbag/get4vote.php?user_id=155670069&ordid=51547
{"error":0,"info":"","money":"25.00"}]
[00:09:18][Array
(
    [error] => 0
    [info] => 
    [money] => 25.00
)
]
[02:36:04][http://www.168p2p.com/api/redbag/get4vote.php?user_id=122807&ordid=51547
{"error":0,"info":"","money":"25.00"}]
[02:36:04][Array
(
    [error] => 0
    [info] => 
    [money] => 25.00
)
]
[05:21:38][http://www.168p2p.com/api/redbag/get4vote.php?user_id=155575857&ordid=51547
{"error":0,"info":"","money":"25.00"}]
[05:21:38][Array
(
    [error] => 0
    [info] => 
    [money] => 25.00
)
]
[06:42:53][http://www.168p2p.com/api/redbag/get4vote.php?user_id=39877&ordid=51547
{"error":0,"info":"","money":"25.00"}]
[06:42:53][Array
(
    [error] => 0
    [info] => 
    [money] => 25.00
)
]
[07:17:08][http://www.168p2p.com/api/redbag/get4vote.php?user_id=6829&ordid=51547
{"error":0,"info":"","money":"25.00"}]
[07:17:08][Array
(
    [error] => 0
    [info] => 
    [money] => 25.00
)
]
[07:42:28][http://www.168p2p.com/api/redbag/get4vote.php?user_id=152004&ordid=51547
{"error":0,"info":"","money":"25.00"}]
[07:42:28][Array
(
    [error] => 0
    [info] => 
    [money] => 25.00
)
]
[08:07:06][http://www.168p2p.com/api/redbag/get4vote.php?user_id=155565604&ordid=53637
{"error":0,"info":"","money":"50.00"}]
[08:07:06][Array
(
    [error] => 0
    [info] => 
    [money] => 50.00
)
]
[08:24:00][http://www.168p2p.com/api/redbag/get4vote.php?user_id=155611763&ordid=51547
{"error":0,"info":"","money":"25.00"}]
[08:24:00][Array
(
    [error] => 0
    [info] => 
    [money] => 25.00
)
]
[08:45:46][http://www.168p2p.com/api/redbag/get4vote.php?user_id=155692901&ordid=51547
{"error":0,"info":"","money":"25.00"}]
[08:45:46][Array
(
    [error] => 0
    [info] => 
    [money] => 25.00
)
]
[08:56:21][http://www.168p2p.com/api/redbag/get4vote.php?user_id=9861&ordid=51547
{"error":0,"info":"","money":"25.00"}]
[08:56:21][Array
(
    [error] => 0
    [info] => 
    [money] => 25.00
)
]
[09:31:39][http://www.168p2p.com/api/redbag/get4vote.php?user_id=54081&ordid=51547
{"error":0,"info":"","money":"25.00"}]
[09:31:39][Array
(
    [error] => 0
    [info] => 
    [money] => 25.00
)
]
[09:41:07][http://www.168p2p.com/api/redbag/get4vote.php?user_id=155564581&ordid=53637
{"error":0,"info":"","money":"50.00"}]
[09:41:07][Array
(
    [error] => 0
    [info] => 
    [money] => 50.00
)
]
[09:57:39][http://www.168p2p.com/api/redbag/get4vote.php?user_id=154786&ordid=51546
{"error":120,"info":"\u62a2\u5149","money":0}]
[09:57:39][Array
(
    [error] => 120
    [info] => 抢光
    [money] => 0
)
]
[10:14:51][http://www.168p2p.com/api/redbag/get4vote.php?user_id=764&ordid=51547
{"error":0,"info":"","money":"25.00"}]
[10:14:51][Array
(
    [error] => 0
    [info] => 
    [money] => 25.00
)
]
[10:25:23][http://www.168p2p.com/api/redbag/get4vote.php?user_id=20697&ordid=53637
{"error":0,"info":"","money":"50.00"}]
[10:25:23][Array
(
    [error] => 0
    [info] => 
    [money] => 50.00
)
]
[10:34:35][http://www.168p2p.com/api/redbag/get4vote.php?user_id=155548727&ordid=53637
{"error":0,"info":"","money":"50.00"}]
[10:34:35][Array
(
    [error] => 0
    [info] => 
    [money] => 50.00
)
]
[10:48:29][http://www.168p2p.com/api/redbag/get4vote.php?user_id=11158&ordid=53637
{"error":0,"info":"","money":"50.00"}]
[10:48:29][Array
(
    [error] => 0
    [info] => 
    [money] => 50.00
)
]
[11:11:19][http://www.168p2p.com/api/redbag/get4vote.php?user_id=154507362&ordid=51547
{"error":0,"info":"","money":"25.00"}]
[11:11:19][Array
(
    [error] => 0
    [info] => 
    [money] => 25.00
)
]
[11:23:24][http://www.168p2p.com/api/redbag/get4vote.php?user_id=155552579&ordid=51547
{"error":0,"info":"","money":"25.00"}]
[11:23:24][Array
(
    [error] => 0
    [info] => 
    [money] => 25.00
)
]
[11:46:04][http://www.168p2p.com/api/redbag/get4vote.php?user_id=155559379&ordid=51547
{"error":0,"info":"","money":"25.00"}]
[11:46:04][Array
(
    [error] => 0
    [info] => 
    [money] => 25.00
)
]
[12:10:08][http://www.168p2p.com/api/redbag/get4vote.php?user_id=13651&ordid=51547
{"error":0,"info":"","money":"25.00"}]
[12:10:08][Array
(
    [error] => 0
    [info] => 
    [money] => 25.00
)
]
[12:30:12][http://www.168p2p.com/api/redbag/get4vote.php?user_id=155697616&ordid=51547
{"error":0,"info":"","money":"25.00"}]
[12:30:12][Array
(
    [error] => 0
    [info] => 
    [money] => 25.00
)
]
[12:51:17][http://www.168p2p.com/api/redbag/get4vote.php?user_id=155692763&ordid=51547
{"error":0,"info":"","money":"25.00"}]
[12:51:17][Array
(
    [error] => 0
    [info] => 
    [money] => 25.00
)
]
[13:39:17][http://www.168p2p.com/api/redbag/get4vote.php?user_id=3983&ordid=51547
{"error":0,"info":"","money":"25.00"}]
[13:39:17][Array
(
    [error] => 0
    [info] => 
    [money] => 25.00
)
]
[14:58:12][http://www.168p2p.com/api/redbag/get4vote.php?user_id=155637949&ordid=51547
{"error":0,"info":"","money":"25.00"}]
[14:58:12][Array
(
    [error] => 0
    [info] => 
    [money] => 25.00
)
]
[15:11:08][http://www.168p2p.com/api/redbag/get4vote.php?user_id=39973&ordid=51547
{"error":0,"info":"","money":"25.00"}]
[15:11:08][Array
(
    [error] => 0
    [info] => 
    [money] => 25.00
)
]
[15:22:12][http://www.168p2p.com/api/redbag/get4vote.php?user_id=155554076&ordid=51547
{"error":0,"info":"","money":"25.00"}]
[15:22:12][Array
(
    [error] => 0
    [info] => 
    [money] => 25.00
)
]
[15:41:30][http://www.168p2p.com/api/redbag/get4vote.php?user_id=58452&ordid=51547
{"error":0,"info":"","money":"25.00"}]
[15:41:30][Array
(
    [error] => 0
    [info] => 
    [money] => 25.00
)
]
[16:15:01][http://www.168p2p.com/api/redbag/get4vote.php?user_id=2390&ordid=51547
{"error":0,"info":"","money":"25.00"}]
[16:15:01][Array
(
    [error] => 0
    [info] => 
    [money] => 25.00
)
]
[16:56:20][http://www.168p2p.com/api/redbag/get4vote.php?user_id=155633225&ordid=51547
{"error":0,"info":"","money":"25.00"}]
[16:56:20][Array
(
    [error] => 0
    [info] => 
    [money] => 25.00
)
]
[17:06:12][http://www.168p2p.com/api/redbag/get4vote.php?user_id=155533157&ordid=51547
{"error":0,"info":"","money":"25.00"}]
[17:06:12][Array
(
    [error] => 0
    [info] => 
    [money] => 25.00
)
]
[17:15:02][http://www.168p2p.com/api/redbag/get4vote.php?user_id=1979&ordid=51547
{"error":0,"info":"","money":"25.00"}]
[17:15:02][Array
(
    [error] => 0
    [info] => 
    [money] => 25.00
)
]
[17:40:53][http://www.168p2p.com/api/redbag/get4vote.php?user_id=50279&ordid=51547
{"error":0,"info":"","money":"25.00"}]
[17:40:53][Array
(
    [error] => 0
    [info] => 
    [money] => 25.00
)
]
[18:04:19][http://www.168p2p.com/api/redbag/get4vote.php?user_id=155547066&ordid=51547
{"error":0,"info":"","money":"25.00"}]
[18:04:19][Array
(
    [error] => 0
    [info] => 
    [money] => 25.00
)
]
[18:18:19][http://www.168p2p.com/api/redbag/get4vote.php?user_id=44152&ordid=51547
{"error":0,"info":"","money":"25.00"}]
[18:18:19][Array
(
    [error] => 0
    [info] => 
    [money] => 25.00
)
]
[18:36:00][http://www.168p2p.com/api/redbag/get4vote.php?user_id=3893&ordid=51547
{"error":0,"info":"","money":"25.00"}]
[18:36:00][Array
(
    [error] => 0
    [info] => 
    [money] => 25.00
)
]
[19:18:28][http://www.168p2p.com/api/redbag/get4vote.php?user_id=154507275&ordid=51547
{"error":0,"info":"","money":"25.00"}]
[19:18:28][Array
(
    [error] => 0
    [info] => 
    [money] => 25.00
)
]
[19:37:42][http://www.168p2p.com/api/redbag/get4vote.php?user_id=44202&ordid=51547
{"error":0,"info":"","money":"25.00"}]
[19:37:42][Array
(
    [error] => 0
    [info] => 
    [money] => 25.00
)
]
[20:07:42][http://www.168p2p.com/api/redbag/get4vote.php?user_id=1093&ordid=51547
{"error":0,"info":"","money":"25.00"}]
[20:07:42][Array
(
    [error] => 0
    [info] => 
    [money] => 25.00
)
]
[20:19:19][http://www.168p2p.com/api/redbag/get4vote.php?user_id=154506108&ordid=51547
{"error":0,"info":"","money":"25.00"}]
[20:19:19][Array
(
    [error] => 0
    [info] => 
    [money] => 25.00
)
]
[20:49:10][http://www.168p2p.com/api/redbag/get4vote.php?user_id=38535&ordid=51547
{"error":0,"info":"","money":"25.00"}]
[20:49:10][Array
(
    [error] => 0
    [info] => 
    [money] => 25.00
)
]
[21:19:53][http://www.168p2p.com/api/redbag/get4vote.php?user_id=155528917&ordid=51547
{"error":0,"info":"","money":"25.00"}]
[21:19:53][Array
(
    [error] => 0
    [info] => 
    [money] => 25.00
)
]
[22:57:53][http://www.168p2p.com/api/redbag/get4vote.php?user_id=155570750&ordid=51547
{"error":0,"info":"","money":"25.00"}]
[22:57:53][Array
(
    [error] => 0
    [info] => 
    [money] => 25.00
)
]
