[00:07:45][http://www.168p2p.com/api/redbag/get4vote.php?user_id=7516&ordid=51547
{"error":0,"info":"","money":"25.00"}]
[00:07:45][Array
(
    [error] => 0
    [info] => 
    [money] => 25.00
)
]
[00:17:49][http://www.168p2p.com/api/redbag/get4vote.php?user_id=46264&ordid=51547
{"error":0,"info":"","money":"25.00"}]
[00:17:49][Array
(
    [error] => 0
    [info] => 
    [money] => 25.00
)
]
[00:31:41][http://www.168p2p.com/api/redbag/get4vote.php?user_id=155670069&ordid=51547
{"error":0,"info":"","money":"25.00"}]
[00:31:41][Array
(
    [error] => 0
    [info] => 
    [money] => 25.00
)
]
[01:28:46][http://www.168p2p.com/api/redbag/get4vote.php?user_id=155539692&ordid=51547
{"error":0,"info":"","money":"25.00"}]
[01:28:46][Array
(
    [error] => 0
    [info] => 
    [money] => 25.00
)
]
[05:15:51][http://www.168p2p.com/api/redbag/get4vote.php?user_id=44202&ordid=51547
{"error":0,"info":"","money":"25.00"}]
[05:15:51][Array
(
    [error] => 0
    [info] => 
    [money] => 25.00
)
]
[06:28:44][http://www.168p2p.com/api/redbag/get4vote.php?user_id=155633225&ordid=51547
{"error":0,"info":"","money":"25.00"}]
[06:28:44][Array
(
    [error] => 0
    [info] => 
    [money] => 25.00
)
]
[06:59:14][http://www.168p2p.com/api/redbag/get4vote.php?user_id=155554652&ordid=51547
{"error":0,"info":"","money":"25.00"}]
[06:59:14][Array
(
    [error] => 0
    [info] => 
    [money] => 25.00
)
]
[07:10:18][http://www.168p2p.com/api/redbag/get4vote.php?user_id=150&ordid=51547
{"error":0,"info":"","money":"25.00"}]
[07:10:18][Array
(
    [error] => 0
    [info] => 
    [money] => 25.00
)
]
[08:05:04][http://www.168p2p.com/api/redbag/get4vote.php?user_id=155708298&ordid=51547
{"error":0,"info":"","money":"25.00"}]
[08:05:04][Array
(
    [error] => 0
    [info] => 
    [money] => 25.00
)
]
[08:27:09][http://www.168p2p.com/api/redbag/get4vote.php?user_id=155692747&ordid=53637
{"error":0,"info":"","money":"50.00"}]
[08:27:09][Array
(
    [error] => 0
    [info] => 
    [money] => 50.00
)
]
[08:42:46][http://www.168p2p.com/api/redbag/get4vote.php?user_id=155637949&ordid=51547
{"error":0,"info":"","money":"25.00"}]
[08:42:46][Array
(
    [error] => 0
    [info] => 
    [money] => 25.00
)
]
[08:51:10][http://www.168p2p.com/api/redbag/get4vote.php?user_id=9747&ordid=51547
{"error":0,"info":"","money":"25.00"}]
[08:51:10][Array
(
    [error] => 0
    [info] => 
    [money] => 25.00
)
]
[09:02:45][http://www.168p2p.com/api/redbag/get4vote.php?user_id=155564150&ordid=51547
{"error":0,"info":"","money":"25.00"}]
[09:02:45][Array
(
    [error] => 0
    [info] => 
    [money] => 25.00
)
]
[09:35:12][http://www.168p2p.com/api/redbag/get4vote.php?user_id=155564581&ordid=51547
{"error":0,"info":"","money":"25.00"}]
[09:35:12][Array
(
    [error] => 0
    [info] => 
    [money] => 25.00
)
]
[10:00:28][http://www.168p2p.com/api/redbag/get4vote.php?user_id=154506104&ordid=51546
{"error":0,"info":"","money":"100.00"}]
[10:00:28][Array
(
    [error] => 0
    [info] => 
    [money] => 100.00
)
]
[10:27:48][http://www.168p2p.com/api/redbag/get4vote.php?user_id=155553839&ordid=51547
{"error":0,"info":"","money":"25.00"}]
[10:27:48][Array
(
    [error] => 0
    [info] => 
    [money] => 25.00
)
]
[11:09:36][http://www.168p2p.com/api/redbag/get4vote.php?user_id=155533157&ordid=53637
{"error":0,"info":"","money":"50.00"}]
[11:09:36][Array
(
    [error] => 0
    [info] => 
    [money] => 50.00
)
]
[11:45:55][http://www.168p2p.com/api/redbag/get4vote.php?user_id=271&ordid=51547
{"error":0,"info":"","money":"25.00"}]
[11:45:55][Array
(
    [error] => 0
    [info] => 
    [money] => 25.00
)
]
[12:02:14][http://www.168p2p.com/api/redbag/get4vote.php?user_id=155581973&ordid=53637
{"error":0,"info":"","money":"50.00"}]
[12:02:14][Array
(
    [error] => 0
    [info] => 
    [money] => 50.00
)
]
[12:14:03][http://www.168p2p.com/api/redbag/get4vote.php?user_id=154507275&ordid=51547
{"error":0,"info":"","money":"25.00"}]
[12:14:03][Array
(
    [error] => 0
    [info] => 
    [money] => 25.00
)
]
[12:26:03][http://www.168p2p.com/api/redbag/get4vote.php?user_id=1093&ordid=51547
{"error":0,"info":"","money":"25.00"}]
[12:26:03][Array
(
    [error] => 0
    [info] => 
    [money] => 25.00
)
]
[13:07:49][http://www.168p2p.com/api/redbag/get4vote.php?user_id=3893&ordid=51547
{"error":0,"info":"","money":"25.00"}]
[13:07:49][Array
(
    [error] => 0
    [info] => 
    [money] => 25.00
)
]
[13:18:03][http://www.168p2p.com/api/redbag/get4vote.php?user_id=155697616&ordid=51547
{"error":0,"info":"","money":"25.00"}]
[13:18:03][Array
(
    [error] => 0
    [info] => 
    [money] => 25.00
)
]
[13:39:56][http://www.168p2p.com/api/redbag/get4vote.php?user_id=155602308&ordid=53637
{"error":0,"info":"","money":"50.00"}]
[13:39:56][Array
(
    [error] => 0
    [info] => 
    [money] => 50.00
)
]
[13:53:42][http://www.168p2p.com/api/redbag/get4vote.php?user_id=155556708&ordid=51547
{"error":0,"info":"","money":"25.00"}]
[13:53:42][Array
(
    [error] => 0
    [info] => 
    [money] => 25.00
)
]
[14:10:29][http://www.168p2p.com/api/redbag/get4vote.php?user_id=41919&ordid=51547
{"error":0,"info":"","money":"25.00"}]
[14:10:29][Array
(
    [error] => 0
    [info] => 
    [money] => 25.00
)
]
[15:10:07][http://www.168p2p.com/api/redbag/get4vote.php?user_id=155528917&ordid=51547
{"error":0,"info":"","money":"25.00"}]
[15:10:07][Array
(
    [error] => 0
    [info] => 
    [money] => 25.00
)
]
[16:00:29][http://www.168p2p.com/api/redbag/get4vote.php?user_id=155672106&ordid=51547
{"error":0,"info":"","money":"25.00"}]
[16:00:29][Array
(
    [error] => 0
    [info] => 
    [money] => 25.00
)
]
[16:46:01][http://www.168p2p.com/api/redbag/get4vote.php?user_id=2390&ordid=51547
{"error":0,"info":"","money":"25.00"}]
[16:46:01][Array
(
    [error] => 0
    [info] => 
    [money] => 25.00
)
]
[17:16:05][http://www.168p2p.com/api/redbag/get4vote.php?user_id=102&ordid=51547
{"error":0,"info":"","money":"25.00"}]
[17:16:05][Array
(
    [error] => 0
    [info] => 
    [money] => 25.00
)
]
[17:18:29][http://www.168p2p.com/api/redbag/get4vote.php?user_id=155711442&ordid=51547
{"error":0,"info":"","money":"25.00"}]
[17:18:29][Array
(
    [error] => 0
    [info] => 
    [money] => 25.00
)
]
[17:20:10][http://www.168p2p.com/api/redbag/get4vote.php?user_id=41498&ordid=51547
{"error":0,"info":"","money":"25.00"}]
[17:20:10][Array
(
    [error] => 0
    [info] => 
    [money] => 25.00
)
]
[17:41:18][http://www.168p2p.com/api/redbag/get4vote.php?user_id=155570750&ordid=51547
{"error":0,"info":"","money":"25.00"}]
[17:41:18][Array
(
    [error] => 0
    [info] => 
    [money] => 25.00
)
]
[18:27:40][http://www.168p2p.com/api/redbag/get4vote.php?user_id=44152&ordid=51547
{"error":0,"info":"","money":"25.00"}]
[18:27:40][Array
(
    [error] => 0
    [info] => 
    [money] => 25.00
)
]
[18:59:16][http://www.168p2p.com/api/redbag/get4vote.php?user_id=155709968&ordid=51547
{"error":0,"info":"","money":"25.00"}]
[18:59:16][Array
(
    [error] => 0
    [info] => 
    [money] => 25.00
)
]
[19:14:50][http://www.168p2p.com/api/redbag/get4vote.php?user_id=155554076&ordid=51547
{"error":0,"info":"","money":"25.00"}]
[19:14:50][Array
(
    [error] => 0
    [info] => 
    [money] => 25.00
)
]
[20:01:27][http://www.168p2p.com/api/redbag/get4vote.php?user_id=56483&ordid=51547
{"error":0,"info":"","money":"25.00"}]
[20:01:27][Array
(
    [error] => 0
    [info] => 
    [money] => 25.00
)
]
[20:34:09][http://www.168p2p.com/api/redbag/get4vote.php?user_id=4218&ordid=51547
{"error":0,"info":"","money":"25.00"}]
[20:34:09][Array
(
    [error] => 0
    [info] => 
    [money] => 25.00
)
]
[20:50:16][http://www.168p2p.com/api/redbag/get4vote.php?user_id=41092&ordid=51547
{"error":0,"info":"","money":"25.00"}]
[20:50:16][Array
(
    [error] => 0
    [info] => 
    [money] => 25.00
)
]
[21:06:52][http://www.168p2p.com/api/redbag/get4vote.php?user_id=27925&ordid=51547
{"error":0,"info":"","money":"25.00"}]
[21:06:52][Array
(
    [error] => 0
    [info] => 
    [money] => 25.00
)
]
[21:15:47][http://www.168p2p.com/api/redbag/get4vote.php?user_id=4220&ordid=51547
{"error":0,"info":"","money":"25.00"}]
[21:15:47][Array
(
    [error] => 0
    [info] => 
    [money] => 25.00
)
]
[21:41:42][http://www.168p2p.com/api/redbag/get4vote.php?user_id=155553698&ordid=51547
{"error":0,"info":"","money":"25.00"}]
[21:41:42][Array
(
    [error] => 0
    [info] => 
    [money] => 25.00
)
]
[21:51:30][http://www.168p2p.com/api/redbag/get4vote.php?user_id=155555836&ordid=53637
{"error":120,"info":"\u62a2\u5149","money":0}]
[21:51:30][Array
(
    [error] => 120
    [info] => 抢光
    [money] => 0
)
]
[23:21:06][http://www.168p2p.com/api/redbag/get4vote.php?user_id=155579700&ordid=51547
{"error":0,"info":"","money":"25.00"}]
[23:21:06][Array
(
    [error] => 0
    [info] => 
    [money] => 25.00
)
]
[23:30:26][http://www.168p2p.com/api/redbag/get4vote.php?user_id=58216&ordid=51547
{"error":0,"info":"","money":"25.00"}]
[23:30:26][Array
(
    [error] => 0
    [info] => 
    [money] => 25.00
)
]
[23:42:11][http://www.168p2p.com/api/redbag/get4vote.php?user_id=58452&ordid=51547
{"error":0,"info":"","money":"25.00"}]
[23:42:11][Array
(
    [error] => 0
    [info] => 
    [money] => 25.00
)
]
[23:52:23][http://www.168p2p.com/api/redbag/get4vote.php?user_id=1913&ordid=51547
{"error":0,"info":"","money":"25.00"}]
[23:52:23][Array
(
    [error] => 0
    [info] => 
    [money] => 25.00
)
]
