[00:01:39][http://www.168p2p.com/api/redbag/get4vote.php?user_id=9861&ordid=51547
{"error":0,"info":"","money":"25.00"}]
[00:01:39][Array
(
    [error] => 0
    [info] => 
    [money] => 25.00
)
]
[00:17:48][http://www.168p2p.com/api/redbag/get4vote.php?user_id=88&ordid=51547
{"error":0,"info":"","money":"25.00"}]
[00:17:48][Array
(
    [error] => 0
    [info] => 
    [money] => 25.00
)
]
[04:42:46][http://www.168p2p.com/api/redbag/get4vote.php?user_id=59914&ordid=51547
{"error":0,"info":"","money":"25.00"}]
[04:42:46][Array
(
    [error] => 0
    [info] => 
    [money] => 25.00
)
]
[06:18:58][http://www.168p2p.com/api/redbag/get4vote.php?user_id=155571096&ordid=51547
{"error":0,"info":"","money":"25.00"}]
[06:18:58][Array
(
    [error] => 0
    [info] => 
    [money] => 25.00
)
]
[06:53:25][http://www.168p2p.com/api/redbag/get4vote.php?user_id=136&ordid=51547
{"error":0,"info":"","money":"25.00"}]
[06:53:25][Array
(
    [error] => 0
    [info] => 
    [money] => 25.00
)
]
[07:04:34][http://www.168p2p.com/api/redbag/get4vote.php?user_id=2845&ordid=51547
{"error":0,"info":"","money":"25.00"}]
[07:04:34][Array
(
    [error] => 0
    [info] => 
    [money] => 25.00
)
]
[07:30:16][http://www.168p2p.com/api/redbag/get4vote.php?user_id=6829&ordid=51547
{"error":0,"info":"","money":"25.00"}]
[07:30:16][Array
(
    [error] => 0
    [info] => 
    [money] => 25.00
)
]
[07:45:41][http://www.168p2p.com/api/redbag/get4vote.php?user_id=8501&ordid=51547
{"error":0,"info":"","money":"25.00"}]
[07:45:41][Array
(
    [error] => 0
    [info] => 
    [money] => 25.00
)
]
[08:06:51][http://www.168p2p.com/api/redbag/get4vote.php?user_id=155573981&ordid=51547
{"error":0,"info":"","money":"25.00"}]
[08:06:51][Array
(
    [error] => 0
    [info] => 
    [money] => 25.00
)
]
[08:15:31][http://www.168p2p.com/api/redbag/get4vote.php?user_id=155695988&ordid=51546
{"error":0,"info":"","money":"100.00"}]
[08:15:31][Array
(
    [error] => 0
    [info] => 
    [money] => 100.00
)
]
[08:25:24][http://www.168p2p.com/api/redbag/get4vote.php?user_id=2163&ordid=51547
{"error":0,"info":"","money":"25.00"}]
[08:25:24][Array
(
    [error] => 0
    [info] => 
    [money] => 25.00
)
]
[08:36:13][http://www.168p2p.com/api/redbag/get4vote.php?user_id=39877&ordid=51547
{"error":0,"info":"","money":"25.00"}]
[08:36:13][Array
(
    [error] => 0
    [info] => 
    [money] => 25.00
)
]
[08:46:29][http://www.168p2p.com/api/redbag/get4vote.php?user_id=4218&ordid=51547
{"error":0,"info":"","money":"25.00"}]
[08:46:29][Array
(
    [error] => 0
    [info] => 
    [money] => 25.00
)
]
[10:01:17][http://www.168p2p.com/api/redbag/get4vote.php?user_id=914&ordid=51547
{"error":0,"info":"","money":"25.00"}]
[10:01:17][Array
(
    [error] => 0
    [info] => 
    [money] => 25.00
)
]
[10:12:00][http://www.168p2p.com/api/redbag/get4vote.php?user_id=3893&ordid=53637
{"error":0,"info":"","money":"50.00"}]
[10:12:00][Array
(
    [error] => 0
    [info] => 
    [money] => 50.00
)
]
[10:32:32][http://www.168p2p.com/api/redbag/get4vote.php?user_id=3983&ordid=51547
{"error":0,"info":"","money":"25.00"}]
[10:32:32][Array
(
    [error] => 0
    [info] => 
    [money] => 25.00
)
]
[10:34:11][http://www.168p2p.com/api/redbag/get4vote.php?user_id=155672106&ordid=51547
{"error":0,"info":"","money":"25.00"}]
[10:34:11][Array
(
    [error] => 0
    [info] => 
    [money] => 25.00
)
]
[10:44:14][http://www.168p2p.com/api/redbag/get4vote.php?user_id=155564581&ordid=53637
{"error":0,"info":"","money":"50.00"}]
[10:44:14][Array
(
    [error] => 0
    [info] => 
    [money] => 50.00
)
]
[11:04:34][http://www.168p2p.com/api/redbag/get4vote.php?user_id=155611754&ordid=51547
{"error":0,"info":"","money":"25.00"}]
[11:04:34][Array
(
    [error] => 0
    [info] => 
    [money] => 25.00
)
]
[11:25:30][http://www.168p2p.com/api/redbag/get4vote.php?user_id=3202&ordid=51547
{"error":0,"info":"","money":"25.00"}]
[11:25:30][Array
(
    [error] => 0
    [info] => 
    [money] => 25.00
)
]
[11:36:26][http://www.168p2p.com/api/redbag/get4vote.php?user_id=39973&ordid=51547
{"error":0,"info":"","money":"25.00"}]
[11:36:26][Array
(
    [error] => 0
    [info] => 
    [money] => 25.00
)
]
[11:51:09][http://www.168p2p.com/api/redbag/get4vote.php?user_id=155556708&ordid=51547
{"error":0,"info":"","money":"25.00"}]
[11:51:09][Array
(
    [error] => 0
    [info] => 
    [money] => 25.00
)
]
[11:59:51][http://www.168p2p.com/api/redbag/get4vote.php?user_id=58780&ordid=53637
{"error":0,"info":"","money":"50.00"}]
[11:59:51][Array
(
    [error] => 0
    [info] => 
    [money] => 50.00
)
]
[12:08:31][http://www.168p2p.com/api/redbag/get4vote.php?user_id=155550788&ordid=51547
{"error":0,"info":"","money":"25.00"}]
[12:08:31][Array
(
    [error] => 0
    [info] => 
    [money] => 25.00
)
]
[12:57:27][http://www.168p2p.com/api/redbag/get4vote.php?user_id=155697616&ordid=51547
{"error":0,"info":"","money":"25.00"}]
[12:57:27][Array
(
    [error] => 0
    [info] => 
    [money] => 25.00
)
]
[13:07:30][http://www.168p2p.com/api/redbag/get4vote.php?user_id=49198&ordid=51547
{"error":0,"info":"","money":"25.00"}]
[13:07:30][Array
(
    [error] => 0
    [info] => 
    [money] => 25.00
)
]
[13:21:24][http://www.168p2p.com/api/redbag/get4vote.php?user_id=20697&ordid=51547
{"error":0,"info":"","money":"25.00"}]
[13:21:24][Array
(
    [error] => 0
    [info] => 
    [money] => 25.00
)
]
[13:33:31][http://www.168p2p.com/api/redbag/get4vote.php?user_id=6690&ordid=51547
{"error":0,"info":"","money":"25.00"}]
[13:33:31][Array
(
    [error] => 0
    [info] => 
    [money] => 25.00
)
]
[13:44:27][http://www.168p2p.com/api/redbag/get4vote.php?user_id=154507362&ordid=51547
{"error":0,"info":"","money":"25.00"}]
[13:44:27][Array
(
    [error] => 0
    [info] => 
    [money] => 25.00
)
]
[13:58:29][http://www.168p2p.com/api/redbag/get4vote.php?user_id=49731&ordid=51547
{"error":0,"info":"","money":"25.00"}]
[13:58:29][Array
(
    [error] => 0
    [info] => 
    [money] => 25.00
)
]
[14:21:47][http://www.168p2p.com/api/redbag/get4vote.php?user_id=39422&ordid=51547
{"error":0,"info":"","money":"25.00"}]
[14:21:47][Array
(
    [error] => 0
    [info] => 
    [money] => 25.00
)
]
[15:11:32][http://www.168p2p.com/api/redbag/get4vote.php?user_id=155561203&ordid=51547
{"error":0,"info":"","money":"25.00"}]
[15:11:32][Array
(
    [error] => 0
    [info] => 
    [money] => 25.00
)
]
[15:31:50][http://www.168p2p.com/api/redbag/get4vote.php?user_id=155565604&ordid=51547
{"error":0,"info":"","money":"25.00"}]
[15:31:50][Array
(
    [error] => 0
    [info] => 
    [money] => 25.00
)
]
[15:46:39][http://www.168p2p.com/api/redbag/get4vote.php?user_id=155553698&ordid=51547
{"error":0,"info":"","money":"25.00"}]
[15:46:39][Array
(
    [error] => 0
    [info] => 
    [money] => 25.00
)
]
[15:55:48][http://www.168p2p.com/api/redbag/get4vote.php?user_id=155552735&ordid=51547
{"error":0,"info":"","money":"25.00"}]
[15:55:48][Array
(
    [error] => 0
    [info] => 
    [money] => 25.00
)
]
[16:39:26][http://www.168p2p.com/api/redbag/get4vote.php?user_id=1979&ordid=51547
{"error":0,"info":"","money":"25.00"}]
[16:39:26][Array
(
    [error] => 0
    [info] => 
    [money] => 25.00
)
]
[18:42:28][http://www.168p2p.com/api/redbag/get4vote.php?user_id=1680&ordid=51547
{"error":0,"info":"","money":"25.00"}]
[18:42:28][Array
(
    [error] => 0
    [info] => 
    [money] => 25.00
)
]
[19:16:52][http://www.168p2p.com/api/redbag/get4vote.php?user_id=154506108&ordid=51547
{"error":0,"info":"","money":"25.00"}]
[19:16:52][Array
(
    [error] => 0
    [info] => 
    [money] => 25.00
)
]
[19:42:26][http://www.168p2p.com/api/redbag/get4vote.php?user_id=8501&ordid=53637
{"error":120,"info":"\u62a2\u5149","money":0}]
[19:42:26][Array
(
    [error] => 120
    [info] => 抢光
    [money] => 0
)
]
[20:20:43][http://www.168p2p.com/api/redbag/get4vote.php?user_id=155553756&ordid=51547
{"error":0,"info":"","money":"25.00"}]
[20:20:43][Array
(
    [error] => 0
    [info] => 
    [money] => 25.00
)
]
[21:04:00][http://www.168p2p.com/api/redbag/get4vote.php?user_id=449&ordid=53637
{"error":120,"info":"\u62a2\u5149","money":0}]
[21:04:00][Array
(
    [error] => 120
    [info] => 抢光
    [money] => 0
)
]
[21:25:37][http://www.168p2p.com/api/redbag/get4vote.php?user_id=155553853&ordid=51547
{"error":0,"info":"","money":"25.00"}]
[21:25:37][Array
(
    [error] => 0
    [info] => 
    [money] => 25.00
)
]
[21:58:56][http://www.168p2p.com/api/redbag/get4vote.php?user_id=41091&ordid=51547
{"error":0,"info":"","money":"25.00"}]
[21:58:56][Array
(
    [error] => 0
    [info] => 
    [money] => 25.00
)
]
[23:40:54][http://www.168p2p.com/api/redbag/get4vote.php?user_id=155556090&ordid=51547
{"error":0,"info":"","money":"25.00"}]
[23:40:54][Array
(
    [error] => 0
    [info] => 
    [money] => 25.00
)
]
