[00:07:27][http://www.168p2p.com/api/redbag/get4vote.php?user_id=155561151&ordid=51547
{"error":0,"info":"","money":"25.00"}]
[00:07:27][Array
(
    [error] => 0
    [info] => 
    [money] => 25.00
)
]
[00:22:06][http://www.168p2p.com/api/redbag/get4vote.php?user_id=155670069&ordid=51547
{"error":0,"info":"","money":"25.00"}]
[00:22:06][Array
(
    [error] => 0
    [info] => 
    [money] => 25.00
)
]
[00:58:12][http://www.168p2p.com/api/redbag/get4vote.php?user_id=40235&ordid=51547
{"error":0,"info":"","money":"25.00"}]
[00:58:12][Array
(
    [error] => 0
    [info] => 
    [money] => 25.00
)
]
[04:53:13][http://www.168p2p.com/api/redbag/get4vote.php?user_id=155552578&ordid=51547
{"error":0,"info":"","money":"25.00"}]
[04:53:13][Array
(
    [error] => 0
    [info] => 
    [money] => 25.00
)
]
[05:02:16][http://www.168p2p.com/api/redbag/get4vote.php?user_id=155550329&ordid=51547
{"error":0,"info":"","money":"25.00"}]
[05:02:16][Array
(
    [error] => 0
    [info] => 
    [money] => 25.00
)
]
[05:46:43][http://www.168p2p.com/api/redbag/get4vote.php?user_id=155695988&ordid=51547
{"error":0,"info":"","money":"25.00"}]
[05:46:43][Array
(
    [error] => 0
    [info] => 
    [money] => 25.00
)
]
[06:19:22][http://www.168p2p.com/api/redbag/get4vote.php?user_id=2845&ordid=51547
{"error":0,"info":"","money":"25.00"}]
[06:19:22][Array
(
    [error] => 0
    [info] => 
    [money] => 25.00
)
]
[06:42:43][http://www.168p2p.com/api/redbag/get4vote.php?user_id=155550788&ordid=51547
{"error":0,"info":"","money":"25.00"}]
[06:42:43][Array
(
    [error] => 0
    [info] => 
    [money] => 25.00
)
]
[06:54:35][http://www.168p2p.com/api/redbag/get4vote.php?user_id=155552579&ordid=51547
{"error":0,"info":"","money":"25.00"}]
[06:54:35][Array
(
    [error] => 0
    [info] => 
    [money] => 25.00
)
]
[07:18:46][http://www.168p2p.com/api/redbag/get4vote.php?user_id=39877&ordid=51547
{"error":0,"info":"","money":"25.00"}]
[07:18:46][Array
(
    [error] => 0
    [info] => 
    [money] => 25.00
)
]
[07:32:25][http://www.168p2p.com/api/redbag/get4vote.php?user_id=152004&ordid=51547
{"error":0,"info":"","money":"25.00"}]
[07:32:25][Array
(
    [error] => 0
    [info] => 
    [money] => 25.00
)
]
[08:09:10][http://www.168p2p.com/api/redbag/get4vote.php?user_id=41091&ordid=51547
{"error":0,"info":"","money":"25.00"}]
[08:09:10][Array
(
    [error] => 0
    [info] => 
    [money] => 25.00
)
]
[08:57:39][http://www.168p2p.com/api/redbag/get4vote.php?user_id=58452&ordid=51547
{"error":0,"info":"","money":"25.00"}]
[08:57:39][Array
(
    [error] => 0
    [info] => 
    [money] => 25.00
)
]
[09:16:28][http://www.168p2p.com/api/redbag/get4vote.php?user_id=155565604&ordid=51546
{"error":0,"info":"","money":"100.00"}]
[09:16:28][Array
(
    [error] => 0
    [info] => 
    [money] => 100.00
)
]
[09:30:32][http://www.168p2p.com/api/redbag/get4vote.php?user_id=9897&ordid=53637
{"error":0,"info":"","money":"50.00"}]
[09:30:32][Array
(
    [error] => 0
    [info] => 
    [money] => 50.00
)
]
[09:49:05][http://www.168p2p.com/api/redbag/get4vote.php?user_id=155555779&ordid=51547
{"error":0,"info":"","money":"25.00"}]
[09:49:05][Array
(
    [error] => 0
    [info] => 
    [money] => 25.00
)
]
[09:59:22][http://www.168p2p.com/api/redbag/get4vote.php?user_id=6485&ordid=51547
{"error":0,"info":"","money":"25.00"}]
[09:59:22][Array
(
    [error] => 0
    [info] => 
    [money] => 25.00
)
]
[10:18:32][http://www.168p2p.com/api/redbag/get4vote.php?user_id=1043&ordid=53637
{"error":0,"info":"","money":"50.00"}]
[10:18:32][Array
(
    [error] => 0
    [info] => 
    [money] => 50.00
)
]
[11:23:01][http://www.168p2p.com/api/redbag/get4vote.php?user_id=44202&ordid=51547
{"error":0,"info":"","money":"25.00"}]
[11:23:01][Array
(
    [error] => 0
    [info] => 
    [money] => 25.00
)
]
[11:39:39][http://www.168p2p.com/api/redbag/get4vote.php?user_id=155602308&ordid=51547
{"error":0,"info":"","money":"25.00"}]
[11:39:39][Array
(
    [error] => 0
    [info] => 
    [money] => 25.00
)
]
[11:54:43][http://www.168p2p.com/api/redbag/get4vote.php?user_id=155552735&ordid=51547
{"error":0,"info":"","money":"25.00"}]
[11:54:43][Array
(
    [error] => 0
    [info] => 
    [money] => 25.00
)
]
[11:57:54][http://www.168p2p.com/api/redbag/get4vote.php?user_id=9537&ordid=51547
{"error":0,"info":"","money":"25.00"}]
[11:57:54][Array
(
    [error] => 0
    [info] => 
    [money] => 25.00
)
]
[12:18:41][http://www.168p2p.com/api/redbag/get4vote.php?user_id=155550561&ordid=51547
{"error":0,"info":"","money":"25.00"}]
[12:18:41][Array
(
    [error] => 0
    [info] => 
    [money] => 25.00
)
]
[12:40:22][http://www.168p2p.com/api/redbag/get4vote.php?user_id=1680&ordid=51547
{"error":0,"info":"","money":"25.00"}]
[12:40:22][Array
(
    [error] => 0
    [info] => 
    [money] => 25.00
)
]
[13:35:07][http://www.168p2p.com/api/redbag/get4vote.php?user_id=155700764&ordid=51547
{"error":0,"info":"","money":"25.00"}]
[13:35:07][Array
(
    [error] => 0
    [info] => 
    [money] => 25.00
)
]
[14:09:02][http://www.168p2p.com/api/redbag/get4vote.php?user_id=8501&ordid=51547
{"error":0,"info":"","money":"25.00"}]
[14:09:02][Array
(
    [error] => 0
    [info] => 
    [money] => 25.00
)
]
[14:34:29][http://www.168p2p.com/api/redbag/get4vote.php?user_id=154506104&ordid=51547
{"error":0,"info":"","money":"25.00"}]
[14:34:29][Array
(
    [error] => 0
    [info] => 
    [money] => 25.00
)
]
[14:46:59][http://www.168p2p.com/api/redbag/get4vote.php?user_id=155573981&ordid=53637
{"error":120,"info":"\u62a2\u5149","money":0}]
[14:46:59][Array
(
    [error] => 120
    [info] => 抢光
    [money] => 0
)
]
[15:50:39][http://www.168p2p.com/api/redbag/get4vote.php?user_id=155564150&ordid=51547
{"error":0,"info":"","money":"25.00"}]
[15:50:39][Array
(
    [error] => 0
    [info] => 
    [money] => 25.00
)
]
[16:19:29][http://www.168p2p.com/api/redbag/get4vote.php?user_id=154507362&ordid=51547
{"error":0,"info":"","money":"25.00"}]
[16:19:29][Array
(
    [error] => 0
    [info] => 
    [money] => 25.00
)
]
[16:35:22][http://www.168p2p.com/api/redbag/get4vote.php?user_id=154786&ordid=51547
{"error":0,"info":"","money":"25.00"}]
[16:35:22][Array
(
    [error] => 0
    [info] => 
    [money] => 25.00
)
]
[18:09:32][http://www.168p2p.com/api/redbag/get4vote.php?user_id=9545&ordid=51547
{"error":0,"info":"","money":"25.00"}]
[18:09:32][Array
(
    [error] => 0
    [info] => 
    [money] => 25.00
)
]
[19:09:15][http://www.168p2p.com/api/redbag/get4vote.php?user_id=155611754&ordid=51547
{"error":0,"info":"","money":"25.00"}]
[19:09:15][Array
(
    [error] => 0
    [info] => 
    [money] => 25.00
)
]
[19:33:29][http://www.168p2p.com/api/redbag/get4vote.php?user_id=42056&ordid=51547
{"error":0,"info":"","money":"25.00"}]
[19:33:29][Array
(
    [error] => 0
    [info] => 
    [money] => 25.00
)
]
[20:18:08][http://www.168p2p.com/api/redbag/get4vote.php?user_id=155717496&ordid=51547
{"error":0,"info":"","money":"25.00"}]
[20:18:08][Array
(
    [error] => 0
    [info] => 
    [money] => 25.00
)
]
[21:26:59][http://www.168p2p.com/api/redbag/get4vote.php?user_id=4218&ordid=51547
{"error":0,"info":"","money":"25.00"}]
[21:26:59][Array
(
    [error] => 0
    [info] => 
    [money] => 25.00
)
]
[21:58:58][http://www.168p2p.com/api/redbag/get4vote.php?user_id=155528917&ordid=51547
{"error":0,"info":"","money":"25.00"}]
[21:58:58][Array
(
    [error] => 0
    [info] => 
    [money] => 25.00
)
]
[22:08:33][http://www.168p2p.com/api/redbag/get4vote.php?user_id=155708298&ordid=51547
{"error":0,"info":"","money":"25.00"}]
[22:08:33][Array
(
    [error] => 0
    [info] => 
    [money] => 25.00
)
]
[22:46:45][http://www.168p2p.com/api/redbag/get4vote.php?user_id=9747&ordid=53637
{"error":120,"info":"\u62a2\u5149","money":0}]
[22:46:45][Array
(
    [error] => 120
    [info] => 抢光
    [money] => 0
)
]
[23:26:13][http://www.168p2p.com/api/redbag/get4vote.php?user_id=155553157&ordid=51547
{"error":0,"info":"","money":"25.00"}]
[23:26:13][Array
(
    [error] => 0
    [info] => 
    [money] => 25.00
)
]
[23:44:55][http://www.168p2p.com/api/redbag/get4vote.php?user_id=155633225&ordid=51547
{"error":0,"info":"","money":"25.00"}]
[23:44:55][Array
(
    [error] => 0
    [info] => 
    [money] => 25.00
)
]
