[00:14:39][http://www.168p2p.com/api/redbag/get4vote.php?user_id=155552578&ordid=53637
{"error":0,"info":"","money":"50.00"}]
[00:14:39][Array
(
    [error] => 0
    [info] => 
    [money] => 50.00
)
]
[01:22:42][http://www.168p2p.com/api/redbag/get4vote.php?user_id=2520&ordid=51547
{"error":0,"info":"","money":"25.00"}]
[01:22:42][Array
(
    [error] => 0
    [info] => 
    [money] => 25.00
)
]
[01:27:03][http://www.168p2p.com/api/redbag/get4vote.php?user_id=48966&ordid=51547
{"error":0,"info":"","money":"25.00"}]
[01:27:03][Array
(
    [error] => 0
    [info] => 
    [money] => 25.00
)
]
[01:50:20][http://www.168p2p.com/api/redbag/get4vote.php?user_id=155552579&ordid=51547
{"error":0,"info":"","money":"25.00"}]
[01:50:20][Array
(
    [error] => 0
    [info] => 
    [money] => 25.00
)
]
[05:32:37][http://www.168p2p.com/api/redbag/get4vote.php?user_id=155695988&ordid=51547
{"error":0,"info":"","money":"25.00"}]
[05:32:37][Array
(
    [error] => 0
    [info] => 
    [money] => 25.00
)
]
[05:59:02][http://www.168p2p.com/api/redbag/get4vote.php?user_id=8603&ordid=51547
{"error":0,"info":"","money":"25.00"}]
[05:59:02][Array
(
    [error] => 0
    [info] => 
    [money] => 25.00
)
]
[06:25:05][http://www.168p2p.com/api/redbag/get4vote.php?user_id=47164&ordid=51547
{"error":0,"info":"","money":"25.00"}]
[06:25:05][Array
(
    [error] => 0
    [info] => 
    [money] => 25.00
)
]
[06:37:57][http://www.168p2p.com/api/redbag/get4vote.php?user_id=155571096&ordid=51547
{"error":0,"info":"","money":"25.00"}]
[06:37:57][Array
(
    [error] => 0
    [info] => 
    [money] => 25.00
)
]
[06:57:20][http://www.168p2p.com/api/redbag/get4vote.php?user_id=590&ordid=51547
{"error":0,"info":"","money":"25.00"}]
[06:57:20][Array
(
    [error] => 0
    [info] => 
    [money] => 25.00
)
]
[07:28:25][http://www.168p2p.com/api/redbag/get4vote.php?user_id=155552735&ordid=51547
{"error":0,"info":"","money":"25.00"}]
[07:28:25][Array
(
    [error] => 0
    [info] => 
    [money] => 25.00
)
]
[07:57:05][http://www.168p2p.com/api/redbag/get4vote.php?user_id=155699192&ordid=51547
{"error":0,"info":"","money":"25.00"}]
[07:57:05][Array
(
    [error] => 0
    [info] => 
    [money] => 25.00
)
]
[08:30:45][http://www.168p2p.com/api/redbag/get4vote.php?user_id=155560735&ordid=51547
{"error":0,"info":"","money":"25.00"}]
[08:30:45][Array
(
    [error] => 0
    [info] => 
    [money] => 25.00
)
]
[08:42:49][http://www.168p2p.com/api/redbag/get4vote.php?user_id=155611763&ordid=51547
{"error":0,"info":"","money":"25.00"}]
[08:42:49][Array
(
    [error] => 0
    [info] => 
    [money] => 25.00
)
]
[08:54:36][http://www.168p2p.com/api/redbag/get4vote.php?user_id=449&ordid=53637
{"error":0,"info":"","money":"50.00"}]
[08:54:36][Array
(
    [error] => 0
    [info] => 
    [money] => 50.00
)
]
[09:23:19][http://www.168p2p.com/api/redbag/get4vote.php?user_id=88&ordid=51547
{"error":0,"info":"","money":"25.00"}]
[09:23:19][Array
(
    [error] => 0
    [info] => 
    [money] => 25.00
)
]
[09:35:43][http://www.168p2p.com/api/redbag/get4vote.php?user_id=37874&ordid=51547
{"error":0,"info":"","money":"25.00"}]
[09:35:43][Array
(
    [error] => 0
    [info] => 
    [money] => 25.00
)
]
[10:29:39][http://www.168p2p.com/api/redbag/get4vote.php?user_id=49198&ordid=51547
{"error":0,"info":"","money":"25.00"}]
[10:29:39][Array
(
    [error] => 0
    [info] => 
    [money] => 25.00
)
]
[10:51:58][http://www.168p2p.com/api/redbag/get4vote.php?user_id=155561203&ordid=51547
{"error":0,"info":"","money":"25.00"}]
[10:51:58][Array
(
    [error] => 0
    [info] => 
    [money] => 25.00
)
]
[11:25:16][http://www.168p2p.com/api/redbag/get4vote.php?user_id=1043&ordid=51547
{"error":0,"info":"","money":"25.00"}]
[11:25:16][Array
(
    [error] => 0
    [info] => 
    [money] => 25.00
)
]
[11:40:01][http://www.168p2p.com/api/redbag/get4vote.php?user_id=10487&ordid=51547
{"error":0,"info":"","money":"25.00"}]
[11:40:01][Array
(
    [error] => 0
    [info] => 
    [money] => 25.00
)
]
[11:57:52][http://www.168p2p.com/api/redbag/get4vote.php?user_id=155611754&ordid=51547
{"error":0,"info":"","money":"25.00"}]
[11:57:52][Array
(
    [error] => 0
    [info] => 
    [money] => 25.00
)
]
[12:07:27][http://www.168p2p.com/api/redbag/get4vote.php?user_id=58780&ordid=51547
{"error":0,"info":"","money":"25.00"}]
[12:07:27][Array
(
    [error] => 0
    [info] => 
    [money] => 25.00
)
]
[12:59:11][http://www.168p2p.com/api/redbag/get4vote.php?user_id=20697&ordid=51547
{"error":0,"info":"","money":"25.00"}]
[12:59:11][Array
(
    [error] => 0
    [info] => 
    [money] => 25.00
)
]
[13:10:52][http://www.168p2p.com/api/redbag/get4vote.php?user_id=13651&ordid=51547
{"error":0,"info":"","money":"25.00"}]
[13:10:52][Array
(
    [error] => 0
    [info] => 
    [money] => 25.00
)
]
[13:23:33][http://www.168p2p.com/api/redbag/get4vote.php?user_id=155692714&ordid=51547
{"error":0,"info":"","money":"25.00"}]
[13:23:33][Array
(
    [error] => 0
    [info] => 
    [money] => 25.00
)
]
[14:26:35][http://www.168p2p.com/api/redbag/get4vote.php?user_id=155555233&ordid=51546
{"error":0,"info":"","money":"100.00"}]
[14:26:35][Array
(
    [error] => 0
    [info] => 
    [money] => 100.00
)
]
[14:40:41][http://www.168p2p.com/api/redbag/get4vote.php?user_id=4218&ordid=53637
{"error":0,"info":"","money":"50.00"}]
[14:40:41][Array
(
    [error] => 0
    [info] => 
    [money] => 50.00
)
]
[15:17:42][http://www.168p2p.com/api/redbag/get4vote.php?user_id=41092&ordid=51547
{"error":0,"info":"","money":"25.00"}]
[15:17:42][Array
(
    [error] => 0
    [info] => 
    [money] => 25.00
)
]
[16:18:12][http://www.168p2p.com/api/redbag/get4vote.php?user_id=155548178&ordid=51547
{"error":0,"info":"","money":"25.00"}]
[16:18:12][Array
(
    [error] => 0
    [info] => 
    [money] => 25.00
)
]
[16:35:37][http://www.168p2p.com/api/redbag/get4vote.php?user_id=155692901&ordid=51547
{"error":0,"info":"","money":"25.00"}]
[16:35:37][Array
(
    [error] => 0
    [info] => 
    [money] => 25.00
)
]
[16:38:31][http://www.168p2p.com/api/redbag/get4vote.php?user_id=155700691&ordid=51547
{"error":0,"info":"","money":"25.00"}]
[16:38:31][Array
(
    [error] => 0
    [info] => 
    [money] => 25.00
)
]
[17:00:58][http://www.168p2p.com/api/redbag/get4vote.php?user_id=52907&ordid=51547
{"error":0,"info":"","money":"25.00"}]
[17:00:58][Array
(
    [error] => 0
    [info] => 
    [money] => 25.00
)
]
[17:11:58][http://www.168p2p.com/api/redbag/get4vote.php?user_id=155695981&ordid=51547
{"error":0,"info":"","money":"25.00"}]
[17:11:58][Array
(
    [error] => 0
    [info] => 
    [money] => 25.00
)
]
[18:24:41][http://www.168p2p.com/api/redbag/get4vote.php?user_id=44088&ordid=51547
{"error":0,"info":"","money":"25.00"}]
[18:24:41][Array
(
    [error] => 0
    [info] => 
    [money] => 25.00
)
]
[19:08:08][http://www.168p2p.com/api/redbag/get4vote.php?user_id=44202&ordid=51547
{"error":0,"info":"","money":"25.00"}]
[19:08:08][Array
(
    [error] => 0
    [info] => 
    [money] => 25.00
)
]
[19:27:32][http://www.168p2p.com/api/redbag/get4vote.php?user_id=155637949&ordid=51547
{"error":0,"info":"","money":"25.00"}]
[19:27:32][Array
(
    [error] => 0
    [info] => 
    [money] => 25.00
)
]
[20:21:30][http://www.168p2p.com/api/redbag/get4vote.php?user_id=150&ordid=53637
{"error":0,"info":"","money":"50.00"}]
[20:21:30][Array
(
    [error] => 0
    [info] => 
    [money] => 50.00
)
]
[20:34:23][http://www.168p2p.com/api/redbag/get4vote.php?user_id=155548727&ordid=53637
{"error":0,"info":"","money":"50.00"}]
[20:34:23][Array
(
    [error] => 0
    [info] => 
    [money] => 50.00
)
]
[20:48:40][http://www.168p2p.com/api/redbag/get4vote.php?user_id=155793&ordid=51547
{"error":0,"info":"","money":"25.00"}]
[20:48:40][Array
(
    [error] => 0
    [info] => 
    [money] => 25.00
)
]
[20:56:50][http://www.168p2p.com/api/redbag/get4vote.php?user_id=155709968&ordid=51547
{"error":0,"info":"","money":"25.00"}]
[20:56:50][Array
(
    [error] => 0
    [info] => 
    [money] => 25.00
)
]
[21:04:17][http://www.168p2p.com/api/redbag/get4vote.php?user_id=155709970&ordid=51547
{"error":0,"info":"","money":"25.00"}]
[21:04:17][Array
(
    [error] => 0
    [info] => 
    [money] => 25.00
)
]
[21:20:57][http://www.168p2p.com/api/redbag/get4vote.php?user_id=39619&ordid=51547
{"error":0,"info":"","money":"25.00"}]
[21:20:57][Array
(
    [error] => 0
    [info] => 
    [money] => 25.00
)
]
[22:15:06][http://www.168p2p.com/api/redbag/get4vote.php?user_id=155570750&ordid=51547
{"error":0,"info":"","money":"25.00"}]
[22:15:06][Array
(
    [error] => 0
    [info] => 
    [money] => 25.00
)
]
[23:17:20][http://www.168p2p.com/api/redbag/get4vote.php?user_id=42054&ordid=51547
{"error":0,"info":"","money":"25.00"}]
[23:17:20][Array
(
    [error] => 0
    [info] => 
    [money] => 25.00
)
]
[23:27:28][http://www.168p2p.com/api/redbag/get4vote.php?user_id=41919&ordid=51547
{"error":0,"info":"","money":"25.00"}]
[23:27:28][Array
(
    [error] => 0
    [info] => 
    [money] => 25.00
)
]
