[00:33:10][http://www.168p2p.com/api/redbag/get4vote.php?user_id=46264&ordid=51547
{"error":0,"info":"","money":"25.00"}]
[00:33:10][Array
(
    [error] => 0
    [info] => 
    [money] => 25.00
)
]
[00:45:34][http://www.168p2p.com/api/redbag/get4vote.php?user_id=155553698&ordid=51547
{"error":0,"info":"","money":"25.00"}]
[00:45:34][Array
(
    [error] => 0
    [info] => 
    [money] => 25.00
)
]
[00:55:24][http://www.168p2p.com/api/redbag/get4vote.php?user_id=155648992&ordid=51547
{"error":0,"info":"","money":"25.00"}]
[00:55:24][Array
(
    [error] => 0
    [info] => 
    [money] => 25.00
)
]
[05:39:49][http://www.168p2p.com/api/redbag/get4vote.php?user_id=8603&ordid=51547
{"error":0,"info":"","money":"25.00"}]
[05:39:49][Array
(
    [error] => 0
    [info] => 
    [money] => 25.00
)
]
[07:48:27][http://www.168p2p.com/api/redbag/get4vote.php?user_id=155573981&ordid=51547
{"error":0,"info":"","money":"25.00"}]
[07:48:27][Array
(
    [error] => 0
    [info] => 
    [money] => 25.00
)
]
[08:17:34][http://www.168p2p.com/api/redbag/get4vote.php?user_id=155555779&ordid=51547
{"error":0,"info":"","money":"25.00"}]
[08:17:34][Array
(
    [error] => 0
    [info] => 
    [money] => 25.00
)
]
[08:25:18][http://www.168p2p.com/api/redbag/get4vote.php?user_id=4964&ordid=51547
{"error":0,"info":"","money":"25.00"}]
[08:25:18][Array
(
    [error] => 0
    [info] => 
    [money] => 25.00
)
]
[09:33:02][http://www.168p2p.com/api/redbag/get4vote.php?user_id=155611754&ordid=51547
{"error":0,"info":"","money":"25.00"}]
[09:33:02][Array
(
    [error] => 0
    [info] => 
    [money] => 25.00
)
]
[10:19:04][http://www.168p2p.com/api/redbag/get4vote.php?user_id=49731&ordid=53637
{"error":0,"info":"","money":"50.00"}]
[10:19:04][Array
(
    [error] => 0
    [info] => 
    [money] => 50.00
)
]
[10:40:15][http://www.168p2p.com/api/redbag/get4vote.php?user_id=154507275&ordid=51547
{"error":0,"info":"","money":"25.00"}]
[10:40:15][Array
(
    [error] => 0
    [info] => 
    [money] => 25.00
)
]
[10:41:06][http://www.168p2p.com/api/redbag/get4vote.php?user_id=3768&ordid=51547
{"error":0,"info":"","money":"25.00"}]
[10:41:06][Array
(
    [error] => 0
    [info] => 
    [money] => 25.00
)
]
[11:18:36][http://www.168p2p.com/api/redbag/get4vote.php?user_id=155565604&ordid=51547
{"error":0,"info":"","money":"25.00"}]
[11:18:36][Array
(
    [error] => 0
    [info] => 
    [money] => 25.00
)
]
[11:21:39][http://www.168p2p.com/api/redbag/get4vote.php?user_id=3907&ordid=51547
{"error":0,"info":"","money":"25.00"}]
[11:21:39][Array
(
    [error] => 0
    [info] => 
    [money] => 25.00
)
]
[11:31:19][http://www.168p2p.com/api/redbag/get4vote.php?user_id=58452&ordid=53637
{"error":0,"info":"","money":"50.00"}]
[11:31:19][Array
(
    [error] => 0
    [info] => 
    [money] => 50.00
)
]
[11:42:51][http://www.168p2p.com/api/redbag/get4vote.php?user_id=3983&ordid=51547
{"error":0,"info":"","money":"25.00"}]
[11:42:51][Array
(
    [error] => 0
    [info] => 
    [money] => 25.00
)
]
[11:53:13][http://www.168p2p.com/api/redbag/get4vote.php?user_id=155610702&ordid=53637
{"error":0,"info":"","money":"50.00"}]
[11:53:13][Array
(
    [error] => 0
    [info] => 
    [money] => 50.00
)
]
[12:03:04][http://www.168p2p.com/api/redbag/get4vote.php?user_id=3805&ordid=51547
{"error":0,"info":"","money":"25.00"}]
[12:03:04][Array
(
    [error] => 0
    [info] => 
    [money] => 25.00
)
]
[12:42:36][http://www.168p2p.com/api/redbag/get4vote.php?user_id=155637949&ordid=51546
{"error":120,"info":"\u62a2\u5149","money":0}]
[12:42:36][Array
(
    [error] => 120
    [info] => 抢光
    [money] => 0
)
]
[12:51:03][http://www.168p2p.com/api/redbag/get4vote.php?user_id=3893&ordid=51547
{"error":0,"info":"","money":"25.00"}]
[12:51:03][Array
(
    [error] => 0
    [info] => 
    [money] => 25.00
)
]
[13:57:08][http://www.168p2p.com/api/redbag/get4vote.php?user_id=9697&ordid=51547
{"error":0,"info":"","money":"25.00"}]
[13:57:08][Array
(
    [error] => 0
    [info] => 
    [money] => 25.00
)
]
[14:05:43][http://www.168p2p.com/api/redbag/get4vote.php?user_id=41919&ordid=53637
{"error":0,"info":"","money":"50.00"}]
[14:05:43][Array
(
    [error] => 0
    [info] => 
    [money] => 50.00
)
]
[14:15:31][http://www.168p2p.com/api/redbag/get4vote.php?user_id=59914&ordid=51547
{"error":0,"info":"","money":"25.00"}]
[14:15:31][Array
(
    [error] => 0
    [info] => 
    [money] => 25.00
)
]
[15:12:56][http://www.168p2p.com/api/redbag/get4vote.php?user_id=58780&ordid=53637
{"error":120,"info":"\u62a2\u5149","money":0}]
[15:12:56][Array
(
    [error] => 120
    [info] => 抢光
    [money] => 0
)
]
[15:28:14][http://www.168p2p.com/api/redbag/get4vote.php?user_id=9861&ordid=51547
{"error":0,"info":"","money":"25.00"}]
[15:28:14][Array
(
    [error] => 0
    [info] => 
    [money] => 25.00
)
]
[15:48:30][http://www.168p2p.com/api/redbag/get4vote.php?user_id=27925&ordid=51547
{"error":0,"info":"","money":"25.00"}]
[15:48:30][Array
(
    [error] => 0
    [info] => 
    [money] => 25.00
)
]
[16:02:45][http://www.168p2p.com/api/redbag/get4vote.php?user_id=4218&ordid=51547
{"error":0,"info":"","money":"25.00"}]
[16:02:45][Array
(
    [error] => 0
    [info] => 
    [money] => 25.00
)
]
[16:12:26][http://www.168p2p.com/api/redbag/get4vote.php?user_id=4220&ordid=51547
{"error":0,"info":"","money":"25.00"}]
[16:12:26][Array
(
    [error] => 0
    [info] => 
    [money] => 25.00
)
]
[16:53:25][http://www.168p2p.com/api/redbag/get4vote.php?user_id=28189&ordid=51547
{"error":0,"info":"","money":"25.00"}]
[16:53:25][Array
(
    [error] => 0
    [info] => 
    [money] => 25.00
)
]
[17:05:53][http://www.168p2p.com/api/redbag/get4vote.php?user_id=155633225&ordid=51547
{"error":0,"info":"","money":"25.00"}]
[17:05:53][Array
(
    [error] => 0
    [info] => 
    [money] => 25.00
)
]
[17:54:23][http://www.168p2p.com/api/redbag/get4vote.php?user_id=39973&ordid=51547
{"error":0,"info":"","money":"25.00"}]
[17:54:23][Array
(
    [error] => 0
    [info] => 
    [money] => 25.00
)
]
[18:33:57][http://www.168p2p.com/api/redbag/get4vote.php?user_id=155550561&ordid=51547
{"error":0,"info":"","money":"25.00"}]
[18:33:57][Array
(
    [error] => 0
    [info] => 
    [money] => 25.00
)
]
[19:03:27][http://www.168p2p.com/api/redbag/get4vote.php?user_id=44246&ordid=51547
{"error":0,"info":"","money":"25.00"}]
[19:03:27][Array
(
    [error] => 0
    [info] => 
    [money] => 25.00
)
]
[19:21:11][http://www.168p2p.com/api/redbag/get4vote.php?user_id=155692763&ordid=51547
{"error":0,"info":"","money":"25.00"}]
[19:21:11][Array
(
    [error] => 0
    [info] => 
    [money] => 25.00
)
]
[20:12:35][http://www.168p2p.com/api/redbag/get4vote.php?user_id=154786&ordid=51547
{"error":0,"info":"","money":"25.00"}]
[20:12:35][Array
(
    [error] => 0
    [info] => 
    [money] => 25.00
)
]
[21:00:22][http://www.168p2p.com/api/redbag/get4vote.php?user_id=154508206&ordid=51547
{"error":0,"info":"","money":"25.00"}]
[21:00:22][Array
(
    [error] => 0
    [info] => 
    [money] => 25.00
)
]
[21:15:22][http://www.168p2p.com/api/redbag/get4vote.php?user_id=155700764&ordid=51547
{"error":0,"info":"","money":"25.00"}]
[21:15:22][Array
(
    [error] => 0
    [info] => 
    [money] => 25.00
)
]
[21:28:34][http://www.168p2p.com/api/redbag/get4vote.php?user_id=155547066&ordid=51547
{"error":0,"info":"","money":"25.00"}]
[21:28:34][Array
(
    [error] => 0
    [info] => 
    [money] => 25.00
)
]
[23:00:41][http://www.168p2p.com/api/redbag/get4vote.php?user_id=155686477&ordid=51547
{"error":0,"info":"","money":"25.00"}]
[23:00:41][Array
(
    [error] => 0
    [info] => 
    [money] => 25.00
)
]
[23:13:51][http://www.168p2p.com/api/redbag/get4vote.php?user_id=1043&ordid=51547
{"error":0,"info":"","money":"25.00"}]
[23:13:51][Array
(
    [error] => 0
    [info] => 
    [money] => 25.00
)
]
[23:23:26][http://www.168p2p.com/api/redbag/get4vote.php?user_id=155552578&ordid=51547
{"error":0,"info":"","money":"25.00"}]
[23:23:26][Array
(
    [error] => 0
    [info] => 
    [money] => 25.00
)
]
[23:31:59][http://www.168p2p.com/api/redbag/get4vote.php?user_id=155552270&ordid=51547
{"error":0,"info":"","money":"25.00"}]
[23:31:59][Array
(
    [error] => 0
    [info] => 
    [money] => 25.00
)
]
[23:54:57][http://www.168p2p.com/api/redbag/get4vote.php?user_id=271&ordid=51547
{"error":0,"info":"","money":"25.00"}]
[23:54:57][Array
(
    [error] => 0
    [info] => 
    [money] => 25.00
)
]
