[00:01:32][http://www.168p2p.com/api/redbag/get4vote.php?user_id=122807&ordid=51547
{"error":0,"info":"","money":"25.00"}]
[00:01:32][Array
(
    [error] => 0
    [info] => 
    [money] => 25.00
)
]
[02:12:53][http://www.168p2p.com/api/redbag/get4vote.php?user_id=155692901&ordid=51547
{"error":0,"info":"","money":"25.00"}]
[02:12:53][Array
(
    [error] => 0
    [info] => 
    [money] => 25.00
)
]
[06:55:09][http://www.168p2p.com/api/redbag/get4vote.php?user_id=155571096&ordid=51547
{"error":0,"info":"","money":"25.00"}]
[06:55:09][Array
(
    [error] => 0
    [info] => 
    [money] => 25.00
)
]
[07:12:13][http://www.168p2p.com/api/redbag/get4vote.php?user_id=6829&ordid=51547
{"error":0,"info":"","money":"25.00"}]
[07:12:13][Array
(
    [error] => 0
    [info] => 
    [money] => 25.00
)
]
[07:27:28][http://www.168p2p.com/api/redbag/get4vote.php?user_id=155614886&ordid=51547
{"error":0,"info":"","money":"25.00"}]
[07:27:28][Array
(
    [error] => 0
    [info] => 
    [money] => 25.00
)
]
[07:38:00][http://www.168p2p.com/api/redbag/get4vote.php?user_id=154506104&ordid=51547
{"error":0,"info":"","money":"25.00"}]
[07:38:00][Array
(
    [error] => 0
    [info] => 
    [money] => 25.00
)
]
[07:58:33][http://www.168p2p.com/api/redbag/get4vote.php?user_id=8603&ordid=51547
{"error":0,"info":"","money":"25.00"}]
[07:58:33][Array
(
    [error] => 0
    [info] => 
    [money] => 25.00
)
]
[08:09:19][http://www.168p2p.com/api/redbag/get4vote.php?user_id=146922&ordid=51547
{"error":0,"info":"","money":"25.00"}]
[08:09:19][Array
(
    [error] => 0
    [info] => 
    [money] => 25.00
)
]
[08:20:43][http://www.168p2p.com/api/redbag/get4vote.php?user_id=2845&ordid=53637
{"error":0,"info":"","money":"50.00"}]
[08:20:43][Array
(
    [error] => 0
    [info] => 
    [money] => 50.00
)
]
[08:37:30][http://www.168p2p.com/api/redbag/get4vote.php?user_id=155708298&ordid=51547
{"error":0,"info":"","money":"25.00"}]
[08:37:30][Array
(
    [error] => 0
    [info] => 
    [money] => 25.00
)
]
[08:49:14][http://www.168p2p.com/api/redbag/get4vote.php?user_id=155564581&ordid=51547
{"error":0,"info":"","money":"25.00"}]
[08:49:14][Array
(
    [error] => 0
    [info] => 
    [money] => 25.00
)
]
[09:13:08][http://www.168p2p.com/api/redbag/get4vote.php?user_id=155552620&ordid=51547
{"error":0,"info":"","money":"25.00"}]
[09:13:08][Array
(
    [error] => 0
    [info] => 
    [money] => 25.00
)
]
[09:37:17][http://www.168p2p.com/api/redbag/get4vote.php?user_id=154507362&ordid=51546
{"error":120,"info":"\u62a2\u5149","money":0}]
[09:37:17][Array
(
    [error] => 120
    [info] => 抢光
    [money] => 0
)
]
[10:14:08][http://www.168p2p.com/api/redbag/get4vote.php?user_id=154786&ordid=51547
{"error":0,"info":"","money":"25.00"}]
[10:14:08][Array
(
    [error] => 0
    [info] => 
    [money] => 25.00
)
]
[11:00:33][http://www.168p2p.com/api/redbag/get4vote.php?user_id=155533157&ordid=51547
{"error":0,"info":"","money":"25.00"}]
[11:00:33][Array
(
    [error] => 0
    [info] => 
    [money] => 25.00
)
]
[11:09:52][http://www.168p2p.com/api/redbag/get4vote.php?user_id=9747&ordid=51547
{"error":0,"info":"","money":"25.00"}]
[11:09:52][Array
(
    [error] => 0
    [info] => 
    [money] => 25.00
)
]
[11:28:38][http://www.168p2p.com/api/redbag/get4vote.php?user_id=6485&ordid=53637
{"error":0,"info":"","money":"50.00"}]
[11:28:38][Array
(
    [error] => 0
    [info] => 
    [money] => 50.00
)
]
[11:46:44][http://www.168p2p.com/api/redbag/get4vote.php?user_id=155552735&ordid=51547
{"error":0,"info":"","money":"25.00"}]
[11:46:44][Array
(
    [error] => 0
    [info] => 
    [money] => 25.00
)
]
[12:27:31][http://www.168p2p.com/api/redbag/get4vote.php?user_id=155579700&ordid=51547
{"error":0,"info":"","money":"25.00"}]
[12:27:31][Array
(
    [error] => 0
    [info] => 
    [money] => 25.00
)
]
[12:56:18][http://www.168p2p.com/api/redbag/get4vote.php?user_id=58780&ordid=53637
{"error":0,"info":"","money":"50.00"}]
[12:56:18][Array
(
    [error] => 0
    [info] => 
    [money] => 50.00
)
]
[13:09:09][http://www.168p2p.com/api/redbag/get4vote.php?user_id=914&ordid=51547
{"error":0,"info":"","money":"25.00"}]
[13:09:09][Array
(
    [error] => 0
    [info] => 
    [money] => 25.00
)
]
[13:23:09][http://www.168p2p.com/api/redbag/get4vote.php?user_id=155553839&ordid=51547
{"error":0,"info":"","money":"25.00"}]
[13:23:09][Array
(
    [error] => 0
    [info] => 
    [money] => 25.00
)
]
[13:44:16][http://www.168p2p.com/api/redbag/get4vote.php?user_id=2390&ordid=51547
{"error":0,"info":"","money":"25.00"}]
[13:44:16][Array
(
    [error] => 0
    [info] => 
    [money] => 25.00
)
]
[15:09:17][http://www.168p2p.com/api/redbag/get4vote.php?user_id=155648992&ordid=51547
{"error":0,"info":"","money":"25.00"}]
[15:09:17][Array
(
    [error] => 0
    [info] => 
    [money] => 25.00
)
]
[15:41:08][http://www.168p2p.com/api/redbag/get4vote.php?user_id=4340&ordid=51547
{"error":0,"info":"","money":"25.00"}]
[15:41:08][Array
(
    [error] => 0
    [info] => 
    [money] => 25.00
)
]
[15:55:38][http://www.168p2p.com/api/redbag/get4vote.php?user_id=20697&ordid=51547
{"error":0,"info":"","money":"25.00"}]
[15:55:38][Array
(
    [error] => 0
    [info] => 
    [money] => 25.00
)
]
[16:20:28][http://www.168p2p.com/api/redbag/get4vote.php?user_id=155553698&ordid=51547
{"error":0,"info":"","money":"25.00"}]
[16:20:28][Array
(
    [error] => 0
    [info] => 
    [money] => 25.00
)
]
[16:33:30][http://www.168p2p.com/api/redbag/get4vote.php?user_id=154507275&ordid=53637
{"error":0,"info":"","money":"50.00"}]
[16:33:30][Array
(
    [error] => 0
    [info] => 
    [money] => 50.00
)
]
[17:25:45][http://www.168p2p.com/api/redbag/get4vote.php?user_id=49731&ordid=51547
{"error":0,"info":"","money":"25.00"}]
[17:25:45][Array
(
    [error] => 0
    [info] => 
    [money] => 25.00
)
]
[17:43:10][http://www.168p2p.com/api/redbag/get4vote.php?user_id=154506108&ordid=51547
{"error":0,"info":"","money":"25.00"}]
[17:43:10][Array
(
    [error] => 0
    [info] => 
    [money] => 25.00
)
]
[18:07:38][http://www.168p2p.com/api/redbag/get4vote.php?user_id=155633225&ordid=51547
{"error":0,"info":"","money":"25.00"}]
[18:07:38][Array
(
    [error] => 0
    [info] => 
    [money] => 25.00
)
]
[18:48:41][http://www.168p2p.com/api/redbag/get4vote.php?user_id=798&ordid=51547
{"error":0,"info":"","money":"25.00"}]
[18:48:41][Array
(
    [error] => 0
    [info] => 
    [money] => 25.00
)
]
[20:16:37][http://www.168p2p.com/api/redbag/get4vote.php?user_id=155535674&ordid=51547
{"error":0,"info":"","money":"25.00"}]
[20:16:37][Array
(
    [error] => 0
    [info] => 
    [money] => 25.00
)
]
[20:38:31][http://www.168p2p.com/api/redbag/get4vote.php?user_id=59914&ordid=51547
{"error":0,"info":"","money":"25.00"}]
[20:38:31][Array
(
    [error] => 0
    [info] => 
    [money] => 25.00
)
]
[21:31:14][http://www.168p2p.com/api/redbag/get4vote.php?user_id=155697616&ordid=51547
{"error":0,"info":"","money":"25.00"}]
[21:31:14][Array
(
    [error] => 0
    [info] => 
    [money] => 25.00
)
]
[21:41:04][http://www.168p2p.com/api/redbag/get4vote.php?user_id=8501&ordid=53637
{"error":120,"info":"\u62a2\u5149","money":0}]
[21:41:04][Array
(
    [error] => 120
    [info] => 抢光
    [money] => 0
)
]
[21:57:58][http://www.168p2p.com/api/redbag/get4vote.php?user_id=44246&ordid=51547
{"error":0,"info":"","money":"25.00"}]
[21:57:58][Array
(
    [error] => 0
    [info] => 
    [money] => 25.00
)
]
[22:19:32][http://www.168p2p.com/api/redbag/get4vote.php?user_id=3217&ordid=51547
{"error":0,"info":"","money":"25.00"}]
[22:19:32][Array
(
    [error] => 0
    [info] => 
    [money] => 25.00
)
]
[22:51:53][http://www.168p2p.com/api/redbag/get4vote.php?user_id=155528917&ordid=51547
{"error":0,"info":"","money":"25.00"}]
[22:51:53][Array
(
    [error] => 0
    [info] => 
    [money] => 25.00
)
]
