[00:50:58][http://www.168p2p.com/api/redbag/get4vote.php?user_id=7516&ordid=51547
{"error":0,"info":"","money":"25.00"}]
[00:50:58][Array
(
    [error] => 0
    [info] => 
    [money] => 25.00
)
]
[01:57:51][http://www.168p2p.com/api/redbag/get4vote.php?user_id=155588103&ordid=51547
{"error":0,"info":"","money":"25.00"}]
[01:57:51][Array
(
    [error] => 0
    [info] => 
    [money] => 25.00
)
]
[05:47:57][http://www.168p2p.com/api/redbag/get4vote.php?user_id=155571096&ordid=51547
{"error":0,"info":"","money":"25.00"}]
[05:47:57][Array
(
    [error] => 0
    [info] => 
    [money] => 25.00
)
]
[06:29:18][http://www.168p2p.com/api/redbag/get4vote.php?user_id=155554652&ordid=51547
{"error":0,"info":"","money":"25.00"}]
[06:29:18][Array
(
    [error] => 0
    [info] => 
    [money] => 25.00
)
]
[08:14:26][http://www.168p2p.com/api/redbag/get4vote.php?user_id=155555693&ordid=51547
{"error":0,"info":"","money":"25.00"}]
[08:14:26][Array
(
    [error] => 0
    [info] => 
    [money] => 25.00
)
]
[08:23:19][http://www.168p2p.com/api/redbag/get4vote.php?user_id=155555779&ordid=51547
{"error":0,"info":"","money":"25.00"}]
[08:23:19][Array
(
    [error] => 0
    [info] => 
    [money] => 25.00
)
]
[08:44:06][http://www.168p2p.com/api/redbag/get4vote.php?user_id=3983&ordid=51547
{"error":0,"info":"","money":"25.00"}]
[08:44:06][Array
(
    [error] => 0
    [info] => 
    [money] => 25.00
)
]
[08:52:32][http://www.168p2p.com/api/redbag/get4vote.php?user_id=150&ordid=51547
{"error":0,"info":"","money":"25.00"}]
[08:52:32][Array
(
    [error] => 0
    [info] => 
    [money] => 25.00
)
]
[09:04:22][http://www.168p2p.com/api/redbag/get4vote.php?user_id=155611763&ordid=51547
{"error":0,"info":"","money":"25.00"}]
[09:04:22][Array
(
    [error] => 0
    [info] => 
    [money] => 25.00
)
]
[09:13:20][http://www.168p2p.com/api/redbag/get4vote.php?user_id=155565604&ordid=51547
{"error":0,"info":"","money":"25.00"}]
[09:13:20][Array
(
    [error] => 0
    [info] => 
    [money] => 25.00
)
]
[09:35:49][http://www.168p2p.com/api/redbag/get4vote.php?user_id=151962&ordid=53637
{"error":0,"info":"","money":"50.00"}]
[09:35:49][Array
(
    [error] => 0
    [info] => 
    [money] => 50.00
)
]
[09:49:36][http://www.168p2p.com/api/redbag/get4vote.php?user_id=47164&ordid=51546
{"error":120,"info":"\u62a2\u5149","money":0}]
[09:49:36][Array
(
    [error] => 120
    [info] => 抢光
    [money] => 0
)
]
[11:07:25][http://www.168p2p.com/api/redbag/get4vote.php?user_id=155672106&ordid=51547
{"error":0,"info":"","money":"25.00"}]
[11:07:25][Array
(
    [error] => 0
    [info] => 
    [money] => 25.00
)
]
[11:29:53][http://www.168p2p.com/api/redbag/get4vote.php?user_id=155553756&ordid=51547
{"error":0,"info":"","money":"25.00"}]
[11:29:53][Array
(
    [error] => 0
    [info] => 
    [money] => 25.00
)
]
[11:30:02][http://www.168p2p.com/api/redbag/get4vote.php?user_id=155709988&ordid=51547
{"error":0,"info":"","money":"25.00"}]
[11:30:02][Array
(
    [error] => 0
    [info] => 
    [money] => 25.00
)
]
[13:24:56][http://www.168p2p.com/api/redbag/get4vote.php?user_id=155611754&ordid=53637
{"error":0,"info":"","money":"50.00"}]
[13:24:56][Array
(
    [error] => 0
    [info] => 
    [money] => 50.00
)
]
[14:50:06][http://www.168p2p.com/api/redbag/get4vote.php?user_id=4715&ordid=53637
{"error":0,"info":"","money":"50.00"}]
[14:50:06][Array
(
    [error] => 0
    [info] => 
    [money] => 50.00
)
]
[15:05:09][http://www.168p2p.com/api/redbag/get4vote.php?user_id=1588&ordid=51547
{"error":0,"info":"","money":"25.00"}]
[15:05:09][Array
(
    [error] => 0
    [info] => 
    [money] => 25.00
)
]
[16:05:19][http://www.168p2p.com/api/redbag/get4vote.php?user_id=4218&ordid=51547
{"error":0,"info":"","money":"25.00"}]
[16:05:19][Array
(
    [error] => 0
    [info] => 
    [money] => 25.00
)
]
[16:21:00][http://www.168p2p.com/api/redbag/get4vote.php?user_id=27925&ordid=53637
{"error":0,"info":"","money":"50.00"}]
[16:21:00][Array
(
    [error] => 0
    [info] => 
    [money] => 50.00
)
]
[16:40:07][http://www.168p2p.com/api/redbag/get4vote.php?user_id=155579700&ordid=51547
{"error":0,"info":"","money":"25.00"}]
[16:40:07][Array
(
    [error] => 0
    [info] => 
    [money] => 25.00
)
]
[16:49:24][http://www.168p2p.com/api/redbag/get4vote.php?user_id=155570750&ordid=51547
{"error":0,"info":"","money":"25.00"}]
[16:49:24][Array
(
    [error] => 0
    [info] => 
    [money] => 25.00
)
]
[17:22:38][http://www.168p2p.com/api/redbag/get4vote.php?user_id=155573981&ordid=51547
{"error":0,"info":"","money":"25.00"}]
[17:22:38][Array
(
    [error] => 0
    [info] => 
    [money] => 25.00
)
]
[17:55:29][http://www.168p2p.com/api/redbag/get4vote.php?user_id=155552620&ordid=51547
{"error":0,"info":"","money":"25.00"}]
[17:55:29][Array
(
    [error] => 0
    [info] => 
    [money] => 25.00
)
]
[18:23:02][http://www.168p2p.com/api/redbag/get4vote.php?user_id=155633225&ordid=51547
{"error":0,"info":"","money":"25.00"}]
[18:23:02][Array
(
    [error] => 0
    [info] => 
    [money] => 25.00
)
]
[19:57:15][http://www.168p2p.com/api/redbag/get4vote.php?user_id=155590661&ordid=51547
{"error":0,"info":"","money":"25.00"}]
[19:57:15][Array
(
    [error] => 0
    [info] => 
    [money] => 25.00
)
]
[20:24:08][http://www.168p2p.com/api/redbag/get4vote.php?user_id=57202&ordid=51547
{"error":0,"info":"","money":"25.00"}]
[20:24:08][Array
(
    [error] => 0
    [info] => 
    [money] => 25.00
)
]
[21:24:57][http://www.168p2p.com/api/redbag/get4vote.php?user_id=155553839&ordid=51547
{"error":0,"info":"","money":"25.00"}]
[21:24:57][Array
(
    [error] => 0
    [info] => 
    [money] => 25.00
)
]
[21:35:37][http://www.168p2p.com/api/redbag/get4vote.php?user_id=155692901&ordid=51547
{"error":0,"info":"","money":"25.00"}]
[21:35:37][Array
(
    [error] => 0
    [info] => 
    [money] => 25.00
)
]
[21:47:51][http://www.168p2p.com/api/redbag/get4vote.php?user_id=155550788&ordid=51547
{"error":0,"info":"","money":"25.00"}]
[21:47:51][Array
(
    [error] => 0
    [info] => 
    [money] => 25.00
)
]
[22:03:07][http://www.168p2p.com/api/redbag/get4vote.php?user_id=155548178&ordid=51547
{"error":0,"info":"","money":"25.00"}]
[22:03:07][Array
(
    [error] => 0
    [info] => 
    [money] => 25.00
)
]
[22:15:58][http://www.168p2p.com/api/redbag/get4vote.php?user_id=88&ordid=51547
{"error":0,"info":"","money":"25.00"}]
[22:15:58][Array
(
    [error] => 0
    [info] => 
    [money] => 25.00
)
]
[22:28:41][http://www.168p2p.com/api/redbag/get4vote.php?user_id=1979&ordid=53637
{"error":120,"info":"\u62a2\u5149","money":0}]
[22:28:41][Array
(
    [error] => 120
    [info] => 抢光
    [money] => 0
)
]
[23:57:54][http://www.168p2p.com/api/redbag/get4vote.php?user_id=136&ordid=51547
{"error":0,"info":"","money":"25.00"}]
[23:57:54][Array
(
    [error] => 0
    [info] => 
    [money] => 25.00
)
]
