iii
13338550457
13338550457
qq:1445310060
Array
(
    [userid] => 155660128
    [giftid] => 51546
)

Array
(
    [userid] => 155660128
    [giftid] => 51546
)

Array
(
    [userid] => 155660128
    [giftid] => 51546
)
160220
Array
(
    [userid] => 155660128
    [giftid] => 51546
)
160220
Array
(
    [userid] => 155660128
    [giftid] => 51546
)
160220
1-----160220
Array
(
    [userid] => 155660128
    [giftid] => 53637
)
160220
1-----160220
Array
(
    [userid] => 155660128
    [giftid] => 53637
)
160220
-----160220
Array
(
    [userid] => 155660128
    [giftid] => 53637
)
160220
-----160220
Array
(
    [userid] => 155555846
    [giftid] => 51546
)
160220
1-----160220
Array
(
    [userid] => 155555850
    [giftid] => 51546
)
160220
1-----160220
Array
(
    [userid] => 155660128
    [giftid] => 51546
)
160220
-----160220
Array
(
    [userid] => 155661711
    [giftid] => 51546
)
160220
1-----160220
Array
(
    [userid] => 155660128
    [giftid] => 51546
)
160220
-----160220
Array
(
    [userid] => 155660128
    [giftid] => 51546
)
160220
-----160220
Array
(
    [userid] => 155555850
    [giftid] => 51546
)
160220
-----160220
Array
(
    [userid] => 155555850
    [giftid] => 51546
)
160220
-----160220
Array
(
    [userid] => 155555850
    [giftid] => 51546
)
160220
-----160220
Array
(
    [userid] => 155555850
    [giftid] => 53637
)
160220
1-----160220
Array
(
    [userid] => 155555850
    [giftid] => 51546
)
160220
-----160220
Array
(
    [userid] => 155555846
    [giftid] => 53637
)
160220
1-----160220
Array
(
    [userid] => 155555878
    [giftid] => 53637
)
160222
-----160222
Array
(
    [userid] => 155555846
    [giftid] => 53637
)
160222
1-----160222
Array
(
    [userid] => 155664750
    [giftid] => 51546
)
160222
1-----160222
Array
(
    [userid] => 155660128
    [giftid] => 53637
)
160222
1-----160222
Array
(
    [userid] => 155660128
    [giftid] => 53637
)
160222
-----160222
Array
(
    [userid] => 155660128
    [giftid] => 53637
)
160222
-----160222
Array
(
    [userid] => 155555836
    [giftid] => 53637
)
160222
1-----160222
Array
(
    [userid] => 155555836
    [giftid] => 51546
)
160223
1-----160223
Array
(
    [userid] => 155660128
    [giftid] => 53637
)
160223
1-----160223
Array
(
    [userid] => 155660128
    [giftid] => 51546
)
160223
1-----160223
Array
(
    [userid] => 155660128
    [giftid] => 51546
)
160223
-----160223
Array
(
    [userid] => 155660128
    [giftid] => 51546
)
160223
-----160223
Array
(
    [userid] => 155660128
    [giftid] => 51546
)
160223
-----160223
Array
(
    [userid] => 155660128
    [giftid] => 51546
)
160223
-----160223
Array
(
    [userid] => 155660128
    [giftid] => 51546
)
160223
-----160223
Array
(
    [userid] => 155660128
    [giftid] => 51546
)
160223
-----160223
Array
(
    [userid] => 155660128
    [giftid] => 51546
)
160223
-----160223
Array
(
    [userid] => 155660128
    [giftid] => 51546
)
160224
1-----160224
Array
(
    [userid] => 155660128
    [giftid] => 51546
)
160225
-----160225
Array
(
    [userid] => 155555846
    [giftid] => 51546
)
160225
1-----160225
Array
(
    [userid] => 155555846
    [giftid] => 51546
)
160226
1-----160226
Array
(
    [userid] => 155555846
    [giftid] => 51546
)
160226
-----160226
Array
(
    [userid] => 155660128
    [giftid] => 
)
160226
-----160226
Array
(
    [userid] => 155555846
    [giftid] => 
)
160226
-----160226
Array
(
    [userid] => 155555846
    [giftid] => 51547
)
160226
1-----160226
Array
(
    [userid] => 155660128
    [giftid] => 51547
)
160226
1-----160226
Array
(
    [userid] => 155664750
    [giftid] => 51547
)
160226
1-----160226
Array
(
    [userid] => 155660128
    [giftid] => 51547
)
160226
1-----160226
Array
(
    [userid] => 155660128
    [giftid] => 51546
)
160226
-----160226
Array
(
    [userid] => 155555846
    [giftid] => 51546
)
160226
-----160226
Array
(
    [userid] => 155555850
    [giftid] => 51546
)
160226
-----160226
Array
(
    [userid] => 155660128
    [giftid] => 51547
)
160226
1-----160226
Array
(
    [userid] => 155660128
    [giftid] => 51547
)
160226
1-----160226
Array
(
    [userid] => 155660128
    [giftid] => 51547
)
160226
1-----160226
Array
(
    [userid] => 155660128
    [giftid] => 53637
)
160226
1-----160226
Array
(
    [userid] => 155660128
    [giftid] => 53637
)
160226
1-----160226
Array
(
    [userid] => 155660128
    [giftid] => 53637
)
160226
1-----160226
Array
(
    [userid] => 155660128
    [giftid] => 53637
)
160226
1-----160226
Array
(
    [userid] => 155660128
    [giftid] => 53637
)
160226
1-----160226
Array
(
    [userid] => 155660128
    [giftid] => 53637
)
160226
1-----160226
Array
(
    [userid] => 155660128
    [giftid] => 53637
)
160226
-----160226
Array
(
    [userid] => 155660128
    [giftid] => 53637
)
160229
1-----160229
Array
(
    [userid] => 155660128
    [giftid] => 53637
)
160301
1-----160301
Array
(
    [userid] => 155660128
    [giftid] => 53637
)
160302
1-----160302
Array
(
    [userid] => 155660128
    [giftid] => 53637
)
160302
1-----160302
Array
(
    [userid] => 155555846
    [giftid] => 51546
)
160302
-----160302
Array
(
    [userid] => 155692622
    [giftid] => 51547
)
160303
1-----160303
Array
(
    [userid] => 9861
    [giftid] => 51547
)
160303
1-----160303
Array
(
    [userid] => 155692689
    [giftid] => 51547
)
160303
1-----160303
Array
(
    [userid] => 155660128
    [giftid] => 53637
)
160303
1-----160303
Array
(
    [userid] => 155692716
    [giftid] => 51547
)
160303
1-----160303
Array
(
    [userid] => 155692806
    [giftid] => 51547
)
160303
-----160303
Array
(
    [userid] => 155571680
    [giftid] => 51547
)
160303
-----160303
Array
(
    [userid] => 2644
    [giftid] => 51547
)
160303
-----160303
Array
(
    [userid] => 155692814
    [giftid] => 51547
)
160303
-----160303
Array
(
    [userid] => 155556090
    [giftid] => 51547
)
160303
-----160303
Array
(
    [userid] => 6
    [giftid] => 51547
)
160303
-----160303
Array
(
    [userid] => 52348
    [giftid] => 51546
)
160303
-----160303
Array
(
    [userid] => 155550788
    [giftid] => 53637
)
160303
-----160303
Array
(
    [userid] => 155692868
    [giftid] => 53637
)
160303
-----160303
Array
(
    [userid] => 155555850
    [giftid] => 51546
)
160304
-----160304
Array
(
    [userid] => 154506104
    [giftid] => 53637
)
160304
1-----160304
Array
(
    [userid] => 155694411
    [giftid] => 51547
)
160304
1-----160304
Array
(
    [userid] => 155692826
    [giftid] => 53637
)
160304
1-----160304
Array
(
    [userid] => 155660128
    [giftid] => 53637
)
160304
1-----160304
Array
(
    [userid] => 155692884
    [giftid] => 51547
)
160304
1-----160304
Array
(
    [userid] => 151122
    [giftid] => 51547
)
160304
-----160304
Array
(
    [userid] => 10072
    [giftid] => 53637
)
160304
-----160304
Array
(
    [userid] => 155692739
    [giftid] => 51547
)
160304
-----160304
Array
(
    [userid] => 155548662
    [giftid] => 51547
)
160304
-----160304
Array
(
    [userid] => 155692725
    [giftid] => 51547
)
160304
-----160304
Array
(
    [userid] => 155692793
    [giftid] => 53637
)
160304
-----160304
Array
(
    [userid] => 155692899
    [giftid] => 51547
)
160304
-----160304
Array
(
    [userid] => 3031
    [giftid] => 51547
)
160305
1-----160305
Array
(
    [userid] => 155692790
    [giftid] => 53637
)
160305
1-----160305
Array
(
    [userid] => 155692725
    [giftid] => 53637
)
160305
1-----160305
Array
(
    [userid] => 155692748
    [giftid] => 51547
)
160305
1-----160305
Array
(
    [userid] => 1567
    [giftid] => 51547
)
160305
1-----160305
Array
(
    [userid] => 155692753
    [giftid] => 53637
)
160305
-----160305
Array
(
    [userid] => 155692793
    [giftid] => 51547
)
160305
1-----160305
Array
(
    [userid] => 155692899
    [giftid] => 51547
)
160305
1-----160305
Array
(
    [userid] => 449
    [giftid] => 51547
)
160305
-----160305
Array
(
    [userid] => 155550788
    [giftid] => 51547
)
160305
-----160305
Array
(
    [userid] => 155573981
    [giftid] => 53637
)
160305
-----160305
Array
(
    [userid] => 154508148
    [giftid] => 53637
)
160305
-----160305
Array
(
    [userid] => 3031
    [giftid] => 51547
)
160306
1-----160306
Array
(
    [userid] => 155692760
    [giftid] => 51546
)
160306
1-----160306
Array
(
    [userid] => 155692883
    [giftid] => 53637
)
160306
1-----160306
Array
(
    [userid] => 155692899
    [giftid] => 53637
)
160306
-----160306
Array
(
    [userid] => 155692718
    [giftid] => 51547
)
160306
1-----160306
Array
(
    [userid] => 1043
    [giftid] => 51547
)
160306
1-----160306
Array
(
    [userid] => 8603
    [giftid] => 51547
)
160306
1-----160306
Array
(
    [userid] => 155692749
    [giftid] => 53637
)
160306
-----160306
Array
(
    [userid] => 155697642
    [giftid] => 51547
)
160306
1-----160306
Array
(
    [userid] => 155692741
    [giftid] => 51547
)
160306
-----160306
Array
(
    [userid] => 155687044
    [giftid] => 51547
)
160306
-----160306
Array
(
    [userid] => 155696056
    [giftid] => 53637
)
160306
-----160306
Array
(
    [userid] => 155695988
    [giftid] => 51547
)
160307
1-----160307
Array
(
    [userid] => 155692718
    [giftid] => 53637
)
160307
1-----160307
Array
(
    [userid] => 155699123
    [giftid] => 51547
)
160307
1-----160307
Array
(
    [userid] => 136
    [giftid] => 51547
)
160307
1-----160307
Array
(
    [userid] => Array
        (
            [0] => Array
                (
                    [id] => 977
                )

        )

    [giftid] => 51547
)
160307
1-----160307
Array
(
    [userid] => 151122
    [giftid] => 51547
)
160307
1-----160307
Array
(
    [userid] => 155692714
    [giftid] => 51547
)
160307
-----160307
Array
(
    [userid] => 9545
    [giftid] => 51547
)
160307
-----160307
Array
(
    [userid] => 289
    [giftid] => 51547
)
160307
-----160307
Array
(
    [userid] => 155696075
    [giftid] => 51547
)
160307
-----160307
Array
(
    [userid] => 155549159
    [giftid] => 51547
)
160307
-----160307
Array
(
    [userid] => 155692884
    [giftid] => 53637
)
160307
1-----160307
Array
(
    [userid] => 155692790
    [giftid] => 53637
)
160307
1-----160307
Array
(
    [userid] => 1043
    [giftid] => 53637
)
160307
-----160307
Array
(
    [userid] => 155671500
    [giftid] => 51547
)
160308
1-----160308
Array
(
    [userid] => 155695988
    [giftid] => 53637
)
160308
1-----160308
Array
(
    [userid] => 3031
    [giftid] => 53637
)
160308
1-----160308
Array
(
    [userid] => 2845
    [giftid] => 51546
)
160308
1-----160308
Array
(
    [userid] => 155692780
    [giftid] => 51547
)
160308
1-----160308
Array
(
    [userid] => 25
    [giftid] => 51547
)
160308
1-----160308
Array
(
    [userid] => 11158
    [giftid] => 53637
)
160308
-----160308
Array
(
    [userid] => 154142
    [giftid] => 51547
)
160308
1-----160308
Array
(
    [userid] => 155692884
    [giftid] => 53637
)
160308
-----160308
Array
(
    [userid] => 8515
    [giftid] => 51547
)
160308
1-----160308
Array
(
    [userid] => 52352
    [giftid] => 51547
)
160308
1-----160308
Array
(
    [userid] => 44246
    [giftid] => 51547
)
160308
1-----160308
Array
(
    [userid] => 42054
    [giftid] => 51547
)
160308
1-----160308
Array
(
    [userid] => 155692807
    [giftid] => 51547
)
160308
1-----160308
Array
(
    [userid] => 155696072
    [giftid] => 51547
)
160308
1-----160308
Array
(
    [userid] => 155696040
    [giftid] => 51547
)
160308
1-----160308
Array
(
    [userid] => 155692824
    [giftid] => 51547
)
160308
1-----160308
Array
(
    [userid] => 155553306
    [giftid] => 51547
)
160308
1-----160308
Array
(
    [userid] => 39973
    [giftid] => 51547
)
160308
1-----160308
Array
(
    [userid] => 1043
    [giftid] => 51547
)
160308
1-----160308
Array
(
    [userid] => 8603
    [giftid] => 51547
)
160308
1-----160308
Array
(
    [userid] => 155692793
    [giftid] => 53637
)
160308
-----160308
Array
(
    [userid] => 155692770
    [giftid] => 51547
)
160308
1-----160308
Array
(
    [userid] => 1443
    [giftid] => 51547
)
160308
1-----160308
Array
(
    [userid] => 155611754
    [giftid] => 51547
)
160308
1-----160308
Array
(
    [userid] => 46264
    [giftid] => 51547
)
160309
1-----160309
Array
(
    [userid] => 155695988
    [giftid] => 51547
)
160309
1-----160309
Array
(
    [userid] => 155692782
    [giftid] => 51547
)
160309
1-----160309
Array
(
    [userid] => 155548662
    [giftid] => 53637
)
160309
1-----160309
Array
(
    [userid] => 9545
    [giftid] => 51547
)
160309
1-----160309
Array
(
    [userid] => 155535968
    [giftid] => 51547
)
160309
1-----160309
Array
(
    [userid] => 11158
    [giftid] => 51547
)
160309
1-----160309
Array
(
    [userid] => 155555263
    [giftid] => 51547
)
160309
1-----160309
Array
(
    [userid] => 155642364
    [giftid] => 51547
)
160309
1-----160309
Array
(
    [userid] => 153392
    [giftid] => 51547
)
160309
1-----160309
Array
(
    [userid] => 155554076
    [giftid] => 51547
)
160309
1-----160309
Array
(
    [userid] => 155553157
    [giftid] => 51547
)
160309
1-----160309
Array
(
    [userid] => 155702283
    [giftid] => 51547
)
160309
1-----160309
Array
(
    [userid] => 1268
    [giftid] => 51547
)
160309
1-----160309
Array
(
    [userid] => 155611746
    [giftid] => 51547
)
160309
1-----160309
Array
(
    [userid] => 155696093
    [giftid] => 53637
)
160309
1-----160309
Array
(
    [userid] => 9897
    [giftid] => 51547
)
160309
-----160309
Array
(
    [userid] => 155590661
    [giftid] => 51547
)
160309
1-----160309
Array
(
    [userid] => 150
    [giftid] => 51546
)
160309
-----160309
Array
(
    [userid] => 276
    [giftid] => 51547
)
160309
1-----160309
Array
(
    [userid] => 155696076
    [giftid] => 51547
)
160309
1-----160309
Array
(
    [userid] => 155696014
    [giftid] => 51547
)
160309
1-----160309
Array
(
    [userid] => 155696067
    [giftid] => 51547
)
160309
1-----160309
Array
(
    [userid] => 155696024
    [giftid] => 51547
)
160309
1-----160309
Array
(
    [userid] => 155696078
    [giftid] => 51547
)
160309
1-----160309
Array
(
    [userid] => 155696060
    [giftid] => 51547
)
160309
1-----160309
Array
(
    [userid] => 155696015
    [giftid] => 51547
)
160309
1-----160309
Array
(
    [userid] => 155696028
    [giftid] => 51547
)
160309
1-----160309
Array
(
    [userid] => 155696019
    [giftid] => 51547
)
160309
1-----160309
Array
(
    [userid] => 155696029
    [giftid] => 51547
)
160309
1-----160309
Array
(
    [userid] => 155696079
    [giftid] => 51547
)
160309
1-----160309
Array
(
    [userid] => 155695995
    [giftid] => 51547
)
160309
1-----160309
Array
(
    [userid] => 155696022
    [giftid] => 51547
)
160309
1-----160309
Array
(
    [userid] => 155696065
    [giftid] => 51547
)
160309
1-----160309
Array
(
    [userid] => 155696071
    [giftid] => 51547
)
160309
1-----160309
Array
(
    [userid] => 155696061
    [giftid] => 51547
)
160309
1-----160309
Array
(
    [userid] => 155696027
    [giftid] => 51547
)
160309
1-----160309
Array
(
    [userid] => 155696080
    [giftid] => 51547
)
160309
1-----160309
Array
(
    [userid] => 155696025
    [giftid] => 51547
)
160309
1-----160309
Array
(
    [userid] => 155695996
    [giftid] => 51547
)
160309
1-----160309
Array
(
    [userid] => 155696023
    [giftid] => 51547
)
160309
1-----160309
Array
(
    [userid] => 155696073
    [giftid] => 51547
)
160309
1-----160309
Array
(
    [userid] => 155696020
    [giftid] => 51547
)
160309
1-----160309
Array
(
    [userid] => 155692769
    [giftid] => 51547
)
160309
1-----160309
Array
(
    [userid] => 155692801
    [giftid] => 51547
)
160309
1-----160309
Array
(
    [userid] => 155692802
    [giftid] => 51547
)
160309
1-----160309
Array
(
    [userid] => 155692798
    [giftid] => 51547
)
160309
1-----160309
Array
(
    [userid] => 155692765
    [giftid] => 51547
)
160309
1-----160309
Array
(
    [userid] => 155692762
    [giftid] => 51547
)
160309
1-----160309
Array
(
    [userid] => 155692764
    [giftid] => 51547
)
160309
1-----160309
Array
(
    [userid] => 155692758
    [giftid] => 51547
)
160309
1-----160309
Array
(
    [userid] => 155692797
    [giftid] => 51547
)
160309
1-----160309
Array
(
    [userid] => 155692755
    [giftid] => 51547
)
160309
1-----160309
Array
(
    [userid] => 155692796
    [giftid] => 51547
)
160309
1-----160309
Array
(
    [userid] => 6829
    [giftid] => 51547
)
160309
1-----160309
Array
(
    [userid] => 155702298
    [giftid] => 51547
)
160309
1-----160309
Array
(
    [userid] => 155692787
    [giftid] => 51547
)
160309
1-----160309
Array
(
    [userid] => 155692785
    [giftid] => 51547
)
160309
1-----160309
Array
(
    [userid] => 155550561
    [giftid] => 51547
)
160309
1-----160309
Array
(
    [userid] => 1043
    [giftid] => 51547
)
160309
1-----160309
Array
(
    [userid] => 42369
    [giftid] => 51547
)
160309
1-----160309
Array
(
    [userid] => 57090
    [giftid] => 51547
)
160309
1-----160309
Array
(
    [userid] => 46264
    [giftid] => 53637
)
160310
1-----160310
Array
(
    [userid] => 9861
    [giftid] => 51547
)
160310
1-----160310
Array
(
    [userid] => 155692718
    [giftid] => 51546
)
160310
-----160310
Array
(
    [userid] => 8603
    [giftid] => 51547
)
160310
1-----160310
Array
(
    [userid] => 155561151
    [giftid] => 51547
)
160310
1-----160310
Array
(
    [userid] => 39401
    [giftid] => 51547
)
160310
1-----160310
Array
(
    [userid] => 155688880
    [giftid] => 51547
)
160310
1-----160310
Array
(
    [userid] => 2390
    [giftid] => 51547
)
160310
1-----160310
Array
(
    [userid] => 155692730
    [giftid] => 51547
)
160310
1-----160310
Array
(
    [userid] => 41919
    [giftid] => 51547
)
160310
1-----160310
Array
(
    [userid] => 155550329
    [giftid] => 51547
)
160310
1-----160310
Array
(
    [userid] => 154507468
    [giftid] => 51547
)
160310
1-----160310
Array
(
    [userid] => 155573981
    [giftid] => 51547
)
160310
1-----160310
Array
(
    [userid] => 155692793
    [giftid] => 51547
)
160310
1-----160310
Array
(
    [userid] => 155552191
    [giftid] => 53637
)
160311
1-----160311
Array
(
    [userid] => 2845
    [giftid] => 51547
)
160311
1-----160311
Array
(
    [userid] => 11158
    [giftid] => 51546
)
160311
-----160311
Array
(
    [userid] => 155692799
    [giftid] => 51547
)
160311
1-----160311
Array
(
    [userid] => 8496
    [giftid] => 51547
)
160311
1-----160311
Array
(
    [userid] => 155549995
    [giftid] => 51547
)
160311
1-----160311
Array
(
    [userid] => 155637949
    [giftid] => 51547
)
160311
1-----160311
Array
(
    [userid] => 155697582
    [giftid] => 51547
)
160311
1-----160311
Array
(
    [userid] => 155600219
    [giftid] => 51547
)
160311
1-----160311
Array
(
    [userid] => 154786
    [giftid] => 51547
)
160311
1-----160311
Array
(
    [userid] => 50922
    [giftid] => 51547
)
160311
1-----160311
Array
(
    [userid] => 155614886
    [giftid] => 51547
)
160311
1-----160311
Array
(
    [userid] => 155692748
    [giftid] => 51547
)
160311
1-----160311
Array
(
    [userid] => 7516
    [giftid] => 53637
)
160311
1-----160311
Array
(
    [userid] => 2302
    [giftid] => 51547
)
160311
1-----160311
Array
(
    [userid] => 155692899
    [giftid] => 53637
)
160311
-----160311
Array
(
    [userid] => 155552191
    [giftid] => 53637
)
160312
1-----160312
Array
(
    [userid] => 3031
    [giftid] => 51547
)
160312
1-----160312
Array
(
    [userid] => 155548662
    [giftid] => 53637
)
160312
1-----160312
Array
(
    [userid] => 155695988
    [giftid] => 51546
)
160312
1-----160312
Array
(
    [userid] => 155535968
    [giftid] => 53637
)
160312
1-----160312
Array
(
    [userid] => 155549995
    [giftid] => 51547
)
160312
1-----160312
Array
(
    [userid] => 5043
    [giftid] => 51547
)
160312
1-----160312
Array
(
    [userid] => 9609
    [giftid] => 51547
)
160312
1-----160312
Array
(
    [userid] => 155692883
    [giftid] => 51547
)
160312
1-----160312
Array
(
    [userid] => 155692899
    [giftid] => 51547
)
160312
1-----160312
Array
(
    [userid] => 154508148
    [giftid] => 53637
)
160312
-----160312
Array
(
    [userid] => 33699
    [giftid] => 51547
)
160312
1-----160312
Array
(
    [userid] => 4715
    [giftid] => 51547
)
160312
1-----160312
Array
(
    [userid] => 155642525
    [giftid] => 51547
)
160313
1-----160313
Array
(
    [userid] => 155552191
    [giftid] => 51547
)
160313
1-----160313
Array
(
    [userid] => 7823
    [giftid] => 51547
)
160313
1-----160313
Array
(
    [userid] => 154508148
    [giftid] => 51547
)
160313
1-----160313
Array
(
    [userid] => 41092
    [giftid] => 51547
)
160313
1-----160313
Array
(
    [userid] => 155692748
    [giftid] => 51547
)
160313
1-----160313
Array
(
    [userid] => 155550788
    [giftid] => 51546
)
160313
-----160313
Array
(
    [userid] => 155535371
    [giftid] => 51547
)
160313
1-----160313
Array
(
    [userid] => 58780
    [giftid] => 51547
)
160313
1-----160313
Array
(
    [userid] => 151122
    [giftid] => 51547
)
160313
1-----160313
Array
(
    [userid] => 150
    [giftid] => 53637
)
160313
1-----160313
Array
(
    [userid] => 155600219
    [giftid] => 51547
)
160313
1-----160313
Array
(
    [userid] => 9545
    [giftid] => 51547
)
160313
1-----160313
Array
(
    [userid] => 155708318
    [giftid] => 51547
)
160313
1-----160313
Array
(
    [userid] => 9609
    [giftid] => 51547
)
160313
1-----160313
Array
(
    [userid] => 5043
    [giftid] => 51547
)
160313
1-----160313
Array
(
    [userid] => 155708404
    [giftid] => 51547
)
160313
1-----160313
Array
(
    [userid] => 154508148
    [giftid] => 51547
)
160314
1-----160314
Array
(
    [userid] => 155695988
    [giftid] => 53637
)
160314
1-----160314
Array
(
    [userid] => 41968
    [giftid] => 51547
)
160314
1-----160314
Array
(
    [userid] => 764
    [giftid] => 51547
)
160314
1-----160314
Array
(
    [userid] => 155696093
    [giftid] => 51547
)
160314
1-----160314
Array
(
    [userid] => 155549995
    [giftid] => 51547
)
160314
1-----160314
Array
(
    [userid] => 155548953
    [giftid] => 51547
)
160314
1-----160314
Array
(
    [userid] => 155614886
    [giftid] => 51546
)
160314
-----160314
Array
(
    [userid] => 1588
    [giftid] => 51547
)
160314
1-----160314
Array
(
    [userid] => 155709931
    [giftid] => 51547
)
160314
1-----160314
Array
(
    [userid] => 155692883
    [giftid] => 51547
)
160314
1-----160314
Array
(
    [userid] => 155692899
    [giftid] => 51547
)
160314
1-----160314
Array
(
    [userid] => 155552191
    [giftid] => 51546
)
160315
1-----160315
Array
(
    [userid] => 152499
    [giftid] => 51547
)
160315
1-----160315
Array
(
    [userid] => 2845
    [giftid] => 51547
)
160315
1-----160315
Array
(
    [userid] => 155550788
    [giftid] => 51547
)
160315
1-----160315
Array
(
    [userid] => 41968
    [giftid] => 51547
)
160315
1-----160315
Array
(
    [userid] => 136
    [giftid] => 53637
)
160315
1-----160315
Array
(
    [userid] => 155555263
    [giftid] => 51547
)
160315
1-----160315
Array
(
    [userid] => 3031
    [giftid] => 51547
)
160315
1-----160315
Array
(
    [userid] => 19263
    [giftid] => 51547
)
160315
1-----160315
Array
(
    [userid] => 154506743
    [giftid] => 51547
)
160315
1-----160315
Array
(
    [userid] => 155550020
    [giftid] => 51547
)
160315
1-----160315
Array
(
    [userid] => 155703804
    [giftid] => 51547
)
160315
1-----160315
Array
(
    [userid] => 153392
    [giftid] => 51547
)
160315
1-----160315
Array
(
    [userid] => 155554076
    [giftid] => 51547
)
160315
1-----160315
Array
(
    [userid] => 798
    [giftid] => 51547
)
160315
1-----160315
Array
(
    [userid] => 40932
    [giftid] => 51547
)
160315
1-----160315
Array
(
    [userid] => 1913
    [giftid] => 51547
)
160315
1-----160315
Array
(
    [userid] => 52907
    [giftid] => 53637
)
160315
1-----160315
Array
(
    [userid] => 51666
    [giftid] => 51547
)
160315
1-----160315
Array
(
    [userid] => 155692748
    [giftid] => 53637
)
160315
-----160315
Array
(
    [userid] => 9897
    [giftid] => 51547
)
160315
1-----160315
Array
(
    [userid] => 155692793
    [giftid] => 53637
)
160315
-----160315
Array
(
    [userid] => 155692899
    [giftid] => 53637
)
160315
-----160315
Array
(
    [userid] => 155708336
    [giftid] => 51547
)
160316
1-----160316
Array
(
    [userid] => 155552191
    [giftid] => 51547
)
160316
1-----160316
Array
(
    [userid] => 155695988
    [giftid] => 51547
)
160316
1-----160316
Array
(
    [userid] => 155535968
    [giftid] => 51547
)
160316
1-----160316
Array
(
    [userid] => 155709931
    [giftid] => 51547
)
160316
1-----160316
Array
(
    [userid] => 151962
    [giftid] => 51547
)
160316
1-----160316
Array
(
    [userid] => 155535674
    [giftid] => 51547
)
160316
1-----160316
Array
(
    [userid] => 155519655
    [giftid] => 51547
)
160316
1-----160316
Array
(
    [userid] => 155532585
    [giftid] => 51547
)
160316
1-----160316
Array
(
    [userid] => 151122
    [giftid] => 51547
)
160316
1-----160316
Array
(
    [userid] => 155555419
    [giftid] => 51547
)
160316
1-----160316
Array
(
    [userid] => 19263
    [giftid] => 51546
)
160316
-----160316
Array
(
    [userid] => 155633225
    [giftid] => 51547
)
160316
1-----160316
Array
(
    [userid] => 58216
    [giftid] => 51547
)
160316
1-----160316
Array
(
    [userid] => 155560735
    [giftid] => 53637
)
160316
-----160316
Array
(
    [userid] => 58452
    [giftid] => 51547
)
160316
1-----160316
Array
(
    [userid] => 152499
    [giftid] => 53637
)
160316
-----160316
Array
(
    [userid] => 155552191
    [giftid] => 53637
)
160317
1-----160317
Array
(
    [userid] => 155535968
    [giftid] => 51547
)
160317
1-----160317
Array
(
    [userid] => 155550788
    [giftid] => 51547
)
160317
1-----160317
Array
(
    [userid] => 155692718
    [giftid] => 53637
)
160317
1-----160317
Array
(
    [userid] => 155565193
    [giftid] => 51547
)
160317
1-----160317
Array
(
    [userid] => 155696093
    [giftid] => 51547
)
160317
1-----160317
Array
(
    [userid] => 155692734
    [giftid] => 51547
)
160317
1-----160317
Array
(
    [userid] => 155642364
    [giftid] => 51546
)
160317
1-----160317
Array
(
    [userid] => 155694462
    [giftid] => 51547
)
160317
1-----160317
Array
(
    [userid] => 58780
    [giftid] => 53637
)
160317
1-----160317
Array
(
    [userid] => 155554076
    [giftid] => 53637
)
160317
-----160317
Array
(
    [userid] => 7823
    [giftid] => 51547
)
160317
1-----160317
Array
(
    [userid] => 49198
    [giftid] => 51547
)
160317
1-----160317
Array
(
    [userid] => 155695988
    [giftid] => 53637
)
160318
1-----160318
Array
(
    [userid] => 2845
    [giftid] => 53637
)
160318
1-----160318
Array
(
    [userid] => 155692721
    [giftid] => 51547
)
160318
1-----160318
Array
(
    [userid] => 2066
    [giftid] => 51547
)
160318
1-----160318
Array
(
    [userid] => 5927
    [giftid] => 51547
)
160318
1-----160318
Array
(
    [userid] => 44088
    [giftid] => 51546
)
160318
-----160318
Array
(
    [userid] => 41091
    [giftid] => 51547
)
160318
1-----160318
Array
(
    [userid] => 155553157
    [giftid] => 51547
)
160318
1-----160318
Array
(
    [userid] => 11692
    [giftid] => 51547
)
160318
1-----160318
Array
(
    [userid] => 155535968
    [giftid] => 51547
)
160318
1-----160318
Array
(
    [userid] => 155692793
    [giftid] => 53637
)
160318
-----160318
Array
(
    [userid] => 42056
    [giftid] => 51547
)
160318
1-----160318
Array
(
    [userid] => 271
    [giftid] => 51547
)
160318
1-----160318
Array
(
    [userid] => 9609
    [giftid] => 53637
)
160319
1-----160319
Array
(
    [userid] => 7823
    [giftid] => 51547
)
160319
1-----160319
Array
(
    [userid] => 276
    [giftid] => 53637
)
160319
1-----160319
Array
(
    [userid] => 7516
    [giftid] => 53637
)
160319
1-----160319
Array
(
    [userid] => 155548662
    [giftid] => 53637
)
160319
1-----160319
Array
(
    [userid] => 155560735
    [giftid] => 53637
)
160319
-----160319
Array
(
    [userid] => 155692899
    [giftid] => 53637
)
160319
-----160319
Array
(
    [userid] => 155555263
    [giftid] => 51546
)
160319
-----160319
Array
(
    [userid] => 58780
    [giftid] => 51547
)
160319
1-----160319
Array
(
    [userid] => 1600
    [giftid] => 51547
)
160319
1-----160319
Array
(
    [userid] => 271
    [giftid] => 51547
)
160319
1-----160319
Array
(
    [userid] => 155559962
    [giftid] => 51547
)
160320
1-----160320
Array
(
    [userid] => 146922
    [giftid] => 51546
)
160320
1-----160320
Array
(
    [userid] => 155639498
    [giftid] => 51547
)
160320
1-----160320
Array
(
    [userid] => 58452
    [giftid] => 51547
)
160320
1-----160320
Array
(
    [userid] => 155553698
    [giftid] => 51547
)
160320
1-----160320
Array
(
    [userid] => 155581973
    [giftid] => 51547
)
160320
1-----160320
Array
(
    [userid] => 20697
    [giftid] => 51547
)
160320
1-----160320
Array
(
    [userid] => 1600
    [giftid] => 51547
)
160320
1-----160320
Array
(
    [userid] => 155554076
    [giftid] => 51547
)
160320
1-----160320
Array
(
    [userid] => 155560735
    [giftid] => 53637
)
160320
-----160320
Array
(
    [userid] => 9609
    [giftid] => 51547
)
160320
1-----160320
Array
(
    [userid] => 155552191
    [giftid] => 51546
)
160321
1-----160321
Array
(
    [userid] => 155695988
    [giftid] => 53637
)
160321
1-----160321
Array
(
    [userid] => 7823
    [giftid] => 51547
)
160321
1-----160321
Array
(
    [userid] => 56823
    [giftid] => 51547
)
160321
1-----160321
Array
(
    [userid] => 20697
    [giftid] => 51547
)
160321
1-----160321
Array
(
    [userid] => 41919
    [giftid] => 53637
)
160321
-----160321
Array
(
    [userid] => 155611763
    [giftid] => 51547
)
160321
1-----160321
Array
(
    [userid] => 155556062
    [giftid] => 51547
)
160321
1-----160321
Array
(
    [userid] => 154508206
    [giftid] => 51547
)
160321
1-----160321
Array
(
    [userid] => 150
    [giftid] => 51547
)
160321
1-----160321
Array
(
    [userid] => 151122
    [giftid] => 51547
)
160321
1-----160321
Array
(
    [userid] => 155709876
    [giftid] => 51547
)
160321
1-----160321
Array
(
    [userid] => 155642525
    [giftid] => 53637
)
160321
-----160321
Array
(
    [userid] => 5284
    [giftid] => 51547
)
160321
1-----160321
Array
(
    [userid] => 46264
    [giftid] => 51547
)
160322
1-----160322
Array
(
    [userid] => 3031
    [giftid] => 51547
)
160322
1-----160322
Array
(
    [userid] => 276
    [giftid] => 51547
)
160322
1-----160322
Array
(
    [userid] => 2845
    [giftid] => 51547
)
160322
1-----160322
Array
(
    [userid] => 155548662
    [giftid] => 53637
)
160322
1-----160322
Array
(
    [userid] => 155535968
    [giftid] => 51547
)
160322
1-----160322
Array
(
    [userid] => 153392
    [giftid] => 53637
)
160322
1-----160322
Array
(
    [userid] => 12144
    [giftid] => 51546
)
160322
-----160322
Array
(
    [userid] => 9897
    [giftid] => 51547
)
160322
1-----160322
Array
(
    [userid] => 155549159
    [giftid] => 53637
)
160322
-----160322
Array
(
    [userid] => 155712970
    [giftid] => 51547
)
160322
1-----160322
Array
(
    [userid] => 155548178
    [giftid] => 51547
)
160322
1-----160322
Array
(
    [userid] => 11172
    [giftid] => 51547
)
160322
1-----160322
Array
(
    [userid] => 155543928
    [giftid] => 51547
)
160322
1-----160322
Array
(
    [userid] => 155553436
    [giftid] => 51547
)
160322
1-----160322
Array
(
    [userid] => 1043
    [giftid] => 51547
)
160322
1-----160322
Array
(
    [userid] => 58216
    [giftid] => 53637
)
160322
-----160322
Array
(
    [userid] => 4305
    [giftid] => 51547
)
160322
1-----160322
Array
(
    [userid] => 155692899
    [giftid] => 53637
)
160322
-----160322
Array
(
    [userid] => 155695988
    [giftid] => 51547
)
160323
1-----160323
Array
(
    [userid] => 155575770
    [giftid] => 51547
)
160323
1-----160323
Array
(
    [userid] => 590
    [giftid] => 51547
)
160323
1-----160323
Array
(
    [userid] => 154876
    [giftid] => 51547
)
160323
1-----160323
Array
(
    [userid] => 10072
    [giftid] => 51547
)
160323
1-----160323
Array
(
    [userid] => 1268
    [giftid] => 51547
)
160323
1-----160323
Array
(
    [userid] => 155565193
    [giftid] => 53637
)
160323
1-----160323
Array
(
    [userid] => 44152
    [giftid] => 53637
)
160323
1-----160323
Array
(
    [userid] => 155535371
    [giftid] => 51546
)
160323
-----160323
Array
(
    [userid] => 155723495
    [giftid] => 51547
)
160323
1-----160323
Array
(
    [userid] => 44246
    [giftid] => 53637
)
160323
1-----160323
Array
(
    [userid] => 155553436
    [giftid] => 53637
)
160323
-----160323
Array
(
    [userid] => 154029
    [giftid] => 51547
)
160323
1-----160323
Array
(
    [userid] => 271
    [giftid] => 51547
)
160323
1-----160323
Array
(
    [userid] => 155652297
    [giftid] => 51547
)
160324
1-----160324
Array
(
    [userid] => 276
    [giftid] => 51547
)
160324
1-----160324
Array
(
    [userid] => 155548662
    [giftid] => 51547
)
160324
1-----160324
Array
(
    [userid] => 12144
    [giftid] => 51547
)
160324
1-----160324
Array
(
    [userid] => 7823
    [giftid] => 51547
)
160324
1-----160324
Array
(
    [userid] => 151962
    [giftid] => 53637
)
160324
1-----160324
Array
(
    [userid] => 42056
    [giftid] => 51546
)
160324
-----160324
Array
(
    [userid] => 155571680
    [giftid] => 51547
)
160324
1-----160324
Array
(
    [userid] => 155554841
    [giftid] => 51547
)
160324
1-----160324
Array
(
    [userid] => 154506104
    [giftid] => 53637
)
160324
1-----160324
Array
(
    [userid] => 155610702
    [giftid] => 51547
)
160324
1-----160324
Array
(
    [userid] => 155642525
    [giftid] => 51547
)
160324
1-----160324
Array
(
    [userid] => 58216
    [giftid] => 51547
)
160324
1-----160324
Array
(
    [userid] => 155642364
    [giftid] => 51547
)
160324
1-----160324
Array
(
    [userid] => 155553516
    [giftid] => 51547
)
160324
1-----160324
Array
(
    [userid] => 5284
    [giftid] => 53637
)
160324
-----160324
Array
(
    [userid] => 46264
    [giftid] => 51547
)
160325
1-----160325
Array
(
    [userid] => 276
    [giftid] => 51547
)
160325
1-----160325
Array
(
    [userid] => 155548662
    [giftid] => 51547
)
160325
1-----160325
Array
(
    [userid] => 155550788
    [giftid] => 51547
)
160325
1-----160325
Array
(
    [userid] => 2390
    [giftid] => 51546
)
160325
-----160325
Array
(
    [userid] => 155543928
    [giftid] => 51547
)
160325
1-----160325
Array
(
    [userid] => 44088
    [giftid] => 51547
)
160325
1-----160325
Array
(
    [userid] => 155712970
    [giftid] => 53637
)
160325
1-----160325
Array
(
    [userid] => 41091
    [giftid] => 53637
)
160325
1-----160325
Array
(
    [userid] => 155726453
    [giftid] => 51547
)
160325
1-----160325
Array
(
    [userid] => 705
    [giftid] => 51547
)
160325
1-----160325
Array
(
    [userid] => 155692748
    [giftid] => 51547
)
160325
1-----160325
Array
(
    [userid] => 155692883
    [giftid] => 51547
)
160325
1-----160325
Array
(
    [userid] => 155560735
    [giftid] => 53637
)
160325
-----160325
Array
(
    [userid] => 155535968
    [giftid] => 51546
)
160326
1-----160326
Array
(
    [userid] => 56056
    [giftid] => 51547
)
160326
1-----160326
Array
(
    [userid] => 155559962
    [giftid] => 53637
)
160326
1-----160326
Array
(
    [userid] => 155553516
    [giftid] => 53637
)
160326
1-----160326
Array
(
    [userid] => 155574039
    [giftid] => 51547
)
160326
1-----160326
Array
(
    [userid] => 7849
    [giftid] => 51547
)
160326
1-----160326
Array
(
    [userid] => 6931
    [giftid] => 51547
)
160326
1-----160326
Array
(
    [userid] => 2845
    [giftid] => 51546
)
160327
1-----160327
Array
(
    [userid] => 155575770
    [giftid] => 53637
)
160327
1-----160327
Array
(
    [userid] => 155574064
    [giftid] => 51547
)
160327
1-----160327
Array
(
    [userid] => 155611763
    [giftid] => 51547
)
160327
1-----160327
Array
(
    [userid] => 33699
    [giftid] => 51547
)
160327
1-----160327
Array
(
    [userid] => 155692883
    [giftid] => 51547
)
160327
1-----160327
Array
(
    [userid] => 155550788
    [giftid] => 51547
)
160327
1-----160327
Array
(
    [userid] => 155549995
    [giftid] => 51547
)
160327
1-----160327
Array
(
    [userid] => 271
    [giftid] => 51547
)
160327
1-----160327
Array
(
    [userid] => 1043
    [giftid] => 53637
)
160327
1-----160327
Array
(
    [userid] => 155729377
    [giftid] => 51547
)
160327
1-----160327
Array
(
    [userid] => 19263
    [giftid] => 51547
)
160327
1-----160327
Array
(
    [userid] => 1017
    [giftid] => 51547
)
160328
1-----160328
Array
(
    [userid] => 3031
    [giftid] => 53637
)
160328
1-----160328
Array
(
    [userid] => 276
    [giftid] => 51547
)
160328
1-----160328
Array
(
    [userid] => 153392
    [giftid] => 51546
)
160328
1-----160328
Array
(
    [userid] => 33699
    [giftid] => 51547
)
160328
1-----160328
Array
(
    [userid] => 19263
    [giftid] => 53637
)
160328
1-----160328
Array
(
    [userid] => 40318
    [giftid] => 51547
)
160328
1-----160328
Array
(
    [userid] => 155549995
    [giftid] => 51547
)
160328
1-----160328
Array
(
    [userid] => 13651
    [giftid] => 51547
)
160328
1-----160328
Array
(
    [userid] => 155553698
    [giftid] => 51547
)
160328
1-----160328
Array
(
    [userid] => 3893
    [giftid] => 51547
)
160328
1-----160328
Array
(
    [userid] => 155553887
    [giftid] => 51547
)
160328
1-----160328
Array
(
    [userid] => 58216
    [giftid] => 51547
)
160328
1-----160328
Array
(
    [userid] => 4305
    [giftid] => 53637
)
160328
-----160328
Array
(
    [userid] => 155692793
    [giftid] => 51547
)
160328
1-----160328
Array
(
    [userid] => 155692899
    [giftid] => 51547
)
160328
1-----160328
Array
(
    [userid] => 46264
    [giftid] => 53637
)
160329
1-----160329
Array
(
    [userid] => 155552191
    [giftid] => 51547
)
160329
1-----160329
Array
(
    [userid] => 8496
    [giftid] => 53637
)
160329
1-----160329
Array
(
    [userid] => 19263
    [giftid] => 51547
)
160329
1-----160329
Array
(
    [userid] => 155652297
    [giftid] => 51546
)
160329
-----160329
Array
(
    [userid] => 54087
    [giftid] => 51547
)
160329
1-----160329
Array
(
    [userid] => 155696093
    [giftid] => 51547
)
160329
1-----160329
Array
(
    [userid] => 155732264
    [giftid] => 51547
)
160329
1-----160329
Array
(
    [userid] => 155581973
    [giftid] => 53637
)
160329
-----160329
Array
(
    [userid] => 39229
    [giftid] => 51547
)
160329
1-----160329
Array
(
    [userid] => 53381
    [giftid] => 51547
)
160329
1-----160329
Array
(
    [userid] => 39619
    [giftid] => 51547
)
160329
1-----160329
Array
(
    [userid] => 155732283
    [giftid] => 51547
)
160329
1-----160329
Array
(
    [userid] => 155877
    [giftid] => 51547
)
160329
1-----160329
Array
(
    [userid] => 4305
    [giftid] => 51547
)
160329
1-----160329
Array
(
    [userid] => 56880
    [giftid] => 51547
)
160329
1-----160329
Array
(
    [userid] => 46264
    [giftid] => 51546
)
160330
1-----160330
Array
(
    [userid] => 3031
    [giftid] => 53637
)
160330
1-----160330
Array
(
    [userid] => 155692721
    [giftid] => 51547
)
160330
1-----160330
Array
(
    [userid] => 41921
    [giftid] => 51547
)
160330
1-----160330
Array
(
    [userid] => 42054
    [giftid] => 51547
)
160330
1-----160330
Array
(
    [userid] => 56056
    [giftid] => 53637
)
160330
1-----160330
Array
(
    [userid] => 4715
    [giftid] => 51547
)
160330
1-----160330
Array
(
    [userid] => 155574039
    [giftid] => 53637
)
160330
-----160330
Array
(
    [userid] => 8633
    [giftid] => 51547
)
160330
1-----160330
Array
(
    [userid] => 8603
    [giftid] => 51547
)
160330
1-----160330
Array
(
    [userid] => 155692748
    [giftid] => 53637
)
160330
-----160330
Array
(
    [userid] => 51395
    [giftid] => 51547
)
160330
1-----160330
Array
(
    [userid] => 58452
    [giftid] => 53637
)
160330
-----160330
Array
(
    [userid] => 155711488
    [giftid] => 51547
)
160330
1-----160330
Array
(
    [userid] => 155575770
    [giftid] => 51547
)
160331
1-----160331
Array
(
    [userid] => 155552270
    [giftid] => 51547
)
160331
1-----160331
Array
(
    [userid] => 2066
    [giftid] => 53637
)
160331
1-----160331
Array
(
    [userid] => 155686477
    [giftid] => 51547
)
160331
1-----160331
Array
(
    [userid] => 155548953
    [giftid] => 51547
)
160331
1-----160331
Array
(
    [userid] => 41091
    [giftid] => 53637
)
160331
-----160331
Array
(
    [userid] => 150
    [giftid] => 53637
)
160331
-----160331
Array
(
    [userid] => 155574039
    [giftid] => 53637
)
160331
-----160331
Array
(
    [userid] => 41919
    [giftid] => 53637
)
160331
-----160331
Array
(
    [userid] => 155553887
    [giftid] => 51547
)
160331
1-----160331
Array
(
    [userid] => 42056
    [giftid] => 53637
)
160331
-----160331
Array
(
    [userid] => 155556062
    [giftid] => 51547
)
160331
1-----160331
Array
(
    [userid] => 154508148
    [giftid] => 51546
)
160331
-----160331
Array
(
    [userid] => 2261
    [giftid] => 51547
)
160331
1-----160331
Array
(
    [userid] => 155549995
    [giftid] => 51547
)
160331
1-----160331
