[00:58:47][http://www.168p2p.com/api/redbag/get4vote.php?user_id=46264&ordid=51547
{"error":0,"info":"","money":"25.00"}]
[00:58:47][Array
(
    [error] => 0
    [info] => 
    [money] => 25.00
)
]
[05:12:32][http://www.168p2p.com/api/redbag/get4vote.php?user_id=155695988&ordid=51547
{"error":0,"info":"","money":"25.00"}]
[05:12:32][Array
(
    [error] => 0
    [info] => 
    [money] => 25.00
)
]
[07:13:11][http://www.168p2p.com/api/redbag/get4vote.php?user_id=155692782&ordid=51547
{"error":0,"info":"","money":"25.00"}]
[07:13:11][Array
(
    [error] => 0
    [info] => 
    [money] => 25.00
)
]
[08:16:15][http://www.168p2p.com/api/redbag/get4vote.php?user_id=155548662&ordid=53637
{"error":0,"info":"","money":"50.00"}]
[08:16:15][Array
(
    [error] => 0
    [info] => 
    [money] => 50.00
)
]
[08:51:29][http://www.168p2p.com/api/redbag/get4vote.php?user_id=9545&ordid=51547
{"error":0,"info":"","money":"25.00"}]
[08:51:29][Array
(
    [error] => 0
    [info] => 
    [money] => 25.00
)
]
[09:22:38][http://www.168p2p.com/api/redbag/get4vote.php?user_id=155535968&ordid=51547
{"error":0,"info":"","money":"25.00"}]
[09:22:38][Array
(
    [error] => 0
    [info] => 
    [money] => 25.00
)
]
[09:53:37][http://www.168p2p.com/api/redbag/get4vote.php?user_id=11158&ordid=51547
{"error":0,"info":"","money":"25.00"}]
[09:53:37][Array
(
    [error] => 0
    [info] => 
    [money] => 25.00
)
]
[10:16:54][http://www.168p2p.com/api/redbag/get4vote.php?user_id=155555263&ordid=51547
{"error":0,"info":"","money":"25.00"}]
[10:16:54][Array
(
    [error] => 0
    [info] => 
    [money] => 25.00
)
]
[10:22:57][http://www.168p2p.com/api/redbag/get4vote.php?user_id=155642364&ordid=51547
{"error":0,"info":"","money":"25.00"}]
[10:22:57][Array
(
    [error] => 0
    [info] => 
    [money] => 25.00
)
]
[10:29:42][http://www.168p2p.com/api/redbag/get4vote.php?user_id=153392&ordid=51547
{"error":0,"info":"","money":"25.00"}]
[10:29:42][Array
(
    [error] => 0
    [info] => 
    [money] => 25.00
)
]
[11:08:33][http://www.168p2p.com/api/redbag/get4vote.php?user_id=155554076&ordid=51547
{"error":0,"info":"","money":"25.00"}]
[11:08:33][Array
(
    [error] => 0
    [info] => 
    [money] => 25.00
)
]
[11:10:23][http://www.168p2p.com/api/redbag/get4vote.php?user_id=155553157&ordid=51547
{"error":0,"info":"","money":"25.00"}]
[11:10:23][Array
(
    [error] => 0
    [info] => 
    [money] => 25.00
)
]
[11:21:52][http://www.168p2p.com/api/redbag/get4vote.php?user_id=155702283&ordid=51547
{"error":0,"info":"","money":"25.00"}]
[11:21:52][Array
(
    [error] => 0
    [info] => 
    [money] => 25.00
)
]
[11:24:11][http://www.168p2p.com/api/redbag/get4vote.php?user_id=1268&ordid=51547
{"error":0,"info":"","money":"25.00"}]
[11:24:11][Array
(
    [error] => 0
    [info] => 
    [money] => 25.00
)
]
[11:30:19][http://www.168p2p.com/api/redbag/get4vote.php?user_id=155611746&ordid=51547
{"error":0,"info":"","money":"25.00"}]
[11:30:19][Array
(
    [error] => 0
    [info] => 
    [money] => 25.00
)
]
[11:58:30][http://www.168p2p.com/api/redbag/get4vote.php?user_id=155696093&ordid=53637
{"error":0,"info":"","money":"50.00"}]
[11:58:30][Array
(
    [error] => 0
    [info] => 
    [money] => 50.00
)
]
[12:33:34][http://www.168p2p.com/api/redbag/get4vote.php?user_id=9897&ordid=51547
]
[13:09:39][http://www.168p2p.com/api/redbag/get4vote.php?user_id=155590661&ordid=51547
{"error":0,"info":"","money":"25.00"}]
[13:09:39][Array
(
    [error] => 0
    [info] => 
    [money] => 25.00
)
]
[13:19:08][http://www.168p2p.com/api/redbag/get4vote.php?user_id=150&ordid=51546
{"error":120,"info":"\u62a2\u5149","money":0}]
[13:19:08][Array
(
    [error] => 120
    [info] => 抢光
    [money] => 0
)
]
[13:27:22][http://www.168p2p.com/api/redbag/get4vote.php?user_id=276&ordid=51547
{"error":0,"info":"","money":"25.00"}]
[13:27:22][Array
(
    [error] => 0
    [info] => 
    [money] => 25.00
)
]
[13:42:45][http://www.168p2p.com/api/redbag/get4vote.php?user_id=155696076&ordid=51547
{"error":0,"info":"","money":"25.00"}]
[13:42:45][Array
(
    [error] => 0
    [info] => 
    [money] => 25.00
)
]
[13:43:44][http://www.168p2p.com/api/redbag/get4vote.php?user_id=155696014&ordid=51547
{"error":0,"info":"","money":"25.00"}]
[13:43:44][Array
(
    [error] => 0
    [info] => 
    [money] => 25.00
)
]
[13:44:25][http://www.168p2p.com/api/redbag/get4vote.php?user_id=155696067&ordid=51547
{"error":0,"info":"","money":"25.00"}]
[13:44:25][Array
(
    [error] => 0
    [info] => 
    [money] => 25.00
)
]
[13:45:03][http://www.168p2p.com/api/redbag/get4vote.php?user_id=155696024&ordid=51547
{"error":0,"info":"","money":"25.00"}]
[13:45:03][Array
(
    [error] => 0
    [info] => 
    [money] => 25.00
)
]
[13:45:43][http://www.168p2p.com/api/redbag/get4vote.php?user_id=155696078&ordid=51547
{"error":0,"info":"","money":"25.00"}]
[13:45:43][Array
(
    [error] => 0
    [info] => 
    [money] => 25.00
)
]
[13:46:20][http://www.168p2p.com/api/redbag/get4vote.php?user_id=155696060&ordid=51547
{"error":0,"info":"","money":"25.00"}]
[13:46:20][Array
(
    [error] => 0
    [info] => 
    [money] => 25.00
)
]
[13:46:51][http://www.168p2p.com/api/redbag/get4vote.php?user_id=155696015&ordid=51547
{"error":0,"info":"","money":"25.00"}]
[13:46:51][Array
(
    [error] => 0
    [info] => 
    [money] => 25.00
)
]
[13:47:22][http://www.168p2p.com/api/redbag/get4vote.php?user_id=155696028&ordid=51547
{"error":0,"info":"","money":"25.00"}]
[13:47:22][Array
(
    [error] => 0
    [info] => 
    [money] => 25.00
)
]
[13:47:55][http://www.168p2p.com/api/redbag/get4vote.php?user_id=155696019&ordid=51547
{"error":0,"info":"","money":"25.00"}]
[13:47:55][Array
(
    [error] => 0
    [info] => 
    [money] => 25.00
)
]
[13:48:32][http://www.168p2p.com/api/redbag/get4vote.php?user_id=155696029&ordid=51547
{"error":0,"info":"","money":"25.00"}]
[13:48:32][Array
(
    [error] => 0
    [info] => 
    [money] => 25.00
)
]
[13:49:07][http://www.168p2p.com/api/redbag/get4vote.php?user_id=155696079&ordid=51547
{"error":0,"info":"","money":"25.00"}]
[13:49:07][Array
(
    [error] => 0
    [info] => 
    [money] => 25.00
)
]
[13:49:44][http://www.168p2p.com/api/redbag/get4vote.php?user_id=155695995&ordid=51547
{"error":0,"info":"","money":"25.00"}]
[13:49:44][Array
(
    [error] => 0
    [info] => 
    [money] => 25.00
)
]
[13:50:18][http://www.168p2p.com/api/redbag/get4vote.php?user_id=155696022&ordid=51547
{"error":0,"info":"","money":"25.00"}]
[13:50:18][Array
(
    [error] => 0
    [info] => 
    [money] => 25.00
)
]
[13:50:54][http://www.168p2p.com/api/redbag/get4vote.php?user_id=155696065&ordid=51547
{"error":0,"info":"","money":"25.00"}]
[13:50:54][Array
(
    [error] => 0
    [info] => 
    [money] => 25.00
)
]
[13:51:51][http://www.168p2p.com/api/redbag/get4vote.php?user_id=155696071&ordid=51547
{"error":0,"info":"","money":"25.00"}]
[13:51:51][Array
(
    [error] => 0
    [info] => 
    [money] => 25.00
)
]
[13:52:21][http://www.168p2p.com/api/redbag/get4vote.php?user_id=155696061&ordid=51547
{"error":0,"info":"","money":"25.00"}]
[13:52:21][Array
(
    [error] => 0
    [info] => 
    [money] => 25.00
)
]
[13:52:54][http://www.168p2p.com/api/redbag/get4vote.php?user_id=155696027&ordid=51547
{"error":0,"info":"","money":"25.00"}]
[13:52:54][Array
(
    [error] => 0
    [info] => 
    [money] => 25.00
)
]
[13:53:24][http://www.168p2p.com/api/redbag/get4vote.php?user_id=155696080&ordid=51547
{"error":0,"info":"","money":"25.00"}]
[13:53:24][Array
(
    [error] => 0
    [info] => 
    [money] => 25.00
)
]
[13:53:55][http://www.168p2p.com/api/redbag/get4vote.php?user_id=155696025&ordid=51547
{"error":0,"info":"","money":"25.00"}]
[13:53:55][Array
(
    [error] => 0
    [info] => 
    [money] => 25.00
)
]
[13:55:28][http://www.168p2p.com/api/redbag/get4vote.php?user_id=155695996&ordid=51547
{"error":0,"info":"","money":"25.00"}]
[13:55:28][Array
(
    [error] => 0
    [info] => 
    [money] => 25.00
)
]
[13:56:01][http://www.168p2p.com/api/redbag/get4vote.php?user_id=155696023&ordid=51547
{"error":0,"info":"","money":"25.00"}]
[13:56:01][Array
(
    [error] => 0
    [info] => 
    [money] => 25.00
)
]
[13:56:32][http://www.168p2p.com/api/redbag/get4vote.php?user_id=155696073&ordid=51547
{"error":0,"info":"","money":"25.00"}]
[13:56:32][Array
(
    [error] => 0
    [info] => 
    [money] => 25.00
)
]
[13:57:06][http://www.168p2p.com/api/redbag/get4vote.php?user_id=155696020&ordid=51547
{"error":0,"info":"","money":"25.00"}]
[13:57:06][Array
(
    [error] => 0
    [info] => 
    [money] => 25.00
)
]
[13:57:33][http://www.168p2p.com/api/redbag/get4vote.php?user_id=155692769&ordid=51547
{"error":0,"info":"","money":"25.00"}]
[13:57:33][Array
(
    [error] => 0
    [info] => 
    [money] => 25.00
)
]
[13:58:22][http://www.168p2p.com/api/redbag/get4vote.php?user_id=155692801&ordid=51547
{"error":0,"info":"","money":"25.00"}]
[13:58:22][Array
(
    [error] => 0
    [info] => 
    [money] => 25.00
)
]
[13:58:47][http://www.168p2p.com/api/redbag/get4vote.php?user_id=155692802&ordid=51547
{"error":0,"info":"","money":"25.00"}]
[13:58:47][Array
(
    [error] => 0
    [info] => 
    [money] => 25.00
)
]
[13:59:14][http://www.168p2p.com/api/redbag/get4vote.php?user_id=155692798&ordid=51547
{"error":0,"info":"","money":"25.00"}]
[13:59:14][Array
(
    [error] => 0
    [info] => 
    [money] => 25.00
)
]
[13:59:42][http://www.168p2p.com/api/redbag/get4vote.php?user_id=155692765&ordid=51547
{"error":0,"info":"","money":"25.00"}]
[13:59:42][Array
(
    [error] => 0
    [info] => 
    [money] => 25.00
)
]
[14:00:07][http://www.168p2p.com/api/redbag/get4vote.php?user_id=155692762&ordid=51547
{"error":0,"info":"","money":"25.00"}]
[14:00:07][Array
(
    [error] => 0
    [info] => 
    [money] => 25.00
)
]
[14:00:33][http://www.168p2p.com/api/redbag/get4vote.php?user_id=155692764&ordid=51547
{"error":0,"info":"","money":"25.00"}]
[14:00:33][Array
(
    [error] => 0
    [info] => 
    [money] => 25.00
)
]
[14:01:19][http://www.168p2p.com/api/redbag/get4vote.php?user_id=155692758&ordid=51547
{"error":0,"info":"","money":"25.00"}]
[14:01:19][Array
(
    [error] => 0
    [info] => 
    [money] => 25.00
)
]
[14:01:54][http://www.168p2p.com/api/redbag/get4vote.php?user_id=155692797&ordid=51547
{"error":0,"info":"","money":"25.00"}]
[14:01:54][Array
(
    [error] => 0
    [info] => 
    [money] => 25.00
)
]
[14:02:23][http://www.168p2p.com/api/redbag/get4vote.php?user_id=155692755&ordid=51547
{"error":0,"info":"","money":"25.00"}]
[14:02:23][Array
(
    [error] => 0
    [info] => 
    [money] => 25.00
)
]
[14:03:01][http://www.168p2p.com/api/redbag/get4vote.php?user_id=155692796&ordid=51547
{"error":0,"info":"","money":"25.00"}]
[14:03:01][Array
(
    [error] => 0
    [info] => 
    [money] => 25.00
)
]
[14:12:27][http://www.168p2p.com/api/redbag/get4vote.php?user_id=6829&ordid=51547
{"error":0,"info":"","money":"25.00"}]
[14:12:27][Array
(
    [error] => 0
    [info] => 
    [money] => 25.00
)
]
[14:24:47][http://www.168p2p.com/api/redbag/get4vote.php?user_id=155702298&ordid=51547
{"error":0,"info":"","money":"25.00"}]
[14:24:47][Array
(
    [error] => 0
    [info] => 
    [money] => 25.00
)
]
[14:55:04][http://www.168p2p.com/api/redbag/get4vote.php?user_id=155692787&ordid=51547
{"error":0,"info":"","money":"25.00"}]
[14:55:04][Array
(
    [error] => 0
    [info] => 
    [money] => 25.00
)
]
[16:01:13][http://www.168p2p.com/api/redbag/get4vote.php?user_id=155692785&ordid=51547
{"error":0,"info":"","money":"25.00"}]
[16:01:13][Array
(
    [error] => 0
    [info] => 
    [money] => 25.00
)
]
[16:42:32][http://www.168p2p.com/api/redbag/get4vote.php?user_id=155550561&ordid=51547
{"error":0,"info":"","money":"25.00"}]
[16:42:32][Array
(
    [error] => 0
    [info] => 
    [money] => 25.00
)
]
[18:00:33][http://www.168p2p.com/api/redbag/get4vote.php?user_id=1043&ordid=51547
{"error":0,"info":"","money":"25.00"}]
[18:00:33][Array
(
    [error] => 0
    [info] => 
    [money] => 25.00
)
]
[19:14:22][http://www.168p2p.com/api/redbag/get4vote.php?user_id=42369&ordid=51547
{"error":0,"info":"","money":"25.00"}]
[19:14:22][Array
(
    [error] => 0
    [info] => 
    [money] => 25.00
)
]
[23:10:39][http://www.168p2p.com/api/redbag/get4vote.php?user_id=57090&ordid=51547
{"error":0,"info":"","money":"25.00"}]
[23:10:39][Array
(
    [error] => 0
    [info] => 
    [money] => 25.00
)
]
