[00:06:28][http://www.168p2p.com/api/redbag/get4vote.php?user_id=9609&ordid=53637
{"error":0,"info":"","money":"50.00"}]
[00:06:28][Array
(
    [error] => 0
    [info] => 
    [money] => 50.00
)
]
[06:05:53][http://www.168p2p.com/api/redbag/get4vote.php?user_id=7823&ordid=51547
{"error":0,"info":"","money":"25.00"}]
[06:05:53][Array
(
    [error] => 0
    [info] => 
    [money] => 25.00
)
]
[06:47:54][http://www.168p2p.com/api/redbag/get4vote.php?user_id=276&ordid=53637
{"error":0,"info":"","money":"50.00"}]
[06:47:54][Array
(
    [error] => 0
    [info] => 
    [money] => 50.00
)
]
[08:24:28][http://www.168p2p.com/api/redbag/get4vote.php?user_id=7516&ordid=53637
{"error":0,"info":"","money":"50.00"}]
[08:24:28][Array
(
    [error] => 0
    [info] => 
    [money] => 50.00
)
]
[09:35:37][http://www.168p2p.com/api/redbag/get4vote.php?user_id=155548662&ordid=53637
{"error":0,"info":"","money":"50.00"}]
[09:35:37][Array
(
    [error] => 0
    [info] => 
    [money] => 50.00
)
]
[13:08:47][http://www.168p2p.com/api/redbag/get4vote.php?user_id=155560735&ordid=53637
{"error":120,"info":"\u62a2\u5149","money":0}]
[13:08:47][Array
(
    [error] => 120
    [info] => 抢光
    [money] => 0
)
]
[13:43:38][http://www.168p2p.com/api/redbag/get4vote.php?user_id=155692899&ordid=53637
{"error":120,"info":"\u62a2\u5149","money":0}]
[13:43:38][Array
(
    [error] => 120
    [info] => 抢光
    [money] => 0
)
]
[17:26:07][http://www.168p2p.com/api/redbag/get4vote.php?user_id=155555263&ordid=51546
{"error":120,"info":"\u62a2\u5149","money":0}]
[17:26:07][Array
(
    [error] => 120
    [info] => 抢光
    [money] => 0
)
]
[20:25:01][http://www.168p2p.com/api/redbag/get4vote.php?user_id=58780&ordid=51547
{"error":0,"info":"","money":"25.00"}]
[20:25:01][Array
(
    [error] => 0
    [info] => 
    [money] => 25.00
)
]
[22:04:26][http://www.168p2p.com/api/redbag/get4vote.php?user_id=1600&ordid=51547
{"error":0,"info":"","money":"25.00"}]
[22:04:26][Array
(
    [error] => 0
    [info] => 
    [money] => 25.00
)
]
[23:06:04][http://www.168p2p.com/api/redbag/get4vote.php?user_id=271&ordid=51547
{"error":0,"info":"","money":"25.00"}]
[23:06:04][Array
(
    [error] => 0
    [info] => 
    [money] => 25.00
)
]
