[06:23:04][http://www.168p2p.com/api/redbag/get4vote.php?user_id=2845&ordid=51546
{"error":0,"info":"","money":"100.00"}]
[06:23:04][Array
(
    [error] => 0
    [info] => 
    [money] => 100.00
)
]
[07:26:58][http://www.168p2p.com/api/redbag/get4vote.php?user_id=155575770&ordid=53637
{"error":0,"info":"","money":"50.00"}]
[07:26:58][Array
(
    [error] => 0
    [info] => 
    [money] => 50.00
)
]
[09:39:16][http://www.168p2p.com/api/redbag/get4vote.php?user_id=155574064&ordid=51547
{"error":0,"info":"","money":"25.00"}]
[09:39:16][Array
(
    [error] => 0
    [info] => 
    [money] => 25.00
)
]
[10:10:22][http://www.168p2p.com/api/redbag/get4vote.php?user_id=155611763&ordid=51547
{"error":0,"info":"","money":"25.00"}]
[10:10:22][Array
(
    [error] => 0
    [info] => 
    [money] => 25.00
)
]
[10:47:00][http://www.168p2p.com/api/redbag/get4vote.php?user_id=33699&ordid=51547
{"error":0,"info":"","money":"25.00"}]
[10:47:00][Array
(
    [error] => 0
    [info] => 
    [money] => 25.00
)
]
[11:37:23][http://www.168p2p.com/api/redbag/get4vote.php?user_id=155692883&ordid=51547
{"error":0,"info":"","money":"25.00"}]
[11:37:23][Array
(
    [error] => 0
    [info] => 
    [money] => 25.00
)
]
[12:39:06][http://www.168p2p.com/api/redbag/get4vote.php?user_id=155550788&ordid=51547
{"error":0,"info":"","money":"25.00"}]
[12:39:06][Array
(
    [error] => 0
    [info] => 
    [money] => 25.00
)
]
[13:47:34][http://www.168p2p.com/api/redbag/get4vote.php?user_id=155549995&ordid=51547
{"error":0,"info":"","money":"25.00"}]
[13:47:34][Array
(
    [error] => 0
    [info] => 
    [money] => 25.00
)
]
[15:16:15][http://www.168p2p.com/api/redbag/get4vote.php?user_id=271&ordid=51547
{"error":0,"info":"","money":"25.00"}]
[15:16:15][Array
(
    [error] => 0
    [info] => 
    [money] => 25.00
)
]
[19:04:55][http://www.168p2p.com/api/redbag/get4vote.php?user_id=1043&ordid=53637
{"error":0,"info":"","money":"50.00"}]
[19:04:55][Array
(
    [error] => 0
    [info] => 
    [money] => 50.00
)
]
[22:34:26][http://www.168p2p.com/api/redbag/get4vote.php?user_id=155729377&ordid=51547
{"error":0,"info":"","money":"25.00"}]
[22:34:26][Array
(
    [error] => 0
    [info] => 
    [money] => 25.00
)
]
[23:48:31][http://www.168p2p.com/api/redbag/get4vote.php?user_id=19263&ordid=51547
{"error":0,"info":"","money":"25.00"}]
[23:48:31][Array
(
    [error] => 0
    [info] => 
    [money] => 25.00
)
]
