[06:46:24][http://www.168p2p.com/api/redbag/get4vote.php?user_id=3031&ordid=51547
{"error":0,"info":"","money":"25.00"}]
[06:46:24][Array
(
    [error] => 0
    [info] => 
    [money] => 25.00
)
]
[07:43:25][http://www.168p2p.com/api/redbag/get4vote.php?user_id=155692790&ordid=53637
{"error":0,"info":"","money":"50.00"}]
[07:43:25][Array
(
    [error] => 0
    [info] => 
    [money] => 50.00
)
]
[09:30:34][http://www.168p2p.com/api/redbag/get4vote.php?user_id=155692725&ordid=53637
{"error":0,"info":"","money":"50.00"}]
[09:30:34][Array
(
    [error] => 0
    [info] => 
    [money] => 50.00
)
]
[10:08:10][http://www.168p2p.com/api/redbag/get4vote.php?user_id=155692748&ordid=51547
{"error":0,"info":"","money":"25.00"}]
[10:08:10][Array
(
    [error] => 0
    [info] => 
    [money] => 25.00
)
]
[11:17:16][http://www.168p2p.com/api/redbag/get4vote.php?user_id=1567&ordid=51547
{"error":0,"info":"","money":"25.00"}]
[11:17:16][Array
(
    [error] => 0
    [info] => 
    [money] => 25.00
)
]
[11:47:28][http://www.168p2p.com/api/redbag/get4vote.php?user_id=155692753&ordid=53637
{"error":120,"info":"\u62a2\u5149","money":0}]
[11:47:28][Array
(
    [error] => 120
    [info] => 抢光
    [money] => 0
)
]
[12:37:57][http://www.168p2p.com/api/redbag/get4vote.php?user_id=155692793&ordid=51547
{"error":0,"info":"","money":"25.00"}]
[12:37:57][Array
(
    [error] => 0
    [info] => 
    [money] => 25.00
)
]
[14:38:01][http://www.168p2p.com/api/redbag/get4vote.php?user_id=155692899&ordid=51547
{"error":0,"info":"","money":"25.00"}]
[14:38:01][Array
(
    [error] => 0
    [info] => 
    [money] => 25.00
)
]
[15:23:17][http://www.168p2p.com/api/redbag/get4vote.php?user_id=449&ordid=51547
{"error":120,"info":"\u62a2\u5149","money":0}]
[15:23:17][Array
(
    [error] => 120
    [info] => 抢光
    [money] => 0
)
]
[15:57:26][http://www.168p2p.com/api/redbag/get4vote.php?user_id=155550788&ordid=51547
{"error":120,"info":"\u62a2\u5149","money":0}]
[15:57:26][Array
(
    [error] => 120
    [info] => 抢光
    [money] => 0
)
]
[17:55:02][http://www.168p2p.com/api/redbag/get4vote.php?user_id=155573981&ordid=53637
{"error":120,"info":"\u62a2\u5149","money":0}]
[17:55:02][Array
(
    [error] => 120
    [info] => 抢光
    [money] => 0
)
]
[22:53:14][http://www.168p2p.com/api/redbag/get4vote.php?user_id=154508148&ordid=53637
{"error":120,"info":"\u62a2\u5149","money":0}]
[22:53:14][Array
(
    [error] => 120
    [info] => 抢光
    [money] => 0
)
]
