[00:26:22][http://www.168p2p.com/api/redbag/get4vote.php?user_id=46264&ordid=51546
{"error":0,"info":"","money":"100.00"}]
[00:26:22][Array
(
    [error] => 0
    [info] => 
    [money] => 100.00
)
]
[04:09:45][http://www.168p2p.com/api/redbag/get4vote.php?user_id=3031&ordid=53637
{"error":0,"info":"","money":"50.00"}]
[04:09:45][Array
(
    [error] => 0
    [info] => 
    [money] => 50.00
)
]
[09:36:42][http://www.168p2p.com/api/redbag/get4vote.php?user_id=155692721&ordid=51547
{"error":0,"info":"","money":"25.00"}]
[09:36:42][Array
(
    [error] => 0
    [info] => 
    [money] => 25.00
)
]
[10:39:02][http://www.168p2p.com/api/redbag/get4vote.php?user_id=41921&ordid=51547
{"error":0,"info":"","money":"25.00"}]
[10:39:02][Array
(
    [error] => 0
    [info] => 
    [money] => 25.00
)
]
[11:09:58][http://www.168p2p.com/api/redbag/get4vote.php?user_id=42054&ordid=51547
{"error":0,"info":"","money":"25.00"}]
[11:09:58][Array
(
    [error] => 0
    [info] => 
    [money] => 25.00
)
]
[12:28:14][http://www.168p2p.com/api/redbag/get4vote.php?user_id=56056&ordid=53637
{"error":0,"info":"","money":"50.00"}]
[12:28:14][Array
(
    [error] => 0
    [info] => 
    [money] => 50.00
)
]
[13:18:23][http://www.168p2p.com/api/redbag/get4vote.php?user_id=4715&ordid=51547
{"error":0,"info":"","money":"25.00"}]
[13:18:23][Array
(
    [error] => 0
    [info] => 
    [money] => 25.00
)
]
[14:31:11][http://www.168p2p.com/api/redbag/get4vote.php?user_id=155574039&ordid=53637
{"error":120,"info":"\u62a2\u5149","money":0}]
[14:31:11][Array
(
    [error] => 120
    [info] => 抢光
    [money] => 0
)
]
[16:47:32][http://www.168p2p.com/api/redbag/get4vote.php?user_id=8633&ordid=51547
{"error":0,"info":"","money":"25.00"}]
[16:47:32][Array
(
    [error] => 0
    [info] => 
    [money] => 25.00
)
]
[17:57:04][http://www.168p2p.com/api/redbag/get4vote.php?user_id=8603&ordid=51547
{"error":0,"info":"","money":"25.00"}]
[17:57:04][Array
(
    [error] => 0
    [info] => 
    [money] => 25.00
)
]
[19:57:26][http://www.168p2p.com/api/redbag/get4vote.php?user_id=155692748&ordid=53637
{"error":120,"info":"\u62a2\u5149","money":0}]
[19:57:26][Array
(
    [error] => 120
    [info] => 抢光
    [money] => 0
)
]
[20:30:05][http://www.168p2p.com/api/redbag/get4vote.php?user_id=51395&ordid=51547
{"error":0,"info":"","money":"25.00"}]
[20:30:05][Array
(
    [error] => 0
    [info] => 
    [money] => 25.00
)
]
[21:38:14][http://www.168p2p.com/api/redbag/get4vote.php?user_id=58452&ordid=53637
{"error":120,"info":"\u62a2\u5149","money":0}]
[21:38:14][Array
(
    [error] => 120
    [info] => 抢光
    [money] => 0
)
]
[22:40:47][http://www.168p2p.com/api/redbag/get4vote.php?user_id=155711488&ordid=51547
{"error":0,"info":"","money":"25.00"}]
[22:40:47][Array
(
    [error] => 0
    [info] => 
    [money] => 25.00
)
]
