[00:12:08][http://www.168p2p.com/api/redbag/get4vote.php?user_id=155552191&ordid=51546
{"error":0,"info":"","money":"100.00"}]
[00:12:08][Array
(
    [error] => 0
    [info] => 
    [money] => 100.00
)
]
[00:58:31][http://www.168p2p.com/api/redbag/get4vote.php?user_id=152499&ordid=51547
{"error":0,"info":"","money":"25.00"}]
[00:58:31][Array
(
    [error] => 0
    [info] => 
    [money] => 25.00
)
]
[05:32:12][http://www.168p2p.com/api/redbag/get4vote.php?user_id=2845&ordid=51547
{"error":0,"info":"","money":"25.00"}]
[05:32:12][Array
(
    [error] => 0
    [info] => 
    [money] => 25.00
)
]
[07:17:29][http://www.168p2p.com/api/redbag/get4vote.php?user_id=155550788&ordid=51547
{"error":0,"info":"","money":"25.00"}]
[07:17:29][Array
(
    [error] => 0
    [info] => 
    [money] => 25.00
)
]
[07:55:38][http://www.168p2p.com/api/redbag/get4vote.php?user_id=41968&ordid=51547
{"error":0,"info":"","money":"25.00"}]
[07:55:38][Array
(
    [error] => 0
    [info] => 
    [money] => 25.00
)
]
[08:59:55][http://www.168p2p.com/api/redbag/get4vote.php?user_id=136&ordid=53637
{"error":0,"info":"","money":"50.00"}]
[08:59:55][Array
(
    [error] => 0
    [info] => 
    [money] => 50.00
)
]
[10:02:42][http://www.168p2p.com/api/redbag/get4vote.php?user_id=155555263&ordid=51547
{"error":0,"info":"","money":"25.00"}]
[10:02:42][Array
(
    [error] => 0
    [info] => 
    [money] => 25.00
)
]
[10:48:26][http://www.168p2p.com/api/redbag/get4vote.php?user_id=3031&ordid=51547
{"error":0,"info":"","money":"25.00"}]
[10:48:26][Array
(
    [error] => 0
    [info] => 
    [money] => 25.00
)
]
[11:20:05][http://www.168p2p.com/api/redbag/get4vote.php?user_id=19263&ordid=51547
{"error":0,"info":"","money":"25.00"}]
[11:20:05][Array
(
    [error] => 0
    [info] => 
    [money] => 25.00
)
]
[12:48:44][http://www.168p2p.com/api/redbag/get4vote.php?user_id=154506743&ordid=51547
{"error":0,"info":"","money":"25.00"}]
[12:48:44][Array
(
    [error] => 0
    [info] => 
    [money] => 25.00
)
]
[13:24:42][http://www.168p2p.com/api/redbag/get4vote.php?user_id=155550020&ordid=51547
{"error":0,"info":"","money":"25.00"}]
[13:24:42][Array
(
    [error] => 0
    [info] => 
    [money] => 25.00
)
]
[13:54:47][http://www.168p2p.com/api/redbag/get4vote.php?user_id=155703804&ordid=51547
{"error":0,"info":"","money":"25.00"}]
[13:54:47][Array
(
    [error] => 0
    [info] => 
    [money] => 25.00
)
]
[14:28:09][http://www.168p2p.com/api/redbag/get4vote.php?user_id=153392&ordid=51547
{"error":0,"info":"","money":"25.00"}]
[14:28:09][Array
(
    [error] => 0
    [info] => 
    [money] => 25.00
)
]
[15:00:19][http://www.168p2p.com/api/redbag/get4vote.php?user_id=155554076&ordid=51547
{"error":0,"info":"","money":"25.00"}]
[15:00:19][Array
(
    [error] => 0
    [info] => 
    [money] => 25.00
)
]
[16:17:24][http://www.168p2p.com/api/redbag/get4vote.php?user_id=798&ordid=51547
{"error":0,"info":"","money":"25.00"}]
[16:17:24][Array
(
    [error] => 0
    [info] => 
    [money] => 25.00
)
]
[16:47:28][http://www.168p2p.com/api/redbag/get4vote.php?user_id=40932&ordid=51547
{"error":0,"info":"","money":"25.00"}]
[16:47:28][Array
(
    [error] => 0
    [info] => 
    [money] => 25.00
)
]
[17:20:57][http://www.168p2p.com/api/redbag/get4vote.php?user_id=1913&ordid=51547
{"error":0,"info":"","money":"25.00"}]
[17:20:57][Array
(
    [error] => 0
    [info] => 
    [money] => 25.00
)
]
[18:28:09][http://www.168p2p.com/api/redbag/get4vote.php?user_id=52907&ordid=53637
{"error":0,"info":"","money":"50.00"}]
[18:28:09][Array
(
    [error] => 0
    [info] => 
    [money] => 50.00
)
]
[18:58:47][http://www.168p2p.com/api/redbag/get4vote.php?user_id=51666&ordid=51547
{"error":0,"info":"","money":"25.00"}]
[18:58:47][Array
(
    [error] => 0
    [info] => 
    [money] => 25.00
)
]
[19:42:29][http://www.168p2p.com/api/redbag/get4vote.php?user_id=155692748&ordid=53637
{"error":120,"info":"\u62a2\u5149","money":0}]
[19:42:29][Array
(
    [error] => 120
    [info] => 抢光
    [money] => 0
)
]
[20:16:13][http://www.168p2p.com/api/redbag/get4vote.php?user_id=9897&ordid=51547
{"error":0,"info":"","money":"25.00"}]
[20:16:13][Array
(
    [error] => 0
    [info] => 
    [money] => 25.00
)
]
[22:01:41][http://www.168p2p.com/api/redbag/get4vote.php?user_id=155692793&ordid=53637
{"error":120,"info":"\u62a2\u5149","money":0}]
[22:01:41][Array
(
    [error] => 120
    [info] => 抢光
    [money] => 0
)
]
[22:45:49][http://www.168p2p.com/api/redbag/get4vote.php?user_id=155692899&ordid=53637
{"error":120,"info":"\u62a2\u5149","money":0}]
[22:45:49][Array
(
    [error] => 120
    [info] => 抢光
    [money] => 0
)
]
