[08:57:27][http://www.168p2p.com/api/redbag/get4vote.php?user_id=155555850&ordid=51546
{"error":120,"info":"\u62a2\u5149","money":0}]
[08:57:27][Array
(
    [error] => 120
    [info] => 抢光
    [money] => 0
)
]
[09:42:55][http://www.168p2p.com/api/redbag/get4vote.php?user_id=154506104&ordid=53637
{"error":0,"info":"","money":"50.00"}]
[09:42:55][Array
(
    [error] => 0
    [info] => 
    [money] => 50.00
)
]
[12:37:24][http://www.168p2p.com/api/redbag/get4vote.php?user_id=155694411&ordid=51547
{"error":0,"info":"","money":"25.00"}]
[12:37:24][Array
(
    [error] => 0
    [info] => 
    [money] => 25.00
)
]
[13:46:24][http://www.168p2p.com/api/redbag/get4vote.php?user_id=155692826&ordid=53637
{"error":0,"info":"","money":"50.00"}]
[13:46:24][Array
(
    [error] => 0
    [info] => 
    [money] => 50.00
)
]
[14:54:26][http://www.168p2p.com/api/redbag/get4vote.php?user_id=155660128&ordid=53637
{"error":0,"info":"","money":"50.00"}]
[14:54:26][Array
(
    [error] => 0
    [info] => 
    [money] => 50.00
)
]
[16:44:31][http://www.168p2p.com/api/redbag/get4vote.php?user_id=155692884&ordid=51547
{"error":0,"info":"","money":"25.00"}]
[16:44:31][Array
(
    [error] => 0
    [info] => 
    [money] => 25.00
)
]
[17:18:43][http://www.168p2p.com/api/redbag/get4vote.php?user_id=151122&ordid=51547
{"error":120,"info":"\u62a2\u5149","money":0}]
[17:18:43][Array
(
    [error] => 120
    [info] => 抢光
    [money] => 0
)
]
[18:00:05][http://www.168p2p.com/api/redbag/get4vote.php?user_id=10072&ordid=53637
{"error":120,"info":"\u62a2\u5149","money":0}]
[18:00:05][Array
(
    [error] => 120
    [info] => 抢光
    [money] => 0
)
]
[20:11:36][http://www.168p2p.com/api/redbag/get4vote.php?user_id=155692739&ordid=51547
{"error":120,"info":"\u62a2\u5149","money":0}]
[20:11:36][Array
(
    [error] => 120
    [info] => 抢光
    [money] => 0
)
]
[21:22:55][http://www.168p2p.com/api/redbag/get4vote.php?user_id=155548662&ordid=51547
{"error":120,"info":"\u62a2\u5149","money":0}]
[21:22:55][Array
(
    [error] => 120
    [info] => 抢光
    [money] => 0
)
]
[22:25:24][http://www.168p2p.com/api/redbag/get4vote.php?user_id=155692725&ordid=51547
{"error":120,"info":"\u62a2\u5149","money":0}]
[22:25:24][Array
(
    [error] => 120
    [info] => 抢光
    [money] => 0
)
]
[23:20:40][http://www.168p2p.com/api/redbag/get4vote.php?user_id=155692793&ordid=53637
{"error":120,"info":"\u62a2\u5149","money":0}]
[23:20:40][Array
(
    [error] => 120
    [info] => 抢光
    [money] => 0
)
]
[23:52:19][http://www.168p2p.com/api/redbag/get4vote.php?user_id=155692899&ordid=51547
{"error":120,"info":"\u62a2\u5149","money":0}]
[23:52:19][Array
(
    [error] => 120
    [info] => 抢光
    [money] => 0
)
]
