[12:01:36][http://www.168p2p.com/api/redbag/get4vote.php?user_id=155555846&ordid=51546
{"error":0,"info":"","money":"100.00"}]
[12:01:36][Array
(
    [error] => 0
    [info] => 
    [money] => 100.00
)
]
[13:01:29][http://www.168p2p.com/api/redbag/get4vote.php?user_id=155555846&ordid=51546
{"error":120,"info":"\u62a2\u5149","money":0}]
[13:01:29][Array
(
    [error] => 120
    [info] => 抢光
    [money] => 0
)
]
[13:16:10][http://www.168p2p.com/api/redbag/get4vote.php?user_id=155660128&ordid=
{"error":1,"info":"\u53c2\u6570\u51fa\u9519","money":0}]
[13:16:10][Array
(
    [error] => 1
    [info] => 参数出错
    [money] => 0
)
]
[13:18:46][http://www.168p2p.com/api/redbag/get4vote.php?user_id=155555846&ordid=
{"error":1,"info":"\u53c2\u6570\u51fa\u9519","money":0}]
[13:18:46][Array
(
    [error] => 1
    [info] => 参数出错
    [money] => 0
)
]
[13:23:59][http://www.168p2p.com/api/redbag/get4vote.php?user_id=155555846&ordid=51547
{"error":0,"info":"","money":"25.00"}]
[13:23:59][Array
(
    [error] => 0
    [info] => 
    [money] => 25.00
)
]
[13:25:04][http://www.168p2p.com/api/redbag/get4vote.php?user_id=155660128&ordid=51547
{"error":0,"info":"","money":"25.00"}]
[13:25:04][Array
(
    [error] => 0
    [info] => 
    [money] => 25.00
)
]
[13:26:25][http://www.168p2p.com/api/redbag/get4vote.php?user_id=155664750&ordid=51547
{"error":0,"info":"","money":"25.00"}]
[13:26:25][Array
(
    [error] => 0
    [info] => 
    [money] => 25.00
)
]
[13:30:53][http://www.168p2p.com/api/redbag/get4vote.php?user_id=155660128&ordid=51547
{"error":0,"info":"","money":"25.00"}]
[13:30:53][Array
(
    [error] => 0
    [info] => 
    [money] => 25.00
)
]
[13:33:21][http://www.168p2p.com/api/redbag/get4vote.php?user_id=155660128&ordid=51546
{"error":120,"info":"\u62a2\u5149","money":0}]
[13:33:21][Array
(
    [error] => 120
    [info] => 抢光
    [money] => 0
)
]
[13:38:36][http://www.168p2p.com/api/redbag/get4vote.php?user_id=155555846&ordid=51546
{"error":120,"info":"\u62a2\u5149","money":0}]
[13:38:36][Array
(
    [error] => 120
    [info] => 抢光
    [money] => 0
)
]
[13:40:19][http://www.168p2p.com/api/redbag/get4vote.php?user_id=155555850&ordid=51546
{"error":120,"info":"\u62a2\u5149","money":0}]
[13:40:19][Array
(
    [error] => 120
    [info] => 抢光
    [money] => 0
)
]
[13:56:23][http://www.168p2p.com/api/redbag/get4vote.php?user_id=155660128&ordid=51547
{"error":0,"info":"","money":"25.00"}]
[13:56:23][Array
(
    [error] => 0
    [info] => 
    [money] => 25.00
)
]
[13:58:49][http://www.168p2p.com/api/redbag/get4vote.php?user_id=155660128&ordid=51547
{"error":0,"info":"","money":"25.00"}]
[13:58:49][Array
(
    [error] => 0
    [info] => 
    [money] => 25.00
)
]
[14:01:00][http://www.168p2p.com/api/redbag/get4vote.php?user_id=155660128&ordid=51547
{"error":0,"info":"","money":"25.00"}]
[14:01:00][Array
(
    [error] => 0
    [info] => 
    [money] => 25.00
)
]
[14:03:00][http://www.168p2p.com/api/redbag/get4vote.php?user_id=155660128&ordid=53637
{"error":0,"info":"","money":"50.00"}]
[14:03:00][Array
(
    [error] => 0
    [info] => 
    [money] => 50.00
)
]
[14:03:48][http://www.168p2p.com/api/redbag/get4vote.php?user_id=155660128&ordid=53637
{"error":0,"info":"","money":"50.00"}]
[14:03:48][Array
(
    [error] => 0
    [info] => 
    [money] => 50.00
)
]
[14:04:07][http://www.168p2p.com/api/redbag/get4vote.php?user_id=155660128&ordid=53637
{"error":0,"info":"","money":"50.00"}]
[14:04:07][Array
(
    [error] => 0
    [info] => 
    [money] => 50.00
)
]
[14:04:56][http://www.168p2p.com/api/redbag/get4vote.php?user_id=155660128&ordid=53637
{"error":0,"info":"","money":"50.00"}]
[14:04:56][Array
(
    [error] => 0
    [info] => 
    [money] => 50.00
)
]
[14:05:25][http://www.168p2p.com/api/redbag/get4vote.php?user_id=155660128&ordid=53637
{"error":0,"info":"","money":"50.00"}]
[14:05:25][Array
(
    [error] => 0
    [info] => 
    [money] => 50.00
)
]
[14:05:49][http://www.168p2p.com/api/redbag/get4vote.php?user_id=155660128&ordid=53637
{"error":0,"info":"","money":"50.00"}]
[14:05:49][Array
(
    [error] => 0
    [info] => 
    [money] => 50.00
)
]
[14:10:58][http://www.168p2p.com/api/redbag/get4vote.php?user_id=155660128&ordid=53637
{"error":120,"info":"\u62a2\u5149","money":0}]
[14:10:58][Array
(
    [error] => 120
    [info] => 抢光
    [money] => 0
)
]
