[10:52:18][http://www.168p2p.com/api/redbag/get4vote.php?user_id=155555878&ordid=53637
{"error":110,"info":"\u4eca\u5929\u62a2\u8fc7\u7ea2\u5305","money":"50.00"}]
[10:52:18][Array
(
    [error] => 110
    [info] => 今天抢过红包
    [money] => 50.00
)
]
[11:13:13][http://www.168p2p.com/api/redbag/get4vote.php?user_id=155555846&ordid=53637
{"error":0,"info":"","money":"50.00"}]
[11:13:13][Array
(
    [error] => 0
    [info] => 
    [money] => 50.00
)
]
[11:38:21][http://www.168p2p.com/api/redbag/get4vote.php?user_id=155664750&ordid=51546
{"error":0,"info":"","money":"100.00"}]
[11:38:21][Array
(
    [error] => 0
    [info] => 
    [money] => 100.00
)
]
[13:23:26][http://www.168p2p.com/api/redbag/get4vote.php?user_id=155660128&ordid=53637
{"error":0,"info":"","money":"50.00"}]
[13:23:26][Array
(
    [error] => 0
    [info] => 
    [money] => 50.00
)
]
[13:30:17][http://www.168p2p.com/api/redbag/get4vote.php?user_id=155660128&ordid=53637
{"error":110,"info":"\u4eca\u5929\u62a2\u8fc7\u7ea2\u5305","money":"50.00"}]
[13:30:17][Array
(
    [error] => 110
    [info] => 今天抢过红包
    [money] => 50.00
)
]
[13:52:59][http://www.168p2p.com/api/redbag/get4vote.php?user_id=155660128&ordid=53637
{"error":110,"info":"\u4eca\u5929\u62a2\u8fc7\u7ea2\u5305","money":"50.00"}]
[13:52:59][Array
(
    [error] => 110
    [info] => 今天抢过红包
    [money] => 50.00
)
]
[17:22:50][http://www.168p2p.com/api/redbag/get4vote.php?user_id=155555836&ordid=53637
{"error":0,"info":"","money":"50.00"}]
[17:22:50][Array
(
    [error] => 0
    [info] => 
    [money] => 50.00
)
]
