[06:31:35][http://www.168p2p.com/api/redbag/get4vote.php?user_id=46264&ordid=53637
{"error":0,"info":"","money":"50.00"}]
[06:31:35][Array
(
    [error] => 0
    [info] => 
    [money] => 50.00
)
]
[08:10:54][http://www.168p2p.com/api/redbag/get4vote.php?user_id=9861&ordid=51547
{"error":0,"info":"","money":"25.00"}]
[08:10:54][Array
(
    [error] => 0
    [info] => 
    [money] => 25.00
)
]
[08:44:26][http://www.168p2p.com/api/redbag/get4vote.php?user_id=155692718&ordid=51546
{"error":120,"info":"\u62a2\u5149","money":0}]
[08:44:26][Array
(
    [error] => 120
    [info] => 抢光
    [money] => 0
)
]
[11:22:36][http://www.168p2p.com/api/redbag/get4vote.php?user_id=8603&ordid=51547
{"error":0,"info":"","money":"25.00"}]
[11:22:36][Array
(
    [error] => 0
    [info] => 
    [money] => 25.00
)
]
[11:58:56][http://www.168p2p.com/api/redbag/get4vote.php?user_id=155561151&ordid=51547
{"error":0,"info":"","money":"25.00"}]
[11:58:56][Array
(
    [error] => 0
    [info] => 
    [money] => 25.00
)
]
[13:14:15][http://www.168p2p.com/api/redbag/get4vote.php?user_id=39401&ordid=51547
{"error":0,"info":"","money":"25.00"}]
[13:14:15][Array
(
    [error] => 0
    [info] => 
    [money] => 25.00
)
]
[14:22:32][http://www.168p2p.com/api/redbag/get4vote.php?user_id=155688880&ordid=51547
{"error":0,"info":"","money":"25.00"}]
[14:22:32][Array
(
    [error] => 0
    [info] => 
    [money] => 25.00
)
]
[15:06:24][http://www.168p2p.com/api/redbag/get4vote.php?user_id=2390&ordid=51547
{"error":0,"info":"","money":"25.00"}]
[15:06:24][Array
(
    [error] => 0
    [info] => 
    [money] => 25.00
)
]
[16:04:45][http://www.168p2p.com/api/redbag/get4vote.php?user_id=155692730&ordid=51547
{"error":0,"info":"","money":"25.00"}]
[16:04:45][Array
(
    [error] => 0
    [info] => 
    [money] => 25.00
)
]
[17:01:44][http://www.168p2p.com/api/redbag/get4vote.php?user_id=41919&ordid=51547
{"error":0,"info":"","money":"25.00"}]
[17:01:44][Array
(
    [error] => 0
    [info] => 
    [money] => 25.00
)
]
[18:55:10][http://www.168p2p.com/api/redbag/get4vote.php?user_id=155550329&ordid=51547
{"error":0,"info":"","money":"25.00"}]
[18:55:10][Array
(
    [error] => 0
    [info] => 
    [money] => 25.00
)
]
[20:39:26][http://www.168p2p.com/api/redbag/get4vote.php?user_id=154507468&ordid=51547
{"error":0,"info":"","money":"25.00"}]
[20:39:26][Array
(
    [error] => 0
    [info] => 
    [money] => 25.00
)
]
[22:07:39][http://www.168p2p.com/api/redbag/get4vote.php?user_id=155573981&ordid=51547
{"error":0,"info":"","money":"25.00"}]
[22:07:39][Array
(
    [error] => 0
    [info] => 
    [money] => 25.00
)
]
[22:47:37][http://www.168p2p.com/api/redbag/get4vote.php?user_id=155692793&ordid=51547
{"error":0,"info":"","money":"25.00"}]
[22:47:37][Array
(
    [error] => 0
    [info] => 
    [money] => 25.00
)
]
