[06:19:11][http://www.168p2p.com/api/redbag/get4vote.php?user_id=3031&ordid=51547
{"error":0,"info":"","money":"25.00"}]
[06:19:11][Array
(
    [error] => 0
    [info] => 
    [money] => 25.00
)
]
[08:36:02][http://www.168p2p.com/api/redbag/get4vote.php?user_id=155692760&ordid=51546
{"error":0,"info":"","money":"100.00"}]
[08:36:02][Array
(
    [error] => 0
    [info] => 
    [money] => 100.00
)
]
[12:13:13][http://www.168p2p.com/api/redbag/get4vote.php?user_id=155692883&ordid=53637
{"error":0,"info":"","money":"50.00"}]
[12:13:13][Array
(
    [error] => 0
    [info] => 
    [money] => 50.00
)
]
[13:59:31][http://www.168p2p.com/api/redbag/get4vote.php?user_id=155692899&ordid=53637
{"error":120,"info":"\u62a2\u5149","money":0}]
[13:59:31][Array
(
    [error] => 120
    [info] => 抢光
    [money] => 0
)
]
[14:39:32][http://www.168p2p.com/api/redbag/get4vote.php?user_id=155692718&ordid=51547
{"error":0,"info":"","money":"25.00"}]
[14:39:32][Array
(
    [error] => 0
    [info] => 
    [money] => 25.00
)
]
[16:51:10][http://www.168p2p.com/api/redbag/get4vote.php?user_id=1043&ordid=51547
{"error":0,"info":"","money":"25.00"}]
[16:51:10][Array
(
    [error] => 0
    [info] => 
    [money] => 25.00
)
]
[18:12:48][http://www.168p2p.com/api/redbag/get4vote.php?user_id=8603&ordid=51547
{"error":0,"info":"","money":"25.00"}]
[18:12:48][Array
(
    [error] => 0
    [info] => 
    [money] => 25.00
)
]
[18:43:13][http://www.168p2p.com/api/redbag/get4vote.php?user_id=155692749&ordid=53637
{"error":120,"info":"\u62a2\u5149","money":0}]
[18:43:13][Array
(
    [error] => 120
    [info] => 抢光
    [money] => 0
)
]
[20:23:05][http://www.168p2p.com/api/redbag/get4vote.php?user_id=155697642&ordid=51547
{"error":0,"info":"","money":"25.00"}]
[20:23:05][Array
(
    [error] => 0
    [info] => 
    [money] => 25.00
)
]
[21:20:07][http://www.168p2p.com/api/redbag/get4vote.php?user_id=155692741&ordid=51547
{"error":120,"info":"\u62a2\u5149","money":0}]
[21:20:07][Array
(
    [error] => 120
    [info] => 抢光
    [money] => 0
)
]
[22:04:39][http://www.168p2p.com/api/redbag/get4vote.php?user_id=155687044&ordid=51547
{"error":120,"info":"\u62a2\u5149","money":0}]
[22:04:39][Array
(
    [error] => 120
    [info] => 抢光
    [money] => 0
)
]
[22:36:43][http://www.168p2p.com/api/redbag/get4vote.php?user_id=155696056&ordid=53637
{"error":120,"info":"\u62a2\u5149","money":0}]
[22:36:43][Array
(
    [error] => 120
    [info] => 抢光
    [money] => 0
)
]
