[10:15:22][http://www.168p2p.com/api/redbag/get4vote.php?user_id=155660128&ordid=53637
{"error":0,"info":"","money":"50.00"}]
[10:15:22][Array
(
    [error] => 0
    [info] => 
    [money] => 50.00
)
]
[11:35:58][http://www.168p2p.com/api/redbag/get4vote.php?user_id=155660128&ordid=53637
{"error":0,"info":"","money":"50.00"}]
[11:35:58][Array
(
    [error] => 0
    [info] => 
    [money] => 50.00
)
]
[13:34:59][http://www.168p2p.com/api/redbag/get4vote.php?user_id=155555846&ordid=51546
{"error":120,"info":"\u62a2\u5149","money":0}]
[13:34:59][Array
(
    [error] => 120
    [info] => 抢光
    [money] => 0
)
]
