[00:13:42][http://www.168p2p.com/api/redbag/get4vote.php?user_id=46264&ordid=51547
{"error":0,"info":"","money":"25.00"}]
[00:13:42][Array
(
    [error] => 0
    [info] => 
    [money] => 25.00
)
]
[04:48:58][http://www.168p2p.com/api/redbag/get4vote.php?user_id=3031&ordid=51547
{"error":0,"info":"","money":"25.00"}]
[04:48:58][Array
(
    [error] => 0
    [info] => 
    [money] => 25.00
)
]
[05:40:25][http://www.168p2p.com/api/redbag/get4vote.php?user_id=276&ordid=51547
{"error":0,"info":"","money":"25.00"}]
[05:40:25][Array
(
    [error] => 0
    [info] => 
    [money] => 25.00
)
]
[07:00:05][http://www.168p2p.com/api/redbag/get4vote.php?user_id=2845&ordid=51547
{"error":0,"info":"","money":"25.00"}]
[07:00:05][Array
(
    [error] => 0
    [info] => 
    [money] => 25.00
)
]
[08:17:43][http://www.168p2p.com/api/redbag/get4vote.php?user_id=155548662&ordid=53637
{"error":0,"info":"","money":"50.00"}]
[08:17:43][Array
(
    [error] => 0
    [info] => 
    [money] => 50.00
)
]
[08:49:44][http://www.168p2p.com/api/redbag/get4vote.php?user_id=155535968&ordid=51547
{"error":0,"info":"","money":"25.00"}]
[08:49:44][Array
(
    [error] => 0
    [info] => 
    [money] => 25.00
)
]
[10:05:34][http://www.168p2p.com/api/redbag/get4vote.php?user_id=153392&ordid=53637
{"error":0,"info":"","money":"50.00"}]
[10:05:34][Array
(
    [error] => 0
    [info] => 
    [money] => 50.00
)
]
[10:52:26][http://www.168p2p.com/api/redbag/get4vote.php?user_id=12144&ordid=51546
{"error":120,"info":"\u62a2\u5149","money":0}]
[10:52:26][Array
(
    [error] => 120
    [info] => 抢光
    [money] => 0
)
]
[12:04:45][http://www.168p2p.com/api/redbag/get4vote.php?user_id=9897&ordid=51547
{"error":0,"info":"","money":"25.00"}]
[12:04:45][Array
(
    [error] => 0
    [info] => 
    [money] => 25.00
)
]
[13:17:37][http://www.168p2p.com/api/redbag/get4vote.php?user_id=155549159&ordid=53637
{"error":120,"info":"\u62a2\u5149","money":0}]
[13:17:37][Array
(
    [error] => 120
    [info] => 抢光
    [money] => 0
)
]
[13:54:41][http://www.168p2p.com/api/redbag/get4vote.php?user_id=155712970&ordid=51547
{"error":0,"info":"","money":"25.00"}]
[13:54:41][Array
(
    [error] => 0
    [info] => 
    [money] => 25.00
)
]
[15:10:50][http://www.168p2p.com/api/redbag/get4vote.php?user_id=155548178&ordid=51547
{"error":0,"info":"","money":"25.00"}]
[15:10:50][Array
(
    [error] => 0
    [info] => 
    [money] => 25.00
)
]
[16:28:21][http://www.168p2p.com/api/redbag/get4vote.php?user_id=11172&ordid=51547
{"error":0,"info":"","money":"25.00"}]
[16:28:21][Array
(
    [error] => 0
    [info] => 
    [money] => 25.00
)
]
[17:02:15][http://www.168p2p.com/api/redbag/get4vote.php?user_id=155543928&ordid=51547
{"error":0,"info":"","money":"25.00"}]
[17:02:15][Array
(
    [error] => 0
    [info] => 
    [money] => 25.00
)
]
[17:40:54][http://www.168p2p.com/api/redbag/get4vote.php?user_id=155553436&ordid=51547
{"error":0,"info":"","money":"25.00"}]
[17:40:54][Array
(
    [error] => 0
    [info] => 
    [money] => 25.00
)
]
[19:13:22][http://www.168p2p.com/api/redbag/get4vote.php?user_id=1043&ordid=51547
{"error":0,"info":"","money":"25.00"}]
[19:13:22][Array
(
    [error] => 0
    [info] => 
    [money] => 25.00
)
]
[20:16:59][http://www.168p2p.com/api/redbag/get4vote.php?user_id=58216&ordid=53637
{"error":120,"info":"\u62a2\u5149","money":0}]
[20:16:59][Array
(
    [error] => 120
    [info] => 抢光
    [money] => 0
)
]
[20:54:06][http://www.168p2p.com/api/redbag/get4vote.php?user_id=4305&ordid=51547
{"error":0,"info":"","money":"25.00"}]
[20:54:06][Array
(
    [error] => 0
    [info] => 
    [money] => 25.00
)
]
[22:45:02][http://www.168p2p.com/api/redbag/get4vote.php?user_id=155692899&ordid=53637
{"error":120,"info":"\u62a2\u5149","money":0}]
[22:45:02][Array
(
    [error] => 120
    [info] => 抢光
    [money] => 0
)
]
