[06:01:53][http://www.168p2p.com/api/redbag/get4vote.php?user_id=155695988&ordid=51547
{"error":0,"info":"","money":"25.00"}]
[06:01:53][Array
(
    [error] => 0
    [info] => 
    [money] => 25.00
)
]
[06:43:05][http://www.168p2p.com/api/redbag/get4vote.php?user_id=155575770&ordid=51547
{"error":0,"info":"","money":"25.00"}]
[06:43:05][Array
(
    [error] => 0
    [info] => 
    [money] => 25.00
)
]
[08:35:48][http://www.168p2p.com/api/redbag/get4vote.php?user_id=590&ordid=51547
{"error":0,"info":"","money":"25.00"}]
[08:35:48][Array
(
    [error] => 0
    [info] => 
    [money] => 25.00
)
]
[09:11:01][http://www.168p2p.com/api/redbag/get4vote.php?user_id=154876&ordid=51547
{"error":0,"info":"","money":"25.00"}]
[09:11:01][Array
(
    [error] => 0
    [info] => 
    [money] => 25.00
)
]
[10:57:49][http://www.168p2p.com/api/redbag/get4vote.php?user_id=10072&ordid=51547
{"error":0,"info":"","money":"25.00"}]
[10:57:49][Array
(
    [error] => 0
    [info] => 
    [money] => 25.00
)
]
[11:28:36][http://www.168p2p.com/api/redbag/get4vote.php?user_id=1268&ordid=51547
{"error":0,"info":"","money":"25.00"}]
[11:28:36][Array
(
    [error] => 0
    [info] => 
    [money] => 25.00
)
]
[12:00:56][http://www.168p2p.com/api/redbag/get4vote.php?user_id=155565193&ordid=53637
{"error":0,"info":"","money":"50.00"}]
[12:00:56][Array
(
    [error] => 0
    [info] => 
    [money] => 50.00
)
]
[12:34:47][http://www.168p2p.com/api/redbag/get4vote.php?user_id=44152&ordid=53637
{"error":0,"info":"","money":"50.00"}]
[12:34:47][Array
(
    [error] => 0
    [info] => 
    [money] => 50.00
)
]
[13:13:09][http://www.168p2p.com/api/redbag/get4vote.php?user_id=155535371&ordid=51546
{"error":120,"info":"\u62a2\u5149","money":0}]
[13:13:09][Array
(
    [error] => 120
    [info] => 抢光
    [money] => 0
)
]
[16:01:42][http://www.168p2p.com/api/redbag/get4vote.php?user_id=155723495&ordid=51547
{"error":0,"info":"","money":"25.00"}]
[16:01:42][Array
(
    [error] => 0
    [info] => 
    [money] => 25.00
)
]
[17:34:40][http://www.168p2p.com/api/redbag/get4vote.php?user_id=44246&ordid=53637
{"error":0,"info":"","money":"50.00"}]
[17:34:40][Array
(
    [error] => 0
    [info] => 
    [money] => 50.00
)
]
[20:02:55][http://www.168p2p.com/api/redbag/get4vote.php?user_id=155553436&ordid=53637
{"error":120,"info":"\u62a2\u5149","money":0}]
[20:02:55][Array
(
    [error] => 120
    [info] => 抢光
    [money] => 0
)
]
[22:04:04][http://www.168p2p.com/api/redbag/get4vote.php?user_id=154029&ordid=51547
{"error":0,"info":"","money":"25.00"}]
[22:04:04][Array
(
    [error] => 0
    [info] => 
    [money] => 25.00
)
]
[22:57:41][http://www.168p2p.com/api/redbag/get4vote.php?user_id=271&ordid=51547
{"error":0,"info":"","money":"25.00"}]
[22:57:41][Array
(
    [error] => 0
    [info] => 
    [money] => 25.00
)
]
