[02:48:23][http://www.168p2p.com/api/redbag/get4vote.php?user_id=155552191&ordid=53637
{"error":0,"info":"","money":"50.00"}]
[02:48:23][Array
(
    [error] => 0
    [info] => 
    [money] => 50.00
)
]
[05:31:35][http://www.168p2p.com/api/redbag/get4vote.php?user_id=3031&ordid=51547
{"error":0,"info":"","money":"25.00"}]
[05:31:35][Array
(
    [error] => 0
    [info] => 
    [money] => 25.00
)
]
[07:55:08][http://www.168p2p.com/api/redbag/get4vote.php?user_id=155548662&ordid=53637
{"error":0,"info":"","money":"50.00"}]
[07:55:08][Array
(
    [error] => 0
    [info] => 
    [money] => 50.00
)
]
[08:26:17][http://www.168p2p.com/api/redbag/get4vote.php?user_id=155695988&ordid=51546
{"error":0,"info":"","money":"100.00"}]
[08:26:17][Array
(
    [error] => 0
    [info] => 
    [money] => 100.00
)
]
[09:14:10][http://www.168p2p.com/api/redbag/get4vote.php?user_id=155535968&ordid=53637
{"error":0,"info":"","money":"50.00"}]
[09:14:10][Array
(
    [error] => 0
    [info] => 
    [money] => 50.00
)
]
[11:30:10][http://www.168p2p.com/api/redbag/get4vote.php?user_id=155549995&ordid=51547
{"error":0,"info":"","money":"25.00"}]
[11:30:10][Array
(
    [error] => 0
    [info] => 
    [money] => 25.00
)
]
[12:02:44][http://www.168p2p.com/api/redbag/get4vote.php?user_id=5043&ordid=51547
{"error":0,"info":"","money":"25.00"}]
[12:02:44][Array
(
    [error] => 0
    [info] => 
    [money] => 25.00
)
]
[14:26:05][http://www.168p2p.com/api/redbag/get4vote.php?user_id=9609&ordid=51547
{"error":0,"info":"","money":"25.00"}]
[14:26:05][Array
(
    [error] => 0
    [info] => 
    [money] => 25.00
)
]
[15:12:34][http://www.168p2p.com/api/redbag/get4vote.php?user_id=155692883&ordid=51547
{"error":0,"info":"","money":"25.00"}]
[15:12:34][Array
(
    [error] => 0
    [info] => 
    [money] => 25.00
)
]
[19:18:56][http://www.168p2p.com/api/redbag/get4vote.php?user_id=155692899&ordid=51547
{"error":0,"info":"","money":"25.00"}]
[19:18:56][Array
(
    [error] => 0
    [info] => 
    [money] => 25.00
)
]
[19:59:00][http://www.168p2p.com/api/redbag/get4vote.php?user_id=154508148&ordid=53637
{"error":120,"info":"\u62a2\u5149","money":0}]
[19:59:00][Array
(
    [error] => 120
    [info] => 抢光
    [money] => 0
)
]
[20:58:34][http://www.168p2p.com/api/redbag/get4vote.php?user_id=33699&ordid=51547
{"error":0,"info":"","money":"25.00"}]
[20:58:34][Array
(
    [error] => 0
    [info] => 
    [money] => 25.00
)
]
[22:19:17][http://www.168p2p.com/api/redbag/get4vote.php?user_id=4715&ordid=51547
{"error":0,"info":"","money":"25.00"}]
[22:19:17][Array
(
    [error] => 0
    [info] => 
    [money] => 25.00
)
]
