[00:14:54][http://www.168p2p.com/api/redbag/get4vote.php?user_id=155552191&ordid=53637
{"error":0,"info":"","money":"50.00"}]
[00:14:54][Array
(
    [error] => 0
    [info] => 
    [money] => 50.00
)
]
[06:40:43][http://www.168p2p.com/api/redbag/get4vote.php?user_id=155535968&ordid=51547
{"error":0,"info":"","money":"25.00"}]
[06:40:43][Array
(
    [error] => 0
    [info] => 
    [money] => 25.00
)
]
[07:56:01][http://www.168p2p.com/api/redbag/get4vote.php?user_id=155550788&ordid=51547
{"error":0,"info":"","money":"25.00"}]
[07:56:01][Array
(
    [error] => 0
    [info] => 
    [money] => 25.00
)
]
[08:27:16][http://www.168p2p.com/api/redbag/get4vote.php?user_id=155692718&ordid=53637
{"error":0,"info":"","money":"50.00"}]
[08:27:16][Array
(
    [error] => 0
    [info] => 
    [money] => 50.00
)
]
[11:30:14][http://www.168p2p.com/api/redbag/get4vote.php?user_id=155565193&ordid=51547
{"error":0,"info":"","money":"25.00"}]
[11:30:14][Array
(
    [error] => 0
    [info] => 
    [money] => 25.00
)
]
[13:31:58][http://www.168p2p.com/api/redbag/get4vote.php?user_id=155696093&ordid=51547
{"error":0,"info":"","money":"25.00"}]
[13:31:58][Array
(
    [error] => 0
    [info] => 
    [money] => 25.00
)
]
[14:13:06][http://www.168p2p.com/api/redbag/get4vote.php?user_id=155692734&ordid=51547
{"error":0,"info":"","money":"25.00"}]
[14:13:06][Array
(
    [error] => 0
    [info] => 
    [money] => 25.00
)
]
[16:43:37][http://www.168p2p.com/api/redbag/get4vote.php?user_id=155642364&ordid=51546
{"error":0,"info":"","money":"100.00"}]
[16:43:37][Array
(
    [error] => 0
    [info] => 
    [money] => 100.00
)
]
[17:19:00][http://www.168p2p.com/api/redbag/get4vote.php?user_id=155694462&ordid=51547
{"error":0,"info":"","money":"25.00"}]
[17:19:00][Array
(
    [error] => 0
    [info] => 
    [money] => 25.00
)
]
[18:40:24][http://www.168p2p.com/api/redbag/get4vote.php?user_id=58780&ordid=53637
{"error":0,"info":"","money":"50.00"}]
[18:40:24][Array
(
    [error] => 0
    [info] => 
    [money] => 50.00
)
]
[20:17:58][http://www.168p2p.com/api/redbag/get4vote.php?user_id=155554076&ordid=53637
{"error":120,"info":"\u62a2\u5149","money":0}]
[20:17:58][Array
(
    [error] => 120
    [info] => 抢光
    [money] => 0
)
]
[20:55:43][http://www.168p2p.com/api/redbag/get4vote.php?user_id=7823&ordid=51547
{"error":0,"info":"","money":"25.00"}]
[20:55:43][Array
(
    [error] => 0
    [info] => 
    [money] => 25.00
)
]
[22:03:53][http://www.168p2p.com/api/redbag/get4vote.php?user_id=49198&ordid=51547
{"error":0,"info":"","money":"25.00"}]
[22:03:53][Array
(
    [error] => 0
    [info] => 
    [money] => 25.00
)
]
