[00:27:39][http://www.168p2p.com/api/redbag/get4vote.php?user_id=46264&ordid=51547
{"error":0,"info":"","money":"25.00"}]
[00:27:39][Array
(
    [error] => 0
    [info] => 
    [money] => 25.00
)
]
[04:45:10][http://www.168p2p.com/api/redbag/get4vote.php?user_id=276&ordid=51547
{"error":0,"info":"","money":"25.00"}]
[04:45:10][Array
(
    [error] => 0
    [info] => 
    [money] => 25.00
)
]
[07:26:12][http://www.168p2p.com/api/redbag/get4vote.php?user_id=155548662&ordid=51547
{"error":0,"info":"","money":"25.00"}]
[07:26:12][Array
(
    [error] => 0
    [info] => 
    [money] => 25.00
)
]
[08:28:27][http://www.168p2p.com/api/redbag/get4vote.php?user_id=155550788&ordid=51547
{"error":0,"info":"","money":"25.00"}]
[08:28:27][Array
(
    [error] => 0
    [info] => 
    [money] => 25.00
)
]
[11:29:17][http://www.168p2p.com/api/redbag/get4vote.php?user_id=2390&ordid=51546
{"error":120,"info":"\u62a2\u5149","money":0}]
[11:29:17][Array
(
    [error] => 120
    [info] => 抢光
    [money] => 0
)
]
[12:03:09][http://www.168p2p.com/api/redbag/get4vote.php?user_id=155543928&ordid=51547
{"error":0,"info":"","money":"25.00"}]
[12:03:09][Array
(
    [error] => 0
    [info] => 
    [money] => 25.00
)
]
[12:39:41][http://www.168p2p.com/api/redbag/get4vote.php?user_id=44088&ordid=51547
{"error":0,"info":"","money":"25.00"}]
[12:39:41][Array
(
    [error] => 0
    [info] => 
    [money] => 25.00
)
]
[13:44:15][http://www.168p2p.com/api/redbag/get4vote.php?user_id=155712970&ordid=53637
{"error":0,"info":"","money":"50.00"}]
[13:44:15][Array
(
    [error] => 0
    [info] => 
    [money] => 50.00
)
]
[14:49:19][http://www.168p2p.com/api/redbag/get4vote.php?user_id=41091&ordid=53637
{"error":0,"info":"","money":"50.00"}]
[14:49:19][Array
(
    [error] => 0
    [info] => 
    [money] => 50.00
)
]
[15:59:48][http://www.168p2p.com/api/redbag/get4vote.php?user_id=155726453&ordid=51547
{"error":0,"info":"","money":"25.00"}]
[15:59:48][Array
(
    [error] => 0
    [info] => 
    [money] => 25.00
)
]
[17:26:52][http://www.168p2p.com/api/redbag/get4vote.php?user_id=705&ordid=51547
{"error":0,"info":"","money":"25.00"}]
[17:26:52][Array
(
    [error] => 0
    [info] => 
    [money] => 25.00
)
]
[20:32:20][http://www.168p2p.com/api/redbag/get4vote.php?user_id=155692748&ordid=51547
{"error":0,"info":"","money":"25.00"}]
[20:32:20][Array
(
    [error] => 0
    [info] => 
    [money] => 25.00
)
]
[21:31:13][http://www.168p2p.com/api/redbag/get4vote.php?user_id=155692883&ordid=51547
{"error":0,"info":"","money":"25.00"}]
[21:31:13][Array
(
    [error] => 0
    [info] => 
    [money] => 25.00
)
]
[23:27:06][http://www.168p2p.com/api/redbag/get4vote.php?user_id=155560735&ordid=53637
{"error":120,"info":"\u62a2\u5149","money":0}]
[23:27:06][Array
(
    [error] => 120
    [info] => 抢光
    [money] => 0
)
]
