[06:44:46][http://www.168p2p.com/api/redbag/get4vote.php?user_id=155575770&ordid=51547
{"error":0,"info":"","money":"25.00"}]
[06:44:46][Array
(
    [error] => 0
    [info] => 
    [money] => 25.00
)
]
[08:05:18][http://www.168p2p.com/api/redbag/get4vote.php?user_id=155552270&ordid=51547
{"error":0,"info":"","money":"25.00"}]
[08:05:18][Array
(
    [error] => 0
    [info] => 
    [money] => 25.00
)
]
[10:13:33][http://www.168p2p.com/api/redbag/get4vote.php?user_id=2066&ordid=53637
{"error":0,"info":"","money":"50.00"}]
[10:13:33][Array
(
    [error] => 0
    [info] => 
    [money] => 50.00
)
]
[10:55:31][http://www.168p2p.com/api/redbag/get4vote.php?user_id=155686477&ordid=51547
{"error":0,"info":"","money":"25.00"}]
[10:55:31][Array
(
    [error] => 0
    [info] => 
    [money] => 25.00
)
]
[11:32:06][http://www.168p2p.com/api/redbag/get4vote.php?user_id=155548953&ordid=51547
{"error":0,"info":"","money":"25.00"}]
[11:32:06][Array
(
    [error] => 0
    [info] => 
    [money] => 25.00
)
]
[12:10:28][http://www.168p2p.com/api/redbag/get4vote.php?user_id=41091&ordid=53637
{"error":120,"info":"\u62a2\u5149","money":0}]
[12:10:28][Array
(
    [error] => 120
    [info] => 抢光
    [money] => 0
)
]
[12:44:30][http://www.168p2p.com/api/redbag/get4vote.php?user_id=150&ordid=53637
{"error":120,"info":"\u62a2\u5149","money":0}]
[12:44:30][Array
(
    [error] => 120
    [info] => 抢光
    [money] => 0
)
]
[14:30:39][http://www.168p2p.com/api/redbag/get4vote.php?user_id=155574039&ordid=53637
{"error":120,"info":"\u62a2\u5149","money":0}]
[14:30:39][Array
(
    [error] => 120
    [info] => 抢光
    [money] => 0
)
]
[15:10:43][http://www.168p2p.com/api/redbag/get4vote.php?user_id=41919&ordid=53637
{"error":120,"info":"\u62a2\u5149","money":0}]
[15:10:43][Array
(
    [error] => 120
    [info] => 抢光
    [money] => 0
)
]
[15:44:31][http://www.168p2p.com/api/redbag/get4vote.php?user_id=155553887&ordid=51547
{"error":0,"info":"","money":"25.00"}]
[15:44:31][Array
(
    [error] => 0
    [info] => 
    [money] => 25.00
)
]
[16:39:37][http://www.168p2p.com/api/redbag/get4vote.php?user_id=42056&ordid=53637
{"error":120,"info":"\u62a2\u5149","money":0}]
[16:39:37][Array
(
    [error] => 120
    [info] => 抢光
    [money] => 0
)
]
[17:23:54][http://www.168p2p.com/api/redbag/get4vote.php?user_id=155556062&ordid=51547
{"error":0,"info":"","money":"25.00"}]
[17:23:54][Array
(
    [error] => 0
    [info] => 
    [money] => 25.00
)
]
[20:36:20][http://www.168p2p.com/api/redbag/get4vote.php?user_id=154508148&ordid=51546
{"error":120,"info":"\u62a2\u5149","money":0}]
[20:36:20][Array
(
    [error] => 120
    [info] => 抢光
    [money] => 0
)
]
[21:08:15][http://www.168p2p.com/api/redbag/get4vote.php?user_id=2261&ordid=51547
{"error":0,"info":"","money":"25.00"}]
[21:08:15][Array
(
    [error] => 0
    [info] => 
    [money] => 25.00
)
]
[22:47:09][http://www.168p2p.com/api/redbag/get4vote.php?user_id=155549995&ordid=51547
{"error":0,"info":"","money":"25.00"}]
[22:47:09][Array
(
    [error] => 0
    [info] => 
    [money] => 25.00
)
]
